ARM GAS  /tmp/cchFUHge.s 			page 1


   1              		.syntax unified
   2              		.cpu cortex-m4
   3              		.eabi_attribute 27, 3
   4              		.fpu fpv4-sp-d16
   5              		.eabi_attribute 20, 1
   6              		.eabi_attribute 21, 1
   7              		.eabi_attribute 23, 3
   8              		.eabi_attribute 24, 1
   9              		.eabi_attribute 25, 1
  10              		.eabi_attribute 26, 1
  11              		.eabi_attribute 30, 2
  12              		.eabi_attribute 34, 1
  13              		.eabi_attribute 18, 4
  14              		.thumb
  15              		.file	"chcore.c"
  16              		.text
  17              	.Ltext0:
  18              		.cfi_sections	.debug_frame
  19              		.section	.text.port_halt,"ax",%progbits
  20              		.align	2
  21              		.p2align 4,,15
  22              		.weak	port_halt
  23              		.thumb
  24              		.thumb_func
  25              		.type	port_halt, %function
  26              	port_halt:
  27              	.LFB7:
  28              		.file 1 "../../../../os/ports/GCC/ARMCMx/chcore.c"
  29              		.loc 1 39 0
  30              		.cfi_startproc
  31              		@ args = 0, pretend = 0, frame = 0
  32              		@ frame_needed = 0, uses_anonymous_args = 0
  33              		@ link register save eliminated.
  34              		.loc 1 41 0
  35              	@ 41 "../../../../os/ports/GCC/ARMCMx/chcore.c" 1
  36 0000 72B6     		cpsid   i
  37              	@ 0 "" 2
  38              		.thumb
  39              	.L2:
  40 0002 FEE7     		b	.L2
  41              		.cfi_endproc
  42              	.LFE7:
  43              		.size	port_halt, .-port_halt
  44 0004 AFF30080 		.text
  44      AFF30080 
  44      AFF30080 
  45              	.Letext0:
  46              		.section	.debug_info,"",%progbits
  47              	.Ldebug_info0:
  48 0000 8E000000 		.4byte	0x8e
  49 0004 0400     		.2byte	0x4
  50 0006 00000000 		.4byte	.Ldebug_abbrev0
  51 000a 04       		.byte	0x4
  52 000b 01       		.uleb128 0x1
  53 000c BE000000 		.4byte	.LASF12
  54 0010 01       		.byte	0x1
  55 0011 CF010000 		.4byte	.LASF13
ARM GAS  /tmp/cchFUHge.s 			page 2


  56 0015 1B000000 		.4byte	.LASF14
  57 0019 00000000 		.4byte	.Ldebug_ranges0+0
  58 001d 00000000 		.4byte	0
  59 0021 00000000 		.4byte	.Ldebug_line0
  60 0025 02       		.uleb128 0x2
  61 0026 04       		.byte	0x4
  62 0027 05       		.byte	0x5
  63 0028 696E7400 		.ascii	"int\000"
  64 002c 03       		.uleb128 0x3
  65 002d 04       		.byte	0x4
  66 002e 07       		.byte	0x7
  67 002f 0E000000 		.4byte	.LASF0
  68 0033 03       		.uleb128 0x3
  69 0034 01       		.byte	0x1
  70 0035 06       		.byte	0x6
  71 0036 AF010000 		.4byte	.LASF1
  72 003a 03       		.uleb128 0x3
  73 003b 01       		.byte	0x1
  74 003c 08       		.byte	0x8
  75 003d 9C000000 		.4byte	.LASF2
  76 0041 03       		.uleb128 0x3
  77 0042 02       		.byte	0x2
  78 0043 05       		.byte	0x5
  79 0044 C5010000 		.4byte	.LASF3
  80 0048 03       		.uleb128 0x3
  81 0049 02       		.byte	0x2
  82 004a 07       		.byte	0x7
  83 004b 9C010000 		.4byte	.LASF4
  84 004f 03       		.uleb128 0x3
  85 0050 04       		.byte	0x4
  86 0051 05       		.byte	0x5
  87 0052 AF000000 		.4byte	.LASF5
  88 0056 03       		.uleb128 0x3
  89 0057 04       		.byte	0x4
  90 0058 07       		.byte	0x7
  91 0059 73000000 		.4byte	.LASF6
  92 005d 03       		.uleb128 0x3
  93 005e 08       		.byte	0x8
  94 005f 05       		.byte	0x5
  95 0060 00000000 		.4byte	.LASF7
  96 0064 03       		.uleb128 0x3
  97 0065 08       		.byte	0x8
  98 0066 07       		.byte	0x7
  99 0067 85000000 		.4byte	.LASF8
 100 006b 03       		.uleb128 0x3
 101 006c 01       		.byte	0x1
 102 006d 02       		.byte	0x2
 103 006e B8000000 		.4byte	.LASF9
 104 0072 03       		.uleb128 0x3
 105 0073 04       		.byte	0x4
 106 0074 07       		.byte	0x7
 107 0075 F8010000 		.4byte	.LASF10
 108 0079 03       		.uleb128 0x3
 109 007a 01       		.byte	0x1
 110 007b 08       		.byte	0x8
 111 007c AA000000 		.4byte	.LASF11
 112 0080 04       		.uleb128 0x4
ARM GAS  /tmp/cchFUHge.s 			page 3


 113 0081 BB010000 		.4byte	.LASF15
 114 0085 01       		.byte	0x1
 115 0086 27       		.byte	0x27
 116 0087 00000000 		.4byte	.LFB7
 117 008b 04000000 		.4byte	.LFE7-.LFB7
 118 008f 01       		.uleb128 0x1
 119 0090 9C       		.byte	0x9c
 120 0091 00       		.byte	0
 121              		.section	.debug_abbrev,"",%progbits
 122              	.Ldebug_abbrev0:
 123 0000 01       		.uleb128 0x1
 124 0001 11       		.uleb128 0x11
 125 0002 01       		.byte	0x1
 126 0003 25       		.uleb128 0x25
 127 0004 0E       		.uleb128 0xe
 128 0005 13       		.uleb128 0x13
 129 0006 0B       		.uleb128 0xb
 130 0007 03       		.uleb128 0x3
 131 0008 0E       		.uleb128 0xe
 132 0009 1B       		.uleb128 0x1b
 133 000a 0E       		.uleb128 0xe
 134 000b 55       		.uleb128 0x55
 135 000c 17       		.uleb128 0x17
 136 000d 11       		.uleb128 0x11
 137 000e 01       		.uleb128 0x1
 138 000f 10       		.uleb128 0x10
 139 0010 17       		.uleb128 0x17
 140 0011 00       		.byte	0
 141 0012 00       		.byte	0
 142 0013 02       		.uleb128 0x2
 143 0014 24       		.uleb128 0x24
 144 0015 00       		.byte	0
 145 0016 0B       		.uleb128 0xb
 146 0017 0B       		.uleb128 0xb
 147 0018 3E       		.uleb128 0x3e
 148 0019 0B       		.uleb128 0xb
 149 001a 03       		.uleb128 0x3
 150 001b 08       		.uleb128 0x8
 151 001c 00       		.byte	0
 152 001d 00       		.byte	0
 153 001e 03       		.uleb128 0x3
 154 001f 24       		.uleb128 0x24
 155 0020 00       		.byte	0
 156 0021 0B       		.uleb128 0xb
 157 0022 0B       		.uleb128 0xb
 158 0023 3E       		.uleb128 0x3e
 159 0024 0B       		.uleb128 0xb
 160 0025 03       		.uleb128 0x3
 161 0026 0E       		.uleb128 0xe
 162 0027 00       		.byte	0
 163 0028 00       		.byte	0
 164 0029 04       		.uleb128 0x4
 165 002a 2E       		.uleb128 0x2e
 166 002b 00       		.byte	0
 167 002c 3F       		.uleb128 0x3f
 168 002d 19       		.uleb128 0x19
 169 002e 03       		.uleb128 0x3
ARM GAS  /tmp/cchFUHge.s 			page 4


 170 002f 0E       		.uleb128 0xe
 171 0030 3A       		.uleb128 0x3a
 172 0031 0B       		.uleb128 0xb
 173 0032 3B       		.uleb128 0x3b
 174 0033 0B       		.uleb128 0xb
 175 0034 27       		.uleb128 0x27
 176 0035 19       		.uleb128 0x19
 177 0036 11       		.uleb128 0x11
 178 0037 01       		.uleb128 0x1
 179 0038 12       		.uleb128 0x12
 180 0039 06       		.uleb128 0x6
 181 003a 40       		.uleb128 0x40
 182 003b 18       		.uleb128 0x18
 183 003c 9742     		.uleb128 0x2117
 184 003e 19       		.uleb128 0x19
 185 003f 00       		.byte	0
 186 0040 00       		.byte	0
 187 0041 00       		.byte	0
 188              		.section	.debug_aranges,"",%progbits
 189 0000 1C000000 		.4byte	0x1c
 190 0004 0200     		.2byte	0x2
 191 0006 00000000 		.4byte	.Ldebug_info0
 192 000a 04       		.byte	0x4
 193 000b 00       		.byte	0
 194 000c 0000     		.2byte	0
 195 000e 0000     		.2byte	0
 196 0010 00000000 		.4byte	.LFB7
 197 0014 04000000 		.4byte	.LFE7-.LFB7
 198 0018 00000000 		.4byte	0
 199 001c 00000000 		.4byte	0
 200              		.section	.debug_ranges,"",%progbits
 201              	.Ldebug_ranges0:
 202 0000 00000000 		.4byte	.LFB7
 203 0004 04000000 		.4byte	.LFE7
 204 0008 00000000 		.4byte	0
 205 000c 00000000 		.4byte	0
 206              		.section	.debug_line,"",%progbits
 207              	.Ldebug_line0:
 208 0000 55000000 		.section	.debug_str,"MS",%progbits,1
 208      02003F00 
 208      00000201 
 208      FB0E0D00 
 208      01010101 
 209              	.LASF7:
 210 0000 6C6F6E67 		.ascii	"long long int\000"
 210      206C6F6E 
 210      6720696E 
 210      7400
 211              	.LASF0:
 212 000e 756E7369 		.ascii	"unsigned int\000"
 212      676E6564 
 212      20696E74 
 212      00
 213              	.LASF14:
 214 001b 2F686F6D 		.ascii	"/home/jordyaw/Documents/referensi/coba/ChibiOS_2.5."
 214      652F6A6F 
 214      72647961 
ARM GAS  /tmp/cchFUHge.s 			page 5


 214      772F446F 
 214      63756D65 
 215 004e 32782F74 		.ascii	"2x/testhal/STM32F30x/WSC/board joule\000"
 215      65737468 
 215      616C2F53 
 215      544D3332 
 215      46333078 
 216              	.LASF6:
 217 0073 6C6F6E67 		.ascii	"long unsigned int\000"
 217      20756E73 
 217      69676E65 
 217      6420696E 
 217      7400
 218              	.LASF8:
 219 0085 6C6F6E67 		.ascii	"long long unsigned int\000"
 219      206C6F6E 
 219      6720756E 
 219      7369676E 
 219      65642069 
 220              	.LASF2:
 221 009c 756E7369 		.ascii	"unsigned char\000"
 221      676E6564 
 221      20636861 
 221      7200
 222              	.LASF11:
 223 00aa 63686172 		.ascii	"char\000"
 223      00
 224              	.LASF5:
 225 00af 6C6F6E67 		.ascii	"long int\000"
 225      20696E74 
 225      00
 226              	.LASF9:
 227 00b8 5F426F6F 		.ascii	"_Bool\000"
 227      6C00
 228              	.LASF12:
 229 00be 474E5520 		.ascii	"GNU C 4.8.3 -mcpu=cortex-m4 -mfloat-abi=softfp -mfp"
 229      4320342E 
 229      382E3320 
 229      2D6D6370 
 229      753D636F 
 230 00f1 753D6670 		.ascii	"u=fpv4-sp-d16 -mno-thumb-interwork -mthumb -ggdb -O"
 230      76342D73 
 230      702D6431 
 230      36202D6D 
 230      6E6F2D74 
 231 0124 32202D66 		.ascii	"2 -fomit-frame-pointer -falign-functions=16 -fsingl"
 231      6F6D6974 
 231      2D667261 
 231      6D652D70 
 231      6F696E74 
 232 0157 652D7072 		.ascii	"e-precision-constant -ffunction-sections -fdata-sec"
 232      65636973 
 232      696F6E2D 
 232      636F6E73 
 232      74616E74 
 233 018a 74696F6E 		.ascii	"tions -fno-common\000"
 233      73202D66 
ARM GAS  /tmp/cchFUHge.s 			page 6


 233      6E6F2D63 
 233      6F6D6D6F 
 233      6E00
 234              	.LASF4:
 235 019c 73686F72 		.ascii	"short unsigned int\000"
 235      7420756E 
 235      7369676E 
 235      65642069 
 235      6E7400
 236              	.LASF1:
 237 01af 7369676E 		.ascii	"signed char\000"
 237      65642063 
 237      68617200 
 238              	.LASF15:
 239 01bb 706F7274 		.ascii	"port_halt\000"
 239      5F68616C 
 239      7400
 240              	.LASF3:
 241 01c5 73686F72 		.ascii	"short int\000"
 241      7420696E 
 241      7400
 242              	.LASF13:
 243 01cf 2E2E2F2E 		.ascii	"../../../../os/ports/GCC/ARMCMx/chcore.c\000"
 243      2E2F2E2E 
 243      2F2E2E2F 
 243      6F732F70 
 243      6F727473 
 244              	.LASF10:
 245 01f8 73697A65 		.ascii	"sizetype\000"
 245      74797065 
 245      00
 246              		.ident	"GCC: (4.8.3-18ubuntu2+12) 4.8.3"
ARM GAS  /tmp/cchFUHge.s 			page 7


DEFINED SYMBOLS
                            *ABS*:0000000000000000 chcore.c
     /tmp/cchFUHge.s:20     .text.port_halt:0000000000000000 $t
     /tmp/cchFUHge.s:26     .text.port_halt:0000000000000000 port_halt
                     .debug_frame:0000000000000010 $d

NO UNDEFINED SYMBOLS
