ARM GAS  /tmp/ccYBEXxl.s 			page 1


   1              		.syntax unified
   2              		.cpu cortex-m4
   3              		.eabi_attribute 27, 3
   4              		.fpu fpv4-sp-d16
   5              		.eabi_attribute 20, 1
   6              		.eabi_attribute 21, 1
   7              		.eabi_attribute 23, 3
   8              		.eabi_attribute 24, 1
   9              		.eabi_attribute 25, 1
  10              		.eabi_attribute 26, 1
  11              		.eabi_attribute 30, 2
  12              		.eabi_attribute 34, 1
  13              		.eabi_attribute 18, 4
  14              		.thumb
  15              		.file	"chlists.c"
  16              		.text
  17              	.Ltext0:
  18              		.cfi_sections	.debug_frame
  19              	.Letext0:
  20              		.section	.debug_info,"",%progbits
  21              	.Ldebug_info0:
  22 0000 75000000 		.4byte	0x75
  23 0004 0400     		.2byte	0x4
  24 0006 00000000 		.4byte	.Ldebug_abbrev0
  25 000a 04       		.byte	0x4
  26 000b 01       		.uleb128 0x1
  27 000c BE000000 		.4byte	.LASF12
  28 0010 01       		.byte	0x1
  29 0011 C5010000 		.4byte	.LASF13
  30 0015 1B000000 		.4byte	.LASF14
  31 0019 00000000 		.4byte	.Ldebug_line0
  32 001d 02       		.uleb128 0x2
  33 001e 04       		.byte	0x4
  34 001f 05       		.byte	0x5
  35 0020 696E7400 		.ascii	"int\000"
  36 0024 03       		.uleb128 0x3
  37 0025 04       		.byte	0x4
  38 0026 07       		.byte	0x7
  39 0027 0E000000 		.4byte	.LASF0
  40 002b 03       		.uleb128 0x3
  41 002c 01       		.byte	0x1
  42 002d 06       		.byte	0x6
  43 002e AF010000 		.4byte	.LASF1
  44 0032 03       		.uleb128 0x3
  45 0033 01       		.byte	0x1
  46 0034 08       		.byte	0x8
  47 0035 9C000000 		.4byte	.LASF2
  48 0039 03       		.uleb128 0x3
  49 003a 02       		.byte	0x2
  50 003b 05       		.byte	0x5
  51 003c BB010000 		.4byte	.LASF3
  52 0040 03       		.uleb128 0x3
  53 0041 02       		.byte	0x2
  54 0042 07       		.byte	0x7
  55 0043 9C010000 		.4byte	.LASF4
  56 0047 03       		.uleb128 0x3
  57 0048 04       		.byte	0x4
ARM GAS  /tmp/ccYBEXxl.s 			page 2


  58 0049 05       		.byte	0x5
  59 004a AF000000 		.4byte	.LASF5
  60 004e 03       		.uleb128 0x3
  61 004f 04       		.byte	0x4
  62 0050 07       		.byte	0x7
  63 0051 73000000 		.4byte	.LASF6
  64 0055 03       		.uleb128 0x3
  65 0056 08       		.byte	0x8
  66 0057 05       		.byte	0x5
  67 0058 00000000 		.4byte	.LASF7
  68 005c 03       		.uleb128 0x3
  69 005d 08       		.byte	0x8
  70 005e 07       		.byte	0x7
  71 005f 85000000 		.4byte	.LASF8
  72 0063 03       		.uleb128 0x3
  73 0064 01       		.byte	0x1
  74 0065 02       		.byte	0x2
  75 0066 B8000000 		.4byte	.LASF9
  76 006a 03       		.uleb128 0x3
  77 006b 04       		.byte	0x4
  78 006c 07       		.byte	0x7
  79 006d E9010000 		.4byte	.LASF10
  80 0071 03       		.uleb128 0x3
  81 0072 01       		.byte	0x1
  82 0073 08       		.byte	0x8
  83 0074 AA000000 		.4byte	.LASF11
  84 0078 00       		.byte	0
  85              		.section	.debug_abbrev,"",%progbits
  86              	.Ldebug_abbrev0:
  87 0000 01       		.uleb128 0x1
  88 0001 11       		.uleb128 0x11
  89 0002 01       		.byte	0x1
  90 0003 25       		.uleb128 0x25
  91 0004 0E       		.uleb128 0xe
  92 0005 13       		.uleb128 0x13
  93 0006 0B       		.uleb128 0xb
  94 0007 03       		.uleb128 0x3
  95 0008 0E       		.uleb128 0xe
  96 0009 1B       		.uleb128 0x1b
  97 000a 0E       		.uleb128 0xe
  98 000b 10       		.uleb128 0x10
  99 000c 17       		.uleb128 0x17
 100 000d 00       		.byte	0
 101 000e 00       		.byte	0
 102 000f 02       		.uleb128 0x2
 103 0010 24       		.uleb128 0x24
 104 0011 00       		.byte	0
 105 0012 0B       		.uleb128 0xb
 106 0013 0B       		.uleb128 0xb
 107 0014 3E       		.uleb128 0x3e
 108 0015 0B       		.uleb128 0xb
 109 0016 03       		.uleb128 0x3
 110 0017 08       		.uleb128 0x8
 111 0018 00       		.byte	0
 112 0019 00       		.byte	0
 113 001a 03       		.uleb128 0x3
 114 001b 24       		.uleb128 0x24
ARM GAS  /tmp/ccYBEXxl.s 			page 3


 115 001c 00       		.byte	0
 116 001d 0B       		.uleb128 0xb
 117 001e 0B       		.uleb128 0xb
 118 001f 3E       		.uleb128 0x3e
 119 0020 0B       		.uleb128 0xb
 120 0021 03       		.uleb128 0x3
 121 0022 0E       		.uleb128 0xe
 122 0023 00       		.byte	0
 123 0024 00       		.byte	0
 124 0025 00       		.byte	0
 125              		.section	.debug_aranges,"",%progbits
 126 0000 14000000 		.4byte	0x14
 127 0004 0200     		.2byte	0x2
 128 0006 00000000 		.4byte	.Ldebug_info0
 129 000a 04       		.byte	0x4
 130 000b 00       		.byte	0
 131 000c 0000     		.2byte	0
 132 000e 0000     		.2byte	0
 133 0010 00000000 		.4byte	0
 134 0014 00000000 		.4byte	0
 135              		.section	.debug_line,"",%progbits
 136              	.Ldebug_line0:
 137 0000 19000000 		.section	.debug_str,"MS",%progbits,1
 137      02001300 
 137      00000201 
 137      FB0E0D00 
 137      01010101 
 138              	.LASF7:
 139 0000 6C6F6E67 		.ascii	"long long int\000"
 139      206C6F6E 
 139      6720696E 
 139      7400
 140              	.LASF0:
 141 000e 756E7369 		.ascii	"unsigned int\000"
 141      676E6564 
 141      20696E74 
 141      00
 142              	.LASF14:
 143 001b 2F686F6D 		.ascii	"/home/jordyaw/Documents/referensi/coba/ChibiOS_2.5."
 143      652F6A6F 
 143      72647961 
 143      772F446F 
 143      63756D65 
 144 004e 32782F74 		.ascii	"2x/testhal/STM32F30x/WSC/board joule\000"
 144      65737468 
 144      616C2F53 
 144      544D3332 
 144      46333078 
 145              	.LASF6:
 146 0073 6C6F6E67 		.ascii	"long unsigned int\000"
 146      20756E73 
 146      69676E65 
 146      6420696E 
 146      7400
 147              	.LASF8:
 148 0085 6C6F6E67 		.ascii	"long long unsigned int\000"
 148      206C6F6E 
ARM GAS  /tmp/ccYBEXxl.s 			page 4


 148      6720756E 
 148      7369676E 
 148      65642069 
 149              	.LASF2:
 150 009c 756E7369 		.ascii	"unsigned char\000"
 150      676E6564 
 150      20636861 
 150      7200
 151              	.LASF11:
 152 00aa 63686172 		.ascii	"char\000"
 152      00
 153              	.LASF5:
 154 00af 6C6F6E67 		.ascii	"long int\000"
 154      20696E74 
 154      00
 155              	.LASF9:
 156 00b8 5F426F6F 		.ascii	"_Bool\000"
 156      6C00
 157              	.LASF12:
 158 00be 474E5520 		.ascii	"GNU C 4.8.3 -mcpu=cortex-m4 -mfloat-abi=softfp -mfp"
 158      4320342E 
 158      382E3320 
 158      2D6D6370 
 158      753D636F 
 159 00f1 753D6670 		.ascii	"u=fpv4-sp-d16 -mno-thumb-interwork -mthumb -ggdb -O"
 159      76342D73 
 159      702D6431 
 159      36202D6D 
 159      6E6F2D74 
 160 0124 32202D66 		.ascii	"2 -fomit-frame-pointer -falign-functions=16 -fsingl"
 160      6F6D6974 
 160      2D667261 
 160      6D652D70 
 160      6F696E74 
 161 0157 652D7072 		.ascii	"e-precision-constant -ffunction-sections -fdata-sec"
 161      65636973 
 161      696F6E2D 
 161      636F6E73 
 161      74616E74 
 162 018a 74696F6E 		.ascii	"tions -fno-common\000"
 162      73202D66 
 162      6E6F2D63 
 162      6F6D6D6F 
 162      6E00
 163              	.LASF4:
 164 019c 73686F72 		.ascii	"short unsigned int\000"
 164      7420756E 
 164      7369676E 
 164      65642069 
 164      6E7400
 165              	.LASF1:
 166 01af 7369676E 		.ascii	"signed char\000"
 166      65642063 
 166      68617200 
 167              	.LASF3:
 168 01bb 73686F72 		.ascii	"short int\000"
 168      7420696E 
ARM GAS  /tmp/ccYBEXxl.s 			page 5


 168      7400
 169              	.LASF13:
 170 01c5 2E2E2F2E 		.ascii	"../../../../os/kernel/src/chlists.c\000"
 170      2E2F2E2E 
 170      2F2E2E2F 
 170      6F732F6B 
 170      65726E65 
 171              	.LASF10:
 172 01e9 73697A65 		.ascii	"sizetype\000"
 172      74797065 
 172      00
 173              		.ident	"GCC: (4.8.3-18ubuntu2+12) 4.8.3"
ARM GAS  /tmp/ccYBEXxl.s 			page 6


DEFINED SYMBOLS
                            *ABS*:0000000000000000 chlists.c

NO UNDEFINED SYMBOLS
