ARM GAS  /tmp/ccyLefU4.s 			page 1


   1              		.syntax unified
   2              		.cpu cortex-m4
   3              		.eabi_attribute 27, 3
   4              		.fpu fpv4-sp-d16
   5              		.eabi_attribute 20, 1
   6              		.eabi_attribute 21, 1
   7              		.eabi_attribute 23, 3
   8              		.eabi_attribute 24, 1
   9              		.eabi_attribute 25, 1
  10              		.eabi_attribute 26, 1
  11              		.eabi_attribute 30, 2
  12              		.eabi_attribute 34, 1
  13              		.eabi_attribute 18, 4
  14              		.thumb
  15              		.file	"chmsg.c"
  16              		.text
  17              	.Ltext0:
  18              		.cfi_sections	.debug_frame
  19              		.section	.text.chMsgSend,"ax",%progbits
  20              		.align	2
  21              		.p2align 4,,15
  22              		.global	chMsgSend
  23              		.thumb
  24              		.thumb_func
  25              		.type	chMsgSend, %function
  26              	chMsgSend:
  27              	.LFB7:
  28              		.file 1 "../../../../os/kernel/src/chmsg.c"
  29              		.loc 1 68 0
  30              		.cfi_startproc
  31              		@ args = 0, pretend = 0, frame = 0
  32              		@ frame_needed = 0, uses_anonymous_args = 0
  33              	.LVL0:
  34              		.loc 1 69 0
  35 0000 154B     		ldr	r3, .L7
  36              		.loc 1 68 0
  37 0002 70B5     		push	{r4, r5, r6, lr}
  38              		.cfi_def_cfa_offset 16
  39              		.cfi_offset 4, -16
  40              		.cfi_offset 5, -12
  41              		.cfi_offset 6, -8
  42              		.cfi_offset 14, -4
  43              		.loc 1 71 0
  44 0004 0546     		mov	r5, r0
  45              		.loc 1 68 0
  46 0006 0E46     		mov	r6, r1
  47              		.loc 1 69 0
  48 0008 9C69     		ldr	r4, [r3, #24]
  49              	.LVL1:
  50              		.loc 1 71 0
  51 000a 00B3     		cbz	r0, .L5
  52              	.LVL2:
  53              	.L2:
  54              	.LBB10:
  55              		.loc 1 73 0
  56 000c 2023     		movs	r3, #32
  57              	@ 73 "../../../../os/kernel/src/chmsg.c" 1
ARM GAS  /tmp/ccyLefU4.s 			page 2


  58 000e 83F31188 		msr     BASEPRI, r3
  59              	@ 0 "" 2
  60              		.thumb
  61              	.LBE10:
  62 0012 FFF7FEFF 		bl	dbg_check_lock
  63              	.LVL3:
  64              		.loc 1 75 0
  65 0016 05F13002 		add	r2, r5, #48
  66              		.loc 1 77 0
  67 001a 95F82010 		ldrb	r1, [r5, #32]	@ zero_extendqisi2
  68              		.loc 1 75 0
  69 001e A262     		str	r2, [r4, #40]
  70              	.LVL4:
  71              	.LBB11:
  72              	.LBB12:
  73              		.file 2 "../../../../os/kernel/include/chinline.h"
  74              		.loc 2 48 0
  75 0020 6B6B     		ldr	r3, [r5, #52]
  76              	.LBE12:
  77              	.LBE11:
  78              		.loc 1 74 0
  79 0022 A663     		str	r6, [r4, #56]
  80              		.loc 1 77 0
  81 0024 0C29     		cmp	r1, #12
  82              	.LBB14:
  83              	.LBB13:
  84              		.loc 2 48 0
  85 0026 84E80C00 		stmia	r4, {r2, r3}
  86              		.loc 2 49 0
  87 002a 6C63     		str	r4, [r5, #52]
  88 002c 1C60     		str	r4, [r3]
  89              	.LBE13:
  90              	.LBE14:
  91              		.loc 1 77 0
  92 002e 0AD0     		beq	.L6
  93              	.LVL5:
  94              	.L3:
  95              		.loc 1 79 0
  96 0030 0A20     		movs	r0, #10
  97 0032 FFF7FEFF 		bl	chSchGoSleepS
  98              	.LVL6:
  99              		.loc 1 80 0
 100 0036 A46A     		ldr	r4, [r4, #40]
 101              	.LVL7:
 102              		.loc 1 81 0
 103 0038 FFF7FEFF 		bl	dbg_check_unlock
 104              	.LVL8:
 105              	.LBB15:
 106 003c 0023     		movs	r3, #0
 107              	@ 81 "../../../../os/kernel/src/chmsg.c" 1
 108 003e 83F31188 		msr     BASEPRI, r3
 109              	@ 0 "" 2
 110              		.thumb
 111              	.LBE15:
 112              		.loc 1 83 0
 113 0042 2046     		mov	r0, r4
 114 0044 70BD     		pop	{r4, r5, r6, pc}
ARM GAS  /tmp/ccyLefU4.s 			page 3


 115              	.LVL9:
 116              	.L6:
 117              		.loc 1 78 0
 118 0046 2846     		mov	r0, r5
 119 0048 FFF7FEFF 		bl	chSchReadyI
 120              	.LVL10:
 121 004c F0E7     		b	.L3
 122              	.LVL11:
 123              	.L5:
 124              		.loc 1 71 0 discriminator 1
 125 004e 0348     		ldr	r0, .L7+4
 126              	.LVL12:
 127 0050 FFF7FEFF 		bl	chDbgPanic
 128              	.LVL13:
 129 0054 DAE7     		b	.L2
 130              	.L8:
 131 0056 00BF     		.align	2
 132              	.L7:
 133 0058 00000000 		.word	rlist
 134 005c 00000000 		.word	.LC0
 135              		.cfi_endproc
 136              	.LFE7:
 137              		.size	chMsgSend, .-chMsgSend
 138              		.section	.text.chMsgWait,"ax",%progbits
 139              		.align	2
 140              		.p2align 4,,15
 141              		.global	chMsgWait
 142              		.thumb
 143              		.thumb_func
 144              		.type	chMsgWait, %function
 145              	chMsgWait:
 146              	.LFB8:
 147              		.loc 1 99 0
 148              		.cfi_startproc
 149              		@ args = 0, pretend = 0, frame = 0
 150              		@ frame_needed = 0, uses_anonymous_args = 0
 151 0000 38B5     		push	{r3, r4, r5, lr}
 152              		.cfi_def_cfa_offset 16
 153              		.cfi_offset 3, -16
 154              		.cfi_offset 4, -12
 155              		.cfi_offset 5, -8
 156              		.cfi_offset 14, -4
 157              	.LBB16:
 158              		.loc 1 102 0
 159 0002 2023     		movs	r3, #32
 160              	@ 102 "../../../../os/kernel/src/chmsg.c" 1
 161 0004 83F31188 		msr     BASEPRI, r3
 162              	@ 0 "" 2
 163              		.thumb
 164              	.LBE16:
 165              		.loc 1 103 0
 166 0008 0E4D     		ldr	r5, .L12
 167              		.loc 1 102 0
 168 000a FFF7FEFF 		bl	dbg_check_lock
 169              	.LVL14:
 170              		.loc 1 103 0
 171 000e AA69     		ldr	r2, [r5, #24]
ARM GAS  /tmp/ccyLefU4.s 			page 4


 172 0010 1346     		mov	r3, r2
 173 0012 53F8304F 		ldr	r4, [r3, #48]!
 174 0016 9C42     		cmp	r4, r3
 175 0018 0CD0     		beq	.L11
 176              	.L10:
 177              	.LVL15:
 178              	.LBB17:
 179              	.LBB18:
 180              		.loc 2 55 0
 181 001a 2168     		ldr	r1, [r4]
 182 001c 1163     		str	r1, [r2, #48]
 183              	.LBE18:
 184              	.LBE17:
 185              		.loc 1 106 0
 186 001e 0B22     		movs	r2, #11
 187              	.LBB20:
 188              	.LBB19:
 189              		.loc 2 55 0
 190 0020 4B60     		str	r3, [r1, #4]
 191              	.LBE19:
 192              	.LBE20:
 193              		.loc 1 106 0
 194 0022 84F82020 		strb	r2, [r4, #32]
 195              		.loc 1 107 0
 196 0026 FFF7FEFF 		bl	dbg_check_unlock
 197              	.LVL16:
 198              	.LBB21:
 199 002a 0023     		movs	r3, #0
 200              	@ 107 "../../../../os/kernel/src/chmsg.c" 1
 201 002c 83F31188 		msr     BASEPRI, r3
 202              	@ 0 "" 2
 203              		.thumb
 204              	.LBE21:
 205              		.loc 1 109 0
 206 0030 2046     		mov	r0, r4
 207 0032 38BD     		pop	{r3, r4, r5, pc}
 208              	.LVL17:
 209              	.L11:
 210              		.loc 1 104 0
 211 0034 0C20     		movs	r0, #12
 212 0036 FFF7FEFF 		bl	chSchGoSleepS
 213              	.LVL18:
 214 003a AA69     		ldr	r2, [r5, #24]
 215 003c 146B     		ldr	r4, [r2, #48]
 216 003e 02F13003 		add	r3, r2, #48
 217 0042 EAE7     		b	.L10
 218              	.L13:
 219              		.align	2
 220              	.L12:
 221 0044 00000000 		.word	rlist
 222              		.cfi_endproc
 223              	.LFE8:
 224              		.size	chMsgWait, .-chMsgWait
 225 0048 AFF30080 		.section	.text.chMsgRelease,"ax",%progbits
 225      AFF30080 
 226              		.align	2
 227              		.p2align 4,,15
ARM GAS  /tmp/ccyLefU4.s 			page 5


 228              		.global	chMsgRelease
 229              		.thumb
 230              		.thumb_func
 231              		.type	chMsgRelease, %function
 232              	chMsgRelease:
 233              	.LFB9:
 234              		.loc 1 121 0
 235              		.cfi_startproc
 236              		@ args = 0, pretend = 0, frame = 0
 237              		@ frame_needed = 0, uses_anonymous_args = 0
 238              	.LVL19:
 239 0000 38B5     		push	{r3, r4, r5, lr}
 240              		.cfi_def_cfa_offset 16
 241              		.cfi_offset 3, -16
 242              		.cfi_offset 4, -12
 243              		.cfi_offset 5, -8
 244              		.cfi_offset 14, -4
 245              		.loc 1 121 0
 246 0002 0446     		mov	r4, r0
 247 0004 0D46     		mov	r5, r1
 248              	.LBB22:
 249              		.loc 1 123 0
 250 0006 2023     		movs	r3, #32
 251              	@ 123 "../../../../os/kernel/src/chmsg.c" 1
 252 0008 83F31188 		msr     BASEPRI, r3
 253              	@ 0 "" 2
 254              		.thumb
 255              	.LBE22:
 256 000c FFF7FEFF 		bl	dbg_check_lock
 257              	.LVL20:
 258              		.loc 1 124 0
 259 0010 94F82030 		ldrb	r3, [r4, #32]	@ zero_extendqisi2
 260 0014 0B2B     		cmp	r3, #11
 261 0016 02D0     		beq	.L15
 262              		.loc 1 124 0 is_stmt 0 discriminator 1
 263 0018 0648     		ldr	r0, .L19
 264 001a FFF7FEFF 		bl	chDbgPanic
 265              	.LVL21:
 266              	.L15:
 267              		.loc 1 126 0 is_stmt 1
 268 001e 2046     		mov	r0, r4
 269 0020 2946     		mov	r1, r5
 270 0022 FFF7FEFF 		bl	chSchWakeupS
 271              	.LVL22:
 272              		.loc 1 127 0
 273 0026 FFF7FEFF 		bl	dbg_check_unlock
 274              	.LVL23:
 275              	.LBB23:
 276 002a 0023     		movs	r3, #0
 277              	@ 127 "../../../../os/kernel/src/chmsg.c" 1
 278 002c 83F31188 		msr     BASEPRI, r3
 279              	@ 0 "" 2
 280              		.thumb
 281 0030 38BD     		pop	{r3, r4, r5, pc}
 282              	.LVL24:
 283              	.L20:
 284 0032 00BF     		.align	2
ARM GAS  /tmp/ccyLefU4.s 			page 6


 285              	.L19:
 286 0034 10000000 		.word	.LC1
 287              	.LBE23:
 288              		.cfi_endproc
 289              	.LFE9:
 290              		.size	chMsgRelease, .-chMsgRelease
 291 0038 AFF30080 		.section	.rodata.str1.4,"aMS",%progbits,1
 291      AFF30080 
 292              		.align	2
 293              	.LC0:
 294 0000 2263684D 		.ascii	"\"chMsgSend\"()\000"
 294      73675365 
 294      6E642228 
 294      2900
 295 000e 0000     		.space	2
 296              	.LC1:
 297 0010 63684D73 		.ascii	"chMsgRelease(), #1\000"
 297      6752656C 
 297      65617365 
 297      28292C20 
 297      233100
 298 0023 00       		.text
 299              	.Letext0:
 300              		.file 3 "/usr/include/newlib/machine/_default_types.h"
 301              		.file 4 "/usr/include/newlib/stdint.h"
 302              		.file 5 "../../../../os/ports/GCC/ARMCMx/chtypes.h"
 303              		.file 6 "../../../../os/kernel/include/chlists.h"
 304              		.file 7 "../../../../os/kernel/include/chthreads.h"
 305              		.file 8 "../../../../os/ports/GCC/ARMCMx/chcore_v7m.h"
 306              		.file 9 "../../../../os/kernel/include/chschd.h"
 307              		.file 10 "../../../../os/kernel/include/chmtx.h"
 308              		.file 11 "../../../../os/kernel/include/chdebug.h"
 309              		.section	.debug_info,"",%progbits
 310              	.Ldebug_info0:
 311 0000 F8070000 		.4byte	0x7f8
 312 0004 0400     		.2byte	0x4
 313 0006 00000000 		.4byte	.Ldebug_abbrev0
 314 000a 04       		.byte	0x4
 315 000b 01       		.uleb128 0x1
 316 000c 3A030000 		.4byte	.LASF76
 317 0010 01       		.byte	0x1
 318 0011 D2010000 		.4byte	.LASF77
 319 0015 E2020000 		.4byte	.LASF78
 320 0019 30000000 		.4byte	.Ldebug_ranges0+0x30
 321 001d 00000000 		.4byte	0
 322 0021 00000000 		.4byte	.Ldebug_line0
 323 0025 02       		.uleb128 0x2
 324 0026 04       		.byte	0x4
 325 0027 05       		.byte	0x5
 326 0028 696E7400 		.ascii	"int\000"
 327 002c 03       		.uleb128 0x3
 328 002d 04       		.byte	0x4
 329 002e 07       		.byte	0x7
 330 002f D6000000 		.4byte	.LASF0
 331 0033 03       		.uleb128 0x3
 332 0034 01       		.byte	0x1
 333 0035 06       		.byte	0x6
ARM GAS  /tmp/ccyLefU4.s 			page 7


 334 0036 64000000 		.4byte	.LASF1
 335 003a 04       		.uleb128 0x4
 336 003b 2E000000 		.4byte	.LASF5
 337 003f 03       		.byte	0x3
 338 0040 1D       		.byte	0x1d
 339 0041 45000000 		.4byte	0x45
 340 0045 03       		.uleb128 0x3
 341 0046 01       		.byte	0x1
 342 0047 08       		.byte	0x8
 343 0048 02020000 		.4byte	.LASF2
 344 004c 03       		.uleb128 0x3
 345 004d 02       		.byte	0x2
 346 004e 05       		.byte	0x5
 347 004f 1A020000 		.4byte	.LASF3
 348 0053 03       		.uleb128 0x3
 349 0054 02       		.byte	0x2
 350 0055 07       		.byte	0x7
 351 0056 08010000 		.4byte	.LASF4
 352 005a 04       		.uleb128 0x4
 353 005b CA020000 		.4byte	.LASF6
 354 005f 03       		.byte	0x3
 355 0060 3F       		.byte	0x3f
 356 0061 65000000 		.4byte	0x65
 357 0065 03       		.uleb128 0x3
 358 0066 04       		.byte	0x4
 359 0067 05       		.byte	0x5
 360 0068 8A000000 		.4byte	.LASF7
 361 006c 04       		.uleb128 0x4
 362 006d B7000000 		.4byte	.LASF8
 363 0071 03       		.byte	0x3
 364 0072 41       		.byte	0x41
 365 0073 77000000 		.4byte	0x77
 366 0077 03       		.uleb128 0x3
 367 0078 04       		.byte	0x4
 368 0079 07       		.byte	0x7
 369 007a EE000000 		.4byte	.LASF9
 370 007e 03       		.uleb128 0x3
 371 007f 08       		.byte	0x8
 372 0080 05       		.byte	0x5
 373 0081 56000000 		.4byte	.LASF10
 374 0085 04       		.uleb128 0x4
 375 0086 B0010000 		.4byte	.LASF11
 376 008a 03       		.byte	0x3
 377 008b 5B       		.byte	0x5b
 378 008c 90000000 		.4byte	0x90
 379 0090 03       		.uleb128 0x3
 380 0091 08       		.byte	0x8
 381 0092 07       		.byte	0x7
 382 0093 38000000 		.4byte	.LASF12
 383 0097 04       		.uleb128 0x4
 384 0098 46040000 		.4byte	.LASF13
 385 009c 04       		.byte	0x4
 386 009d 2A       		.byte	0x2a
 387 009e 3A000000 		.4byte	0x3a
 388 00a2 04       		.uleb128 0x4
 389 00a3 FA010000 		.4byte	.LASF14
 390 00a7 04       		.byte	0x4
ARM GAS  /tmp/ccyLefU4.s 			page 8


 391 00a8 41       		.byte	0x41
 392 00a9 5A000000 		.4byte	0x5a
 393 00ad 04       		.uleb128 0x4
 394 00ae 80020000 		.4byte	.LASF15
 395 00b2 04       		.byte	0x4
 396 00b3 42       		.byte	0x42
 397 00b4 6C000000 		.4byte	0x6c
 398 00b8 04       		.uleb128 0x4
 399 00b9 25000000 		.4byte	.LASF16
 400 00bd 04       		.byte	0x4
 401 00be 4E       		.byte	0x4e
 402 00bf 85000000 		.4byte	0x85
 403 00c3 03       		.uleb128 0x3
 404 00c4 01       		.byte	0x1
 405 00c5 02       		.byte	0x2
 406 00c6 F4010000 		.4byte	.LASF17
 407 00ca 04       		.uleb128 0x4
 408 00cb 29010000 		.4byte	.LASF18
 409 00cf 05       		.byte	0x5
 410 00d0 25       		.byte	0x25
 411 00d1 97000000 		.4byte	0x97
 412 00d5 04       		.uleb128 0x4
 413 00d6 9D000000 		.4byte	.LASF19
 414 00da 05       		.byte	0x5
 415 00db 26       		.byte	0x26
 416 00dc 97000000 		.4byte	0x97
 417 00e0 04       		.uleb128 0x4
 418 00e1 BB010000 		.4byte	.LASF20
 419 00e5 05       		.byte	0x5
 420 00e6 27       		.byte	0x27
 421 00e7 97000000 		.4byte	0x97
 422 00eb 04       		.uleb128 0x4
 423 00ec 80000000 		.4byte	.LASF21
 424 00f0 05       		.byte	0x5
 425 00f1 28       		.byte	0x28
 426 00f2 97000000 		.4byte	0x97
 427 00f6 04       		.uleb128 0x4
 428 00f7 CA010000 		.4byte	.LASF22
 429 00fb 05       		.byte	0x5
 430 00fc 29       		.byte	0x29
 431 00fd AD000000 		.4byte	0xad
 432 0101 04       		.uleb128 0x4
 433 0102 1B010000 		.4byte	.LASF23
 434 0106 05       		.byte	0x5
 435 0107 2A       		.byte	0x2a
 436 0108 A2000000 		.4byte	0xa2
 437 010c 04       		.uleb128 0x4
 438 010d 3D010000 		.4byte	.LASF24
 439 0111 05       		.byte	0x5
 440 0112 2C       		.byte	0x2c
 441 0113 AD000000 		.4byte	0xad
 442 0117 04       		.uleb128 0x4
 443 0118 B5020000 		.4byte	.LASF25
 444 011c 05       		.byte	0x5
 445 011d 2E       		.byte	0x2e
 446 011e AD000000 		.4byte	0xad
 447 0122 04       		.uleb128 0x4
ARM GAS  /tmp/ccyLefU4.s 			page 9


 448 0123 53020000 		.4byte	.LASF26
 449 0127 06       		.byte	0x6
 450 0128 23       		.byte	0x23
 451 0129 2D010000 		.4byte	0x12d
 452 012d 05       		.uleb128 0x5
 453 012e 53020000 		.4byte	.LASF26
 454 0132 4C       		.byte	0x4c
 455 0133 07       		.byte	0x7
 456 0134 57       		.byte	0x57
 457 0135 36020000 		.4byte	0x236
 458 0139 06       		.uleb128 0x6
 459 013a 44020000 		.4byte	.LASF27
 460 013e 07       		.byte	0x7
 461 013f 58       		.byte	0x58
 462 0140 57020000 		.4byte	0x257
 463 0144 00       		.byte	0
 464 0145 06       		.uleb128 0x6
 465 0146 C3010000 		.4byte	.LASF28
 466 014a 07       		.byte	0x7
 467 014b 5A       		.byte	0x5a
 468 014c 57020000 		.4byte	0x257
 469 0150 04       		.byte	0x4
 470 0151 06       		.uleb128 0x6
 471 0152 4F000000 		.4byte	.LASF29
 472 0156 07       		.byte	0x7
 473 0157 5C       		.byte	0x5c
 474 0158 F6000000 		.4byte	0xf6
 475 015c 08       		.byte	0x8
 476 015d 06       		.uleb128 0x6
 477 015e 64040000 		.4byte	.LASF30
 478 0162 07       		.byte	0x7
 479 0163 5D       		.byte	0x5d
 480 0164 EC030000 		.4byte	0x3ec
 481 0168 0C       		.byte	0xc
 482 0169 06       		.uleb128 0x6
 483 016a A6000000 		.4byte	.LASF31
 484 016e 07       		.byte	0x7
 485 016f 5F       		.byte	0x5f
 486 0170 57020000 		.4byte	0x257
 487 0174 10       		.byte	0x10
 488 0175 06       		.uleb128 0x6
 489 0176 72010000 		.4byte	.LASF32
 490 017a 07       		.byte	0x7
 491 017b 60       		.byte	0x60
 492 017c 57020000 		.4byte	0x257
 493 0180 14       		.byte	0x14
 494 0181 06       		.uleb128 0x6
 495 0182 55040000 		.4byte	.LASF33
 496 0186 07       		.byte	0x7
 497 0187 67       		.byte	0x67
 498 0188 EC040000 		.4byte	0x4ec
 499 018c 18       		.byte	0x18
 500 018d 06       		.uleb128 0x6
 501 018e CB000000 		.4byte	.LASF34
 502 0192 07       		.byte	0x7
 503 0193 6D       		.byte	0x6d
 504 0194 FE040000 		.4byte	0x4fe
ARM GAS  /tmp/ccyLefU4.s 			page 10


 505 0198 1C       		.byte	0x1c
 506 0199 06       		.uleb128 0x6
 507 019a 24020000 		.4byte	.LASF35
 508 019e 07       		.byte	0x7
 509 019f 72       		.byte	0x72
 510 01a0 D5000000 		.4byte	0xd5
 511 01a4 20       		.byte	0x20
 512 01a5 06       		.uleb128 0x6
 513 01a6 4B020000 		.4byte	.LASF36
 514 01aa 07       		.byte	0x7
 515 01ab 76       		.byte	0x76
 516 01ac CA000000 		.4byte	0xca
 517 01b0 21       		.byte	0x21
 518 01b1 06       		.uleb128 0x6
 519 01b2 2F040000 		.4byte	.LASF37
 520 01b6 07       		.byte	0x7
 521 01b7 7B       		.byte	0x7b
 522 01b8 E0000000 		.4byte	0xe0
 523 01bc 22       		.byte	0x22
 524 01bd 06       		.uleb128 0x6
 525 01be 2C020000 		.4byte	.LASF38
 526 01c2 07       		.byte	0x7
 527 01c3 81       		.byte	0x81
 528 01c4 EB000000 		.4byte	0xeb
 529 01c8 23       		.byte	0x23
 530 01c9 06       		.uleb128 0x6
 531 01ca D4020000 		.4byte	.LASF39
 532 01ce 07       		.byte	0x7
 533 01cf 88       		.byte	0x88
 534 01d0 14040000 		.4byte	0x414
 535 01d4 24       		.byte	0x24
 536 01d5 07       		.uleb128 0x7
 537 01d6 705F7500 		.ascii	"p_u\000"
 538 01da 07       		.byte	0x7
 539 01db AD       		.byte	0xad
 540 01dc B7040000 		.4byte	0x4b7
 541 01e0 28       		.byte	0x28
 542 01e1 06       		.uleb128 0x6
 543 01e2 6A040000 		.4byte	.LASF40
 544 01e6 07       		.byte	0x7
 545 01e7 B2       		.byte	0xb2
 546 01e8 7D020000 		.4byte	0x27d
 547 01ec 2C       		.byte	0x2c
 548 01ed 06       		.uleb128 0x6
 549 01ee E3000000 		.4byte	.LASF41
 550 01f2 07       		.byte	0x7
 551 01f3 B8       		.byte	0xb8
 552 01f4 5D020000 		.4byte	0x25d
 553 01f8 30       		.byte	0x30
 554 01f9 06       		.uleb128 0x6
 555 01fa 00000000 		.4byte	.LASF42
 556 01fe 07       		.byte	0x7
 557 01ff BC       		.byte	0xbc
 558 0200 01010000 		.4byte	0x101
 559 0204 38       		.byte	0x38
 560 0205 06       		.uleb128 0x6
 561 0206 75020000 		.4byte	.LASF43
ARM GAS  /tmp/ccyLefU4.s 			page 11


 562 020a 07       		.byte	0x7
 563 020b C2       		.byte	0xc2
 564 020c 0C010000 		.4byte	0x10c
 565 0210 3C       		.byte	0x3c
 566 0211 06       		.uleb128 0x6
 567 0212 10020000 		.4byte	.LASF44
 568 0216 07       		.byte	0x7
 569 0217 C9       		.byte	0xc9
 570 0218 04050000 		.4byte	0x504
 571 021c 40       		.byte	0x40
 572 021d 06       		.uleb128 0x6
 573 021e BF020000 		.4byte	.LASF45
 574 0222 07       		.byte	0x7
 575 0223 CD       		.byte	0xcd
 576 0224 F6000000 		.4byte	0xf6
 577 0228 44       		.byte	0x44
 578 0229 06       		.uleb128 0x6
 579 022a 70000000 		.4byte	.LASF46
 580 022e 07       		.byte	0x7
 581 022f D3       		.byte	0xd3
 582 0230 93020000 		.4byte	0x293
 583 0234 48       		.byte	0x48
 584 0235 00       		.byte	0
 585 0236 08       		.uleb128 0x8
 586 0237 08       		.byte	0x8
 587 0238 06       		.byte	0x6
 588 0239 5A       		.byte	0x5a
 589 023a 57020000 		.4byte	0x257
 590 023e 06       		.uleb128 0x6
 591 023f 44020000 		.4byte	.LASF27
 592 0243 06       		.byte	0x6
 593 0244 5B       		.byte	0x5b
 594 0245 57020000 		.4byte	0x257
 595 0249 00       		.byte	0
 596 024a 06       		.uleb128 0x6
 597 024b C3010000 		.4byte	.LASF28
 598 024f 06       		.byte	0x6
 599 0250 5D       		.byte	0x5d
 600 0251 57020000 		.4byte	0x257
 601 0255 04       		.byte	0x4
 602 0256 00       		.byte	0
 603 0257 09       		.uleb128 0x9
 604 0258 04       		.byte	0x4
 605 0259 22010000 		.4byte	0x122
 606 025d 04       		.uleb128 0x4
 607 025e 80010000 		.4byte	.LASF47
 608 0262 06       		.byte	0x6
 609 0263 5F       		.byte	0x5f
 610 0264 36020000 		.4byte	0x236
 611 0268 08       		.uleb128 0x8
 612 0269 04       		.byte	0x4
 613 026a 06       		.byte	0x6
 614 026b 64       		.byte	0x64
 615 026c 7D020000 		.4byte	0x27d
 616 0270 06       		.uleb128 0x6
 617 0271 44020000 		.4byte	.LASF27
 618 0275 06       		.byte	0x6
ARM GAS  /tmp/ccyLefU4.s 			page 12


 619 0276 66       		.byte	0x66
 620 0277 57020000 		.4byte	0x257
 621 027b 00       		.byte	0
 622 027c 00       		.byte	0
 623 027d 04       		.uleb128 0x4
 624 027e 31010000 		.4byte	.LASF48
 625 0282 06       		.byte	0x6
 626 0283 69       		.byte	0x69
 627 0284 68020000 		.4byte	0x268
 628 0288 04       		.uleb128 0x4
 629 0289 C2000000 		.4byte	.LASF49
 630 028d 08       		.byte	0x8
 631 028e DE       		.byte	0xde
 632 028f 93020000 		.4byte	0x293
 633 0293 0A       		.uleb128 0xa
 634 0294 04       		.byte	0x4
 635 0295 04       		.uleb128 0x4
 636 0296 4F010000 		.4byte	.LASF50
 637 029a 08       		.byte	0x8
 638 029b E4       		.byte	0xe4
 639 029c B8000000 		.4byte	0xb8
 640 02a0 0B       		.uleb128 0xb
 641 02a1 DB020000 		.4byte	.LASF51
 642 02a5 64       		.byte	0x64
 643 02a6 08       		.byte	0x8
 644 02a7 0501     		.2byte	0x105
 645 02a9 EC030000 		.4byte	0x3ec
 646 02ad 0C       		.uleb128 0xc
 647 02ae 73313600 		.ascii	"s16\000"
 648 02b2 08       		.byte	0x8
 649 02b3 0701     		.2byte	0x107
 650 02b5 88020000 		.4byte	0x288
 651 02b9 00       		.byte	0
 652 02ba 0C       		.uleb128 0xc
 653 02bb 73313700 		.ascii	"s17\000"
 654 02bf 08       		.byte	0x8
 655 02c0 0801     		.2byte	0x108
 656 02c2 88020000 		.4byte	0x288
 657 02c6 04       		.byte	0x4
 658 02c7 0C       		.uleb128 0xc
 659 02c8 73313800 		.ascii	"s18\000"
 660 02cc 08       		.byte	0x8
 661 02cd 0901     		.2byte	0x109
 662 02cf 88020000 		.4byte	0x288
 663 02d3 08       		.byte	0x8
 664 02d4 0C       		.uleb128 0xc
 665 02d5 73313900 		.ascii	"s19\000"
 666 02d9 08       		.byte	0x8
 667 02da 0A01     		.2byte	0x10a
 668 02dc 88020000 		.4byte	0x288
 669 02e0 0C       		.byte	0xc
 670 02e1 0C       		.uleb128 0xc
 671 02e2 73323000 		.ascii	"s20\000"
 672 02e6 08       		.byte	0x8
 673 02e7 0B01     		.2byte	0x10b
 674 02e9 88020000 		.4byte	0x288
 675 02ed 10       		.byte	0x10
ARM GAS  /tmp/ccyLefU4.s 			page 13


 676 02ee 0C       		.uleb128 0xc
 677 02ef 73323100 		.ascii	"s21\000"
 678 02f3 08       		.byte	0x8
 679 02f4 0C01     		.2byte	0x10c
 680 02f6 88020000 		.4byte	0x288
 681 02fa 14       		.byte	0x14
 682 02fb 0C       		.uleb128 0xc
 683 02fc 73323200 		.ascii	"s22\000"
 684 0300 08       		.byte	0x8
 685 0301 0D01     		.2byte	0x10d
 686 0303 88020000 		.4byte	0x288
 687 0307 18       		.byte	0x18
 688 0308 0C       		.uleb128 0xc
 689 0309 73323300 		.ascii	"s23\000"
 690 030d 08       		.byte	0x8
 691 030e 0E01     		.2byte	0x10e
 692 0310 88020000 		.4byte	0x288
 693 0314 1C       		.byte	0x1c
 694 0315 0C       		.uleb128 0xc
 695 0316 73323400 		.ascii	"s24\000"
 696 031a 08       		.byte	0x8
 697 031b 0F01     		.2byte	0x10f
 698 031d 88020000 		.4byte	0x288
 699 0321 20       		.byte	0x20
 700 0322 0C       		.uleb128 0xc
 701 0323 73323500 		.ascii	"s25\000"
 702 0327 08       		.byte	0x8
 703 0328 1001     		.2byte	0x110
 704 032a 88020000 		.4byte	0x288
 705 032e 24       		.byte	0x24
 706 032f 0C       		.uleb128 0xc
 707 0330 73323600 		.ascii	"s26\000"
 708 0334 08       		.byte	0x8
 709 0335 1101     		.2byte	0x111
 710 0337 88020000 		.4byte	0x288
 711 033b 28       		.byte	0x28
 712 033c 0C       		.uleb128 0xc
 713 033d 73323700 		.ascii	"s27\000"
 714 0341 08       		.byte	0x8
 715 0342 1201     		.2byte	0x112
 716 0344 88020000 		.4byte	0x288
 717 0348 2C       		.byte	0x2c
 718 0349 0C       		.uleb128 0xc
 719 034a 73323800 		.ascii	"s28\000"
 720 034e 08       		.byte	0x8
 721 034f 1301     		.2byte	0x113
 722 0351 88020000 		.4byte	0x288
 723 0355 30       		.byte	0x30
 724 0356 0C       		.uleb128 0xc
 725 0357 73323900 		.ascii	"s29\000"
 726 035b 08       		.byte	0x8
 727 035c 1401     		.2byte	0x114
 728 035e 88020000 		.4byte	0x288
 729 0362 34       		.byte	0x34
 730 0363 0C       		.uleb128 0xc
 731 0364 73333000 		.ascii	"s30\000"
 732 0368 08       		.byte	0x8
ARM GAS  /tmp/ccyLefU4.s 			page 14


 733 0369 1501     		.2byte	0x115
 734 036b 88020000 		.4byte	0x288
 735 036f 38       		.byte	0x38
 736 0370 0C       		.uleb128 0xc
 737 0371 73333100 		.ascii	"s31\000"
 738 0375 08       		.byte	0x8
 739 0376 1601     		.2byte	0x116
 740 0378 88020000 		.4byte	0x288
 741 037c 3C       		.byte	0x3c
 742 037d 0C       		.uleb128 0xc
 743 037e 723400   		.ascii	"r4\000"
 744 0381 08       		.byte	0x8
 745 0382 1801     		.2byte	0x118
 746 0384 88020000 		.4byte	0x288
 747 0388 40       		.byte	0x40
 748 0389 0C       		.uleb128 0xc
 749 038a 723500   		.ascii	"r5\000"
 750 038d 08       		.byte	0x8
 751 038e 1901     		.2byte	0x119
 752 0390 88020000 		.4byte	0x288
 753 0394 44       		.byte	0x44
 754 0395 0C       		.uleb128 0xc
 755 0396 723600   		.ascii	"r6\000"
 756 0399 08       		.byte	0x8
 757 039a 1A01     		.2byte	0x11a
 758 039c 88020000 		.4byte	0x288
 759 03a0 48       		.byte	0x48
 760 03a1 0C       		.uleb128 0xc
 761 03a2 723700   		.ascii	"r7\000"
 762 03a5 08       		.byte	0x8
 763 03a6 1B01     		.2byte	0x11b
 764 03a8 88020000 		.4byte	0x288
 765 03ac 4C       		.byte	0x4c
 766 03ad 0C       		.uleb128 0xc
 767 03ae 723800   		.ascii	"r8\000"
 768 03b1 08       		.byte	0x8
 769 03b2 1C01     		.2byte	0x11c
 770 03b4 88020000 		.4byte	0x288
 771 03b8 50       		.byte	0x50
 772 03b9 0C       		.uleb128 0xc
 773 03ba 723900   		.ascii	"r9\000"
 774 03bd 08       		.byte	0x8
 775 03be 1D01     		.2byte	0x11d
 776 03c0 88020000 		.4byte	0x288
 777 03c4 54       		.byte	0x54
 778 03c5 0C       		.uleb128 0xc
 779 03c6 72313000 		.ascii	"r10\000"
 780 03ca 08       		.byte	0x8
 781 03cb 1E01     		.2byte	0x11e
 782 03cd 88020000 		.4byte	0x288
 783 03d1 58       		.byte	0x58
 784 03d2 0C       		.uleb128 0xc
 785 03d3 72313100 		.ascii	"r11\000"
 786 03d7 08       		.byte	0x8
 787 03d8 1F01     		.2byte	0x11f
 788 03da 88020000 		.4byte	0x288
 789 03de 5C       		.byte	0x5c
ARM GAS  /tmp/ccyLefU4.s 			page 15


 790 03df 0C       		.uleb128 0xc
 791 03e0 6C7200   		.ascii	"lr\000"
 792 03e3 08       		.byte	0x8
 793 03e4 2001     		.2byte	0x120
 794 03e6 88020000 		.4byte	0x288
 795 03ea 60       		.byte	0x60
 796 03eb 00       		.byte	0
 797 03ec 0B       		.uleb128 0xb
 798 03ed 00010000 		.4byte	.LASF52
 799 03f1 04       		.byte	0x4
 800 03f2 08       		.byte	0x8
 801 03f3 2A01     		.2byte	0x12a
 802 03f5 07040000 		.4byte	0x407
 803 03f9 0C       		.uleb128 0xc
 804 03fa 72313300 		.ascii	"r13\000"
 805 03fe 08       		.byte	0x8
 806 03ff 2B01     		.2byte	0x12b
 807 0401 07040000 		.4byte	0x407
 808 0405 00       		.byte	0
 809 0406 00       		.byte	0
 810 0407 09       		.uleb128 0x9
 811 0408 04       		.byte	0x4
 812 0409 A0020000 		.4byte	0x2a0
 813 040d 03       		.uleb128 0x3
 814 040e 04       		.byte	0x4
 815 040f 07       		.byte	0x7
 816 0410 5A010000 		.4byte	.LASF53
 817 0414 0D       		.uleb128 0xd
 818 0415 17010000 		.4byte	0x117
 819 0419 08       		.uleb128 0x8
 820 041a 1C       		.byte	0x1c
 821 041b 09       		.byte	0x9
 822 041c 57       		.byte	0x57
 823 041d 6A040000 		.4byte	0x46a
 824 0421 06       		.uleb128 0x6
 825 0422 89020000 		.4byte	.LASF54
 826 0426 09       		.byte	0x9
 827 0427 58       		.byte	0x58
 828 0428 5D020000 		.4byte	0x25d
 829 042c 00       		.byte	0
 830 042d 06       		.uleb128 0x6
 831 042e 36020000 		.4byte	.LASF55
 832 0432 09       		.byte	0x9
 833 0433 59       		.byte	0x59
 834 0434 F6000000 		.4byte	0xf6
 835 0438 08       		.byte	0x8
 836 0439 06       		.uleb128 0x6
 837 043a 7A010000 		.4byte	.LASF56
 838 043e 09       		.byte	0x9
 839 043f 5B       		.byte	0x5b
 840 0440 EC030000 		.4byte	0x3ec
 841 0444 0C       		.byte	0xc
 842 0445 06       		.uleb128 0x6
 843 0446 21010000 		.4byte	.LASF57
 844 044a 09       		.byte	0x9
 845 044b 5E       		.byte	0x5e
 846 044c 57020000 		.4byte	0x257
ARM GAS  /tmp/ccyLefU4.s 			page 16


 847 0450 10       		.byte	0x10
 848 0451 06       		.uleb128 0x6
 849 0452 97010000 		.4byte	.LASF58
 850 0456 09       		.byte	0x9
 851 0457 5F       		.byte	0x5f
 852 0458 57020000 		.4byte	0x257
 853 045c 14       		.byte	0x14
 854 045d 06       		.uleb128 0x6
 855 045e 8D010000 		.4byte	.LASF59
 856 0462 09       		.byte	0x9
 857 0463 62       		.byte	0x62
 858 0464 57020000 		.4byte	0x257
 859 0468 18       		.byte	0x18
 860 0469 00       		.byte	0
 861 046a 04       		.uleb128 0x4
 862 046b 36040000 		.4byte	.LASF60
 863 046f 09       		.byte	0x9
 864 0470 64       		.byte	0x64
 865 0471 19040000 		.4byte	0x419
 866 0475 05       		.uleb128 0x5
 867 0476 49010000 		.4byte	.LASF61
 868 047a 10       		.byte	0x10
 869 047b 0A       		.byte	0xa
 870 047c 25       		.byte	0x25
 871 047d A6040000 		.4byte	0x4a6
 872 0481 06       		.uleb128 0x6
 873 0482 78000000 		.4byte	.LASF62
 874 0486 0A       		.byte	0xa
 875 0487 26       		.byte	0x26
 876 0488 5D020000 		.4byte	0x25d
 877 048c 00       		.byte	0
 878 048d 06       		.uleb128 0x6
 879 048e 5C040000 		.4byte	.LASF63
 880 0492 0A       		.byte	0xa
 881 0493 28       		.byte	0x28
 882 0494 57020000 		.4byte	0x257
 883 0498 08       		.byte	0x8
 884 0499 06       		.uleb128 0x6
 885 049a AE020000 		.4byte	.LASF64
 886 049e 0A       		.byte	0xa
 887 049f 2A       		.byte	0x2a
 888 04a0 A6040000 		.4byte	0x4a6
 889 04a4 0C       		.byte	0xc
 890 04a5 00       		.byte	0
 891 04a6 09       		.uleb128 0x9
 892 04a7 04       		.byte	0x4
 893 04a8 75040000 		.4byte	0x475
 894 04ac 04       		.uleb128 0x4
 895 04ad 49010000 		.4byte	.LASF61
 896 04b1 0A       		.byte	0xa
 897 04b2 2C       		.byte	0x2c
 898 04b3 75040000 		.4byte	0x475
 899 04b7 0E       		.uleb128 0xe
 900 04b8 04       		.byte	0x4
 901 04b9 07       		.byte	0x7
 902 04ba 8F       		.byte	0x8f
 903 04bb EC040000 		.4byte	0x4ec
ARM GAS  /tmp/ccyLefU4.s 			page 17


 904 04bf 0F       		.uleb128 0xf
 905 04c0 1E000000 		.4byte	.LASF65
 906 04c4 07       		.byte	0x7
 907 04c5 96       		.byte	0x96
 908 04c6 01010000 		.4byte	0x101
 909 04ca 0F       		.uleb128 0xf
 910 04cb AE000000 		.4byte	.LASF66
 911 04cf 07       		.byte	0x7
 912 04d0 9D       		.byte	0x9d
 913 04d1 01010000 		.4byte	0x101
 914 04d5 0F       		.uleb128 0xf
 915 04d6 4E040000 		.4byte	.LASF67
 916 04da 07       		.byte	0x7
 917 04db A4       		.byte	0xa4
 918 04dc 93020000 		.4byte	0x293
 919 04e0 0F       		.uleb128 0xf
 920 04e1 3D020000 		.4byte	.LASF68
 921 04e5 07       		.byte	0x7
 922 04e6 AB       		.byte	0xab
 923 04e7 0C010000 		.4byte	0x10c
 924 04eb 00       		.byte	0
 925 04ec 09       		.uleb128 0x9
 926 04ed 04       		.byte	0x4
 927 04ee F2040000 		.4byte	0x4f2
 928 04f2 10       		.uleb128 0x10
 929 04f3 F7040000 		.4byte	0x4f7
 930 04f7 03       		.uleb128 0x3
 931 04f8 01       		.byte	0x1
 932 04f9 08       		.byte	0x8
 933 04fa 91020000 		.4byte	.LASF69
 934 04fe 09       		.uleb128 0x9
 935 04ff 04       		.byte	0x4
 936 0500 95020000 		.4byte	0x295
 937 0504 09       		.uleb128 0x9
 938 0505 04       		.byte	0x4
 939 0506 AC040000 		.4byte	0x4ac
 940 050a 11       		.uleb128 0x11
 941 050b 06000000 		.4byte	.LASF79
 942 050f 02       		.byte	0x2
 943 0510 2D       		.byte	0x2d
 944 0511 03       		.byte	0x3
 945 0512 2C050000 		.4byte	0x52c
 946 0516 12       		.uleb128 0x12
 947 0517 747000   		.ascii	"tp\000"
 948 051a 02       		.byte	0x2
 949 051b 2D       		.byte	0x2d
 950 051c 57020000 		.4byte	0x257
 951 0520 12       		.uleb128 0x12
 952 0521 74717000 		.ascii	"tqp\000"
 953 0525 02       		.byte	0x2
 954 0526 2D       		.byte	0x2d
 955 0527 2C050000 		.4byte	0x52c
 956 052b 00       		.byte	0
 957 052c 09       		.uleb128 0x9
 958 052d 04       		.byte	0x4
 959 052e 5D020000 		.4byte	0x25d
 960 0532 13       		.uleb128 0x13
ARM GAS  /tmp/ccyLefU4.s 			page 18


 961 0533 96020000 		.4byte	.LASF80
 962 0537 02       		.byte	0x2
 963 0538 34       		.byte	0x34
 964 0539 57020000 		.4byte	0x257
 965 053d 03       		.byte	0x3
 966 053e 58050000 		.4byte	0x558
 967 0542 12       		.uleb128 0x12
 968 0543 74717000 		.ascii	"tqp\000"
 969 0547 02       		.byte	0x2
 970 0548 34       		.byte	0x34
 971 0549 2C050000 		.4byte	0x52c
 972 054d 14       		.uleb128 0x14
 973 054e 747000   		.ascii	"tp\000"
 974 0551 02       		.byte	0x2
 975 0552 35       		.byte	0x35
 976 0553 57020000 		.4byte	0x257
 977 0557 00       		.byte	0
 978 0558 15       		.uleb128 0x15
 979 0559 93000000 		.4byte	.LASF70
 980 055d 01       		.byte	0x1
 981 055e 44       		.byte	0x44
 982 055f 01010000 		.4byte	0x101
 983 0563 00000000 		.4byte	.LFB7
 984 0567 60000000 		.4byte	.LFE7-.LFB7
 985 056b 01       		.uleb128 0x1
 986 056c 9C       		.byte	0x9c
 987 056d 46060000 		.4byte	0x646
 988 0571 16       		.uleb128 0x16
 989 0572 747000   		.ascii	"tp\000"
 990 0575 01       		.byte	0x1
 991 0576 44       		.byte	0x44
 992 0577 57020000 		.4byte	0x257
 993 057b 00000000 		.4byte	.LLST0
 994 057f 16       		.uleb128 0x16
 995 0580 6D736700 		.ascii	"msg\000"
 996 0584 01       		.byte	0x1
 997 0585 44       		.byte	0x44
 998 0586 01010000 		.4byte	0x101
 999 058a 34000000 		.4byte	.LLST1
 1000 058e 17       		.uleb128 0x17
 1001 058f 63747000 		.ascii	"ctp\000"
 1002 0593 01       		.byte	0x1
 1003 0594 45       		.byte	0x45
 1004 0595 57020000 		.4byte	0x257
 1005 0599 7E000000 		.4byte	.LLST2
 1006 059d 18       		.uleb128 0x18
 1007 059e 0C000000 		.4byte	.LBB10
 1008 05a2 06000000 		.4byte	.LBE10-.LBB10
 1009 05a6 B8050000 		.4byte	0x5b8
 1010 05aa 19       		.uleb128 0x19
 1011 05ab 746D7000 		.ascii	"tmp\000"
 1012 05af 01       		.byte	0x1
 1013 05b0 49       		.byte	0x49
 1014 05b1 AD000000 		.4byte	0xad
 1015 05b5 01       		.uleb128 0x1
 1016 05b6 53       		.byte	0x53
 1017 05b7 00       		.byte	0
ARM GAS  /tmp/ccyLefU4.s 			page 19


 1018 05b8 1A       		.uleb128 0x1a
 1019 05b9 0A050000 		.4byte	0x50a
 1020 05bd 20000000 		.4byte	.LBB11
 1021 05c1 00000000 		.4byte	.Ldebug_ranges0+0
 1022 05c5 01       		.byte	0x1
 1023 05c6 4C       		.byte	0x4c
 1024 05c7 DE050000 		.4byte	0x5de
 1025 05cb 1B       		.uleb128 0x1b
 1026 05cc 20050000 		.4byte	0x520
 1027 05d0 9C000000 		.4byte	.LLST3
 1028 05d4 1B       		.uleb128 0x1b
 1029 05d5 16050000 		.4byte	0x516
 1030 05d9 D4000000 		.4byte	.LLST4
 1031 05dd 00       		.byte	0
 1032 05de 18       		.uleb128 0x18
 1033 05df 3C000000 		.4byte	.LBB15
 1034 05e3 06000000 		.4byte	.LBE15-.LBB15
 1035 05e7 F9050000 		.4byte	0x5f9
 1036 05eb 19       		.uleb128 0x19
 1037 05ec 746D7000 		.ascii	"tmp\000"
 1038 05f0 01       		.byte	0x1
 1039 05f1 51       		.byte	0x51
 1040 05f2 AD000000 		.4byte	0xad
 1041 05f6 01       		.uleb128 0x1
 1042 05f7 53       		.byte	0x53
 1043 05f8 00       		.byte	0
 1044 05f9 1C       		.uleb128 0x1c
 1045 05fa 16000000 		.4byte	.LVL3
 1046 05fe A4070000 		.4byte	0x7a4
 1047 0602 1D       		.uleb128 0x1d
 1048 0603 36000000 		.4byte	.LVL6
 1049 0607 AB070000 		.4byte	0x7ab
 1050 060b 15060000 		.4byte	0x615
 1051 060f 1E       		.uleb128 0x1e
 1052 0610 01       		.uleb128 0x1
 1053 0611 50       		.byte	0x50
 1054 0612 01       		.uleb128 0x1
 1055 0613 3A       		.byte	0x3a
 1056 0614 00       		.byte	0
 1057 0615 1C       		.uleb128 0x1c
 1058 0616 3C000000 		.4byte	.LVL8
 1059 061a BC070000 		.4byte	0x7bc
 1060 061e 1D       		.uleb128 0x1d
 1061 061f 4C000000 		.4byte	.LVL10
 1062 0623 C3070000 		.4byte	0x7c3
 1063 0627 32060000 		.4byte	0x632
 1064 062b 1E       		.uleb128 0x1e
 1065 062c 01       		.uleb128 0x1
 1066 062d 50       		.byte	0x50
 1067 062e 02       		.uleb128 0x2
 1068 062f 75       		.byte	0x75
 1069 0630 00       		.sleb128 0
 1070 0631 00       		.byte	0
 1071 0632 1F       		.uleb128 0x1f
 1072 0633 54000000 		.4byte	.LVL13
 1073 0637 D8070000 		.4byte	0x7d8
 1074 063b 1E       		.uleb128 0x1e
ARM GAS  /tmp/ccyLefU4.s 			page 20


 1075 063c 01       		.uleb128 0x1
 1076 063d 50       		.byte	0x50
 1077 063e 05       		.uleb128 0x5
 1078 063f 03       		.byte	0x3
 1079 0640 00000000 		.4byte	.LC0
 1080 0644 00       		.byte	0
 1081 0645 00       		.byte	0
 1082 0646 15       		.uleb128 0x15
 1083 0647 25040000 		.4byte	.LASF71
 1084 064b 01       		.byte	0x1
 1085 064c 63       		.byte	0x63
 1086 064d 57020000 		.4byte	0x257
 1087 0651 00000000 		.4byte	.LFB8
 1088 0655 48000000 		.4byte	.LFE8-.LFB8
 1089 0659 01       		.uleb128 0x1
 1090 065a 9C       		.byte	0x9c
 1091 065b ED060000 		.4byte	0x6ed
 1092 065f 14       		.uleb128 0x14
 1093 0660 747000   		.ascii	"tp\000"
 1094 0663 01       		.byte	0x1
 1095 0664 64       		.byte	0x64
 1096 0665 57020000 		.4byte	0x257
 1097 0669 18       		.uleb128 0x18
 1098 066a 02000000 		.4byte	.LBB16
 1099 066e 06000000 		.4byte	.LBE16-.LBB16
 1100 0672 84060000 		.4byte	0x684
 1101 0676 19       		.uleb128 0x19
 1102 0677 746D7000 		.ascii	"tmp\000"
 1103 067b 01       		.byte	0x1
 1104 067c 66       		.byte	0x66
 1105 067d AD000000 		.4byte	0xad
 1106 0681 01       		.uleb128 0x1
 1107 0682 53       		.byte	0x53
 1108 0683 00       		.byte	0
 1109 0684 1A       		.uleb128 0x1a
 1110 0685 32050000 		.4byte	0x532
 1111 0689 1A000000 		.4byte	.LBB17
 1112 068d 18000000 		.4byte	.Ldebug_ranges0+0x18
 1113 0691 01       		.byte	0x1
 1114 0692 69       		.byte	0x69
 1115 0693 B0060000 		.4byte	0x6b0
 1116 0697 1B       		.uleb128 0x1b
 1117 0698 42050000 		.4byte	0x542
 1118 069c F2000000 		.4byte	.LLST5
 1119 06a0 20       		.uleb128 0x20
 1120 06a1 18000000 		.4byte	.Ldebug_ranges0+0x18
 1121 06a5 21       		.uleb128 0x21
 1122 06a6 4D050000 		.4byte	0x54d
 1123 06aa 05010000 		.4byte	.LLST6
 1124 06ae 00       		.byte	0
 1125 06af 00       		.byte	0
 1126 06b0 18       		.uleb128 0x18
 1127 06b1 2A000000 		.4byte	.LBB21
 1128 06b5 06000000 		.4byte	.LBE21-.LBB21
 1129 06b9 CB060000 		.4byte	0x6cb
 1130 06bd 19       		.uleb128 0x19
 1131 06be 746D7000 		.ascii	"tmp\000"
ARM GAS  /tmp/ccyLefU4.s 			page 21


 1132 06c2 01       		.byte	0x1
 1133 06c3 6B       		.byte	0x6b
 1134 06c4 AD000000 		.4byte	0xad
 1135 06c8 01       		.uleb128 0x1
 1136 06c9 53       		.byte	0x53
 1137 06ca 00       		.byte	0
 1138 06cb 1C       		.uleb128 0x1c
 1139 06cc 0E000000 		.4byte	.LVL14
 1140 06d0 A4070000 		.4byte	0x7a4
 1141 06d4 1C       		.uleb128 0x1c
 1142 06d5 2A000000 		.4byte	.LVL16
 1143 06d9 BC070000 		.4byte	0x7bc
 1144 06dd 1F       		.uleb128 0x1f
 1145 06de 3A000000 		.4byte	.LVL18
 1146 06e2 AB070000 		.4byte	0x7ab
 1147 06e6 1E       		.uleb128 0x1e
 1148 06e7 01       		.uleb128 0x1
 1149 06e8 50       		.byte	0x50
 1150 06e9 01       		.uleb128 0x1
 1151 06ea 3C       		.byte	0x3c
 1152 06eb 00       		.byte	0
 1153 06ec 00       		.byte	0
 1154 06ed 22       		.uleb128 0x22
 1155 06ee 5A020000 		.4byte	.LASF81
 1156 06f2 01       		.byte	0x1
 1157 06f3 79       		.byte	0x79
 1158 06f4 00000000 		.4byte	.LFB9
 1159 06f8 38000000 		.4byte	.LFE9-.LFB9
 1160 06fc 01       		.uleb128 0x1
 1161 06fd 9C       		.byte	0x9c
 1162 06fe 99070000 		.4byte	0x799
 1163 0702 16       		.uleb128 0x16
 1164 0703 747000   		.ascii	"tp\000"
 1165 0706 01       		.byte	0x1
 1166 0707 79       		.byte	0x79
 1167 0708 57020000 		.4byte	0x257
 1168 070c 18010000 		.4byte	.LLST7
 1169 0710 16       		.uleb128 0x16
 1170 0711 6D736700 		.ascii	"msg\000"
 1171 0715 01       		.byte	0x1
 1172 0716 79       		.byte	0x79
 1173 0717 01010000 		.4byte	0x101
 1174 071b 44010000 		.4byte	.LLST8
 1175 071f 18       		.uleb128 0x18
 1176 0720 06000000 		.4byte	.LBB22
 1177 0724 06000000 		.4byte	.LBE22-.LBB22
 1178 0728 3A070000 		.4byte	0x73a
 1179 072c 19       		.uleb128 0x19
 1180 072d 746D7000 		.ascii	"tmp\000"
 1181 0731 01       		.byte	0x1
 1182 0732 7B       		.byte	0x7b
 1183 0733 AD000000 		.4byte	0xad
 1184 0737 01       		.uleb128 0x1
 1185 0738 53       		.byte	0x53
 1186 0739 00       		.byte	0
 1187 073a 18       		.uleb128 0x18
 1188 073b 2A000000 		.4byte	.LBB23
ARM GAS  /tmp/ccyLefU4.s 			page 22


 1189 073f 0E000000 		.4byte	.LBE23-.LBB23
 1190 0743 55070000 		.4byte	0x755
 1191 0747 19       		.uleb128 0x19
 1192 0748 746D7000 		.ascii	"tmp\000"
 1193 074c 01       		.byte	0x1
 1194 074d 7F       		.byte	0x7f
 1195 074e AD000000 		.4byte	0xad
 1196 0752 01       		.uleb128 0x1
 1197 0753 53       		.byte	0x53
 1198 0754 00       		.byte	0
 1199 0755 1C       		.uleb128 0x1c
 1200 0756 10000000 		.4byte	.LVL20
 1201 075a A4070000 		.4byte	0x7a4
 1202 075e 1D       		.uleb128 0x1d
 1203 075f 1E000000 		.4byte	.LVL21
 1204 0763 D8070000 		.4byte	0x7d8
 1205 0767 75070000 		.4byte	0x775
 1206 076b 1E       		.uleb128 0x1e
 1207 076c 01       		.uleb128 0x1
 1208 076d 50       		.byte	0x50
 1209 076e 05       		.uleb128 0x5
 1210 076f 03       		.byte	0x3
 1211 0770 10000000 		.4byte	.LC1
 1212 0774 00       		.byte	0
 1213 0775 1D       		.uleb128 0x1d
 1214 0776 26000000 		.4byte	.LVL22
 1215 077a E9070000 		.4byte	0x7e9
 1216 077e 8F070000 		.4byte	0x78f
 1217 0782 1E       		.uleb128 0x1e
 1218 0783 01       		.uleb128 0x1
 1219 0784 51       		.byte	0x51
 1220 0785 02       		.uleb128 0x2
 1221 0786 75       		.byte	0x75
 1222 0787 00       		.sleb128 0
 1223 0788 1E       		.uleb128 0x1e
 1224 0789 01       		.uleb128 0x1
 1225 078a 50       		.byte	0x50
 1226 078b 02       		.uleb128 0x2
 1227 078c 74       		.byte	0x74
 1228 078d 00       		.sleb128 0
 1229 078e 00       		.byte	0
 1230 078f 1C       		.uleb128 0x1c
 1231 0790 2A000000 		.4byte	.LVL23
 1232 0794 BC070000 		.4byte	0x7bc
 1233 0798 00       		.byte	0
 1234 0799 23       		.uleb128 0x23
 1235 079a 40040000 		.4byte	.LASF82
 1236 079e 09       		.byte	0x9
 1237 079f 68       		.byte	0x68
 1238 07a0 6A040000 		.4byte	0x46a
 1239 07a4 24       		.uleb128 0x24
 1240 07a5 63010000 		.4byte	.LASF72
 1241 07a9 0B       		.byte	0xb
 1242 07aa E0       		.byte	0xe0
 1243 07ab 25       		.uleb128 0x25
 1244 07ac 67020000 		.4byte	.LASF74
 1245 07b0 09       		.byte	0x9
ARM GAS  /tmp/ccyLefU4.s 			page 23


 1246 07b1 8C       		.byte	0x8c
 1247 07b2 BC070000 		.4byte	0x7bc
 1248 07b6 26       		.uleb128 0x26
 1249 07b7 D5000000 		.4byte	0xd5
 1250 07bb 00       		.byte	0
 1251 07bc 24       		.uleb128 0x24
 1252 07bd 9F010000 		.4byte	.LASF73
 1253 07c1 0B       		.byte	0xb
 1254 07c2 E1       		.byte	0xe1
 1255 07c3 27       		.uleb128 0x27
 1256 07c4 A2020000 		.4byte	.LASF83
 1257 07c8 09       		.byte	0x9
 1258 07c9 89       		.byte	0x89
 1259 07ca 57020000 		.4byte	0x257
 1260 07ce D8070000 		.4byte	0x7d8
 1261 07d2 26       		.uleb128 0x26
 1262 07d3 57020000 		.4byte	0x257
 1263 07d7 00       		.byte	0
 1264 07d8 25       		.uleb128 0x25
 1265 07d9 13000000 		.4byte	.LASF75
 1266 07dd 0B       		.byte	0xb
 1267 07de EF       		.byte	0xef
 1268 07df E9070000 		.4byte	0x7e9
 1269 07e3 26       		.uleb128 0x26
 1270 07e4 EC040000 		.4byte	0x4ec
 1271 07e8 00       		.byte	0
 1272 07e9 28       		.uleb128 0x28
 1273 07ea 18040000 		.4byte	.LASF84
 1274 07ee 09       		.byte	0x9
 1275 07ef 92       		.byte	0x92
 1276 07f0 26       		.uleb128 0x26
 1277 07f1 57020000 		.4byte	0x257
 1278 07f5 26       		.uleb128 0x26
 1279 07f6 01010000 		.4byte	0x101
 1280 07fa 00       		.byte	0
 1281 07fb 00       		.byte	0
 1282              		.section	.debug_abbrev,"",%progbits
 1283              	.Ldebug_abbrev0:
 1284 0000 01       		.uleb128 0x1
 1285 0001 11       		.uleb128 0x11
 1286 0002 01       		.byte	0x1
 1287 0003 25       		.uleb128 0x25
 1288 0004 0E       		.uleb128 0xe
 1289 0005 13       		.uleb128 0x13
 1290 0006 0B       		.uleb128 0xb
 1291 0007 03       		.uleb128 0x3
 1292 0008 0E       		.uleb128 0xe
 1293 0009 1B       		.uleb128 0x1b
 1294 000a 0E       		.uleb128 0xe
 1295 000b 55       		.uleb128 0x55
 1296 000c 17       		.uleb128 0x17
 1297 000d 11       		.uleb128 0x11
 1298 000e 01       		.uleb128 0x1
 1299 000f 10       		.uleb128 0x10
 1300 0010 17       		.uleb128 0x17
 1301 0011 00       		.byte	0
 1302 0012 00       		.byte	0
ARM GAS  /tmp/ccyLefU4.s 			page 24


 1303 0013 02       		.uleb128 0x2
 1304 0014 24       		.uleb128 0x24
 1305 0015 00       		.byte	0
 1306 0016 0B       		.uleb128 0xb
 1307 0017 0B       		.uleb128 0xb
 1308 0018 3E       		.uleb128 0x3e
 1309 0019 0B       		.uleb128 0xb
 1310 001a 03       		.uleb128 0x3
 1311 001b 08       		.uleb128 0x8
 1312 001c 00       		.byte	0
 1313 001d 00       		.byte	0
 1314 001e 03       		.uleb128 0x3
 1315 001f 24       		.uleb128 0x24
 1316 0020 00       		.byte	0
 1317 0021 0B       		.uleb128 0xb
 1318 0022 0B       		.uleb128 0xb
 1319 0023 3E       		.uleb128 0x3e
 1320 0024 0B       		.uleb128 0xb
 1321 0025 03       		.uleb128 0x3
 1322 0026 0E       		.uleb128 0xe
 1323 0027 00       		.byte	0
 1324 0028 00       		.byte	0
 1325 0029 04       		.uleb128 0x4
 1326 002a 16       		.uleb128 0x16
 1327 002b 00       		.byte	0
 1328 002c 03       		.uleb128 0x3
 1329 002d 0E       		.uleb128 0xe
 1330 002e 3A       		.uleb128 0x3a
 1331 002f 0B       		.uleb128 0xb
 1332 0030 3B       		.uleb128 0x3b
 1333 0031 0B       		.uleb128 0xb
 1334 0032 49       		.uleb128 0x49
 1335 0033 13       		.uleb128 0x13
 1336 0034 00       		.byte	0
 1337 0035 00       		.byte	0
 1338 0036 05       		.uleb128 0x5
 1339 0037 13       		.uleb128 0x13
 1340 0038 01       		.byte	0x1
 1341 0039 03       		.uleb128 0x3
 1342 003a 0E       		.uleb128 0xe
 1343 003b 0B       		.uleb128 0xb
 1344 003c 0B       		.uleb128 0xb
 1345 003d 3A       		.uleb128 0x3a
 1346 003e 0B       		.uleb128 0xb
 1347 003f 3B       		.uleb128 0x3b
 1348 0040 0B       		.uleb128 0xb
 1349 0041 01       		.uleb128 0x1
 1350 0042 13       		.uleb128 0x13
 1351 0043 00       		.byte	0
 1352 0044 00       		.byte	0
 1353 0045 06       		.uleb128 0x6
 1354 0046 0D       		.uleb128 0xd
 1355 0047 00       		.byte	0
 1356 0048 03       		.uleb128 0x3
 1357 0049 0E       		.uleb128 0xe
 1358 004a 3A       		.uleb128 0x3a
 1359 004b 0B       		.uleb128 0xb
ARM GAS  /tmp/ccyLefU4.s 			page 25


 1360 004c 3B       		.uleb128 0x3b
 1361 004d 0B       		.uleb128 0xb
 1362 004e 49       		.uleb128 0x49
 1363 004f 13       		.uleb128 0x13
 1364 0050 38       		.uleb128 0x38
 1365 0051 0B       		.uleb128 0xb
 1366 0052 00       		.byte	0
 1367 0053 00       		.byte	0
 1368 0054 07       		.uleb128 0x7
 1369 0055 0D       		.uleb128 0xd
 1370 0056 00       		.byte	0
 1371 0057 03       		.uleb128 0x3
 1372 0058 08       		.uleb128 0x8
 1373 0059 3A       		.uleb128 0x3a
 1374 005a 0B       		.uleb128 0xb
 1375 005b 3B       		.uleb128 0x3b
 1376 005c 0B       		.uleb128 0xb
 1377 005d 49       		.uleb128 0x49
 1378 005e 13       		.uleb128 0x13
 1379 005f 38       		.uleb128 0x38
 1380 0060 0B       		.uleb128 0xb
 1381 0061 00       		.byte	0
 1382 0062 00       		.byte	0
 1383 0063 08       		.uleb128 0x8
 1384 0064 13       		.uleb128 0x13
 1385 0065 01       		.byte	0x1
 1386 0066 0B       		.uleb128 0xb
 1387 0067 0B       		.uleb128 0xb
 1388 0068 3A       		.uleb128 0x3a
 1389 0069 0B       		.uleb128 0xb
 1390 006a 3B       		.uleb128 0x3b
 1391 006b 0B       		.uleb128 0xb
 1392 006c 01       		.uleb128 0x1
 1393 006d 13       		.uleb128 0x13
 1394 006e 00       		.byte	0
 1395 006f 00       		.byte	0
 1396 0070 09       		.uleb128 0x9
 1397 0071 0F       		.uleb128 0xf
 1398 0072 00       		.byte	0
 1399 0073 0B       		.uleb128 0xb
 1400 0074 0B       		.uleb128 0xb
 1401 0075 49       		.uleb128 0x49
 1402 0076 13       		.uleb128 0x13
 1403 0077 00       		.byte	0
 1404 0078 00       		.byte	0
 1405 0079 0A       		.uleb128 0xa
 1406 007a 0F       		.uleb128 0xf
 1407 007b 00       		.byte	0
 1408 007c 0B       		.uleb128 0xb
 1409 007d 0B       		.uleb128 0xb
 1410 007e 00       		.byte	0
 1411 007f 00       		.byte	0
 1412 0080 0B       		.uleb128 0xb
 1413 0081 13       		.uleb128 0x13
 1414 0082 01       		.byte	0x1
 1415 0083 03       		.uleb128 0x3
 1416 0084 0E       		.uleb128 0xe
ARM GAS  /tmp/ccyLefU4.s 			page 26


 1417 0085 0B       		.uleb128 0xb
 1418 0086 0B       		.uleb128 0xb
 1419 0087 3A       		.uleb128 0x3a
 1420 0088 0B       		.uleb128 0xb
 1421 0089 3B       		.uleb128 0x3b
 1422 008a 05       		.uleb128 0x5
 1423 008b 01       		.uleb128 0x1
 1424 008c 13       		.uleb128 0x13
 1425 008d 00       		.byte	0
 1426 008e 00       		.byte	0
 1427 008f 0C       		.uleb128 0xc
 1428 0090 0D       		.uleb128 0xd
 1429 0091 00       		.byte	0
 1430 0092 03       		.uleb128 0x3
 1431 0093 08       		.uleb128 0x8
 1432 0094 3A       		.uleb128 0x3a
 1433 0095 0B       		.uleb128 0xb
 1434 0096 3B       		.uleb128 0x3b
 1435 0097 05       		.uleb128 0x5
 1436 0098 49       		.uleb128 0x49
 1437 0099 13       		.uleb128 0x13
 1438 009a 38       		.uleb128 0x38
 1439 009b 0B       		.uleb128 0xb
 1440 009c 00       		.byte	0
 1441 009d 00       		.byte	0
 1442 009e 0D       		.uleb128 0xd
 1443 009f 35       		.uleb128 0x35
 1444 00a0 00       		.byte	0
 1445 00a1 49       		.uleb128 0x49
 1446 00a2 13       		.uleb128 0x13
 1447 00a3 00       		.byte	0
 1448 00a4 00       		.byte	0
 1449 00a5 0E       		.uleb128 0xe
 1450 00a6 17       		.uleb128 0x17
 1451 00a7 01       		.byte	0x1
 1452 00a8 0B       		.uleb128 0xb
 1453 00a9 0B       		.uleb128 0xb
 1454 00aa 3A       		.uleb128 0x3a
 1455 00ab 0B       		.uleb128 0xb
 1456 00ac 3B       		.uleb128 0x3b
 1457 00ad 0B       		.uleb128 0xb
 1458 00ae 01       		.uleb128 0x1
 1459 00af 13       		.uleb128 0x13
 1460 00b0 00       		.byte	0
 1461 00b1 00       		.byte	0
 1462 00b2 0F       		.uleb128 0xf
 1463 00b3 0D       		.uleb128 0xd
 1464 00b4 00       		.byte	0
 1465 00b5 03       		.uleb128 0x3
 1466 00b6 0E       		.uleb128 0xe
 1467 00b7 3A       		.uleb128 0x3a
 1468 00b8 0B       		.uleb128 0xb
 1469 00b9 3B       		.uleb128 0x3b
 1470 00ba 0B       		.uleb128 0xb
 1471 00bb 49       		.uleb128 0x49
 1472 00bc 13       		.uleb128 0x13
 1473 00bd 00       		.byte	0
ARM GAS  /tmp/ccyLefU4.s 			page 27


 1474 00be 00       		.byte	0
 1475 00bf 10       		.uleb128 0x10
 1476 00c0 26       		.uleb128 0x26
 1477 00c1 00       		.byte	0
 1478 00c2 49       		.uleb128 0x49
 1479 00c3 13       		.uleb128 0x13
 1480 00c4 00       		.byte	0
 1481 00c5 00       		.byte	0
 1482 00c6 11       		.uleb128 0x11
 1483 00c7 2E       		.uleb128 0x2e
 1484 00c8 01       		.byte	0x1
 1485 00c9 03       		.uleb128 0x3
 1486 00ca 0E       		.uleb128 0xe
 1487 00cb 3A       		.uleb128 0x3a
 1488 00cc 0B       		.uleb128 0xb
 1489 00cd 3B       		.uleb128 0x3b
 1490 00ce 0B       		.uleb128 0xb
 1491 00cf 27       		.uleb128 0x27
 1492 00d0 19       		.uleb128 0x19
 1493 00d1 20       		.uleb128 0x20
 1494 00d2 0B       		.uleb128 0xb
 1495 00d3 01       		.uleb128 0x1
 1496 00d4 13       		.uleb128 0x13
 1497 00d5 00       		.byte	0
 1498 00d6 00       		.byte	0
 1499 00d7 12       		.uleb128 0x12
 1500 00d8 05       		.uleb128 0x5
 1501 00d9 00       		.byte	0
 1502 00da 03       		.uleb128 0x3
 1503 00db 08       		.uleb128 0x8
 1504 00dc 3A       		.uleb128 0x3a
 1505 00dd 0B       		.uleb128 0xb
 1506 00de 3B       		.uleb128 0x3b
 1507 00df 0B       		.uleb128 0xb
 1508 00e0 49       		.uleb128 0x49
 1509 00e1 13       		.uleb128 0x13
 1510 00e2 00       		.byte	0
 1511 00e3 00       		.byte	0
 1512 00e4 13       		.uleb128 0x13
 1513 00e5 2E       		.uleb128 0x2e
 1514 00e6 01       		.byte	0x1
 1515 00e7 03       		.uleb128 0x3
 1516 00e8 0E       		.uleb128 0xe
 1517 00e9 3A       		.uleb128 0x3a
 1518 00ea 0B       		.uleb128 0xb
 1519 00eb 3B       		.uleb128 0x3b
 1520 00ec 0B       		.uleb128 0xb
 1521 00ed 27       		.uleb128 0x27
 1522 00ee 19       		.uleb128 0x19
 1523 00ef 49       		.uleb128 0x49
 1524 00f0 13       		.uleb128 0x13
 1525 00f1 20       		.uleb128 0x20
 1526 00f2 0B       		.uleb128 0xb
 1527 00f3 01       		.uleb128 0x1
 1528 00f4 13       		.uleb128 0x13
 1529 00f5 00       		.byte	0
 1530 00f6 00       		.byte	0
ARM GAS  /tmp/ccyLefU4.s 			page 28


 1531 00f7 14       		.uleb128 0x14
 1532 00f8 34       		.uleb128 0x34
 1533 00f9 00       		.byte	0
 1534 00fa 03       		.uleb128 0x3
 1535 00fb 08       		.uleb128 0x8
 1536 00fc 3A       		.uleb128 0x3a
 1537 00fd 0B       		.uleb128 0xb
 1538 00fe 3B       		.uleb128 0x3b
 1539 00ff 0B       		.uleb128 0xb
 1540 0100 49       		.uleb128 0x49
 1541 0101 13       		.uleb128 0x13
 1542 0102 00       		.byte	0
 1543 0103 00       		.byte	0
 1544 0104 15       		.uleb128 0x15
 1545 0105 2E       		.uleb128 0x2e
 1546 0106 01       		.byte	0x1
 1547 0107 3F       		.uleb128 0x3f
 1548 0108 19       		.uleb128 0x19
 1549 0109 03       		.uleb128 0x3
 1550 010a 0E       		.uleb128 0xe
 1551 010b 3A       		.uleb128 0x3a
 1552 010c 0B       		.uleb128 0xb
 1553 010d 3B       		.uleb128 0x3b
 1554 010e 0B       		.uleb128 0xb
 1555 010f 27       		.uleb128 0x27
 1556 0110 19       		.uleb128 0x19
 1557 0111 49       		.uleb128 0x49
 1558 0112 13       		.uleb128 0x13
 1559 0113 11       		.uleb128 0x11
 1560 0114 01       		.uleb128 0x1
 1561 0115 12       		.uleb128 0x12
 1562 0116 06       		.uleb128 0x6
 1563 0117 40       		.uleb128 0x40
 1564 0118 18       		.uleb128 0x18
 1565 0119 9742     		.uleb128 0x2117
 1566 011b 19       		.uleb128 0x19
 1567 011c 01       		.uleb128 0x1
 1568 011d 13       		.uleb128 0x13
 1569 011e 00       		.byte	0
 1570 011f 00       		.byte	0
 1571 0120 16       		.uleb128 0x16
 1572 0121 05       		.uleb128 0x5
 1573 0122 00       		.byte	0
 1574 0123 03       		.uleb128 0x3
 1575 0124 08       		.uleb128 0x8
 1576 0125 3A       		.uleb128 0x3a
 1577 0126 0B       		.uleb128 0xb
 1578 0127 3B       		.uleb128 0x3b
 1579 0128 0B       		.uleb128 0xb
 1580 0129 49       		.uleb128 0x49
 1581 012a 13       		.uleb128 0x13
 1582 012b 02       		.uleb128 0x2
 1583 012c 17       		.uleb128 0x17
 1584 012d 00       		.byte	0
 1585 012e 00       		.byte	0
 1586 012f 17       		.uleb128 0x17
 1587 0130 34       		.uleb128 0x34
ARM GAS  /tmp/ccyLefU4.s 			page 29


 1588 0131 00       		.byte	0
 1589 0132 03       		.uleb128 0x3
 1590 0133 08       		.uleb128 0x8
 1591 0134 3A       		.uleb128 0x3a
 1592 0135 0B       		.uleb128 0xb
 1593 0136 3B       		.uleb128 0x3b
 1594 0137 0B       		.uleb128 0xb
 1595 0138 49       		.uleb128 0x49
 1596 0139 13       		.uleb128 0x13
 1597 013a 02       		.uleb128 0x2
 1598 013b 17       		.uleb128 0x17
 1599 013c 00       		.byte	0
 1600 013d 00       		.byte	0
 1601 013e 18       		.uleb128 0x18
 1602 013f 0B       		.uleb128 0xb
 1603 0140 01       		.byte	0x1
 1604 0141 11       		.uleb128 0x11
 1605 0142 01       		.uleb128 0x1
 1606 0143 12       		.uleb128 0x12
 1607 0144 06       		.uleb128 0x6
 1608 0145 01       		.uleb128 0x1
 1609 0146 13       		.uleb128 0x13
 1610 0147 00       		.byte	0
 1611 0148 00       		.byte	0
 1612 0149 19       		.uleb128 0x19
 1613 014a 34       		.uleb128 0x34
 1614 014b 00       		.byte	0
 1615 014c 03       		.uleb128 0x3
 1616 014d 08       		.uleb128 0x8
 1617 014e 3A       		.uleb128 0x3a
 1618 014f 0B       		.uleb128 0xb
 1619 0150 3B       		.uleb128 0x3b
 1620 0151 0B       		.uleb128 0xb
 1621 0152 49       		.uleb128 0x49
 1622 0153 13       		.uleb128 0x13
 1623 0154 02       		.uleb128 0x2
 1624 0155 18       		.uleb128 0x18
 1625 0156 00       		.byte	0
 1626 0157 00       		.byte	0
 1627 0158 1A       		.uleb128 0x1a
 1628 0159 1D       		.uleb128 0x1d
 1629 015a 01       		.byte	0x1
 1630 015b 31       		.uleb128 0x31
 1631 015c 13       		.uleb128 0x13
 1632 015d 52       		.uleb128 0x52
 1633 015e 01       		.uleb128 0x1
 1634 015f 55       		.uleb128 0x55
 1635 0160 17       		.uleb128 0x17
 1636 0161 58       		.uleb128 0x58
 1637 0162 0B       		.uleb128 0xb
 1638 0163 59       		.uleb128 0x59
 1639 0164 0B       		.uleb128 0xb
 1640 0165 01       		.uleb128 0x1
 1641 0166 13       		.uleb128 0x13
 1642 0167 00       		.byte	0
 1643 0168 00       		.byte	0
 1644 0169 1B       		.uleb128 0x1b
ARM GAS  /tmp/ccyLefU4.s 			page 30


 1645 016a 05       		.uleb128 0x5
 1646 016b 00       		.byte	0
 1647 016c 31       		.uleb128 0x31
 1648 016d 13       		.uleb128 0x13
 1649 016e 02       		.uleb128 0x2
 1650 016f 17       		.uleb128 0x17
 1651 0170 00       		.byte	0
 1652 0171 00       		.byte	0
 1653 0172 1C       		.uleb128 0x1c
 1654 0173 898201   		.uleb128 0x4109
 1655 0176 00       		.byte	0
 1656 0177 11       		.uleb128 0x11
 1657 0178 01       		.uleb128 0x1
 1658 0179 31       		.uleb128 0x31
 1659 017a 13       		.uleb128 0x13
 1660 017b 00       		.byte	0
 1661 017c 00       		.byte	0
 1662 017d 1D       		.uleb128 0x1d
 1663 017e 898201   		.uleb128 0x4109
 1664 0181 01       		.byte	0x1
 1665 0182 11       		.uleb128 0x11
 1666 0183 01       		.uleb128 0x1
 1667 0184 31       		.uleb128 0x31
 1668 0185 13       		.uleb128 0x13
 1669 0186 01       		.uleb128 0x1
 1670 0187 13       		.uleb128 0x13
 1671 0188 00       		.byte	0
 1672 0189 00       		.byte	0
 1673 018a 1E       		.uleb128 0x1e
 1674 018b 8A8201   		.uleb128 0x410a
 1675 018e 00       		.byte	0
 1676 018f 02       		.uleb128 0x2
 1677 0190 18       		.uleb128 0x18
 1678 0191 9142     		.uleb128 0x2111
 1679 0193 18       		.uleb128 0x18
 1680 0194 00       		.byte	0
 1681 0195 00       		.byte	0
 1682 0196 1F       		.uleb128 0x1f
 1683 0197 898201   		.uleb128 0x4109
 1684 019a 01       		.byte	0x1
 1685 019b 11       		.uleb128 0x11
 1686 019c 01       		.uleb128 0x1
 1687 019d 31       		.uleb128 0x31
 1688 019e 13       		.uleb128 0x13
 1689 019f 00       		.byte	0
 1690 01a0 00       		.byte	0
 1691 01a1 20       		.uleb128 0x20
 1692 01a2 0B       		.uleb128 0xb
 1693 01a3 01       		.byte	0x1
 1694 01a4 55       		.uleb128 0x55
 1695 01a5 17       		.uleb128 0x17
 1696 01a6 00       		.byte	0
 1697 01a7 00       		.byte	0
 1698 01a8 21       		.uleb128 0x21
 1699 01a9 34       		.uleb128 0x34
 1700 01aa 00       		.byte	0
 1701 01ab 31       		.uleb128 0x31
ARM GAS  /tmp/ccyLefU4.s 			page 31


 1702 01ac 13       		.uleb128 0x13
 1703 01ad 02       		.uleb128 0x2
 1704 01ae 17       		.uleb128 0x17
 1705 01af 00       		.byte	0
 1706 01b0 00       		.byte	0
 1707 01b1 22       		.uleb128 0x22
 1708 01b2 2E       		.uleb128 0x2e
 1709 01b3 01       		.byte	0x1
 1710 01b4 3F       		.uleb128 0x3f
 1711 01b5 19       		.uleb128 0x19
 1712 01b6 03       		.uleb128 0x3
 1713 01b7 0E       		.uleb128 0xe
 1714 01b8 3A       		.uleb128 0x3a
 1715 01b9 0B       		.uleb128 0xb
 1716 01ba 3B       		.uleb128 0x3b
 1717 01bb 0B       		.uleb128 0xb
 1718 01bc 27       		.uleb128 0x27
 1719 01bd 19       		.uleb128 0x19
 1720 01be 11       		.uleb128 0x11
 1721 01bf 01       		.uleb128 0x1
 1722 01c0 12       		.uleb128 0x12
 1723 01c1 06       		.uleb128 0x6
 1724 01c2 40       		.uleb128 0x40
 1725 01c3 18       		.uleb128 0x18
 1726 01c4 9742     		.uleb128 0x2117
 1727 01c6 19       		.uleb128 0x19
 1728 01c7 01       		.uleb128 0x1
 1729 01c8 13       		.uleb128 0x13
 1730 01c9 00       		.byte	0
 1731 01ca 00       		.byte	0
 1732 01cb 23       		.uleb128 0x23
 1733 01cc 34       		.uleb128 0x34
 1734 01cd 00       		.byte	0
 1735 01ce 03       		.uleb128 0x3
 1736 01cf 0E       		.uleb128 0xe
 1737 01d0 3A       		.uleb128 0x3a
 1738 01d1 0B       		.uleb128 0xb
 1739 01d2 3B       		.uleb128 0x3b
 1740 01d3 0B       		.uleb128 0xb
 1741 01d4 49       		.uleb128 0x49
 1742 01d5 13       		.uleb128 0x13
 1743 01d6 3F       		.uleb128 0x3f
 1744 01d7 19       		.uleb128 0x19
 1745 01d8 3C       		.uleb128 0x3c
 1746 01d9 19       		.uleb128 0x19
 1747 01da 00       		.byte	0
 1748 01db 00       		.byte	0
 1749 01dc 24       		.uleb128 0x24
 1750 01dd 2E       		.uleb128 0x2e
 1751 01de 00       		.byte	0
 1752 01df 3F       		.uleb128 0x3f
 1753 01e0 19       		.uleb128 0x19
 1754 01e1 03       		.uleb128 0x3
 1755 01e2 0E       		.uleb128 0xe
 1756 01e3 3A       		.uleb128 0x3a
 1757 01e4 0B       		.uleb128 0xb
 1758 01e5 3B       		.uleb128 0x3b
ARM GAS  /tmp/ccyLefU4.s 			page 32


 1759 01e6 0B       		.uleb128 0xb
 1760 01e7 27       		.uleb128 0x27
 1761 01e8 19       		.uleb128 0x19
 1762 01e9 3C       		.uleb128 0x3c
 1763 01ea 19       		.uleb128 0x19
 1764 01eb 00       		.byte	0
 1765 01ec 00       		.byte	0
 1766 01ed 25       		.uleb128 0x25
 1767 01ee 2E       		.uleb128 0x2e
 1768 01ef 01       		.byte	0x1
 1769 01f0 3F       		.uleb128 0x3f
 1770 01f1 19       		.uleb128 0x19
 1771 01f2 03       		.uleb128 0x3
 1772 01f3 0E       		.uleb128 0xe
 1773 01f4 3A       		.uleb128 0x3a
 1774 01f5 0B       		.uleb128 0xb
 1775 01f6 3B       		.uleb128 0x3b
 1776 01f7 0B       		.uleb128 0xb
 1777 01f8 27       		.uleb128 0x27
 1778 01f9 19       		.uleb128 0x19
 1779 01fa 3C       		.uleb128 0x3c
 1780 01fb 19       		.uleb128 0x19
 1781 01fc 01       		.uleb128 0x1
 1782 01fd 13       		.uleb128 0x13
 1783 01fe 00       		.byte	0
 1784 01ff 00       		.byte	0
 1785 0200 26       		.uleb128 0x26
 1786 0201 05       		.uleb128 0x5
 1787 0202 00       		.byte	0
 1788 0203 49       		.uleb128 0x49
 1789 0204 13       		.uleb128 0x13
 1790 0205 00       		.byte	0
 1791 0206 00       		.byte	0
 1792 0207 27       		.uleb128 0x27
 1793 0208 2E       		.uleb128 0x2e
 1794 0209 01       		.byte	0x1
 1795 020a 3F       		.uleb128 0x3f
 1796 020b 19       		.uleb128 0x19
 1797 020c 03       		.uleb128 0x3
 1798 020d 0E       		.uleb128 0xe
 1799 020e 3A       		.uleb128 0x3a
 1800 020f 0B       		.uleb128 0xb
 1801 0210 3B       		.uleb128 0x3b
 1802 0211 0B       		.uleb128 0xb
 1803 0212 27       		.uleb128 0x27
 1804 0213 19       		.uleb128 0x19
 1805 0214 49       		.uleb128 0x49
 1806 0215 13       		.uleb128 0x13
 1807 0216 3C       		.uleb128 0x3c
 1808 0217 19       		.uleb128 0x19
 1809 0218 01       		.uleb128 0x1
 1810 0219 13       		.uleb128 0x13
 1811 021a 00       		.byte	0
 1812 021b 00       		.byte	0
 1813 021c 28       		.uleb128 0x28
 1814 021d 2E       		.uleb128 0x2e
 1815 021e 01       		.byte	0x1
ARM GAS  /tmp/ccyLefU4.s 			page 33


 1816 021f 3F       		.uleb128 0x3f
 1817 0220 19       		.uleb128 0x19
 1818 0221 03       		.uleb128 0x3
 1819 0222 0E       		.uleb128 0xe
 1820 0223 3A       		.uleb128 0x3a
 1821 0224 0B       		.uleb128 0xb
 1822 0225 3B       		.uleb128 0x3b
 1823 0226 0B       		.uleb128 0xb
 1824 0227 27       		.uleb128 0x27
 1825 0228 19       		.uleb128 0x19
 1826 0229 3C       		.uleb128 0x3c
 1827 022a 19       		.uleb128 0x19
 1828 022b 00       		.byte	0
 1829 022c 00       		.byte	0
 1830 022d 00       		.byte	0
 1831              		.section	.debug_loc,"",%progbits
 1832              	.Ldebug_loc0:
 1833              	.LLST0:
 1834 0000 00000000 		.4byte	.LVL0
 1835 0004 0C000000 		.4byte	.LVL2
 1836 0008 0100     		.2byte	0x1
 1837 000a 50       		.byte	0x50
 1838 000b 0C000000 		.4byte	.LVL2
 1839 000f 4E000000 		.4byte	.LVL11
 1840 0013 0100     		.2byte	0x1
 1841 0015 55       		.byte	0x55
 1842 0016 4E000000 		.4byte	.LVL11
 1843 001a 50000000 		.4byte	.LVL12
 1844 001e 0100     		.2byte	0x1
 1845 0020 50       		.byte	0x50
 1846 0021 50000000 		.4byte	.LVL12
 1847 0025 60000000 		.4byte	.LFE7
 1848 0029 0100     		.2byte	0x1
 1849 002b 55       		.byte	0x55
 1850 002c 00000000 		.4byte	0
 1851 0030 00000000 		.4byte	0
 1852              	.LLST1:
 1853 0034 00000000 		.4byte	.LVL0
 1854 0038 0C000000 		.4byte	.LVL2
 1855 003c 0100     		.2byte	0x1
 1856 003e 51       		.byte	0x51
 1857 003f 0C000000 		.4byte	.LVL2
 1858 0043 38000000 		.4byte	.LVL7
 1859 0047 0100     		.2byte	0x1
 1860 0049 56       		.byte	0x56
 1861 004a 38000000 		.4byte	.LVL7
 1862 004e 46000000 		.4byte	.LVL9
 1863 0052 0100     		.2byte	0x1
 1864 0054 54       		.byte	0x54
 1865 0055 46000000 		.4byte	.LVL9
 1866 0059 4E000000 		.4byte	.LVL11
 1867 005d 0100     		.2byte	0x1
 1868 005f 56       		.byte	0x56
 1869 0060 4E000000 		.4byte	.LVL11
 1870 0064 53000000 		.4byte	.LVL13-1
 1871 0068 0100     		.2byte	0x1
 1872 006a 51       		.byte	0x51
ARM GAS  /tmp/ccyLefU4.s 			page 34


 1873 006b 53000000 		.4byte	.LVL13-1
 1874 006f 60000000 		.4byte	.LFE7
 1875 0073 0100     		.2byte	0x1
 1876 0075 56       		.byte	0x56
 1877 0076 00000000 		.4byte	0
 1878 007a 00000000 		.4byte	0
 1879              	.LLST2:
 1880 007e 0A000000 		.4byte	.LVL1
 1881 0082 38000000 		.4byte	.LVL7
 1882 0086 0100     		.2byte	0x1
 1883 0088 54       		.byte	0x54
 1884 0089 46000000 		.4byte	.LVL9
 1885 008d 60000000 		.4byte	.LFE7
 1886 0091 0100     		.2byte	0x1
 1887 0093 54       		.byte	0x54
 1888 0094 00000000 		.4byte	0
 1889 0098 00000000 		.4byte	0
 1890              	.LLST3:
 1891 009c 20000000 		.4byte	.LVL4
 1892 00a0 30000000 		.4byte	.LVL5
 1893 00a4 0100     		.2byte	0x1
 1894 00a6 52       		.byte	0x52
 1895 00a7 30000000 		.4byte	.LVL5
 1896 00ab 46000000 		.4byte	.LVL9
 1897 00af 0300     		.2byte	0x3
 1898 00b1 75       		.byte	0x75
 1899 00b2 30       		.sleb128 48
 1900 00b3 9F       		.byte	0x9f
 1901 00b4 46000000 		.4byte	.LVL9
 1902 00b8 4B000000 		.4byte	.LVL10-1
 1903 00bc 0100     		.2byte	0x1
 1904 00be 52       		.byte	0x52
 1905 00bf 4B000000 		.4byte	.LVL10-1
 1906 00c3 4E000000 		.4byte	.LVL11
 1907 00c7 0300     		.2byte	0x3
 1908 00c9 75       		.byte	0x75
 1909 00ca 30       		.sleb128 48
 1910 00cb 9F       		.byte	0x9f
 1911 00cc 00000000 		.4byte	0
 1912 00d0 00000000 		.4byte	0
 1913              	.LLST4:
 1914 00d4 20000000 		.4byte	.LVL4
 1915 00d8 38000000 		.4byte	.LVL7
 1916 00dc 0100     		.2byte	0x1
 1917 00de 54       		.byte	0x54
 1918 00df 46000000 		.4byte	.LVL9
 1919 00e3 4E000000 		.4byte	.LVL11
 1920 00e7 0100     		.2byte	0x1
 1921 00e9 54       		.byte	0x54
 1922 00ea 00000000 		.4byte	0
 1923 00ee 00000000 		.4byte	0
 1924              	.LLST5:
 1925 00f2 1A000000 		.4byte	.LVL15
 1926 00f6 29000000 		.4byte	.LVL16-1
 1927 00fa 0100     		.2byte	0x1
 1928 00fc 53       		.byte	0x53
 1929 00fd 00000000 		.4byte	0
ARM GAS  /tmp/ccyLefU4.s 			page 35


 1930 0101 00000000 		.4byte	0
 1931              	.LLST6:
 1932 0105 1A000000 		.4byte	.LVL15
 1933 0109 34000000 		.4byte	.LVL17
 1934 010d 0100     		.2byte	0x1
 1935 010f 54       		.byte	0x54
 1936 0110 00000000 		.4byte	0
 1937 0114 00000000 		.4byte	0
 1938              	.LLST7:
 1939 0118 00000000 		.4byte	.LVL19
 1940 011c 0F000000 		.4byte	.LVL20-1
 1941 0120 0100     		.2byte	0x1
 1942 0122 50       		.byte	0x50
 1943 0123 0F000000 		.4byte	.LVL20-1
 1944 0127 32000000 		.4byte	.LVL24
 1945 012b 0100     		.2byte	0x1
 1946 012d 54       		.byte	0x54
 1947 012e 32000000 		.4byte	.LVL24
 1948 0132 38000000 		.4byte	.LFE9
 1949 0136 0400     		.2byte	0x4
 1950 0138 F3       		.byte	0xf3
 1951 0139 01       		.uleb128 0x1
 1952 013a 50       		.byte	0x50
 1953 013b 9F       		.byte	0x9f
 1954 013c 00000000 		.4byte	0
 1955 0140 00000000 		.4byte	0
 1956              	.LLST8:
 1957 0144 00000000 		.4byte	.LVL19
 1958 0148 0F000000 		.4byte	.LVL20-1
 1959 014c 0100     		.2byte	0x1
 1960 014e 51       		.byte	0x51
 1961 014f 0F000000 		.4byte	.LVL20-1
 1962 0153 32000000 		.4byte	.LVL24
 1963 0157 0100     		.2byte	0x1
 1964 0159 55       		.byte	0x55
 1965 015a 32000000 		.4byte	.LVL24
 1966 015e 38000000 		.4byte	.LFE9
 1967 0162 0400     		.2byte	0x4
 1968 0164 F3       		.byte	0xf3
 1969 0165 01       		.uleb128 0x1
 1970 0166 51       		.byte	0x51
 1971 0167 9F       		.byte	0x9f
 1972 0168 00000000 		.4byte	0
 1973 016c 00000000 		.4byte	0
 1974              		.section	.debug_aranges,"",%progbits
 1975 0000 2C000000 		.4byte	0x2c
 1976 0004 0200     		.2byte	0x2
 1977 0006 00000000 		.4byte	.Ldebug_info0
 1978 000a 04       		.byte	0x4
 1979 000b 00       		.byte	0
 1980 000c 0000     		.2byte	0
 1981 000e 0000     		.2byte	0
 1982 0010 00000000 		.4byte	.LFB7
 1983 0014 60000000 		.4byte	.LFE7-.LFB7
 1984 0018 00000000 		.4byte	.LFB8
 1985 001c 48000000 		.4byte	.LFE8-.LFB8
 1986 0020 00000000 		.4byte	.LFB9
ARM GAS  /tmp/ccyLefU4.s 			page 36


 1987 0024 38000000 		.4byte	.LFE9-.LFB9
 1988 0028 00000000 		.4byte	0
 1989 002c 00000000 		.4byte	0
 1990              		.section	.debug_ranges,"",%progbits
 1991              	.Ldebug_ranges0:
 1992 0000 20000000 		.4byte	.LBB11
 1993 0004 22000000 		.4byte	.LBE11
 1994 0008 26000000 		.4byte	.LBB14
 1995 000c 2E000000 		.4byte	.LBE14
 1996 0010 00000000 		.4byte	0
 1997 0014 00000000 		.4byte	0
 1998 0018 1A000000 		.4byte	.LBB17
 1999 001c 1E000000 		.4byte	.LBE17
 2000 0020 20000000 		.4byte	.LBB20
 2001 0024 22000000 		.4byte	.LBE20
 2002 0028 00000000 		.4byte	0
 2003 002c 00000000 		.4byte	0
 2004 0030 00000000 		.4byte	.LFB7
 2005 0034 60000000 		.4byte	.LFE7
 2006 0038 00000000 		.4byte	.LFB8
 2007 003c 48000000 		.4byte	.LFE8
 2008 0040 00000000 		.4byte	.LFB9
 2009 0044 38000000 		.4byte	.LFE9
 2010 0048 00000000 		.4byte	0
 2011 004c 00000000 		.4byte	0
 2012              		.section	.debug_line,"",%progbits
 2013              	.Ldebug_line0:
 2014 0000 BA010000 		.section	.debug_str,"MS",%progbits,1
 2014      02003101 
 2014      00000201 
 2014      FB0E0D00 
 2014      01010101 
 2015              	.LASF42:
 2016 0000 705F6D73 		.ascii	"p_msg\000"
 2016      6700
 2017              	.LASF79:
 2018 0006 71756575 		.ascii	"queue_insert\000"
 2018      655F696E 
 2018      73657274 
 2018      00
 2019              	.LASF75:
 2020 0013 63684462 		.ascii	"chDbgPanic\000"
 2020      6750616E 
 2020      696300
 2021              	.LASF65:
 2022 001e 7264796D 		.ascii	"rdymsg\000"
 2022      736700
 2023              	.LASF16:
 2024 0025 75696E74 		.ascii	"uint64_t\000"
 2024      36345F74 
 2024      00
 2025              	.LASF5:
 2026 002e 5F5F7569 		.ascii	"__uint8_t\000"
 2026      6E74385F 
 2026      7400
 2027              	.LASF12:
 2028 0038 6C6F6E67 		.ascii	"long long unsigned int\000"
ARM GAS  /tmp/ccyLefU4.s 			page 37


 2028      206C6F6E 
 2028      6720756E 
 2028      7369676E 
 2028      65642069 
 2029              	.LASF29:
 2030 004f 705F7072 		.ascii	"p_prio\000"
 2030      696F00
 2031              	.LASF10:
 2032 0056 6C6F6E67 		.ascii	"long long int\000"
 2032      206C6F6E 
 2032      6720696E 
 2032      7400
 2033              	.LASF1:
 2034 0064 7369676E 		.ascii	"signed char\000"
 2034      65642063 
 2034      68617200 
 2035              	.LASF46:
 2036 0070 705F6D70 		.ascii	"p_mpool\000"
 2036      6F6F6C00 
 2037              	.LASF62:
 2038 0078 6D5F7175 		.ascii	"m_queue\000"
 2038      65756500 
 2039              	.LASF21:
 2040 0080 74736C69 		.ascii	"tslices_t\000"
 2040      6365735F 
 2040      7400
 2041              	.LASF7:
 2042 008a 6C6F6E67 		.ascii	"long int\000"
 2042      20696E74 
 2042      00
 2043              	.LASF70:
 2044 0093 63684D73 		.ascii	"chMsgSend\000"
 2044      6753656E 
 2044      6400
 2045              	.LASF19:
 2046 009d 74737461 		.ascii	"tstate_t\000"
 2046      74655F74 
 2046      00
 2047              	.LASF31:
 2048 00a6 705F6E65 		.ascii	"p_newer\000"
 2048      77657200 
 2049              	.LASF66:
 2050 00ae 65786974 		.ascii	"exitcode\000"
 2050      636F6465 
 2050      00
 2051              	.LASF8:
 2052 00b7 5F5F7569 		.ascii	"__uint32_t\000"
 2052      6E743332 
 2052      5F7400
 2053              	.LASF49:
 2054 00c2 72656761 		.ascii	"regarm_t\000"
 2054      726D5F74 
 2054      00
 2055              	.LASF34:
 2056 00cb 705F7374 		.ascii	"p_stklimit\000"
 2056      6B6C696D 
 2056      697400
ARM GAS  /tmp/ccyLefU4.s 			page 38


 2057              	.LASF0:
 2058 00d6 756E7369 		.ascii	"unsigned int\000"
 2058      676E6564 
 2058      20696E74 
 2058      00
 2059              	.LASF41:
 2060 00e3 705F6D73 		.ascii	"p_msgqueue\000"
 2060      67717565 
 2060      756500
 2061              	.LASF9:
 2062 00ee 6C6F6E67 		.ascii	"long unsigned int\000"
 2062      20756E73 
 2062      69676E65 
 2062      6420696E 
 2062      7400
 2063              	.LASF52:
 2064 0100 636F6E74 		.ascii	"context\000"
 2064      65787400 
 2065              	.LASF4:
 2066 0108 73686F72 		.ascii	"short unsigned int\000"
 2066      7420756E 
 2066      7369676E 
 2066      65642069 
 2066      6E7400
 2067              	.LASF23:
 2068 011b 6D73675F 		.ascii	"msg_t\000"
 2068      7400
 2069              	.LASF57:
 2070 0121 725F6E65 		.ascii	"r_newer\000"
 2070      77657200 
 2071              	.LASF18:
 2072 0129 746D6F64 		.ascii	"tmode_t\000"
 2072      655F7400 
 2073              	.LASF48:
 2074 0131 54687265 		.ascii	"ThreadsList\000"
 2074      6164734C 
 2074      69737400 
 2075              	.LASF24:
 2076 013d 6576656E 		.ascii	"eventmask_t\000"
 2076      746D6173 
 2076      6B5F7400 
 2077              	.LASF61:
 2078 0149 4D757465 		.ascii	"Mutex\000"
 2078      7800
 2079              	.LASF50:
 2080 014f 73746B61 		.ascii	"stkalign_t\000"
 2080      6C69676E 
 2080      5F7400
 2081              	.LASF53:
 2082 015a 73697A65 		.ascii	"sizetype\000"
 2082      74797065 
 2082      00
 2083              	.LASF72:
 2084 0163 6462675F 		.ascii	"dbg_check_lock\000"
 2084      63686563 
 2084      6B5F6C6F 
 2084      636B00
ARM GAS  /tmp/ccyLefU4.s 			page 39


 2085              	.LASF32:
 2086 0172 705F6F6C 		.ascii	"p_older\000"
 2086      64657200 
 2087              	.LASF56:
 2088 017a 725F6374 		.ascii	"r_ctx\000"
 2088      7800
 2089              	.LASF47:
 2090 0180 54687265 		.ascii	"ThreadsQueue\000"
 2090      61647351 
 2090      75657565 
 2090      00
 2091              	.LASF59:
 2092 018d 725F6375 		.ascii	"r_current\000"
 2092      7272656E 
 2092      7400
 2093              	.LASF58:
 2094 0197 725F6F6C 		.ascii	"r_older\000"
 2094      64657200 
 2095              	.LASF73:
 2096 019f 6462675F 		.ascii	"dbg_check_unlock\000"
 2096      63686563 
 2096      6B5F756E 
 2096      6C6F636B 
 2096      00
 2097              	.LASF11:
 2098 01b0 5F5F7569 		.ascii	"__uint64_t\000"
 2098      6E743634 
 2098      5F7400
 2099              	.LASF20:
 2100 01bb 74726566 		.ascii	"trefs_t\000"
 2100      735F7400 
 2101              	.LASF28:
 2102 01c3 705F7072 		.ascii	"p_prev\000"
 2102      657600
 2103              	.LASF22:
 2104 01ca 74707269 		.ascii	"tprio_t\000"
 2104      6F5F7400 
 2105              	.LASF77:
 2106 01d2 2E2E2F2E 		.ascii	"../../../../os/kernel/src/chmsg.c\000"
 2106      2E2F2E2E 
 2106      2F2E2E2F 
 2106      6F732F6B 
 2106      65726E65 
 2107              	.LASF17:
 2108 01f4 5F426F6F 		.ascii	"_Bool\000"
 2108      6C00
 2109              	.LASF14:
 2110 01fa 696E7433 		.ascii	"int32_t\000"
 2110      325F7400 
 2111              	.LASF2:
 2112 0202 756E7369 		.ascii	"unsigned char\000"
 2112      676E6564 
 2112      20636861 
 2112      7200
 2113              	.LASF44:
 2114 0210 705F6D74 		.ascii	"p_mtxlist\000"
 2114      786C6973 
ARM GAS  /tmp/ccyLefU4.s 			page 40


 2114      7400
 2115              	.LASF3:
 2116 021a 73686F72 		.ascii	"short int\000"
 2116      7420696E 
 2116      7400
 2117              	.LASF35:
 2118 0224 705F7374 		.ascii	"p_state\000"
 2118      61746500 
 2119              	.LASF38:
 2120 022c 705F7072 		.ascii	"p_preempt\000"
 2120      65656D70 
 2120      7400
 2121              	.LASF55:
 2122 0236 725F7072 		.ascii	"r_prio\000"
 2122      696F00
 2123              	.LASF68:
 2124 023d 65776D61 		.ascii	"ewmask\000"
 2124      736B00
 2125              	.LASF27:
 2126 0244 705F6E65 		.ascii	"p_next\000"
 2126      787400
 2127              	.LASF36:
 2128 024b 705F666C 		.ascii	"p_flags\000"
 2128      61677300 
 2129              	.LASF26:
 2130 0253 54687265 		.ascii	"Thread\000"
 2130      616400
 2131              	.LASF81:
 2132 025a 63684D73 		.ascii	"chMsgRelease\000"
 2132      6752656C 
 2132      65617365 
 2132      00
 2133              	.LASF74:
 2134 0267 63685363 		.ascii	"chSchGoSleepS\000"
 2134      68476F53 
 2134      6C656570 
 2134      5300
 2135              	.LASF43:
 2136 0275 705F6570 		.ascii	"p_epending\000"
 2136      656E6469 
 2136      6E6700
 2137              	.LASF15:
 2138 0280 75696E74 		.ascii	"uint32_t\000"
 2138      33325F74 
 2138      00
 2139              	.LASF54:
 2140 0289 725F7175 		.ascii	"r_queue\000"
 2140      65756500 
 2141              	.LASF69:
 2142 0291 63686172 		.ascii	"char\000"
 2142      00
 2143              	.LASF80:
 2144 0296 6669666F 		.ascii	"fifo_remove\000"
 2144      5F72656D 
 2144      6F766500 
 2145              	.LASF83:
 2146 02a2 63685363 		.ascii	"chSchReadyI\000"
ARM GAS  /tmp/ccyLefU4.s 			page 41


 2146      68526561 
 2146      64794900 
 2147              	.LASF64:
 2148 02ae 6D5F6E65 		.ascii	"m_next\000"
 2148      787400
 2149              	.LASF25:
 2150 02b5 73797374 		.ascii	"systime_t\000"
 2150      696D655F 
 2150      7400
 2151              	.LASF45:
 2152 02bf 705F7265 		.ascii	"p_realprio\000"
 2152      616C7072 
 2152      696F00
 2153              	.LASF6:
 2154 02ca 5F5F696E 		.ascii	"__int32_t\000"
 2154      7433325F 
 2154      7400
 2155              	.LASF39:
 2156 02d4 705F7469 		.ascii	"p_time\000"
 2156      6D6500
 2157              	.LASF51:
 2158 02db 696E7463 		.ascii	"intctx\000"
 2158      747800
 2159              	.LASF78:
 2160 02e2 2F686F6D 		.ascii	"/home/jordyaw/Documents/referensi/coba/ChibiOS_2.5."
 2160      652F6A6F 
 2160      72647961 
 2160      772F446F 
 2160      63756D65 
 2161 0315 32782F74 		.ascii	"2x/testhal/STM32F30x/WSC/board joule\000"
 2161      65737468 
 2161      616C2F53 
 2161      544D3332 
 2161      46333078 
 2162              	.LASF76:
 2163 033a 474E5520 		.ascii	"GNU C 4.8.3 -mcpu=cortex-m4 -mfloat-abi=softfp -mfp"
 2163      4320342E 
 2163      382E3320 
 2163      2D6D6370 
 2163      753D636F 
 2164 036d 753D6670 		.ascii	"u=fpv4-sp-d16 -mno-thumb-interwork -mthumb -ggdb -O"
 2164      76342D73 
 2164      702D6431 
 2164      36202D6D 
 2164      6E6F2D74 
 2165 03a0 32202D66 		.ascii	"2 -fomit-frame-pointer -falign-functions=16 -fsingl"
 2165      6F6D6974 
 2165      2D667261 
 2165      6D652D70 
 2165      6F696E74 
 2166 03d3 652D7072 		.ascii	"e-precision-constant -ffunction-sections -fdata-sec"
 2166      65636973 
 2166      696F6E2D 
 2166      636F6E73 
 2166      74616E74 
 2167 0406 74696F6E 		.ascii	"tions -fno-common\000"
 2167      73202D66 
ARM GAS  /tmp/ccyLefU4.s 			page 42


 2167      6E6F2D63 
 2167      6F6D6D6F 
 2167      6E00
 2168              	.LASF84:
 2169 0418 63685363 		.ascii	"chSchWakeupS\000"
 2169      6857616B 
 2169      65757053 
 2169      00
 2170              	.LASF71:
 2171 0425 63684D73 		.ascii	"chMsgWait\000"
 2171      67576169 
 2171      7400
 2172              	.LASF37:
 2173 042f 705F7265 		.ascii	"p_refs\000"
 2173      667300
 2174              	.LASF60:
 2175 0436 52656164 		.ascii	"ReadyList\000"
 2175      794C6973 
 2175      7400
 2176              	.LASF82:
 2177 0440 726C6973 		.ascii	"rlist\000"
 2177      7400
 2178              	.LASF13:
 2179 0446 75696E74 		.ascii	"uint8_t\000"
 2179      385F7400 
 2180              	.LASF67:
 2181 044e 77746F62 		.ascii	"wtobjp\000"
 2181      6A7000
 2182              	.LASF33:
 2183 0455 705F6E61 		.ascii	"p_name\000"
 2183      6D6500
 2184              	.LASF63:
 2185 045c 6D5F6F77 		.ascii	"m_owner\000"
 2185      6E657200 
 2186              	.LASF30:
 2187 0464 705F6374 		.ascii	"p_ctx\000"
 2187      7800
 2188              	.LASF40:
 2189 046a 705F7761 		.ascii	"p_waiting\000"
 2189      6974696E 
 2189      6700
 2190              		.ident	"GCC: (4.8.3-18ubuntu2+12) 4.8.3"
ARM GAS  /tmp/ccyLefU4.s 			page 43


DEFINED SYMBOLS
                            *ABS*:0000000000000000 chmsg.c
     /tmp/ccyLefU4.s:20     .text.chMsgSend:0000000000000000 $t
     /tmp/ccyLefU4.s:26     .text.chMsgSend:0000000000000000 chMsgSend
     /tmp/ccyLefU4.s:133    .text.chMsgSend:0000000000000058 $d
     /tmp/ccyLefU4.s:139    .text.chMsgWait:0000000000000000 $t
     /tmp/ccyLefU4.s:145    .text.chMsgWait:0000000000000000 chMsgWait
     /tmp/ccyLefU4.s:221    .text.chMsgWait:0000000000000044 $d
     /tmp/ccyLefU4.s:226    .text.chMsgRelease:0000000000000000 $t
     /tmp/ccyLefU4.s:232    .text.chMsgRelease:0000000000000000 chMsgRelease
     /tmp/ccyLefU4.s:286    .text.chMsgRelease:0000000000000034 $d
     /tmp/ccyLefU4.s:292    .rodata.str1.4:0000000000000000 $d
                     .debug_frame:0000000000000010 $d
     /tmp/ccyLefU4.s:225    .text.chMsgWait:0000000000000048 $t
     /tmp/ccyLefU4.s:291    .text.chMsgRelease:0000000000000038 $t

UNDEFINED SYMBOLS
dbg_check_lock
chSchGoSleepS
dbg_check_unlock
chSchReadyI
chDbgPanic
rlist
chSchWakeupS
