ARM GAS  /tmp/ccseCgEt.s 			page 1


   1              		.syntax unified
   2              		.cpu cortex-m4
   3              		.eabi_attribute 27, 3
   4              		.fpu fpv4-sp-d16
   5              		.eabi_attribute 20, 1
   6              		.eabi_attribute 21, 1
   7              		.eabi_attribute 23, 3
   8              		.eabi_attribute 24, 1
   9              		.eabi_attribute 25, 1
  10              		.eabi_attribute 26, 1
  11              		.eabi_attribute 30, 2
  12              		.eabi_attribute 34, 1
  13              		.eabi_attribute 18, 4
  14              		.thumb
  15              		.file	"evtimer.c"
  16              		.text
  17              	.Ltext0:
  18              		.cfi_sections	.debug_frame
  19              		.section	.text.tmrcb,"ax",%progbits
  20              		.align	2
  21              		.p2align 4,,15
  22              		.thumb
  23              		.thumb_func
  24              		.type	tmrcb, %function
  25              	tmrcb:
  26              	.LFB7:
  27              		.file 1 "../../../../os/various/evtimer.c"
  28              		.loc 1 28 0
  29              		.cfi_startproc
  30              		@ args = 0, pretend = 0, frame = 0
  31              		@ frame_needed = 0, uses_anonymous_args = 0
  32              	.LVL0:
  33 0000 10B5     		push	{r4, lr}
  34              		.cfi_def_cfa_offset 8
  35              		.cfi_offset 4, -8
  36              		.cfi_offset 14, -4
  37              	.LBB2:
  38              		.loc 1 31 0
  39 0002 2023     		movs	r3, #32
  40              	.LBE2:
  41              		.loc 1 28 0
  42 0004 0446     		mov	r4, r0
  43              	.LVL1:
  44              	.LBB3:
  45              		.loc 1 31 0
  46              	@ 31 "../../../../os/various/evtimer.c" 1
  47 0006 83F31188 		msr     BASEPRI, r3
  48              	@ 0 "" 2
  49              		.thumb
  50              	.LBE3:
  51 000a FFF7FEFF 		bl	dbg_check_lock_from_isr
  52              	.LVL2:
  53              		.loc 1 32 0
  54 000e 04F11400 		add	r0, r4, #20
  55 0012 0021     		movs	r1, #0
  56 0014 FFF7FEFF 		bl	chEvtBroadcastFlagsI
  57              	.LVL3:
ARM GAS  /tmp/ccseCgEt.s 			page 2


  58              		.loc 1 33 0
  59 0018 2346     		mov	r3, r4
  60 001a 2046     		mov	r0, r4
  61 001c A169     		ldr	r1, [r4, #24]
  62 001e 044A     		ldr	r2, .L2
  63 0020 FFF7FEFF 		bl	chVTSetI
  64              	.LVL4:
  65              		.loc 1 34 0
  66 0024 FFF7FEFF 		bl	dbg_check_unlock_from_isr
  67              	.LVL5:
  68              	.LBB4:
  69 0028 0023     		movs	r3, #0
  70              	@ 34 "../../../../os/various/evtimer.c" 1
  71 002a 83F31188 		msr     BASEPRI, r3
  72              	@ 0 "" 2
  73              		.thumb
  74 002e 10BD     		pop	{r4, pc}
  75              	.LVL6:
  76              	.L3:
  77              		.align	2
  78              	.L2:
  79 0030 00000000 		.word	tmrcb
  80              	.LBE4:
  81              		.cfi_endproc
  82              	.LFE7:
  83              		.size	tmrcb, .-tmrcb
  84 0034 AFF30080 		.section	.text.evtStart,"ax",%progbits
  84      AFF30080 
  84      AFF30080 
  85              		.align	2
  86              		.p2align 4,,15
  87              		.global	evtStart
  88              		.thumb
  89              		.thumb_func
  90              		.type	evtStart, %function
  91              	evtStart:
  92              	.LFB8:
  93              		.loc 1 43 0
  94              		.cfi_startproc
  95              		@ args = 0, pretend = 0, frame = 0
  96              		@ frame_needed = 0, uses_anonymous_args = 0
  97              	.LVL7:
  98 0000 10B5     		push	{r4, lr}
  99              		.cfi_def_cfa_offset 8
 100              		.cfi_offset 4, -8
 101              		.cfi_offset 14, -4
 102              	.LBB5:
 103              		.loc 1 45 0
 104 0002 2023     		movs	r3, #32
 105              	.LBE5:
 106              		.loc 1 43 0
 107 0004 0446     		mov	r4, r0
 108              	.LBB6:
 109              		.loc 1 45 0
 110              	@ 45 "../../../../os/various/evtimer.c" 1
 111 0006 83F31188 		msr     BASEPRI, r3
 112              	@ 0 "" 2
ARM GAS  /tmp/ccseCgEt.s 			page 3


 113              		.thumb
 114              	.LBE6:
 115 000a FFF7FEFF 		bl	dbg_check_lock
 116              	.LVL8:
 117              		.loc 1 47 0
 118 000e E368     		ldr	r3, [r4, #12]
 119 0010 2BB1     		cbz	r3, .L7
 120              		.loc 1 50 0
 121 0012 FFF7FEFF 		bl	dbg_check_unlock
 122              	.LVL9:
 123              	.LBB7:
 124 0016 0023     		movs	r3, #0
 125              	@ 50 "../../../../os/various/evtimer.c" 1
 126 0018 83F31188 		msr     BASEPRI, r3
 127              	@ 0 "" 2
 128              		.thumb
 129 001c 10BD     		pop	{r4, pc}
 130              	.LVL10:
 131              	.L7:
 132              	.LBE7:
 133              		.loc 1 48 0
 134 001e 2346     		mov	r3, r4
 135 0020 2046     		mov	r0, r4
 136 0022 A169     		ldr	r1, [r4, #24]
 137 0024 044A     		ldr	r2, .L8
 138 0026 FFF7FEFF 		bl	chVTSetI
 139              	.LVL11:
 140              		.loc 1 50 0
 141 002a FFF7FEFF 		bl	dbg_check_unlock
 142              	.LVL12:
 143              	.LBB8:
 144 002e 0023     		movs	r3, #0
 145              	@ 50 "../../../../os/various/evtimer.c" 1
 146 0030 83F31188 		msr     BASEPRI, r3
 147              	@ 0 "" 2
 148              		.thumb
 149 0034 10BD     		pop	{r4, pc}
 150              	.LVL13:
 151              	.L9:
 152 0036 00BF     		.align	2
 153              	.L8:
 154 0038 00000000 		.word	tmrcb
 155              	.LBE8:
 156              		.cfi_endproc
 157              	.LFE8:
 158              		.size	evtStart, .-evtStart
 159 003c AFF30080 		.section	.text.evtStop,"ax",%progbits
 160              		.align	2
 161              		.p2align 4,,15
 162              		.global	evtStop
 163              		.thumb
 164              		.thumb_func
 165              		.type	evtStop, %function
 166              	evtStop:
 167              	.LFB9:
 168              		.loc 1 59 0
 169              		.cfi_startproc
ARM GAS  /tmp/ccseCgEt.s 			page 4


 170              		@ args = 0, pretend = 0, frame = 0
 171              		@ frame_needed = 0, uses_anonymous_args = 0
 172              	.LVL14:
 173 0000 10B5     		push	{r4, lr}
 174              		.cfi_def_cfa_offset 8
 175              		.cfi_offset 4, -8
 176              		.cfi_offset 14, -4
 177              	.LBB9:
 178              		.loc 1 61 0
 179 0002 2023     		movs	r3, #32
 180              	.LBE9:
 181              		.loc 1 59 0
 182 0004 0446     		mov	r4, r0
 183              	.LBB10:
 184              		.loc 1 61 0
 185              	@ 61 "../../../../os/various/evtimer.c" 1
 186 0006 83F31188 		msr     BASEPRI, r3
 187              	@ 0 "" 2
 188              		.thumb
 189              	.LBE10:
 190 000a FFF7FEFF 		bl	dbg_check_lock
 191              	.LVL15:
 192 000e E368     		ldr	r3, [r4, #12]
 193 0010 13B1     		cbz	r3, .L11
 194              		.loc 1 61 0 is_stmt 0 discriminator 1
 195 0012 2046     		mov	r0, r4
 196 0014 FFF7FEFF 		bl	chVTResetI
 197              	.LVL16:
 198              	.L11:
 199              		.loc 1 61 0 discriminator 2
 200 0018 FFF7FEFF 		bl	dbg_check_unlock
 201              	.LVL17:
 202              	.LBB11:
 203 001c 0023     		movs	r3, #0
 204              	@ 61 "../../../../os/various/evtimer.c" 1
 205 001e 83F31188 		msr     BASEPRI, r3
 206              	@ 0 "" 2
 207              		.thumb
 208 0022 10BD     		pop	{r4, pc}
 209              	.LBE11:
 210              		.cfi_endproc
 211              	.LFE9:
 212              		.size	evtStop, .-evtStop
 213 0024 AFF30080 		.text
 213      AFF30080 
 213      AFF30080 
 214              	.Letext0:
 215              		.file 2 "/usr/include/newlib/machine/_default_types.h"
 216              		.file 3 "/usr/include/newlib/stdint.h"
 217              		.file 4 "../../../../os/ports/GCC/ARMCMx/chtypes.h"
 218              		.file 5 "../../../../os/kernel/include/chlists.h"
 219              		.file 6 "../../../../os/kernel/include/chthreads.h"
 220              		.file 7 "../../../../os/ports/GCC/ARMCMx/chcore_v7m.h"
 221              		.file 8 "../../../../os/kernel/include/chvt.h"
 222              		.file 9 "../../../../os/kernel/include/chmtx.h"
 223              		.file 10 "../../../../os/kernel/include/chevents.h"
 224              		.file 11 "../../../../os/various/evtimer.h"
ARM GAS  /tmp/ccseCgEt.s 			page 5


 225              		.file 12 "../../../../os/kernel/include/chdebug.h"
 226              		.section	.debug_info,"",%progbits
 227              	.Ldebug_info0:
 228 0000 01080000 		.4byte	0x801
 229 0004 0400     		.2byte	0x4
 230 0006 00000000 		.4byte	.Ldebug_abbrev0
 231 000a 04       		.byte	0x4
 232 000b 01       		.uleb128 0x1
 233 000c 90030000 		.4byte	.LASF90
 234 0010 01       		.byte	0x1
 235 0011 09010000 		.4byte	.LASF91
 236 0015 38030000 		.4byte	.LASF92
 237 0019 60000000 		.4byte	.Ldebug_ranges0+0x60
 238 001d 00000000 		.4byte	0
 239 0021 00000000 		.4byte	.Ldebug_line0
 240 0025 02       		.uleb128 0x2
 241 0026 04       		.byte	0x4
 242 0027 05       		.byte	0x5
 243 0028 696E7400 		.ascii	"int\000"
 244 002c 03       		.uleb128 0x3
 245 002d 04       		.byte	0x4
 246 002e 07       		.byte	0x7
 247 002f 35010000 		.4byte	.LASF0
 248 0033 03       		.uleb128 0x3
 249 0034 01       		.byte	0x1
 250 0035 06       		.byte	0x6
 251 0036 61000000 		.4byte	.LASF1
 252 003a 04       		.uleb128 0x4
 253 003b 22000000 		.4byte	.LASF5
 254 003f 02       		.byte	0x2
 255 0040 1D       		.byte	0x1d
 256 0041 45000000 		.4byte	0x45
 257 0045 03       		.uleb128 0x3
 258 0046 01       		.byte	0x1
 259 0047 08       		.byte	0x8
 260 0048 6C020000 		.4byte	.LASF2
 261 004c 03       		.uleb128 0x3
 262 004d 02       		.byte	0x2
 263 004e 05       		.byte	0x5
 264 004f 99020000 		.4byte	.LASF3
 265 0053 03       		.uleb128 0x3
 266 0054 02       		.byte	0x2
 267 0055 07       		.byte	0x7
 268 0056 85010000 		.4byte	.LASF4
 269 005a 04       		.uleb128 0x4
 270 005b 18030000 		.4byte	.LASF6
 271 005f 02       		.byte	0x2
 272 0060 3F       		.byte	0x3f
 273 0061 65000000 		.4byte	0x65
 274 0065 03       		.uleb128 0x3
 275 0066 04       		.byte	0x4
 276 0067 05       		.byte	0x5
 277 0068 A9000000 		.4byte	.LASF7
 278 006c 04       		.uleb128 0x4
 279 006d E1000000 		.4byte	.LASF8
 280 0071 02       		.byte	0x2
 281 0072 41       		.byte	0x41
ARM GAS  /tmp/ccseCgEt.s 			page 6


 282 0073 77000000 		.4byte	0x77
 283 0077 03       		.uleb128 0x3
 284 0078 04       		.byte	0x4
 285 0079 07       		.byte	0x7
 286 007a 55010000 		.4byte	.LASF9
 287 007e 03       		.uleb128 0x3
 288 007f 08       		.byte	0x8
 289 0080 05       		.byte	0x5
 290 0081 53000000 		.4byte	.LASF10
 291 0085 04       		.uleb128 0x4
 292 0086 3C020000 		.4byte	.LASF11
 293 008a 02       		.byte	0x2
 294 008b 5B       		.byte	0x5b
 295 008c 90000000 		.4byte	0x90
 296 0090 03       		.uleb128 0x3
 297 0091 08       		.byte	0x8
 298 0092 07       		.byte	0x7
 299 0093 2C000000 		.4byte	.LASF12
 300 0097 04       		.uleb128 0x4
 301 0098 88040000 		.4byte	.LASF13
 302 009c 03       		.byte	0x3
 303 009d 2A       		.byte	0x2a
 304 009e 3A000000 		.4byte	0x3a
 305 00a2 04       		.uleb128 0x4
 306 00a3 64020000 		.4byte	.LASF14
 307 00a7 03       		.byte	0x3
 308 00a8 41       		.byte	0x41
 309 00a9 5A000000 		.4byte	0x5a
 310 00ad 04       		.uleb128 0x4
 311 00ae E8020000 		.4byte	.LASF15
 312 00b2 03       		.byte	0x3
 313 00b3 42       		.byte	0x42
 314 00b4 6C000000 		.4byte	0x6c
 315 00b8 04       		.uleb128 0x4
 316 00b9 19000000 		.4byte	.LASF16
 317 00bd 03       		.byte	0x3
 318 00be 4E       		.byte	0x4e
 319 00bf 85000000 		.4byte	0x85
 320 00c3 03       		.uleb128 0x3
 321 00c4 01       		.byte	0x1
 322 00c5 02       		.byte	0x2
 323 00c6 5E020000 		.4byte	.LASF17
 324 00ca 04       		.uleb128 0x4
 325 00cb A6010000 		.4byte	.LASF18
 326 00cf 04       		.byte	0x4
 327 00d0 25       		.byte	0x25
 328 00d1 97000000 		.4byte	0x97
 329 00d5 04       		.uleb128 0x4
 330 00d6 B2000000 		.4byte	.LASF19
 331 00da 04       		.byte	0x4
 332 00db 26       		.byte	0x26
 333 00dc 97000000 		.4byte	0x97
 334 00e0 04       		.uleb128 0x4
 335 00e1 47020000 		.4byte	.LASF20
 336 00e5 04       		.byte	0x4
 337 00e6 27       		.byte	0x27
 338 00e7 97000000 		.4byte	0x97
ARM GAS  /tmp/ccseCgEt.s 			page 7


 339 00eb 04       		.uleb128 0x4
 340 00ec 9F000000 		.4byte	.LASF21
 341 00f0 04       		.byte	0x4
 342 00f1 28       		.byte	0x28
 343 00f2 97000000 		.4byte	0x97
 344 00f6 04       		.uleb128 0x4
 345 00f7 56020000 		.4byte	.LASF22
 346 00fb 04       		.byte	0x4
 347 00fc 29       		.byte	0x29
 348 00fd AD000000 		.4byte	0xad
 349 0101 04       		.uleb128 0x4
 350 0102 98010000 		.4byte	.LASF23
 351 0106 04       		.byte	0x4
 352 0107 2A       		.byte	0x2a
 353 0108 A2000000 		.4byte	0xa2
 354 010c 04       		.uleb128 0x4
 355 010d BA010000 		.4byte	.LASF24
 356 0111 04       		.byte	0x4
 357 0112 2C       		.byte	0x2c
 358 0113 AD000000 		.4byte	0xad
 359 0117 04       		.uleb128 0x4
 360 0118 75040000 		.4byte	.LASF25
 361 011c 04       		.byte	0x4
 362 011d 2D       		.byte	0x2d
 363 011e AD000000 		.4byte	0xad
 364 0122 04       		.uleb128 0x4
 365 0123 03030000 		.4byte	.LASF26
 366 0127 04       		.byte	0x4
 367 0128 2E       		.byte	0x2e
 368 0129 AD000000 		.4byte	0xad
 369 012d 04       		.uleb128 0x4
 370 012e CB020000 		.4byte	.LASF27
 371 0132 05       		.byte	0x5
 372 0133 23       		.byte	0x23
 373 0134 38010000 		.4byte	0x138
 374 0138 05       		.uleb128 0x5
 375 0139 CB020000 		.4byte	.LASF27
 376 013d 4C       		.byte	0x4c
 377 013e 06       		.byte	0x6
 378 013f 57       		.byte	0x57
 379 0140 41020000 		.4byte	0x241
 380 0144 06       		.uleb128 0x6
 381 0145 BC020000 		.4byte	.LASF28
 382 0149 06       		.byte	0x6
 383 014a 58       		.byte	0x58
 384 014b 62020000 		.4byte	0x262
 385 014f 00       		.byte	0
 386 0150 06       		.uleb128 0x6
 387 0151 4F020000 		.4byte	.LASF29
 388 0155 06       		.byte	0x6
 389 0156 5A       		.byte	0x5a
 390 0157 62020000 		.4byte	0x262
 391 015b 04       		.byte	0x4
 392 015c 06       		.uleb128 0x6
 393 015d 4C000000 		.4byte	.LASF30
 394 0161 06       		.byte	0x6
 395 0162 5C       		.byte	0x5c
ARM GAS  /tmp/ccseCgEt.s 			page 8


 396 0163 F6000000 		.4byte	0xf6
 397 0167 08       		.byte	0x8
 398 0168 06       		.uleb128 0x6
 399 0169 DA040000 		.4byte	.LASF31
 400 016d 06       		.byte	0x6
 401 016e 5D       		.byte	0x5d
 402 016f F7030000 		.4byte	0x3f7
 403 0173 0C       		.byte	0xc
 404 0174 06       		.uleb128 0x6
 405 0175 D0000000 		.4byte	.LASF32
 406 0179 06       		.byte	0x6
 407 017a 5F       		.byte	0x5f
 408 017b 62020000 		.4byte	0x262
 409 017f 10       		.byte	0x10
 410 0180 06       		.uleb128 0x6
 411 0181 10020000 		.4byte	.LASF33
 412 0185 06       		.byte	0x6
 413 0186 60       		.byte	0x60
 414 0187 62020000 		.4byte	0x262
 415 018b 14       		.byte	0x14
 416 018c 06       		.uleb128 0x6
 417 018d BD040000 		.4byte	.LASF34
 418 0191 06       		.byte	0x6
 419 0192 67       		.byte	0x67
 420 0193 83050000 		.4byte	0x583
 421 0197 18       		.byte	0x18
 422 0198 06       		.uleb128 0x6
 423 0199 2A010000 		.4byte	.LASF35
 424 019d 06       		.byte	0x6
 425 019e 6D       		.byte	0x6d
 426 019f 95050000 		.4byte	0x595
 427 01a3 1C       		.byte	0x1c
 428 01a4 06       		.uleb128 0x6
 429 01a5 A3020000 		.4byte	.LASF36
 430 01a9 06       		.byte	0x6
 431 01aa 72       		.byte	0x72
 432 01ab D5000000 		.4byte	0xd5
 433 01af 20       		.byte	0x20
 434 01b0 06       		.uleb128 0x6
 435 01b1 C3020000 		.4byte	.LASF37
 436 01b5 06       		.byte	0x6
 437 01b6 76       		.byte	0x76
 438 01b7 CA000000 		.4byte	0xca
 439 01bb 21       		.byte	0x21
 440 01bc 06       		.uleb128 0x6
 441 01bd 81040000 		.4byte	.LASF38
 442 01c1 06       		.byte	0x6
 443 01c2 7B       		.byte	0x7b
 444 01c3 E0000000 		.4byte	0xe0
 445 01c7 22       		.byte	0x22
 446 01c8 06       		.uleb128 0x6
 447 01c9 AB020000 		.4byte	.LASF39
 448 01cd 06       		.byte	0x6
 449 01ce 81       		.byte	0x81
 450 01cf EB000000 		.4byte	0xeb
 451 01d3 23       		.byte	0x23
 452 01d4 06       		.uleb128 0x6
ARM GAS  /tmp/ccseCgEt.s 			page 9


 453 01d5 2A030000 		.4byte	.LASF40
 454 01d9 06       		.byte	0x6
 455 01da 88       		.byte	0x88
 456 01db 95040000 		.4byte	0x495
 457 01df 24       		.byte	0x24
 458 01e0 07       		.uleb128 0x7
 459 01e1 705F7500 		.ascii	"p_u\000"
 460 01e5 06       		.byte	0x6
 461 01e6 AD       		.byte	0xad
 462 01e7 4E050000 		.4byte	0x54e
 463 01eb 28       		.byte	0x28
 464 01ec 06       		.uleb128 0x6
 465 01ed E0040000 		.4byte	.LASF41
 466 01f1 06       		.byte	0x6
 467 01f2 B2       		.byte	0xb2
 468 01f3 88020000 		.4byte	0x288
 469 01f7 2C       		.byte	0x2c
 470 01f8 06       		.uleb128 0x6
 471 01f9 4A010000 		.4byte	.LASF42
 472 01fd 06       		.byte	0x6
 473 01fe B8       		.byte	0xb8
 474 01ff 68020000 		.4byte	0x268
 475 0203 30       		.byte	0x30
 476 0204 06       		.uleb128 0x6
 477 0205 0C000000 		.4byte	.LASF43
 478 0209 06       		.byte	0x6
 479 020a BC       		.byte	0xbc
 480 020b 01010000 		.4byte	0x101
 481 020f 38       		.byte	0x38
 482 0210 06       		.uleb128 0x6
 483 0211 DD020000 		.4byte	.LASF44
 484 0215 06       		.byte	0x6
 485 0216 C2       		.byte	0xc2
 486 0217 0C010000 		.4byte	0x10c
 487 021b 3C       		.byte	0x3c
 488 021c 06       		.uleb128 0x6
 489 021d 8F020000 		.4byte	.LASF45
 490 0221 06       		.byte	0x6
 491 0222 C9       		.byte	0xc9
 492 0223 9B050000 		.4byte	0x59b
 493 0227 40       		.byte	0x40
 494 0228 06       		.uleb128 0x6
 495 0229 0D030000 		.4byte	.LASF46
 496 022d 06       		.byte	0x6
 497 022e CD       		.byte	0xcd
 498 022f F6000000 		.4byte	0xf6
 499 0233 44       		.byte	0x44
 500 0234 06       		.uleb128 0x6
 501 0235 8F000000 		.4byte	.LASF47
 502 0239 06       		.byte	0x6
 503 023a D3       		.byte	0xd3
 504 023b 9E020000 		.4byte	0x29e
 505 023f 48       		.byte	0x48
 506 0240 00       		.byte	0
 507 0241 08       		.uleb128 0x8
 508 0242 08       		.byte	0x8
 509 0243 05       		.byte	0x5
ARM GAS  /tmp/ccseCgEt.s 			page 10


 510 0244 5A       		.byte	0x5a
 511 0245 62020000 		.4byte	0x262
 512 0249 06       		.uleb128 0x6
 513 024a BC020000 		.4byte	.LASF28
 514 024e 05       		.byte	0x5
 515 024f 5B       		.byte	0x5b
 516 0250 62020000 		.4byte	0x262
 517 0254 00       		.byte	0
 518 0255 06       		.uleb128 0x6
 519 0256 4F020000 		.4byte	.LASF29
 520 025a 05       		.byte	0x5
 521 025b 5D       		.byte	0x5d
 522 025c 62020000 		.4byte	0x262
 523 0260 04       		.byte	0x4
 524 0261 00       		.byte	0
 525 0262 09       		.uleb128 0x9
 526 0263 04       		.byte	0x4
 527 0264 2D010000 		.4byte	0x12d
 528 0268 04       		.uleb128 0x4
 529 0269 18020000 		.4byte	.LASF48
 530 026d 05       		.byte	0x5
 531 026e 5F       		.byte	0x5f
 532 026f 41020000 		.4byte	0x241
 533 0273 08       		.uleb128 0x8
 534 0274 04       		.byte	0x4
 535 0275 05       		.byte	0x5
 536 0276 64       		.byte	0x64
 537 0277 88020000 		.4byte	0x288
 538 027b 06       		.uleb128 0x6
 539 027c BC020000 		.4byte	.LASF28
 540 0280 05       		.byte	0x5
 541 0281 66       		.byte	0x66
 542 0282 62020000 		.4byte	0x262
 543 0286 00       		.byte	0
 544 0287 00       		.byte	0
 545 0288 04       		.uleb128 0x4
 546 0289 AE010000 		.4byte	.LASF49
 547 028d 05       		.byte	0x5
 548 028e 69       		.byte	0x69
 549 028f 73020000 		.4byte	0x273
 550 0293 04       		.uleb128 0x4
 551 0294 EC000000 		.4byte	.LASF50
 552 0298 07       		.byte	0x7
 553 0299 DE       		.byte	0xde
 554 029a 9E020000 		.4byte	0x29e
 555 029e 0A       		.uleb128 0xa
 556 029f 04       		.byte	0x4
 557 02a0 04       		.uleb128 0x4
 558 02a1 CC010000 		.4byte	.LASF51
 559 02a5 07       		.byte	0x7
 560 02a6 E4       		.byte	0xe4
 561 02a7 B8000000 		.4byte	0xb8
 562 02ab 0B       		.uleb128 0xb
 563 02ac 31030000 		.4byte	.LASF52
 564 02b0 64       		.byte	0x64
 565 02b1 07       		.byte	0x7
 566 02b2 0501     		.2byte	0x105
ARM GAS  /tmp/ccseCgEt.s 			page 11


 567 02b4 F7030000 		.4byte	0x3f7
 568 02b8 0C       		.uleb128 0xc
 569 02b9 73313600 		.ascii	"s16\000"
 570 02bd 07       		.byte	0x7
 571 02be 0701     		.2byte	0x107
 572 02c0 93020000 		.4byte	0x293
 573 02c4 00       		.byte	0
 574 02c5 0C       		.uleb128 0xc
 575 02c6 73313700 		.ascii	"s17\000"
 576 02ca 07       		.byte	0x7
 577 02cb 0801     		.2byte	0x108
 578 02cd 93020000 		.4byte	0x293
 579 02d1 04       		.byte	0x4
 580 02d2 0C       		.uleb128 0xc
 581 02d3 73313800 		.ascii	"s18\000"
 582 02d7 07       		.byte	0x7
 583 02d8 0901     		.2byte	0x109
 584 02da 93020000 		.4byte	0x293
 585 02de 08       		.byte	0x8
 586 02df 0C       		.uleb128 0xc
 587 02e0 73313900 		.ascii	"s19\000"
 588 02e4 07       		.byte	0x7
 589 02e5 0A01     		.2byte	0x10a
 590 02e7 93020000 		.4byte	0x293
 591 02eb 0C       		.byte	0xc
 592 02ec 0C       		.uleb128 0xc
 593 02ed 73323000 		.ascii	"s20\000"
 594 02f1 07       		.byte	0x7
 595 02f2 0B01     		.2byte	0x10b
 596 02f4 93020000 		.4byte	0x293
 597 02f8 10       		.byte	0x10
 598 02f9 0C       		.uleb128 0xc
 599 02fa 73323100 		.ascii	"s21\000"
 600 02fe 07       		.byte	0x7
 601 02ff 0C01     		.2byte	0x10c
 602 0301 93020000 		.4byte	0x293
 603 0305 14       		.byte	0x14
 604 0306 0C       		.uleb128 0xc
 605 0307 73323200 		.ascii	"s22\000"
 606 030b 07       		.byte	0x7
 607 030c 0D01     		.2byte	0x10d
 608 030e 93020000 		.4byte	0x293
 609 0312 18       		.byte	0x18
 610 0313 0C       		.uleb128 0xc
 611 0314 73323300 		.ascii	"s23\000"
 612 0318 07       		.byte	0x7
 613 0319 0E01     		.2byte	0x10e
 614 031b 93020000 		.4byte	0x293
 615 031f 1C       		.byte	0x1c
 616 0320 0C       		.uleb128 0xc
 617 0321 73323400 		.ascii	"s24\000"
 618 0325 07       		.byte	0x7
 619 0326 0F01     		.2byte	0x10f
 620 0328 93020000 		.4byte	0x293
 621 032c 20       		.byte	0x20
 622 032d 0C       		.uleb128 0xc
 623 032e 73323500 		.ascii	"s25\000"
ARM GAS  /tmp/ccseCgEt.s 			page 12


 624 0332 07       		.byte	0x7
 625 0333 1001     		.2byte	0x110
 626 0335 93020000 		.4byte	0x293
 627 0339 24       		.byte	0x24
 628 033a 0C       		.uleb128 0xc
 629 033b 73323600 		.ascii	"s26\000"
 630 033f 07       		.byte	0x7
 631 0340 1101     		.2byte	0x111
 632 0342 93020000 		.4byte	0x293
 633 0346 28       		.byte	0x28
 634 0347 0C       		.uleb128 0xc
 635 0348 73323700 		.ascii	"s27\000"
 636 034c 07       		.byte	0x7
 637 034d 1201     		.2byte	0x112
 638 034f 93020000 		.4byte	0x293
 639 0353 2C       		.byte	0x2c
 640 0354 0C       		.uleb128 0xc
 641 0355 73323800 		.ascii	"s28\000"
 642 0359 07       		.byte	0x7
 643 035a 1301     		.2byte	0x113
 644 035c 93020000 		.4byte	0x293
 645 0360 30       		.byte	0x30
 646 0361 0C       		.uleb128 0xc
 647 0362 73323900 		.ascii	"s29\000"
 648 0366 07       		.byte	0x7
 649 0367 1401     		.2byte	0x114
 650 0369 93020000 		.4byte	0x293
 651 036d 34       		.byte	0x34
 652 036e 0C       		.uleb128 0xc
 653 036f 73333000 		.ascii	"s30\000"
 654 0373 07       		.byte	0x7
 655 0374 1501     		.2byte	0x115
 656 0376 93020000 		.4byte	0x293
 657 037a 38       		.byte	0x38
 658 037b 0C       		.uleb128 0xc
 659 037c 73333100 		.ascii	"s31\000"
 660 0380 07       		.byte	0x7
 661 0381 1601     		.2byte	0x116
 662 0383 93020000 		.4byte	0x293
 663 0387 3C       		.byte	0x3c
 664 0388 0C       		.uleb128 0xc
 665 0389 723400   		.ascii	"r4\000"
 666 038c 07       		.byte	0x7
 667 038d 1801     		.2byte	0x118
 668 038f 93020000 		.4byte	0x293
 669 0393 40       		.byte	0x40
 670 0394 0C       		.uleb128 0xc
 671 0395 723500   		.ascii	"r5\000"
 672 0398 07       		.byte	0x7
 673 0399 1901     		.2byte	0x119
 674 039b 93020000 		.4byte	0x293
 675 039f 44       		.byte	0x44
 676 03a0 0C       		.uleb128 0xc
 677 03a1 723600   		.ascii	"r6\000"
 678 03a4 07       		.byte	0x7
 679 03a5 1A01     		.2byte	0x11a
 680 03a7 93020000 		.4byte	0x293
ARM GAS  /tmp/ccseCgEt.s 			page 13


 681 03ab 48       		.byte	0x48
 682 03ac 0C       		.uleb128 0xc
 683 03ad 723700   		.ascii	"r7\000"
 684 03b0 07       		.byte	0x7
 685 03b1 1B01     		.2byte	0x11b
 686 03b3 93020000 		.4byte	0x293
 687 03b7 4C       		.byte	0x4c
 688 03b8 0C       		.uleb128 0xc
 689 03b9 723800   		.ascii	"r8\000"
 690 03bc 07       		.byte	0x7
 691 03bd 1C01     		.2byte	0x11c
 692 03bf 93020000 		.4byte	0x293
 693 03c3 50       		.byte	0x50
 694 03c4 0C       		.uleb128 0xc
 695 03c5 723900   		.ascii	"r9\000"
 696 03c8 07       		.byte	0x7
 697 03c9 1D01     		.2byte	0x11d
 698 03cb 93020000 		.4byte	0x293
 699 03cf 54       		.byte	0x54
 700 03d0 0C       		.uleb128 0xc
 701 03d1 72313000 		.ascii	"r10\000"
 702 03d5 07       		.byte	0x7
 703 03d6 1E01     		.2byte	0x11e
 704 03d8 93020000 		.4byte	0x293
 705 03dc 58       		.byte	0x58
 706 03dd 0C       		.uleb128 0xc
 707 03de 72313100 		.ascii	"r11\000"
 708 03e2 07       		.byte	0x7
 709 03e3 1F01     		.2byte	0x11f
 710 03e5 93020000 		.4byte	0x293
 711 03e9 5C       		.byte	0x5c
 712 03ea 0C       		.uleb128 0xc
 713 03eb 6C7200   		.ascii	"lr\000"
 714 03ee 07       		.byte	0x7
 715 03ef 2001     		.2byte	0x120
 716 03f1 93020000 		.4byte	0x293
 717 03f5 60       		.byte	0x60
 718 03f6 00       		.byte	0
 719 03f7 0B       		.uleb128 0xb
 720 03f8 7D010000 		.4byte	.LASF53
 721 03fc 04       		.byte	0x4
 722 03fd 07       		.byte	0x7
 723 03fe 2A01     		.2byte	0x12a
 724 0400 12040000 		.4byte	0x412
 725 0404 0C       		.uleb128 0xc
 726 0405 72313300 		.ascii	"r13\000"
 727 0409 07       		.byte	0x7
 728 040a 2B01     		.2byte	0x12b
 729 040c 12040000 		.4byte	0x412
 730 0410 00       		.byte	0
 731 0411 00       		.byte	0
 732 0412 09       		.uleb128 0x9
 733 0413 04       		.byte	0x4
 734 0414 AB020000 		.4byte	0x2ab
 735 0418 03       		.uleb128 0x3
 736 0419 04       		.byte	0x4
 737 041a 07       		.byte	0x7
ARM GAS  /tmp/ccseCgEt.s 			page 14


 738 041b F6010000 		.4byte	.LASF54
 739 041f 04       		.uleb128 0x4
 740 0420 67010000 		.4byte	.LASF55
 741 0424 08       		.byte	0x8
 742 0425 4F       		.byte	0x4f
 743 0426 2A040000 		.4byte	0x42a
 744 042a 09       		.uleb128 0x9
 745 042b 04       		.byte	0x4
 746 042c 30040000 		.4byte	0x430
 747 0430 0D       		.uleb128 0xd
 748 0431 3B040000 		.4byte	0x43b
 749 0435 0E       		.uleb128 0xe
 750 0436 9E020000 		.4byte	0x29e
 751 043a 00       		.byte	0
 752 043b 04       		.uleb128 0x4
 753 043c 70010000 		.4byte	.LASF56
 754 0440 08       		.byte	0x8
 755 0441 54       		.byte	0x54
 756 0442 46040000 		.4byte	0x446
 757 0446 05       		.uleb128 0x5
 758 0447 70010000 		.4byte	.LASF56
 759 044b 14       		.byte	0x14
 760 044c 08       		.byte	0x8
 761 044d 5B       		.byte	0x5b
 762 044e 8F040000 		.4byte	0x48f
 763 0452 06       		.uleb128 0x6
 764 0453 42010000 		.4byte	.LASF57
 765 0457 08       		.byte	0x8
 766 0458 5C       		.byte	0x5c
 767 0459 8F040000 		.4byte	0x48f
 768 045d 00       		.byte	0
 769 045e 06       		.uleb128 0x6
 770 045f F5000000 		.4byte	.LASF58
 771 0463 08       		.byte	0x8
 772 0464 5E       		.byte	0x5e
 773 0465 8F040000 		.4byte	0x48f
 774 0469 04       		.byte	0x4
 775 046a 06       		.uleb128 0x6
 776 046b D7010000 		.4byte	.LASF59
 777 046f 08       		.byte	0x8
 778 0470 60       		.byte	0x60
 779 0471 22010000 		.4byte	0x122
 780 0475 08       		.byte	0x8
 781 0476 06       		.uleb128 0x6
 782 0477 FF010000 		.4byte	.LASF60
 783 047b 08       		.byte	0x8
 784 047c 61       		.byte	0x61
 785 047d 1F040000 		.4byte	0x41f
 786 0481 0C       		.byte	0xc
 787 0482 06       		.uleb128 0x6
 788 0483 6E040000 		.4byte	.LASF61
 789 0487 08       		.byte	0x8
 790 0488 63       		.byte	0x63
 791 0489 9E020000 		.4byte	0x29e
 792 048d 10       		.byte	0x10
 793 048e 00       		.byte	0
 794 048f 09       		.uleb128 0x9
ARM GAS  /tmp/ccseCgEt.s 			page 15


 795 0490 04       		.byte	0x4
 796 0491 3B040000 		.4byte	0x43b
 797 0495 0F       		.uleb128 0xf
 798 0496 22010000 		.4byte	0x122
 799 049a 05       		.uleb128 0x5
 800 049b C6010000 		.4byte	.LASF62
 801 049f 10       		.byte	0x10
 802 04a0 09       		.byte	0x9
 803 04a1 25       		.byte	0x25
 804 04a2 CB040000 		.4byte	0x4cb
 805 04a6 06       		.uleb128 0x6
 806 04a7 97000000 		.4byte	.LASF63
 807 04ab 09       		.byte	0x9
 808 04ac 26       		.byte	0x26
 809 04ad 68020000 		.4byte	0x268
 810 04b1 00       		.byte	0
 811 04b2 06       		.uleb128 0x6
 812 04b3 D2040000 		.4byte	.LASF64
 813 04b7 09       		.byte	0x9
 814 04b8 28       		.byte	0x28
 815 04b9 62020000 		.4byte	0x262
 816 04bd 08       		.byte	0x8
 817 04be 06       		.uleb128 0x6
 818 04bf FC020000 		.4byte	.LASF65
 819 04c3 09       		.byte	0x9
 820 04c4 2A       		.byte	0x2a
 821 04c5 CB040000 		.4byte	0x4cb
 822 04c9 0C       		.byte	0xc
 823 04ca 00       		.byte	0
 824 04cb 09       		.uleb128 0x9
 825 04cc 04       		.byte	0x4
 826 04cd 9A040000 		.4byte	0x49a
 827 04d1 04       		.uleb128 0x4
 828 04d2 C6010000 		.4byte	.LASF62
 829 04d6 09       		.byte	0x9
 830 04d7 2C       		.byte	0x2c
 831 04d8 9A040000 		.4byte	0x49a
 832 04dc 04       		.uleb128 0x4
 833 04dd A8040000 		.4byte	.LASF66
 834 04e1 0A       		.byte	0xa
 835 04e2 25       		.byte	0x25
 836 04e3 E7040000 		.4byte	0x4e7
 837 04e7 05       		.uleb128 0x5
 838 04e8 A8040000 		.4byte	.LASF66
 839 04ec 10       		.byte	0x10
 840 04ed 0A       		.byte	0xa
 841 04ee 2A       		.byte	0x2a
 842 04ef 24050000 		.4byte	0x524
 843 04f3 06       		.uleb128 0x6
 844 04f4 9E010000 		.4byte	.LASF67
 845 04f8 0A       		.byte	0xa
 846 04f9 2B       		.byte	0x2b
 847 04fa 24050000 		.4byte	0x524
 848 04fe 00       		.byte	0
 849 04ff 06       		.uleb128 0x6
 850 0500 7A020000 		.4byte	.LASF68
 851 0504 0A       		.byte	0xa
ARM GAS  /tmp/ccseCgEt.s 			page 16


 852 0505 2E       		.byte	0x2e
 853 0506 62020000 		.4byte	0x262
 854 050a 04       		.byte	0x4
 855 050b 06       		.uleb128 0x6
 856 050c 34020000 		.4byte	.LASF69
 857 0510 0A       		.byte	0xa
 858 0511 30       		.byte	0x30
 859 0512 0C010000 		.4byte	0x10c
 860 0516 08       		.byte	0x8
 861 0517 06       		.uleb128 0x6
 862 0518 86020000 		.4byte	.LASF70
 863 051c 0A       		.byte	0xa
 864 051d 33       		.byte	0x33
 865 051e 17010000 		.4byte	0x117
 866 0522 0C       		.byte	0xc
 867 0523 00       		.byte	0
 868 0524 09       		.uleb128 0x9
 869 0525 04       		.byte	0x4
 870 0526 DC040000 		.4byte	0x4dc
 871 052a 05       		.uleb128 0x5
 872 052b FD000000 		.4byte	.LASF71
 873 052f 04       		.byte	0x4
 874 0530 0A       		.byte	0xa
 875 0531 3A       		.byte	0x3a
 876 0532 43050000 		.4byte	0x543
 877 0536 06       		.uleb128 0x6
 878 0537 C4040000 		.4byte	.LASF72
 879 053b 0A       		.byte	0xa
 880 053c 3B       		.byte	0x3b
 881 053d 24050000 		.4byte	0x524
 882 0541 00       		.byte	0
 883 0542 00       		.byte	0
 884 0543 04       		.uleb128 0x4
 885 0544 FD000000 		.4byte	.LASF71
 886 0548 0A       		.byte	0xa
 887 0549 3E       		.byte	0x3e
 888 054a 2A050000 		.4byte	0x52a
 889 054e 10       		.uleb128 0x10
 890 054f 04       		.byte	0x4
 891 0550 06       		.byte	0x6
 892 0551 8F       		.byte	0x8f
 893 0552 83050000 		.4byte	0x583
 894 0556 11       		.uleb128 0x11
 895 0557 12000000 		.4byte	.LASF73
 896 055b 06       		.byte	0x6
 897 055c 96       		.byte	0x96
 898 055d 01010000 		.4byte	0x101
 899 0561 11       		.uleb128 0x11
 900 0562 D8000000 		.4byte	.LASF74
 901 0566 06       		.byte	0x6
 902 0567 9D       		.byte	0x9d
 903 0568 01010000 		.4byte	0x101
 904 056c 11       		.uleb128 0x11
 905 056d B6040000 		.4byte	.LASF75
 906 0571 06       		.byte	0x6
 907 0572 A4       		.byte	0xa4
 908 0573 9E020000 		.4byte	0x29e
ARM GAS  /tmp/ccseCgEt.s 			page 17


 909 0577 11       		.uleb128 0x11
 910 0578 B5020000 		.4byte	.LASF76
 911 057c 06       		.byte	0x6
 912 057d AB       		.byte	0xab
 913 057e 0C010000 		.4byte	0x10c
 914 0582 00       		.byte	0
 915 0583 09       		.uleb128 0x9
 916 0584 04       		.byte	0x4
 917 0585 89050000 		.4byte	0x589
 918 0589 12       		.uleb128 0x12
 919 058a 8E050000 		.4byte	0x58e
 920 058e 03       		.uleb128 0x3
 921 058f 01       		.byte	0x1
 922 0590 08       		.byte	0x8
 923 0591 F1020000 		.4byte	.LASF77
 924 0595 09       		.uleb128 0x9
 925 0596 04       		.byte	0x4
 926 0597 A0020000 		.4byte	0x2a0
 927 059b 09       		.uleb128 0x9
 928 059c 04       		.byte	0x4
 929 059d D1040000 		.4byte	0x4d1
 930 05a1 08       		.uleb128 0x8
 931 05a2 1C       		.byte	0x1c
 932 05a3 0B       		.byte	0xb
 933 05a4 27       		.byte	0x27
 934 05a5 CE050000 		.4byte	0x5ce
 935 05a9 06       		.uleb128 0x6
 936 05aa CC040000 		.4byte	.LASF78
 937 05ae 0B       		.byte	0xb
 938 05af 28       		.byte	0x28
 939 05b0 3B040000 		.4byte	0x43b
 940 05b4 00       		.byte	0
 941 05b5 06       		.uleb128 0x6
 942 05b6 F0010000 		.4byte	.LASF79
 943 05ba 0B       		.byte	0xb
 944 05bb 29       		.byte	0x29
 945 05bc 43050000 		.4byte	0x543
 946 05c0 14       		.byte	0x14
 947 05c1 06       		.uleb128 0x6
 948 05c2 00000000 		.4byte	.LASF80
 949 05c6 0B       		.byte	0xb
 950 05c7 2A       		.byte	0x2a
 951 05c8 22010000 		.4byte	0x122
 952 05cc 18       		.byte	0x18
 953 05cd 00       		.byte	0
 954 05ce 04       		.uleb128 0x4
 955 05cf 6D000000 		.4byte	.LASF81
 956 05d3 0B       		.byte	0xb
 957 05d4 2B       		.byte	0x2b
 958 05d5 A1050000 		.4byte	0x5a1
 959 05d9 13       		.uleb128 0x13
 960 05da F6020000 		.4byte	.LASF93
 961 05de 01       		.byte	0x1
 962 05df 1C       		.byte	0x1c
 963 05e0 00000000 		.4byte	.LFB7
 964 05e4 34000000 		.4byte	.LFE7-.LFB7
 965 05e8 01       		.uleb128 0x1
ARM GAS  /tmp/ccseCgEt.s 			page 18


 966 05e9 9C       		.byte	0x9c
 967 05ea 8B060000 		.4byte	0x68b
 968 05ee 14       		.uleb128 0x14
 969 05ef 7000     		.ascii	"p\000"
 970 05f1 01       		.byte	0x1
 971 05f2 1C       		.byte	0x1c
 972 05f3 9E020000 		.4byte	0x29e
 973 05f7 00000000 		.4byte	.LLST0
 974 05fb 15       		.uleb128 0x15
 975 05fc 65747000 		.ascii	"etp\000"
 976 0600 01       		.byte	0x1
 977 0601 1D       		.byte	0x1d
 978 0602 8B060000 		.4byte	0x68b
 979 0606 2C000000 		.4byte	.LLST1
 980 060a 16       		.uleb128 0x16
 981 060b 00000000 		.4byte	.Ldebug_ranges0+0
 982 060f 21060000 		.4byte	0x621
 983 0613 17       		.uleb128 0x17
 984 0614 746D7000 		.ascii	"tmp\000"
 985 0618 01       		.byte	0x1
 986 0619 1F       		.byte	0x1f
 987 061a AD000000 		.4byte	0xad
 988 061e 01       		.uleb128 0x1
 989 061f 53       		.byte	0x53
 990 0620 00       		.byte	0
 991 0621 18       		.uleb128 0x18
 992 0622 28000000 		.4byte	.LBB4
 993 0626 0C000000 		.4byte	.LBE4-.LBB4
 994 062a 3C060000 		.4byte	0x63c
 995 062e 17       		.uleb128 0x17
 996 062f 746D7000 		.ascii	"tmp\000"
 997 0633 01       		.byte	0x1
 998 0634 22       		.byte	0x22
 999 0635 AD000000 		.4byte	0xad
 1000 0639 01       		.uleb128 0x1
 1001 063a 53       		.byte	0x53
 1002 063b 00       		.byte	0
 1003 063c 19       		.uleb128 0x19
 1004 063d 0E000000 		.4byte	.LVL2
 1005 0641 9F070000 		.4byte	0x79f
 1006 0645 1A       		.uleb128 0x1a
 1007 0646 18000000 		.4byte	.LVL3
 1008 064a A6070000 		.4byte	0x7a6
 1009 064e 5E060000 		.4byte	0x65e
 1010 0652 1B       		.uleb128 0x1b
 1011 0653 01       		.uleb128 0x1
 1012 0654 51       		.byte	0x51
 1013 0655 01       		.uleb128 0x1
 1014 0656 30       		.byte	0x30
 1015 0657 1B       		.uleb128 0x1b
 1016 0658 01       		.uleb128 0x1
 1017 0659 50       		.byte	0x50
 1018 065a 02       		.uleb128 0x2
 1019 065b 74       		.byte	0x74
 1020 065c 14       		.sleb128 20
 1021 065d 00       		.byte	0
 1022 065e 1A       		.uleb128 0x1a
ARM GAS  /tmp/ccseCgEt.s 			page 19


 1023 065f 24000000 		.4byte	.LVL4
 1024 0663 C2070000 		.4byte	0x7c2
 1025 0667 81060000 		.4byte	0x681
 1026 066b 1B       		.uleb128 0x1b
 1027 066c 01       		.uleb128 0x1
 1028 066d 53       		.byte	0x53
 1029 066e 02       		.uleb128 0x2
 1030 066f 74       		.byte	0x74
 1031 0670 00       		.sleb128 0
 1032 0671 1B       		.uleb128 0x1b
 1033 0672 01       		.uleb128 0x1
 1034 0673 52       		.byte	0x52
 1035 0674 05       		.uleb128 0x5
 1036 0675 03       		.byte	0x3
 1037 0676 00000000 		.4byte	tmrcb
 1038 067a 1B       		.uleb128 0x1b
 1039 067b 01       		.uleb128 0x1
 1040 067c 50       		.byte	0x50
 1041 067d 02       		.uleb128 0x2
 1042 067e 74       		.byte	0x74
 1043 067f 00       		.sleb128 0
 1044 0680 00       		.byte	0
 1045 0681 19       		.uleb128 0x19
 1046 0682 28000000 		.4byte	.LVL5
 1047 0686 E2070000 		.4byte	0x7e2
 1048 068a 00       		.byte	0
 1049 068b 09       		.uleb128 0x9
 1050 068c 04       		.byte	0x4
 1051 068d CE050000 		.4byte	0x5ce
 1052 0691 1C       		.uleb128 0x1c
 1053 0692 43000000 		.4byte	.LASF82
 1054 0696 01       		.byte	0x1
 1055 0697 2B       		.byte	0x2b
 1056 0698 00000000 		.4byte	.LFB8
 1057 069c 3C000000 		.4byte	.LFE8-.LFB8
 1058 06a0 01       		.uleb128 0x1
 1059 06a1 9C       		.byte	0x9c
 1060 06a2 22070000 		.4byte	0x722
 1061 06a6 14       		.uleb128 0x14
 1062 06a7 65747000 		.ascii	"etp\000"
 1063 06ab 01       		.byte	0x1
 1064 06ac 2B       		.byte	0x2b
 1065 06ad 8B060000 		.4byte	0x68b
 1066 06b1 58000000 		.4byte	.LLST2
 1067 06b5 16       		.uleb128 0x16
 1068 06b6 18000000 		.4byte	.Ldebug_ranges0+0x18
 1069 06ba CC060000 		.4byte	0x6cc
 1070 06be 17       		.uleb128 0x17
 1071 06bf 746D7000 		.ascii	"tmp\000"
 1072 06c3 01       		.byte	0x1
 1073 06c4 2D       		.byte	0x2d
 1074 06c5 AD000000 		.4byte	0xad
 1075 06c9 01       		.uleb128 0x1
 1076 06ca 53       		.byte	0x53
 1077 06cb 00       		.byte	0
 1078 06cc 16       		.uleb128 0x16
 1079 06cd 30000000 		.4byte	.Ldebug_ranges0+0x30
ARM GAS  /tmp/ccseCgEt.s 			page 20


 1080 06d1 E3060000 		.4byte	0x6e3
 1081 06d5 17       		.uleb128 0x17
 1082 06d6 746D7000 		.ascii	"tmp\000"
 1083 06da 01       		.byte	0x1
 1084 06db 32       		.byte	0x32
 1085 06dc AD000000 		.4byte	0xad
 1086 06e0 01       		.uleb128 0x1
 1087 06e1 53       		.byte	0x53
 1088 06e2 00       		.byte	0
 1089 06e3 19       		.uleb128 0x19
 1090 06e4 0E000000 		.4byte	.LVL8
 1091 06e8 E9070000 		.4byte	0x7e9
 1092 06ec 19       		.uleb128 0x19
 1093 06ed 16000000 		.4byte	.LVL9
 1094 06f1 F0070000 		.4byte	0x7f0
 1095 06f5 1A       		.uleb128 0x1a
 1096 06f6 2A000000 		.4byte	.LVL11
 1097 06fa C2070000 		.4byte	0x7c2
 1098 06fe 18070000 		.4byte	0x718
 1099 0702 1B       		.uleb128 0x1b
 1100 0703 01       		.uleb128 0x1
 1101 0704 53       		.byte	0x53
 1102 0705 02       		.uleb128 0x2
 1103 0706 74       		.byte	0x74
 1104 0707 00       		.sleb128 0
 1105 0708 1B       		.uleb128 0x1b
 1106 0709 01       		.uleb128 0x1
 1107 070a 52       		.byte	0x52
 1108 070b 05       		.uleb128 0x5
 1109 070c 03       		.byte	0x3
 1110 070d 00000000 		.4byte	tmrcb
 1111 0711 1B       		.uleb128 0x1b
 1112 0712 01       		.uleb128 0x1
 1113 0713 50       		.byte	0x50
 1114 0714 02       		.uleb128 0x2
 1115 0715 74       		.byte	0x74
 1116 0716 00       		.sleb128 0
 1117 0717 00       		.byte	0
 1118 0718 19       		.uleb128 0x19
 1119 0719 2E000000 		.4byte	.LVL12
 1120 071d F0070000 		.4byte	0x7f0
 1121 0721 00       		.byte	0
 1122 0722 1C       		.uleb128 0x1c
 1123 0723 22030000 		.4byte	.LASF83
 1124 0727 01       		.byte	0x1
 1125 0728 3B       		.byte	0x3b
 1126 0729 00000000 		.4byte	.LFB9
 1127 072d 24000000 		.4byte	.LFE9-.LFB9
 1128 0731 01       		.uleb128 0x1
 1129 0732 9C       		.byte	0x9c
 1130 0733 9F070000 		.4byte	0x79f
 1131 0737 14       		.uleb128 0x14
 1132 0738 65747000 		.ascii	"etp\000"
 1133 073c 01       		.byte	0x1
 1134 073d 3B       		.byte	0x3b
 1135 073e 8B060000 		.4byte	0x68b
 1136 0742 84000000 		.4byte	.LLST3
ARM GAS  /tmp/ccseCgEt.s 			page 21


 1137 0746 16       		.uleb128 0x16
 1138 0747 48000000 		.4byte	.Ldebug_ranges0+0x48
 1139 074b 5D070000 		.4byte	0x75d
 1140 074f 17       		.uleb128 0x17
 1141 0750 746D7000 		.ascii	"tmp\000"
 1142 0754 01       		.byte	0x1
 1143 0755 3D       		.byte	0x3d
 1144 0756 AD000000 		.4byte	0xad
 1145 075a 01       		.uleb128 0x1
 1146 075b 53       		.byte	0x53
 1147 075c 00       		.byte	0
 1148 075d 18       		.uleb128 0x18
 1149 075e 1C000000 		.4byte	.LBB11
 1150 0762 08000000 		.4byte	.LBE11-.LBB11
 1151 0766 78070000 		.4byte	0x778
 1152 076a 17       		.uleb128 0x17
 1153 076b 746D7000 		.ascii	"tmp\000"
 1154 076f 01       		.byte	0x1
 1155 0770 3D       		.byte	0x3d
 1156 0771 AD000000 		.4byte	0xad
 1157 0775 01       		.uleb128 0x1
 1158 0776 53       		.byte	0x53
 1159 0777 00       		.byte	0
 1160 0778 19       		.uleb128 0x19
 1161 0779 0E000000 		.4byte	.LVL15
 1162 077d E9070000 		.4byte	0x7e9
 1163 0781 1A       		.uleb128 0x1a
 1164 0782 18000000 		.4byte	.LVL16
 1165 0786 F7070000 		.4byte	0x7f7
 1166 078a 95070000 		.4byte	0x795
 1167 078e 1B       		.uleb128 0x1b
 1168 078f 01       		.uleb128 0x1
 1169 0790 50       		.byte	0x50
 1170 0791 02       		.uleb128 0x2
 1171 0792 74       		.byte	0x74
 1172 0793 00       		.sleb128 0
 1173 0794 00       		.byte	0
 1174 0795 19       		.uleb128 0x19
 1175 0796 1C000000 		.4byte	.LVL17
 1176 079a F0070000 		.4byte	0x7f0
 1177 079e 00       		.byte	0
 1178 079f 1D       		.uleb128 0x1d
 1179 07a0 90040000 		.4byte	.LASF86
 1180 07a4 0C       		.byte	0xc
 1181 07a5 E2       		.byte	0xe2
 1182 07a6 1E       		.uleb128 0x1e
 1183 07a7 BB000000 		.4byte	.LASF84
 1184 07ab 0A       		.byte	0xa
 1185 07ac B3       		.byte	0xb3
 1186 07ad BC070000 		.4byte	0x7bc
 1187 07b1 0E       		.uleb128 0xe
 1188 07b2 BC070000 		.4byte	0x7bc
 1189 07b6 0E       		.uleb128 0xe
 1190 07b7 17010000 		.4byte	0x117
 1191 07bb 00       		.byte	0
 1192 07bc 09       		.uleb128 0x9
 1193 07bd 04       		.byte	0x4
ARM GAS  /tmp/ccseCgEt.s 			page 22


 1194 07be 43050000 		.4byte	0x543
 1195 07c2 1E       		.uleb128 0x1e
 1196 07c3 07020000 		.4byte	.LASF85
 1197 07c7 08       		.byte	0x8
 1198 07c8 DB       		.byte	0xdb
 1199 07c9 E2070000 		.4byte	0x7e2
 1200 07cd 0E       		.uleb128 0xe
 1201 07ce 8F040000 		.4byte	0x48f
 1202 07d2 0E       		.uleb128 0xe
 1203 07d3 22010000 		.4byte	0x122
 1204 07d7 0E       		.uleb128 0xe
 1205 07d8 1F040000 		.4byte	0x41f
 1206 07dc 0E       		.uleb128 0xe
 1207 07dd 9E020000 		.4byte	0x29e
 1208 07e1 00       		.byte	0
 1209 07e2 1D       		.uleb128 0x1d
 1210 07e3 75000000 		.4byte	.LASF87
 1211 07e7 0C       		.byte	0xc
 1212 07e8 E3       		.byte	0xe3
 1213 07e9 1D       		.uleb128 0x1d
 1214 07ea 25020000 		.4byte	.LASF88
 1215 07ee 0C       		.byte	0xc
 1216 07ef E0       		.byte	0xe0
 1217 07f0 1D       		.uleb128 0x1d
 1218 07f1 DF010000 		.4byte	.LASF89
 1219 07f5 0C       		.byte	0xc
 1220 07f6 E1       		.byte	0xe1
 1221 07f7 1F       		.uleb128 0x1f
 1222 07f8 D2020000 		.4byte	.LASF94
 1223 07fc 08       		.byte	0x8
 1224 07fd DC       		.byte	0xdc
 1225 07fe 0E       		.uleb128 0xe
 1226 07ff 8F040000 		.4byte	0x48f
 1227 0803 00       		.byte	0
 1228 0804 00       		.byte	0
 1229              		.section	.debug_abbrev,"",%progbits
 1230              	.Ldebug_abbrev0:
 1231 0000 01       		.uleb128 0x1
 1232 0001 11       		.uleb128 0x11
 1233 0002 01       		.byte	0x1
 1234 0003 25       		.uleb128 0x25
 1235 0004 0E       		.uleb128 0xe
 1236 0005 13       		.uleb128 0x13
 1237 0006 0B       		.uleb128 0xb
 1238 0007 03       		.uleb128 0x3
 1239 0008 0E       		.uleb128 0xe
 1240 0009 1B       		.uleb128 0x1b
 1241 000a 0E       		.uleb128 0xe
 1242 000b 55       		.uleb128 0x55
 1243 000c 17       		.uleb128 0x17
 1244 000d 11       		.uleb128 0x11
 1245 000e 01       		.uleb128 0x1
 1246 000f 10       		.uleb128 0x10
 1247 0010 17       		.uleb128 0x17
 1248 0011 00       		.byte	0
 1249 0012 00       		.byte	0
 1250 0013 02       		.uleb128 0x2
ARM GAS  /tmp/ccseCgEt.s 			page 23


 1251 0014 24       		.uleb128 0x24
 1252 0015 00       		.byte	0
 1253 0016 0B       		.uleb128 0xb
 1254 0017 0B       		.uleb128 0xb
 1255 0018 3E       		.uleb128 0x3e
 1256 0019 0B       		.uleb128 0xb
 1257 001a 03       		.uleb128 0x3
 1258 001b 08       		.uleb128 0x8
 1259 001c 00       		.byte	0
 1260 001d 00       		.byte	0
 1261 001e 03       		.uleb128 0x3
 1262 001f 24       		.uleb128 0x24
 1263 0020 00       		.byte	0
 1264 0021 0B       		.uleb128 0xb
 1265 0022 0B       		.uleb128 0xb
 1266 0023 3E       		.uleb128 0x3e
 1267 0024 0B       		.uleb128 0xb
 1268 0025 03       		.uleb128 0x3
 1269 0026 0E       		.uleb128 0xe
 1270 0027 00       		.byte	0
 1271 0028 00       		.byte	0
 1272 0029 04       		.uleb128 0x4
 1273 002a 16       		.uleb128 0x16
 1274 002b 00       		.byte	0
 1275 002c 03       		.uleb128 0x3
 1276 002d 0E       		.uleb128 0xe
 1277 002e 3A       		.uleb128 0x3a
 1278 002f 0B       		.uleb128 0xb
 1279 0030 3B       		.uleb128 0x3b
 1280 0031 0B       		.uleb128 0xb
 1281 0032 49       		.uleb128 0x49
 1282 0033 13       		.uleb128 0x13
 1283 0034 00       		.byte	0
 1284 0035 00       		.byte	0
 1285 0036 05       		.uleb128 0x5
 1286 0037 13       		.uleb128 0x13
 1287 0038 01       		.byte	0x1
 1288 0039 03       		.uleb128 0x3
 1289 003a 0E       		.uleb128 0xe
 1290 003b 0B       		.uleb128 0xb
 1291 003c 0B       		.uleb128 0xb
 1292 003d 3A       		.uleb128 0x3a
 1293 003e 0B       		.uleb128 0xb
 1294 003f 3B       		.uleb128 0x3b
 1295 0040 0B       		.uleb128 0xb
 1296 0041 01       		.uleb128 0x1
 1297 0042 13       		.uleb128 0x13
 1298 0043 00       		.byte	0
 1299 0044 00       		.byte	0
 1300 0045 06       		.uleb128 0x6
 1301 0046 0D       		.uleb128 0xd
 1302 0047 00       		.byte	0
 1303 0048 03       		.uleb128 0x3
 1304 0049 0E       		.uleb128 0xe
 1305 004a 3A       		.uleb128 0x3a
 1306 004b 0B       		.uleb128 0xb
 1307 004c 3B       		.uleb128 0x3b
ARM GAS  /tmp/ccseCgEt.s 			page 24


 1308 004d 0B       		.uleb128 0xb
 1309 004e 49       		.uleb128 0x49
 1310 004f 13       		.uleb128 0x13
 1311 0050 38       		.uleb128 0x38
 1312 0051 0B       		.uleb128 0xb
 1313 0052 00       		.byte	0
 1314 0053 00       		.byte	0
 1315 0054 07       		.uleb128 0x7
 1316 0055 0D       		.uleb128 0xd
 1317 0056 00       		.byte	0
 1318 0057 03       		.uleb128 0x3
 1319 0058 08       		.uleb128 0x8
 1320 0059 3A       		.uleb128 0x3a
 1321 005a 0B       		.uleb128 0xb
 1322 005b 3B       		.uleb128 0x3b
 1323 005c 0B       		.uleb128 0xb
 1324 005d 49       		.uleb128 0x49
 1325 005e 13       		.uleb128 0x13
 1326 005f 38       		.uleb128 0x38
 1327 0060 0B       		.uleb128 0xb
 1328 0061 00       		.byte	0
 1329 0062 00       		.byte	0
 1330 0063 08       		.uleb128 0x8
 1331 0064 13       		.uleb128 0x13
 1332 0065 01       		.byte	0x1
 1333 0066 0B       		.uleb128 0xb
 1334 0067 0B       		.uleb128 0xb
 1335 0068 3A       		.uleb128 0x3a
 1336 0069 0B       		.uleb128 0xb
 1337 006a 3B       		.uleb128 0x3b
 1338 006b 0B       		.uleb128 0xb
 1339 006c 01       		.uleb128 0x1
 1340 006d 13       		.uleb128 0x13
 1341 006e 00       		.byte	0
 1342 006f 00       		.byte	0
 1343 0070 09       		.uleb128 0x9
 1344 0071 0F       		.uleb128 0xf
 1345 0072 00       		.byte	0
 1346 0073 0B       		.uleb128 0xb
 1347 0074 0B       		.uleb128 0xb
 1348 0075 49       		.uleb128 0x49
 1349 0076 13       		.uleb128 0x13
 1350 0077 00       		.byte	0
 1351 0078 00       		.byte	0
 1352 0079 0A       		.uleb128 0xa
 1353 007a 0F       		.uleb128 0xf
 1354 007b 00       		.byte	0
 1355 007c 0B       		.uleb128 0xb
 1356 007d 0B       		.uleb128 0xb
 1357 007e 00       		.byte	0
 1358 007f 00       		.byte	0
 1359 0080 0B       		.uleb128 0xb
 1360 0081 13       		.uleb128 0x13
 1361 0082 01       		.byte	0x1
 1362 0083 03       		.uleb128 0x3
 1363 0084 0E       		.uleb128 0xe
 1364 0085 0B       		.uleb128 0xb
ARM GAS  /tmp/ccseCgEt.s 			page 25


 1365 0086 0B       		.uleb128 0xb
 1366 0087 3A       		.uleb128 0x3a
 1367 0088 0B       		.uleb128 0xb
 1368 0089 3B       		.uleb128 0x3b
 1369 008a 05       		.uleb128 0x5
 1370 008b 01       		.uleb128 0x1
 1371 008c 13       		.uleb128 0x13
 1372 008d 00       		.byte	0
 1373 008e 00       		.byte	0
 1374 008f 0C       		.uleb128 0xc
 1375 0090 0D       		.uleb128 0xd
 1376 0091 00       		.byte	0
 1377 0092 03       		.uleb128 0x3
 1378 0093 08       		.uleb128 0x8
 1379 0094 3A       		.uleb128 0x3a
 1380 0095 0B       		.uleb128 0xb
 1381 0096 3B       		.uleb128 0x3b
 1382 0097 05       		.uleb128 0x5
 1383 0098 49       		.uleb128 0x49
 1384 0099 13       		.uleb128 0x13
 1385 009a 38       		.uleb128 0x38
 1386 009b 0B       		.uleb128 0xb
 1387 009c 00       		.byte	0
 1388 009d 00       		.byte	0
 1389 009e 0D       		.uleb128 0xd
 1390 009f 15       		.uleb128 0x15
 1391 00a0 01       		.byte	0x1
 1392 00a1 27       		.uleb128 0x27
 1393 00a2 19       		.uleb128 0x19
 1394 00a3 01       		.uleb128 0x1
 1395 00a4 13       		.uleb128 0x13
 1396 00a5 00       		.byte	0
 1397 00a6 00       		.byte	0
 1398 00a7 0E       		.uleb128 0xe
 1399 00a8 05       		.uleb128 0x5
 1400 00a9 00       		.byte	0
 1401 00aa 49       		.uleb128 0x49
 1402 00ab 13       		.uleb128 0x13
 1403 00ac 00       		.byte	0
 1404 00ad 00       		.byte	0
 1405 00ae 0F       		.uleb128 0xf
 1406 00af 35       		.uleb128 0x35
 1407 00b0 00       		.byte	0
 1408 00b1 49       		.uleb128 0x49
 1409 00b2 13       		.uleb128 0x13
 1410 00b3 00       		.byte	0
 1411 00b4 00       		.byte	0
 1412 00b5 10       		.uleb128 0x10
 1413 00b6 17       		.uleb128 0x17
 1414 00b7 01       		.byte	0x1
 1415 00b8 0B       		.uleb128 0xb
 1416 00b9 0B       		.uleb128 0xb
 1417 00ba 3A       		.uleb128 0x3a
 1418 00bb 0B       		.uleb128 0xb
 1419 00bc 3B       		.uleb128 0x3b
 1420 00bd 0B       		.uleb128 0xb
 1421 00be 01       		.uleb128 0x1
ARM GAS  /tmp/ccseCgEt.s 			page 26


 1422 00bf 13       		.uleb128 0x13
 1423 00c0 00       		.byte	0
 1424 00c1 00       		.byte	0
 1425 00c2 11       		.uleb128 0x11
 1426 00c3 0D       		.uleb128 0xd
 1427 00c4 00       		.byte	0
 1428 00c5 03       		.uleb128 0x3
 1429 00c6 0E       		.uleb128 0xe
 1430 00c7 3A       		.uleb128 0x3a
 1431 00c8 0B       		.uleb128 0xb
 1432 00c9 3B       		.uleb128 0x3b
 1433 00ca 0B       		.uleb128 0xb
 1434 00cb 49       		.uleb128 0x49
 1435 00cc 13       		.uleb128 0x13
 1436 00cd 00       		.byte	0
 1437 00ce 00       		.byte	0
 1438 00cf 12       		.uleb128 0x12
 1439 00d0 26       		.uleb128 0x26
 1440 00d1 00       		.byte	0
 1441 00d2 49       		.uleb128 0x49
 1442 00d3 13       		.uleb128 0x13
 1443 00d4 00       		.byte	0
 1444 00d5 00       		.byte	0
 1445 00d6 13       		.uleb128 0x13
 1446 00d7 2E       		.uleb128 0x2e
 1447 00d8 01       		.byte	0x1
 1448 00d9 03       		.uleb128 0x3
 1449 00da 0E       		.uleb128 0xe
 1450 00db 3A       		.uleb128 0x3a
 1451 00dc 0B       		.uleb128 0xb
 1452 00dd 3B       		.uleb128 0x3b
 1453 00de 0B       		.uleb128 0xb
 1454 00df 27       		.uleb128 0x27
 1455 00e0 19       		.uleb128 0x19
 1456 00e1 11       		.uleb128 0x11
 1457 00e2 01       		.uleb128 0x1
 1458 00e3 12       		.uleb128 0x12
 1459 00e4 06       		.uleb128 0x6
 1460 00e5 40       		.uleb128 0x40
 1461 00e6 18       		.uleb128 0x18
 1462 00e7 9742     		.uleb128 0x2117
 1463 00e9 19       		.uleb128 0x19
 1464 00ea 01       		.uleb128 0x1
 1465 00eb 13       		.uleb128 0x13
 1466 00ec 00       		.byte	0
 1467 00ed 00       		.byte	0
 1468 00ee 14       		.uleb128 0x14
 1469 00ef 05       		.uleb128 0x5
 1470 00f0 00       		.byte	0
 1471 00f1 03       		.uleb128 0x3
 1472 00f2 08       		.uleb128 0x8
 1473 00f3 3A       		.uleb128 0x3a
 1474 00f4 0B       		.uleb128 0xb
 1475 00f5 3B       		.uleb128 0x3b
 1476 00f6 0B       		.uleb128 0xb
 1477 00f7 49       		.uleb128 0x49
 1478 00f8 13       		.uleb128 0x13
ARM GAS  /tmp/ccseCgEt.s 			page 27


 1479 00f9 02       		.uleb128 0x2
 1480 00fa 17       		.uleb128 0x17
 1481 00fb 00       		.byte	0
 1482 00fc 00       		.byte	0
 1483 00fd 15       		.uleb128 0x15
 1484 00fe 34       		.uleb128 0x34
 1485 00ff 00       		.byte	0
 1486 0100 03       		.uleb128 0x3
 1487 0101 08       		.uleb128 0x8
 1488 0102 3A       		.uleb128 0x3a
 1489 0103 0B       		.uleb128 0xb
 1490 0104 3B       		.uleb128 0x3b
 1491 0105 0B       		.uleb128 0xb
 1492 0106 49       		.uleb128 0x49
 1493 0107 13       		.uleb128 0x13
 1494 0108 02       		.uleb128 0x2
 1495 0109 17       		.uleb128 0x17
 1496 010a 00       		.byte	0
 1497 010b 00       		.byte	0
 1498 010c 16       		.uleb128 0x16
 1499 010d 0B       		.uleb128 0xb
 1500 010e 01       		.byte	0x1
 1501 010f 55       		.uleb128 0x55
 1502 0110 17       		.uleb128 0x17
 1503 0111 01       		.uleb128 0x1
 1504 0112 13       		.uleb128 0x13
 1505 0113 00       		.byte	0
 1506 0114 00       		.byte	0
 1507 0115 17       		.uleb128 0x17
 1508 0116 34       		.uleb128 0x34
 1509 0117 00       		.byte	0
 1510 0118 03       		.uleb128 0x3
 1511 0119 08       		.uleb128 0x8
 1512 011a 3A       		.uleb128 0x3a
 1513 011b 0B       		.uleb128 0xb
 1514 011c 3B       		.uleb128 0x3b
 1515 011d 0B       		.uleb128 0xb
 1516 011e 49       		.uleb128 0x49
 1517 011f 13       		.uleb128 0x13
 1518 0120 02       		.uleb128 0x2
 1519 0121 18       		.uleb128 0x18
 1520 0122 00       		.byte	0
 1521 0123 00       		.byte	0
 1522 0124 18       		.uleb128 0x18
 1523 0125 0B       		.uleb128 0xb
 1524 0126 01       		.byte	0x1
 1525 0127 11       		.uleb128 0x11
 1526 0128 01       		.uleb128 0x1
 1527 0129 12       		.uleb128 0x12
 1528 012a 06       		.uleb128 0x6
 1529 012b 01       		.uleb128 0x1
 1530 012c 13       		.uleb128 0x13
 1531 012d 00       		.byte	0
 1532 012e 00       		.byte	0
 1533 012f 19       		.uleb128 0x19
 1534 0130 898201   		.uleb128 0x4109
 1535 0133 00       		.byte	0
ARM GAS  /tmp/ccseCgEt.s 			page 28


 1536 0134 11       		.uleb128 0x11
 1537 0135 01       		.uleb128 0x1
 1538 0136 31       		.uleb128 0x31
 1539 0137 13       		.uleb128 0x13
 1540 0138 00       		.byte	0
 1541 0139 00       		.byte	0
 1542 013a 1A       		.uleb128 0x1a
 1543 013b 898201   		.uleb128 0x4109
 1544 013e 01       		.byte	0x1
 1545 013f 11       		.uleb128 0x11
 1546 0140 01       		.uleb128 0x1
 1547 0141 31       		.uleb128 0x31
 1548 0142 13       		.uleb128 0x13
 1549 0143 01       		.uleb128 0x1
 1550 0144 13       		.uleb128 0x13
 1551 0145 00       		.byte	0
 1552 0146 00       		.byte	0
 1553 0147 1B       		.uleb128 0x1b
 1554 0148 8A8201   		.uleb128 0x410a
 1555 014b 00       		.byte	0
 1556 014c 02       		.uleb128 0x2
 1557 014d 18       		.uleb128 0x18
 1558 014e 9142     		.uleb128 0x2111
 1559 0150 18       		.uleb128 0x18
 1560 0151 00       		.byte	0
 1561 0152 00       		.byte	0
 1562 0153 1C       		.uleb128 0x1c
 1563 0154 2E       		.uleb128 0x2e
 1564 0155 01       		.byte	0x1
 1565 0156 3F       		.uleb128 0x3f
 1566 0157 19       		.uleb128 0x19
 1567 0158 03       		.uleb128 0x3
 1568 0159 0E       		.uleb128 0xe
 1569 015a 3A       		.uleb128 0x3a
 1570 015b 0B       		.uleb128 0xb
 1571 015c 3B       		.uleb128 0x3b
 1572 015d 0B       		.uleb128 0xb
 1573 015e 27       		.uleb128 0x27
 1574 015f 19       		.uleb128 0x19
 1575 0160 11       		.uleb128 0x11
 1576 0161 01       		.uleb128 0x1
 1577 0162 12       		.uleb128 0x12
 1578 0163 06       		.uleb128 0x6
 1579 0164 40       		.uleb128 0x40
 1580 0165 18       		.uleb128 0x18
 1581 0166 9742     		.uleb128 0x2117
 1582 0168 19       		.uleb128 0x19
 1583 0169 01       		.uleb128 0x1
 1584 016a 13       		.uleb128 0x13
 1585 016b 00       		.byte	0
 1586 016c 00       		.byte	0
 1587 016d 1D       		.uleb128 0x1d
 1588 016e 2E       		.uleb128 0x2e
 1589 016f 00       		.byte	0
 1590 0170 3F       		.uleb128 0x3f
 1591 0171 19       		.uleb128 0x19
 1592 0172 03       		.uleb128 0x3
ARM GAS  /tmp/ccseCgEt.s 			page 29


 1593 0173 0E       		.uleb128 0xe
 1594 0174 3A       		.uleb128 0x3a
 1595 0175 0B       		.uleb128 0xb
 1596 0176 3B       		.uleb128 0x3b
 1597 0177 0B       		.uleb128 0xb
 1598 0178 27       		.uleb128 0x27
 1599 0179 19       		.uleb128 0x19
 1600 017a 3C       		.uleb128 0x3c
 1601 017b 19       		.uleb128 0x19
 1602 017c 00       		.byte	0
 1603 017d 00       		.byte	0
 1604 017e 1E       		.uleb128 0x1e
 1605 017f 2E       		.uleb128 0x2e
 1606 0180 01       		.byte	0x1
 1607 0181 3F       		.uleb128 0x3f
 1608 0182 19       		.uleb128 0x19
 1609 0183 03       		.uleb128 0x3
 1610 0184 0E       		.uleb128 0xe
 1611 0185 3A       		.uleb128 0x3a
 1612 0186 0B       		.uleb128 0xb
 1613 0187 3B       		.uleb128 0x3b
 1614 0188 0B       		.uleb128 0xb
 1615 0189 27       		.uleb128 0x27
 1616 018a 19       		.uleb128 0x19
 1617 018b 3C       		.uleb128 0x3c
 1618 018c 19       		.uleb128 0x19
 1619 018d 01       		.uleb128 0x1
 1620 018e 13       		.uleb128 0x13
 1621 018f 00       		.byte	0
 1622 0190 00       		.byte	0
 1623 0191 1F       		.uleb128 0x1f
 1624 0192 2E       		.uleb128 0x2e
 1625 0193 01       		.byte	0x1
 1626 0194 3F       		.uleb128 0x3f
 1627 0195 19       		.uleb128 0x19
 1628 0196 03       		.uleb128 0x3
 1629 0197 0E       		.uleb128 0xe
 1630 0198 3A       		.uleb128 0x3a
 1631 0199 0B       		.uleb128 0xb
 1632 019a 3B       		.uleb128 0x3b
 1633 019b 0B       		.uleb128 0xb
 1634 019c 27       		.uleb128 0x27
 1635 019d 19       		.uleb128 0x19
 1636 019e 3C       		.uleb128 0x3c
 1637 019f 19       		.uleb128 0x19
 1638 01a0 00       		.byte	0
 1639 01a1 00       		.byte	0
 1640 01a2 00       		.byte	0
 1641              		.section	.debug_loc,"",%progbits
 1642              	.Ldebug_loc0:
 1643              	.LLST0:
 1644 0000 00000000 		.4byte	.LVL0
 1645 0004 0D000000 		.4byte	.LVL2-1
 1646 0008 0100     		.2byte	0x1
 1647 000a 50       		.byte	0x50
 1648 000b 0D000000 		.4byte	.LVL2-1
 1649 000f 30000000 		.4byte	.LVL6
ARM GAS  /tmp/ccseCgEt.s 			page 30


 1650 0013 0100     		.2byte	0x1
 1651 0015 54       		.byte	0x54
 1652 0016 30000000 		.4byte	.LVL6
 1653 001a 34000000 		.4byte	.LFE7
 1654 001e 0400     		.2byte	0x4
 1655 0020 F3       		.byte	0xf3
 1656 0021 01       		.uleb128 0x1
 1657 0022 50       		.byte	0x50
 1658 0023 9F       		.byte	0x9f
 1659 0024 00000000 		.4byte	0
 1660 0028 00000000 		.4byte	0
 1661              	.LLST1:
 1662 002c 06000000 		.4byte	.LVL1
 1663 0030 0D000000 		.4byte	.LVL2-1
 1664 0034 0100     		.2byte	0x1
 1665 0036 50       		.byte	0x50
 1666 0037 0D000000 		.4byte	.LVL2-1
 1667 003b 30000000 		.4byte	.LVL6
 1668 003f 0100     		.2byte	0x1
 1669 0041 54       		.byte	0x54
 1670 0042 30000000 		.4byte	.LVL6
 1671 0046 34000000 		.4byte	.LFE7
 1672 004a 0400     		.2byte	0x4
 1673 004c F3       		.byte	0xf3
 1674 004d 01       		.uleb128 0x1
 1675 004e 50       		.byte	0x50
 1676 004f 9F       		.byte	0x9f
 1677 0050 00000000 		.4byte	0
 1678 0054 00000000 		.4byte	0
 1679              	.LLST2:
 1680 0058 00000000 		.4byte	.LVL7
 1681 005c 0D000000 		.4byte	.LVL8-1
 1682 0060 0100     		.2byte	0x1
 1683 0062 50       		.byte	0x50
 1684 0063 0D000000 		.4byte	.LVL8-1
 1685 0067 36000000 		.4byte	.LVL13
 1686 006b 0100     		.2byte	0x1
 1687 006d 54       		.byte	0x54
 1688 006e 36000000 		.4byte	.LVL13
 1689 0072 3C000000 		.4byte	.LFE8
 1690 0076 0400     		.2byte	0x4
 1691 0078 F3       		.byte	0xf3
 1692 0079 01       		.uleb128 0x1
 1693 007a 50       		.byte	0x50
 1694 007b 9F       		.byte	0x9f
 1695 007c 00000000 		.4byte	0
 1696 0080 00000000 		.4byte	0
 1697              	.LLST3:
 1698 0084 00000000 		.4byte	.LVL14
 1699 0088 0D000000 		.4byte	.LVL15-1
 1700 008c 0100     		.2byte	0x1
 1701 008e 50       		.byte	0x50
 1702 008f 0D000000 		.4byte	.LVL15-1
 1703 0093 24000000 		.4byte	.LFE9
 1704 0097 0100     		.2byte	0x1
 1705 0099 54       		.byte	0x54
 1706 009a 00000000 		.4byte	0
ARM GAS  /tmp/ccseCgEt.s 			page 31


 1707 009e 00000000 		.4byte	0
 1708              		.section	.debug_aranges,"",%progbits
 1709 0000 2C000000 		.4byte	0x2c
 1710 0004 0200     		.2byte	0x2
 1711 0006 00000000 		.4byte	.Ldebug_info0
 1712 000a 04       		.byte	0x4
 1713 000b 00       		.byte	0
 1714 000c 0000     		.2byte	0
 1715 000e 0000     		.2byte	0
 1716 0010 00000000 		.4byte	.LFB7
 1717 0014 34000000 		.4byte	.LFE7-.LFB7
 1718 0018 00000000 		.4byte	.LFB8
 1719 001c 3C000000 		.4byte	.LFE8-.LFB8
 1720 0020 00000000 		.4byte	.LFB9
 1721 0024 24000000 		.4byte	.LFE9-.LFB9
 1722 0028 00000000 		.4byte	0
 1723 002c 00000000 		.4byte	0
 1724              		.section	.debug_ranges,"",%progbits
 1725              	.Ldebug_ranges0:
 1726 0000 02000000 		.4byte	.LBB2
 1727 0004 04000000 		.4byte	.LBE2
 1728 0008 06000000 		.4byte	.LBB3
 1729 000c 0A000000 		.4byte	.LBE3
 1730 0010 00000000 		.4byte	0
 1731 0014 00000000 		.4byte	0
 1732 0018 02000000 		.4byte	.LBB5
 1733 001c 04000000 		.4byte	.LBE5
 1734 0020 06000000 		.4byte	.LBB6
 1735 0024 0A000000 		.4byte	.LBE6
 1736 0028 00000000 		.4byte	0
 1737 002c 00000000 		.4byte	0
 1738 0030 16000000 		.4byte	.LBB7
 1739 0034 1E000000 		.4byte	.LBE7
 1740 0038 2E000000 		.4byte	.LBB8
 1741 003c 3C000000 		.4byte	.LBE8
 1742 0040 00000000 		.4byte	0
 1743 0044 00000000 		.4byte	0
 1744 0048 02000000 		.4byte	.LBB9
 1745 004c 04000000 		.4byte	.LBE9
 1746 0050 06000000 		.4byte	.LBB10
 1747 0054 0A000000 		.4byte	.LBE10
 1748 0058 00000000 		.4byte	0
 1749 005c 00000000 		.4byte	0
 1750 0060 00000000 		.4byte	.LFB7
 1751 0064 34000000 		.4byte	.LFE7
 1752 0068 00000000 		.4byte	.LFB8
 1753 006c 3C000000 		.4byte	.LFE8
 1754 0070 00000000 		.4byte	.LFB9
 1755 0074 24000000 		.4byte	.LFE9
 1756 0078 00000000 		.4byte	0
 1757 007c 00000000 		.4byte	0
 1758              		.section	.debug_line,"",%progbits
 1759              	.Ldebug_line0:
 1760 0000 89010000 		.section	.debug_str,"MS",%progbits,1
 1760      02003B01 
 1760      00000201 
 1760      FB0E0D00 
ARM GAS  /tmp/ccseCgEt.s 			page 32


 1760      01010101 
 1761              	.LASF80:
 1762 0000 65745F69 		.ascii	"et_interval\000"
 1762      6E746572 
 1762      76616C00 
 1763              	.LASF43:
 1764 000c 705F6D73 		.ascii	"p_msg\000"
 1764      6700
 1765              	.LASF73:
 1766 0012 7264796D 		.ascii	"rdymsg\000"
 1766      736700
 1767              	.LASF16:
 1768 0019 75696E74 		.ascii	"uint64_t\000"
 1768      36345F74 
 1768      00
 1769              	.LASF5:
 1770 0022 5F5F7569 		.ascii	"__uint8_t\000"
 1770      6E74385F 
 1770      7400
 1771              	.LASF12:
 1772 002c 6C6F6E67 		.ascii	"long long unsigned int\000"
 1772      206C6F6E 
 1772      6720756E 
 1772      7369676E 
 1772      65642069 
 1773              	.LASF82:
 1774 0043 65767453 		.ascii	"evtStart\000"
 1774      74617274 
 1774      00
 1775              	.LASF30:
 1776 004c 705F7072 		.ascii	"p_prio\000"
 1776      696F00
 1777              	.LASF10:
 1778 0053 6C6F6E67 		.ascii	"long long int\000"
 1778      206C6F6E 
 1778      6720696E 
 1778      7400
 1779              	.LASF1:
 1780 0061 7369676E 		.ascii	"signed char\000"
 1780      65642063 
 1780      68617200 
 1781              	.LASF81:
 1782 006d 45765469 		.ascii	"EvTimer\000"
 1782      6D657200 
 1783              	.LASF87:
 1784 0075 6462675F 		.ascii	"dbg_check_unlock_from_isr\000"
 1784      63686563 
 1784      6B5F756E 
 1784      6C6F636B 
 1784      5F66726F 
 1785              	.LASF47:
 1786 008f 705F6D70 		.ascii	"p_mpool\000"
 1786      6F6F6C00 
 1787              	.LASF63:
 1788 0097 6D5F7175 		.ascii	"m_queue\000"
 1788      65756500 
 1789              	.LASF21:
ARM GAS  /tmp/ccseCgEt.s 			page 33


 1790 009f 74736C69 		.ascii	"tslices_t\000"
 1790      6365735F 
 1790      7400
 1791              	.LASF7:
 1792 00a9 6C6F6E67 		.ascii	"long int\000"
 1792      20696E74 
 1792      00
 1793              	.LASF19:
 1794 00b2 74737461 		.ascii	"tstate_t\000"
 1794      74655F74 
 1794      00
 1795              	.LASF84:
 1796 00bb 63684576 		.ascii	"chEvtBroadcastFlagsI\000"
 1796      7442726F 
 1796      61646361 
 1796      7374466C 
 1796      61677349 
 1797              	.LASF32:
 1798 00d0 705F6E65 		.ascii	"p_newer\000"
 1798      77657200 
 1799              	.LASF74:
 1800 00d8 65786974 		.ascii	"exitcode\000"
 1800      636F6465 
 1800      00
 1801              	.LASF8:
 1802 00e1 5F5F7569 		.ascii	"__uint32_t\000"
 1802      6E743332 
 1802      5F7400
 1803              	.LASF50:
 1804 00ec 72656761 		.ascii	"regarm_t\000"
 1804      726D5F74 
 1804      00
 1805              	.LASF58:
 1806 00f5 76745F70 		.ascii	"vt_prev\000"
 1806      72657600 
 1807              	.LASF71:
 1808 00fd 4576656E 		.ascii	"EventSource\000"
 1808      74536F75 
 1808      72636500 
 1809              	.LASF91:
 1810 0109 2E2E2F2E 		.ascii	"../../../../os/various/evtimer.c\000"
 1810      2E2F2E2E 
 1810      2F2E2E2F 
 1810      6F732F76 
 1810      6172696F 
 1811              	.LASF35:
 1812 012a 705F7374 		.ascii	"p_stklimit\000"
 1812      6B6C696D 
 1812      697400
 1813              	.LASF0:
 1814 0135 756E7369 		.ascii	"unsigned int\000"
 1814      676E6564 
 1814      20696E74 
 1814      00
 1815              	.LASF57:
 1816 0142 76745F6E 		.ascii	"vt_next\000"
 1816      65787400 
ARM GAS  /tmp/ccseCgEt.s 			page 34


 1817              	.LASF42:
 1818 014a 705F6D73 		.ascii	"p_msgqueue\000"
 1818      67717565 
 1818      756500
 1819              	.LASF9:
 1820 0155 6C6F6E67 		.ascii	"long unsigned int\000"
 1820      20756E73 
 1820      69676E65 
 1820      6420696E 
 1820      7400
 1821              	.LASF55:
 1822 0167 76746675 		.ascii	"vtfunc_t\000"
 1822      6E635F74 
 1822      00
 1823              	.LASF56:
 1824 0170 56697274 		.ascii	"VirtualTimer\000"
 1824      75616C54 
 1824      696D6572 
 1824      00
 1825              	.LASF53:
 1826 017d 636F6E74 		.ascii	"context\000"
 1826      65787400 
 1827              	.LASF4:
 1828 0185 73686F72 		.ascii	"short unsigned int\000"
 1828      7420756E 
 1828      7369676E 
 1828      65642069 
 1828      6E7400
 1829              	.LASF23:
 1830 0198 6D73675F 		.ascii	"msg_t\000"
 1830      7400
 1831              	.LASF67:
 1832 019e 656C5F6E 		.ascii	"el_next\000"
 1832      65787400 
 1833              	.LASF18:
 1834 01a6 746D6F64 		.ascii	"tmode_t\000"
 1834      655F7400 
 1835              	.LASF49:
 1836 01ae 54687265 		.ascii	"ThreadsList\000"
 1836      6164734C 
 1836      69737400 
 1837              	.LASF24:
 1838 01ba 6576656E 		.ascii	"eventmask_t\000"
 1838      746D6173 
 1838      6B5F7400 
 1839              	.LASF62:
 1840 01c6 4D757465 		.ascii	"Mutex\000"
 1840      7800
 1841              	.LASF51:
 1842 01cc 73746B61 		.ascii	"stkalign_t\000"
 1842      6C69676E 
 1842      5F7400
 1843              	.LASF59:
 1844 01d7 76745F74 		.ascii	"vt_time\000"
 1844      696D6500 
 1845              	.LASF89:
 1846 01df 6462675F 		.ascii	"dbg_check_unlock\000"
ARM GAS  /tmp/ccseCgEt.s 			page 35


 1846      63686563 
 1846      6B5F756E 
 1846      6C6F636B 
 1846      00
 1847              	.LASF79:
 1848 01f0 65745F65 		.ascii	"et_es\000"
 1848      7300
 1849              	.LASF54:
 1850 01f6 73697A65 		.ascii	"sizetype\000"
 1850      74797065 
 1850      00
 1851              	.LASF60:
 1852 01ff 76745F66 		.ascii	"vt_func\000"
 1852      756E6300 
 1853              	.LASF85:
 1854 0207 63685654 		.ascii	"chVTSetI\000"
 1854      53657449 
 1854      00
 1855              	.LASF33:
 1856 0210 705F6F6C 		.ascii	"p_older\000"
 1856      64657200 
 1857              	.LASF48:
 1858 0218 54687265 		.ascii	"ThreadsQueue\000"
 1858      61647351 
 1858      75657565 
 1858      00
 1859              	.LASF88:
 1860 0225 6462675F 		.ascii	"dbg_check_lock\000"
 1860      63686563 
 1860      6B5F6C6F 
 1860      636B00
 1861              	.LASF69:
 1862 0234 656C5F6D 		.ascii	"el_mask\000"
 1862      61736B00 
 1863              	.LASF11:
 1864 023c 5F5F7569 		.ascii	"__uint64_t\000"
 1864      6E743634 
 1864      5F7400
 1865              	.LASF20:
 1866 0247 74726566 		.ascii	"trefs_t\000"
 1866      735F7400 
 1867              	.LASF29:
 1868 024f 705F7072 		.ascii	"p_prev\000"
 1868      657600
 1869              	.LASF22:
 1870 0256 74707269 		.ascii	"tprio_t\000"
 1870      6F5F7400 
 1871              	.LASF17:
 1872 025e 5F426F6F 		.ascii	"_Bool\000"
 1872      6C00
 1873              	.LASF14:
 1874 0264 696E7433 		.ascii	"int32_t\000"
 1874      325F7400 
 1875              	.LASF2:
 1876 026c 756E7369 		.ascii	"unsigned char\000"
 1876      676E6564 
 1876      20636861 
ARM GAS  /tmp/ccseCgEt.s 			page 36


 1876      7200
 1877              	.LASF68:
 1878 027a 656C5F6C 		.ascii	"el_listener\000"
 1878      69737465 
 1878      6E657200 
 1879              	.LASF70:
 1880 0286 656C5F66 		.ascii	"el_flags\000"
 1880      6C616773 
 1880      00
 1881              	.LASF45:
 1882 028f 705F6D74 		.ascii	"p_mtxlist\000"
 1882      786C6973 
 1882      7400
 1883              	.LASF3:
 1884 0299 73686F72 		.ascii	"short int\000"
 1884      7420696E 
 1884      7400
 1885              	.LASF36:
 1886 02a3 705F7374 		.ascii	"p_state\000"
 1886      61746500 
 1887              	.LASF39:
 1888 02ab 705F7072 		.ascii	"p_preempt\000"
 1888      65656D70 
 1888      7400
 1889              	.LASF76:
 1890 02b5 65776D61 		.ascii	"ewmask\000"
 1890      736B00
 1891              	.LASF28:
 1892 02bc 705F6E65 		.ascii	"p_next\000"
 1892      787400
 1893              	.LASF37:
 1894 02c3 705F666C 		.ascii	"p_flags\000"
 1894      61677300 
 1895              	.LASF27:
 1896 02cb 54687265 		.ascii	"Thread\000"
 1896      616400
 1897              	.LASF94:
 1898 02d2 63685654 		.ascii	"chVTResetI\000"
 1898      52657365 
 1898      744900
 1899              	.LASF44:
 1900 02dd 705F6570 		.ascii	"p_epending\000"
 1900      656E6469 
 1900      6E6700
 1901              	.LASF15:
 1902 02e8 75696E74 		.ascii	"uint32_t\000"
 1902      33325F74 
 1902      00
 1903              	.LASF77:
 1904 02f1 63686172 		.ascii	"char\000"
 1904      00
 1905              	.LASF93:
 1906 02f6 746D7263 		.ascii	"tmrcb\000"
 1906      6200
 1907              	.LASF65:
 1908 02fc 6D5F6E65 		.ascii	"m_next\000"
 1908      787400
ARM GAS  /tmp/ccseCgEt.s 			page 37


 1909              	.LASF26:
 1910 0303 73797374 		.ascii	"systime_t\000"
 1910      696D655F 
 1910      7400
 1911              	.LASF46:
 1912 030d 705F7265 		.ascii	"p_realprio\000"
 1912      616C7072 
 1912      696F00
 1913              	.LASF6:
 1914 0318 5F5F696E 		.ascii	"__int32_t\000"
 1914      7433325F 
 1914      7400
 1915              	.LASF83:
 1916 0322 65767453 		.ascii	"evtStop\000"
 1916      746F7000 
 1917              	.LASF40:
 1918 032a 705F7469 		.ascii	"p_time\000"
 1918      6D6500
 1919              	.LASF52:
 1920 0331 696E7463 		.ascii	"intctx\000"
 1920      747800
 1921              	.LASF92:
 1922 0338 2F686F6D 		.ascii	"/home/jordyaw/Documents/referensi/coba/ChibiOS_2.5."
 1922      652F6A6F 
 1922      72647961 
 1922      772F446F 
 1922      63756D65 
 1923 036b 32782F74 		.ascii	"2x/testhal/STM32F30x/WSC/board joule\000"
 1923      65737468 
 1923      616C2F53 
 1923      544D3332 
 1923      46333078 
 1924              	.LASF90:
 1925 0390 474E5520 		.ascii	"GNU C 4.8.3 -mcpu=cortex-m4 -mfloat-abi=softfp -mfp"
 1925      4320342E 
 1925      382E3320 
 1925      2D6D6370 
 1925      753D636F 
 1926 03c3 753D6670 		.ascii	"u=fpv4-sp-d16 -mno-thumb-interwork -mthumb -ggdb -O"
 1926      76342D73 
 1926      702D6431 
 1926      36202D6D 
 1926      6E6F2D74 
 1927 03f6 32202D66 		.ascii	"2 -fomit-frame-pointer -falign-functions=16 -fsingl"
 1927      6F6D6974 
 1927      2D667261 
 1927      6D652D70 
 1927      6F696E74 
 1928 0429 652D7072 		.ascii	"e-precision-constant -ffunction-sections -fdata-sec"
 1928      65636973 
 1928      696F6E2D 
 1928      636F6E73 
 1928      74616E74 
 1929 045c 74696F6E 		.ascii	"tions -fno-common\000"
 1929      73202D66 
 1929      6E6F2D63 
 1929      6F6D6D6F 
ARM GAS  /tmp/ccseCgEt.s 			page 38


 1929      6E00
 1930              	.LASF61:
 1931 046e 76745F70 		.ascii	"vt_par\000"
 1931      617200
 1932              	.LASF25:
 1933 0475 666C6167 		.ascii	"flagsmask_t\000"
 1933      736D6173 
 1933      6B5F7400 
 1934              	.LASF38:
 1935 0481 705F7265 		.ascii	"p_refs\000"
 1935      667300
 1936              	.LASF13:
 1937 0488 75696E74 		.ascii	"uint8_t\000"
 1937      385F7400 
 1938              	.LASF86:
 1939 0490 6462675F 		.ascii	"dbg_check_lock_from_isr\000"
 1939      63686563 
 1939      6B5F6C6F 
 1939      636B5F66 
 1939      726F6D5F 
 1940              	.LASF66:
 1941 04a8 4576656E 		.ascii	"EventListener\000"
 1941      744C6973 
 1941      74656E65 
 1941      7200
 1942              	.LASF75:
 1943 04b6 77746F62 		.ascii	"wtobjp\000"
 1943      6A7000
 1944              	.LASF34:
 1945 04bd 705F6E61 		.ascii	"p_name\000"
 1945      6D6500
 1946              	.LASF72:
 1947 04c4 65735F6E 		.ascii	"es_next\000"
 1947      65787400 
 1948              	.LASF78:
 1949 04cc 65745F76 		.ascii	"et_vt\000"
 1949      7400
 1950              	.LASF64:
 1951 04d2 6D5F6F77 		.ascii	"m_owner\000"
 1951      6E657200 
 1952              	.LASF31:
 1953 04da 705F6374 		.ascii	"p_ctx\000"
 1953      7800
 1954              	.LASF41:
 1955 04e0 705F7761 		.ascii	"p_waiting\000"
 1955      6974696E 
 1955      6700
 1956              		.ident	"GCC: (4.8.3-18ubuntu2+12) 4.8.3"
ARM GAS  /tmp/ccseCgEt.s 			page 39


DEFINED SYMBOLS
                            *ABS*:0000000000000000 evtimer.c
     /tmp/ccseCgEt.s:20     .text.tmrcb:0000000000000000 $t
     /tmp/ccseCgEt.s:25     .text.tmrcb:0000000000000000 tmrcb
     /tmp/ccseCgEt.s:79     .text.tmrcb:0000000000000030 $d
     /tmp/ccseCgEt.s:85     .text.evtStart:0000000000000000 $t
     /tmp/ccseCgEt.s:91     .text.evtStart:0000000000000000 evtStart
     /tmp/ccseCgEt.s:154    .text.evtStart:0000000000000038 $d
     /tmp/ccseCgEt.s:160    .text.evtStop:0000000000000000 $t
     /tmp/ccseCgEt.s:166    .text.evtStop:0000000000000000 evtStop
                     .debug_frame:0000000000000010 $d
     /tmp/ccseCgEt.s:84     .text.tmrcb:0000000000000034 $t
     /tmp/ccseCgEt.s:159    .text.evtStart:000000000000003c $t

UNDEFINED SYMBOLS
dbg_check_lock_from_isr
chEvtBroadcastFlagsI
chVTSetI
dbg_check_unlock_from_isr
dbg_check_lock
dbg_check_unlock
chVTResetI
