ARM GAS  /tmp/ccFlqs6k.s 			page 1


   1              		.syntax unified
   2              		.cpu cortex-m4
   3              		.eabi_attribute 27, 3
   4              		.fpu fpv4-sp-d16
   5              		.eabi_attribute 20, 1
   6              		.eabi_attribute 21, 1
   7              		.eabi_attribute 23, 3
   8              		.eabi_attribute 24, 1
   9              		.eabi_attribute 25, 1
  10              		.eabi_attribute 26, 1
  11              		.eabi_attribute 30, 2
  12              		.eabi_attribute 34, 1
  13              		.eabi_attribute 18, 4
  14              		.thumb
  15              		.file	"hal.c"
  16              		.text
  17              	.Ltext0:
  18              		.cfi_sections	.debug_frame
  19              		.section	.text.halInit,"ax",%progbits
  20              		.align	2
  21              		.p2align 4,,15
  22              		.global	halInit
  23              		.thumb
  24              		.thumb_func
  25              		.type	halInit, %function
  26              	halInit:
  27              	.LFB118:
  28              		.file 1 "../../../../os/hal/src/hal.c"
  29              		.loc 1 61 0
  30              		.cfi_startproc
  31              		@ args = 0, pretend = 0, frame = 0
  32              		@ frame_needed = 0, uses_anonymous_args = 0
  33 0000 08B5     		push	{r3, lr}
  34              		.cfi_def_cfa_offset 8
  35              		.cfi_offset 3, -8
  36              		.cfi_offset 14, -4
  37              		.loc 1 63 0
  38 0002 FFF7FEFF 		bl	hal_lld_init
  39              	.LVL0:
  40              		.loc 1 66 0
  41 0006 FFF7FEFF 		bl	tmInit
  42              	.LVL1:
  43              		.loc 1 69 0
  44 000a 0A48     		ldr	r0, .L2
  45 000c FFF7FEFF 		bl	_pal_lld_init
  46              	.LVL2:
  47              		.loc 1 72 0
  48 0010 FFF7FEFF 		bl	adcInit
  49              	.LVL3:
  50              		.loc 1 75 0
  51 0014 FFF7FEFF 		bl	canInit
  52              	.LVL4:
  53              		.loc 1 87 0
  54 0018 FFF7FEFF 		bl	icuInit
  55              	.LVL5:
  56              		.loc 1 93 0
  57 001c FFF7FEFF 		bl	pwmInit
ARM GAS  /tmp/ccFlqs6k.s 			page 2


  58              	.LVL6:
  59              		.loc 1 96 0
  60 0020 FFF7FEFF 		bl	sdInit
  61              	.LVL7:
  62              		.loc 1 108 0
  63 0024 FFF7FEFF 		bl	usbInit
  64              	.LVL8:
  65              		.loc 1 114 0
  66 0028 FFF7FEFF 		bl	sduInit
  67              	.LVL9:
  68              		.loc 1 121 0
  69 002c BDE80840 		pop	{r3, lr}
  70              		.loc 1 120 0
  71 0030 FFF7FEBF 		b	boardInit
  72              	.LVL10:
  73              	.L3:
  74              		.align	2
  75              	.L2:
  76 0034 00000000 		.word	pal_default_config
  77              		.cfi_endproc
  78              	.LFE118:
  79              		.size	halInit, .-halInit
  80 0038 AFF30080 		.section	.text.halIsCounterWithin,"ax",%progbits
  80      AFF30080 
  81              		.align	2
  82              		.p2align 4,,15
  83              		.global	halIsCounterWithin
  84              		.thumb
  85              		.thumb_func
  86              		.type	halIsCounterWithin, %function
  87              	halIsCounterWithin:
  88              	.LFB119:
  89              		.loc 1 167 0
  90              		.cfi_startproc
  91              		@ args = 0, pretend = 0, frame = 0
  92              		@ frame_needed = 0, uses_anonymous_args = 0
  93              		@ link register save eliminated.
  94              	.LVL11:
  95              		.loc 1 168 0
  96 0000 084B     		ldr	r3, .L13
  97              		.loc 1 170 0
  98 0002 8142     		cmp	r1, r0
  99              		.loc 1 168 0
 100 0004 5B68     		ldr	r3, [r3, #4]
 101              	.LVL12:
 102              		.loc 1 170 0
 103 0006 06D9     		bls	.L5
 104              		.loc 1 170 0 is_stmt 0 discriminator 1
 105 0008 8342     		cmp	r3, r0
 106 000a 08D3     		bcc	.L9
 107              	.L11:
 108 000c 8B42     		cmp	r3, r1
 109 000e 2CBF     		ite	cs
 110 0010 0020     		movcs	r0, #0
 111              	.LVL13:
 112 0012 0120     		movcc	r0, #1
 113 0014 7047     		bx	lr
ARM GAS  /tmp/ccFlqs6k.s 			page 3


 114              	.LVL14:
 115              	.L5:
 116              		.loc 1 171 0 is_stmt 1
 117 0016 8342     		cmp	r3, r0
 118 0018 F8D3     		bcc	.L11
 119 001a 0120     		movs	r0, #1
 120              	.LVL15:
 121              		.loc 1 172 0
 122 001c 7047     		bx	lr
 123              	.LVL16:
 124              	.L9:
 125 001e 0020     		movs	r0, #0
 126              	.LVL17:
 127 0020 7047     		bx	lr
 128              	.L14:
 129 0022 00BF     		.align	2
 130              	.L13:
 131 0024 001000E0 		.word	-536866816
 132              		.cfi_endproc
 133              	.LFE119:
 134              		.size	halIsCounterWithin, .-halIsCounterWithin
 135 0028 AFF30080 		.section	.text.halPolledDelay,"ax",%progbits
 135      AFF30080 
 136              		.align	2
 137              		.p2align 4,,15
 138              		.global	halPolledDelay
 139              		.thumb
 140              		.thumb_func
 141              		.type	halPolledDelay, %function
 142              	halPolledDelay:
 143              	.LFB120:
 144              		.loc 1 186 0
 145              		.cfi_startproc
 146              		@ args = 0, pretend = 0, frame = 0
 147              		@ frame_needed = 0, uses_anonymous_args = 0
 148              		@ link register save eliminated.
 149              	.LVL18:
 150              		.loc 1 187 0
 151 0000 0C49     		ldr	r1, .L26
 152 0002 4A68     		ldr	r2, [r1, #4]
 153              	.LVL19:
 154              		.loc 1 188 0
 155 0004 1044     		add	r0, r0, r2
 156              	.LVL20:
 157              	.L21:
 158              	.LBB4:
 159              	.LBB5:
 160              		.loc 1 170 0 discriminator 1
 161 0006 8242     		cmp	r2, r0
 162              		.loc 1 168 0 discriminator 1
 163 0008 4B68     		ldr	r3, [r1, #4]
 164              	.LVL21:
 165              		.loc 1 170 0 discriminator 1
 166 000a 0CD2     		bcs	.L16
 167              		.loc 1 170 0 is_stmt 0
 168 000c 9A42     		cmp	r2, r3
 169 000e 03D9     		bls	.L24
ARM GAS  /tmp/ccFlqs6k.s 			page 4


 170 0010 0023     		movs	r3, #0
 171              	.LVL22:
 172              	.LBE5:
 173              	.LBE4:
 174              		.loc 1 189 0 is_stmt 1
 175 0012 002B     		cmp	r3, #0
 176 0014 F7D1     		bne	.L21
 177              	.L25:
 178              		.loc 1 191 0
 179 0016 7047     		bx	lr
 180              	.LVL23:
 181              	.L24:
 182 0018 9842     		cmp	r0, r3
 183 001a 94BF     		ite	ls
 184 001c 0023     		movls	r3, #0
 185              	.LVL24:
 186 001e 0123     		movhi	r3, #1
 187              		.loc 1 189 0
 188 0020 002B     		cmp	r3, #0
 189 0022 F0D1     		bne	.L21
 190 0024 F7E7     		b	.L25
 191              	.LVL25:
 192              	.L16:
 193              	.LBB7:
 194              	.LBB6:
 195              		.loc 1 171 0
 196 0026 9A42     		cmp	r2, r3
 197 0028 F6D8     		bhi	.L24
 198 002a 0123     		movs	r3, #1
 199              	.LVL26:
 200              	.LBE6:
 201              	.LBE7:
 202              		.loc 1 189 0
 203 002c 002B     		cmp	r3, #0
 204 002e EAD1     		bne	.L21
 205 0030 F1E7     		b	.L25
 206              	.L27:
 207 0032 00BF     		.align	2
 208              	.L26:
 209 0034 001000E0 		.word	-536866816
 210              		.cfi_endproc
 211              	.LFE120:
 212              		.size	halPolledDelay, .-halPolledDelay
 213 0038 AFF30080 		.text
 213      AFF30080 
 214              	.Letext0:
 215              		.file 2 "/usr/include/newlib/machine/_default_types.h"
 216              		.file 3 "/usr/include/newlib/stdint.h"
 217              		.file 4 "../../../../os/ports/GCC/ARMCMx/chtypes.h"
 218              		.file 5 "../../../../os/ports/common/ARMCMx/nvic.h"
 219              		.file 6 "../../../../os/hal/platforms/STM32F30x/hal_lld.h"
 220              		.file 7 "../../../../os/hal/platforms/STM32/pal_lld.h"
 221              		.file 8 "../../../../os/ports/common/ARMCMx/CMSIS/include/core_cm4.h"
 222              		.file 9 "../../../../os/hal/include/tm.h"
 223              		.file 10 "../../../../os/hal/include/adc.h"
 224              		.file 11 "../../../../os/hal/include/can.h"
 225              		.file 12 "../../../../os/hal/include/icu.h"
ARM GAS  /tmp/ccFlqs6k.s 			page 5


 226              		.file 13 "../../../../os/hal/include/pwm.h"
 227              		.file 14 "../../../../os/hal/include/serial.h"
 228              		.file 15 "../../../../os/hal/include/usb.h"
 229              		.file 16 "../../../../os/hal/include/serial_usb.h"
 230              		.file 17 "../../../../boards/ST_STM32F3_DISCOVERY/board.h"
 231              		.section	.debug_info,"",%progbits
 232              	.Ldebug_info0:
 233 0000 D8030000 		.4byte	0x3d8
 234 0004 0400     		.2byte	0x4
 235 0006 00000000 		.4byte	.Ldebug_abbrev0
 236 000a 04       		.byte	0x4
 237 000b 01       		.uleb128 0x1
 238 000c 11010000 		.4byte	.LASF58
 239 0010 01       		.byte	0x1
 240 0011 DF000000 		.4byte	.LASF59
 241 0015 93020000 		.4byte	.LASF60
 242 0019 18000000 		.4byte	.Ldebug_ranges0+0x18
 243 001d 00000000 		.4byte	0
 244 0021 00000000 		.4byte	.Ldebug_line0
 245 0025 02       		.uleb128 0x2
 246 0026 04       		.byte	0x4
 247 0027 05       		.byte	0x5
 248 0028 696E7400 		.ascii	"int\000"
 249 002c 03       		.uleb128 0x3
 250 002d 04       		.byte	0x4
 251 002e 07       		.byte	0x7
 252 002f 60030000 		.4byte	.LASF0
 253 0033 03       		.uleb128 0x3
 254 0034 01       		.byte	0x1
 255 0035 06       		.byte	0x6
 256 0036 F4010000 		.4byte	.LASF1
 257 003a 03       		.uleb128 0x3
 258 003b 01       		.byte	0x1
 259 003c 08       		.byte	0x8
 260 003d 03010000 		.4byte	.LASF2
 261 0041 03       		.uleb128 0x3
 262 0042 02       		.byte	0x2
 263 0043 05       		.byte	0x5
 264 0044 27000000 		.4byte	.LASF3
 265 0048 03       		.uleb128 0x3
 266 0049 02       		.byte	0x2
 267 004a 07       		.byte	0x7
 268 004b 4D020000 		.4byte	.LASF4
 269 004f 04       		.uleb128 0x4
 270 0050 A6000000 		.4byte	.LASF6
 271 0054 02       		.byte	0x2
 272 0055 3F       		.byte	0x3f
 273 0056 5A000000 		.4byte	0x5a
 274 005a 03       		.uleb128 0x3
 275 005b 04       		.byte	0x4
 276 005c 05       		.byte	0x5
 277 005d B8000000 		.4byte	.LASF5
 278 0061 04       		.uleb128 0x4
 279 0062 56000000 		.4byte	.LASF7
 280 0066 02       		.byte	0x2
 281 0067 41       		.byte	0x41
 282 0068 6C000000 		.4byte	0x6c
ARM GAS  /tmp/ccFlqs6k.s 			page 6


 283 006c 03       		.uleb128 0x3
 284 006d 04       		.byte	0x4
 285 006e 07       		.byte	0x7
 286 006f 01030000 		.4byte	.LASF8
 287 0073 03       		.uleb128 0x3
 288 0074 08       		.byte	0x8
 289 0075 05       		.byte	0x5
 290 0076 89000000 		.4byte	.LASF9
 291 007a 03       		.uleb128 0x3
 292 007b 08       		.byte	0x8
 293 007c 07       		.byte	0x7
 294 007d 00020000 		.4byte	.LASF10
 295 0081 04       		.uleb128 0x4
 296 0082 65020000 		.4byte	.LASF11
 297 0086 03       		.byte	0x3
 298 0087 41       		.byte	0x41
 299 0088 4F000000 		.4byte	0x4f
 300 008c 04       		.uleb128 0x4
 301 008d 17020000 		.4byte	.LASF12
 302 0091 03       		.byte	0x3
 303 0092 42       		.byte	0x42
 304 0093 61000000 		.4byte	0x61
 305 0097 04       		.uleb128 0x4
 306 0098 6D020000 		.4byte	.LASF13
 307 009c 04       		.byte	0x4
 308 009d 24       		.byte	0x24
 309 009e A2000000 		.4byte	0xa2
 310 00a2 03       		.uleb128 0x3
 311 00a3 01       		.byte	0x1
 312 00a4 02       		.byte	0x2
 313 00a5 85020000 		.4byte	.LASF14
 314 00a9 04       		.uleb128 0x4
 315 00aa 7A000000 		.4byte	.LASF15
 316 00ae 05       		.byte	0x5
 317 00af 33       		.byte	0x33
 318 00b0 B4000000 		.4byte	0xb4
 319 00b4 05       		.uleb128 0x5
 320 00b5 8C000000 		.4byte	0x8c
 321 00b9 03       		.uleb128 0x3
 322 00ba 04       		.byte	0x4
 323 00bb 07       		.byte	0x7
 324 00bc 31000000 		.4byte	.LASF16
 325 00c0 06       		.uleb128 0x6
 326 00c1 20       		.byte	0x20
 327 00c2 05       		.byte	0x5
 328 00c3 FF       		.byte	0xff
 329 00c4 31010000 		.4byte	0x131
 330 00c8 07       		.uleb128 0x7
 331 00c9 EF010000 		.4byte	.LASF17
 332 00cd 05       		.byte	0x5
 333 00ce 0001     		.2byte	0x100
 334 00d0 A9000000 		.4byte	0xa9
 335 00d4 00       		.byte	0
 336 00d5 07       		.uleb128 0x7
 337 00d6 9F000000 		.4byte	.LASF18
 338 00da 05       		.byte	0x5
 339 00db 0101     		.2byte	0x101
ARM GAS  /tmp/ccFlqs6k.s 			page 7


 340 00dd A9000000 		.4byte	0xa9
 341 00e1 04       		.byte	0x4
 342 00e2 07       		.uleb128 0x7
 343 00e3 FA020000 		.4byte	.LASF19
 344 00e7 05       		.byte	0x5
 345 00e8 0201     		.2byte	0x102
 346 00ea A9000000 		.4byte	0xa9
 347 00ee 08       		.byte	0x8
 348 00ef 07       		.uleb128 0x7
 349 00f0 88030000 		.4byte	.LASF20
 350 00f4 05       		.byte	0x5
 351 00f5 0301     		.2byte	0x103
 352 00f7 A9000000 		.4byte	0xa9
 353 00fb 0C       		.byte	0xc
 354 00fc 07       		.uleb128 0x7
 355 00fd 1E030000 		.4byte	.LASF21
 356 0101 05       		.byte	0x5
 357 0102 0401     		.2byte	0x104
 358 0104 A9000000 		.4byte	0xa9
 359 0108 10       		.byte	0x10
 360 0109 07       		.uleb128 0x7
 361 010a 2D030000 		.4byte	.LASF22
 362 010e 05       		.byte	0x5
 363 010f 0501     		.2byte	0x105
 364 0111 A9000000 		.4byte	0xa9
 365 0115 14       		.byte	0x14
 366 0116 07       		.uleb128 0x7
 367 0117 46000000 		.4byte	.LASF23
 368 011b 05       		.byte	0x5
 369 011c 0601     		.2byte	0x106
 370 011e A9000000 		.4byte	0xa9
 371 0122 18       		.byte	0x18
 372 0123 07       		.uleb128 0x7
 373 0124 41000000 		.4byte	.LASF24
 374 0128 05       		.byte	0x5
 375 0129 0701     		.2byte	0x107
 376 012b A9000000 		.4byte	0xa9
 377 012f 1C       		.byte	0x1c
 378 0130 00       		.byte	0
 379 0131 08       		.uleb128 0x8
 380 0132 EB020000 		.4byte	.LASF25
 381 0136 05       		.byte	0x5
 382 0137 0801     		.2byte	0x108
 383 0139 C0000000 		.4byte	0xc0
 384 013d 03       		.uleb128 0x3
 385 013e 01       		.byte	0x1
 386 013f 08       		.byte	0x8
 387 0140 60020000 		.4byte	.LASF26
 388 0144 05       		.uleb128 0x5
 389 0145 81000000 		.4byte	0x81
 390 0149 08       		.uleb128 0x8
 391 014a 13030000 		.4byte	.LASF27
 392 014e 06       		.byte	0x6
 393 014f 4004     		.2byte	0x440
 394 0151 8C000000 		.4byte	0x8c
 395 0155 06       		.uleb128 0x6
 396 0156 1C       		.byte	0x1c
ARM GAS  /tmp/ccFlqs6k.s 			page 8


 397 0157 07       		.byte	0x7
 398 0158 A3       		.byte	0xa3
 399 0159 B2010000 		.4byte	0x1b2
 400 015d 09       		.uleb128 0x9
 401 015e 46030000 		.4byte	.LASF28
 402 0162 07       		.byte	0x7
 403 0163 A5       		.byte	0xa5
 404 0164 8C000000 		.4byte	0x8c
 405 0168 00       		.byte	0
 406 0169 09       		.uleb128 0x9
 407 016a 20020000 		.4byte	.LASF29
 408 016e 07       		.byte	0x7
 409 016f A7       		.byte	0xa7
 410 0170 8C000000 		.4byte	0x8c
 411 0174 04       		.byte	0x4
 412 0175 09       		.uleb128 0x9
 413 0176 B0000000 		.4byte	.LASF30
 414 017a 07       		.byte	0x7
 415 017b A9       		.byte	0xa9
 416 017c 8C000000 		.4byte	0x8c
 417 0180 08       		.byte	0x8
 418 0181 09       		.uleb128 0x9
 419 0182 27030000 		.4byte	.LASF31
 420 0186 07       		.byte	0x7
 421 0187 AB       		.byte	0xab
 422 0188 8C000000 		.4byte	0x8c
 423 018c 0C       		.byte	0xc
 424 018d 0A       		.uleb128 0xa
 425 018e 6F647200 		.ascii	"odr\000"
 426 0192 07       		.byte	0x7
 427 0193 AD       		.byte	0xad
 428 0194 8C000000 		.4byte	0x8c
 429 0198 10       		.byte	0x10
 430 0199 09       		.uleb128 0x9
 431 019a 41030000 		.4byte	.LASF32
 432 019e 07       		.byte	0x7
 433 019f AF       		.byte	0xaf
 434 01a0 8C000000 		.4byte	0x8c
 435 01a4 14       		.byte	0x14
 436 01a5 09       		.uleb128 0x9
 437 01a6 34030000 		.4byte	.LASF33
 438 01aa 07       		.byte	0x7
 439 01ab B1       		.byte	0xb1
 440 01ac 8C000000 		.4byte	0x8c
 441 01b0 18       		.byte	0x18
 442 01b1 00       		.byte	0
 443 01b2 04       		.uleb128 0x4
 444 01b3 27020000 		.4byte	.LASF34
 445 01b7 07       		.byte	0x7
 446 01b8 B2       		.byte	0xb2
 447 01b9 55010000 		.4byte	0x155
 448 01bd 06       		.uleb128 0x6
 449 01be A8       		.byte	0xa8
 450 01bf 07       		.byte	0x7
 451 01c0 BB       		.byte	0xbb
 452 01c1 0E020000 		.4byte	0x20e
 453 01c5 09       		.uleb128 0x9
ARM GAS  /tmp/ccFlqs6k.s 			page 9


 454 01c6 82000000 		.4byte	.LASF35
 455 01ca 07       		.byte	0x7
 456 01cb BD       		.byte	0xbd
 457 01cc B2010000 		.4byte	0x1b2
 458 01d0 00       		.byte	0
 459 01d1 09       		.uleb128 0x9
 460 01d2 7E020000 		.4byte	.LASF36
 461 01d6 07       		.byte	0x7
 462 01d7 BF       		.byte	0xbf
 463 01d8 B2010000 		.4byte	0x1b2
 464 01dc 1C       		.byte	0x1c
 465 01dd 09       		.uleb128 0x9
 466 01de FC000000 		.4byte	.LASF37
 467 01e2 07       		.byte	0x7
 468 01e3 C1       		.byte	0xc1
 469 01e4 B2010000 		.4byte	0x1b2
 470 01e8 38       		.byte	0x38
 471 01e9 09       		.uleb128 0x9
 472 01ea C9000000 		.4byte	.LASF38
 473 01ee 07       		.byte	0x7
 474 01ef C3       		.byte	0xc3
 475 01f0 B2010000 		.4byte	0x1b2
 476 01f4 54       		.byte	0x54
 477 01f5 09       		.uleb128 0x9
 478 01f6 F3020000 		.4byte	.LASF39
 479 01fa 07       		.byte	0x7
 480 01fb C6       		.byte	0xc6
 481 01fc B2010000 		.4byte	0x1b2
 482 0200 70       		.byte	0x70
 483 0201 09       		.uleb128 0x9
 484 0202 3A000000 		.4byte	.LASF40
 485 0206 07       		.byte	0x7
 486 0207 CA       		.byte	0xca
 487 0208 B2010000 		.4byte	0x1b2
 488 020c 8C       		.byte	0x8c
 489 020d 00       		.byte	0
 490 020e 04       		.uleb128 0x4
 491 020f 74020000 		.4byte	.LASF41
 492 0213 07       		.byte	0x7
 493 0214 D8       		.byte	0xd8
 494 0215 BD010000 		.4byte	0x1bd
 495 0219 0B       		.uleb128 0xb
 496 021a 75030000 		.4byte	.LASF61
 497 021e 01       		.byte	0x1
 498 021f A7       		.byte	0xa7
 499 0220 97000000 		.4byte	0x97
 500 0224 01       		.byte	0x1
 501 0225 4B020000 		.4byte	0x24b
 502 0229 0C       		.uleb128 0xc
 503 022a 47020000 		.4byte	.LASF42
 504 022e 01       		.byte	0x1
 505 022f A7       		.byte	0xa7
 506 0230 49010000 		.4byte	0x149
 507 0234 0D       		.uleb128 0xd
 508 0235 656E6400 		.ascii	"end\000"
 509 0239 01       		.byte	0x1
 510 023a A7       		.byte	0xa7
ARM GAS  /tmp/ccFlqs6k.s 			page 10


 511 023b 49010000 		.4byte	0x149
 512 023f 0E       		.uleb128 0xe
 513 0240 6E6F7700 		.ascii	"now\000"
 514 0244 01       		.byte	0x1
 515 0245 A8       		.byte	0xa8
 516 0246 49010000 		.4byte	0x149
 517 024a 00       		.byte	0
 518 024b 0F       		.uleb128 0xf
 519 024c 97000000 		.4byte	.LASF43
 520 0250 01       		.byte	0x1
 521 0251 3D       		.byte	0x3d
 522 0252 00000000 		.4byte	.LFB118
 523 0256 38000000 		.4byte	.LFE118-.LFB118
 524 025a 01       		.uleb128 0x1
 525 025b 9C       		.byte	0x9c
 526 025c C4020000 		.4byte	0x2c4
 527 0260 10       		.uleb128 0x10
 528 0261 06000000 		.4byte	.LVL0
 529 0265 78030000 		.4byte	0x378
 530 0269 10       		.uleb128 0x10
 531 026a 0A000000 		.4byte	.LVL1
 532 026e 80030000 		.4byte	0x380
 533 0272 10       		.uleb128 0x10
 534 0273 10000000 		.4byte	.LVL2
 535 0277 87030000 		.4byte	0x387
 536 027b 10       		.uleb128 0x10
 537 027c 14000000 		.4byte	.LVL3
 538 0280 9F030000 		.4byte	0x39f
 539 0284 10       		.uleb128 0x10
 540 0285 18000000 		.4byte	.LVL4
 541 0289 A7030000 		.4byte	0x3a7
 542 028d 10       		.uleb128 0x10
 543 028e 1C000000 		.4byte	.LVL5
 544 0292 AE030000 		.4byte	0x3ae
 545 0296 10       		.uleb128 0x10
 546 0297 20000000 		.4byte	.LVL6
 547 029b B5030000 		.4byte	0x3b5
 548 029f 10       		.uleb128 0x10
 549 02a0 24000000 		.4byte	.LVL7
 550 02a4 BC030000 		.4byte	0x3bc
 551 02a8 10       		.uleb128 0x10
 552 02a9 28000000 		.4byte	.LVL8
 553 02ad C4030000 		.4byte	0x3c4
 554 02b1 10       		.uleb128 0x10
 555 02b2 2C000000 		.4byte	.LVL9
 556 02b6 CC030000 		.4byte	0x3cc
 557 02ba 11       		.uleb128 0x11
 558 02bb 34000000 		.4byte	.LVL10
 559 02bf D3030000 		.4byte	0x3d3
 560 02c3 00       		.byte	0
 561 02c4 12       		.uleb128 0x12
 562 02c5 19020000 		.4byte	0x219
 563 02c9 00000000 		.4byte	.LFB119
 564 02cd 28000000 		.4byte	.LFE119-.LFB119
 565 02d1 01       		.uleb128 0x1
 566 02d2 9C       		.byte	0x9c
 567 02d3 EF020000 		.4byte	0x2ef
ARM GAS  /tmp/ccFlqs6k.s 			page 11


 568 02d7 13       		.uleb128 0x13
 569 02d8 29020000 		.4byte	0x229
 570 02dc 00000000 		.4byte	.LLST0
 571 02e0 14       		.uleb128 0x14
 572 02e1 34020000 		.4byte	0x234
 573 02e5 01       		.uleb128 0x1
 574 02e6 51       		.byte	0x51
 575 02e7 15       		.uleb128 0x15
 576 02e8 3F020000 		.4byte	0x23f
 577 02ec 01       		.uleb128 0x1
 578 02ed 53       		.byte	0x53
 579 02ee 00       		.byte	0
 580 02ef 0F       		.uleb128 0xf
 581 02f0 D0000000 		.4byte	.LASF44
 582 02f4 01       		.byte	0x1
 583 02f5 BA       		.byte	0xba
 584 02f6 00000000 		.4byte	.LFB120
 585 02fa 38000000 		.4byte	.LFE120-.LFB120
 586 02fe 01       		.uleb128 0x1
 587 02ff 9C       		.byte	0x9c
 588 0300 5B030000 		.4byte	0x35b
 589 0304 16       		.uleb128 0x16
 590 0305 00000000 		.4byte	.LASF62
 591 0309 01       		.byte	0x1
 592 030a BA       		.byte	0xba
 593 030b 49010000 		.4byte	0x149
 594 030f 53000000 		.4byte	.LLST1
 595 0313 17       		.uleb128 0x17
 596 0314 47020000 		.4byte	.LASF42
 597 0318 01       		.byte	0x1
 598 0319 BB       		.byte	0xbb
 599 031a 49010000 		.4byte	0x149
 600 031e 01       		.uleb128 0x1
 601 031f 52       		.byte	0x52
 602 0320 17       		.uleb128 0x17
 603 0321 8F030000 		.4byte	.LASF45
 604 0325 01       		.byte	0x1
 605 0326 BC       		.byte	0xbc
 606 0327 49010000 		.4byte	0x149
 607 032b 01       		.uleb128 0x1
 608 032c 50       		.byte	0x50
 609 032d 18       		.uleb128 0x18
 610 032e 19020000 		.4byte	0x219
 611 0332 06000000 		.4byte	.LBB4
 612 0336 00000000 		.4byte	.Ldebug_ranges0+0
 613 033a 01       		.byte	0x1
 614 033b BD       		.byte	0xbd
 615 033c 14       		.uleb128 0x14
 616 033d 34020000 		.4byte	0x234
 617 0341 01       		.uleb128 0x1
 618 0342 50       		.byte	0x50
 619 0343 14       		.uleb128 0x14
 620 0344 29020000 		.4byte	0x229
 621 0348 01       		.uleb128 0x1
 622 0349 52       		.byte	0x52
 623 034a 19       		.uleb128 0x19
 624 034b 00000000 		.4byte	.Ldebug_ranges0+0
ARM GAS  /tmp/ccFlqs6k.s 			page 12


 625 034f 1A       		.uleb128 0x1a
 626 0350 3F020000 		.4byte	0x23f
 627 0354 74000000 		.4byte	.LLST2
 628 0358 00       		.byte	0
 629 0359 00       		.byte	0
 630 035a 00       		.byte	0
 631 035b 1B       		.uleb128 0x1b
 632 035c 4C030000 		.4byte	.LASF46
 633 0360 08       		.byte	0x8
 634 0361 9806     		.2byte	0x698
 635 0363 44010000 		.4byte	0x144
 636 0367 1B       		.uleb128 0x1b
 637 0368 14000000 		.4byte	.LASF47
 638 036c 07       		.byte	0x7
 639 036d B401     		.2byte	0x1b4
 640 036f 73030000 		.4byte	0x373
 641 0373 1C       		.uleb128 0x1c
 642 0374 0E020000 		.4byte	0x20e
 643 0378 1D       		.uleb128 0x1d
 644 0379 3A020000 		.4byte	.LASF48
 645 037d 06       		.byte	0x6
 646 037e 6904     		.2byte	0x469
 647 0380 1E       		.uleb128 0x1e
 648 0381 59030000 		.4byte	.LASF49
 649 0385 09       		.byte	0x9
 650 0386 6C       		.byte	0x6c
 651 0387 1F       		.uleb128 0x1f
 652 0388 06000000 		.4byte	.LASF63
 653 038c 07       		.byte	0x7
 654 038d B901     		.2byte	0x1b9
 655 038f 99030000 		.4byte	0x399
 656 0393 20       		.uleb128 0x20
 657 0394 99030000 		.4byte	0x399
 658 0398 00       		.byte	0
 659 0399 21       		.uleb128 0x21
 660 039a 04       		.byte	0x4
 661 039b 73030000 		.4byte	0x373
 662 039f 1D       		.uleb128 0x1d
 663 03a0 39030000 		.4byte	.LASF50
 664 03a4 0A       		.byte	0xa
 665 03a5 1D01     		.2byte	0x11d
 666 03a7 1E       		.uleb128 0x1e
 667 03a8 8B020000 		.4byte	.LASF51
 668 03ac 0B       		.byte	0xb
 669 03ad 90       		.byte	0x90
 670 03ae 1E       		.uleb128 0x1e
 671 03af 72000000 		.4byte	.LASF52
 672 03b3 0C       		.byte	0xc
 673 03b4 B4       		.byte	0xb4
 674 03b5 1E       		.uleb128 0x1e
 675 03b6 C1000000 		.4byte	.LASF53
 676 03ba 0D       		.byte	0xd
 677 03bb EB       		.byte	0xeb
 678 03bc 1D       		.uleb128 0x1d
 679 03bd 6B000000 		.4byte	.LASF54
 680 03c1 0E       		.byte	0xe
 681 03c2 3001     		.2byte	0x130
ARM GAS  /tmp/ccFlqs6k.s 			page 13


 682 03c4 1D       		.uleb128 0x1d
 683 03c5 4E000000 		.4byte	.LASF55
 684 03c9 0F       		.byte	0xf
 685 03ca 1C02     		.2byte	0x21c
 686 03cc 1E       		.uleb128 0x1e
 687 03cd 6D030000 		.4byte	.LASF56
 688 03d1 10       		.byte	0x10
 689 03d2 D9       		.byte	0xd9
 690 03d3 1D       		.uleb128 0x1d
 691 03d4 61000000 		.4byte	.LASF57
 692 03d8 11       		.byte	0x11
 693 03d9 7503     		.2byte	0x375
 694 03db 00       		.byte	0
 695              		.section	.debug_abbrev,"",%progbits
 696              	.Ldebug_abbrev0:
 697 0000 01       		.uleb128 0x1
 698 0001 11       		.uleb128 0x11
 699 0002 01       		.byte	0x1
 700 0003 25       		.uleb128 0x25
 701 0004 0E       		.uleb128 0xe
 702 0005 13       		.uleb128 0x13
 703 0006 0B       		.uleb128 0xb
 704 0007 03       		.uleb128 0x3
 705 0008 0E       		.uleb128 0xe
 706 0009 1B       		.uleb128 0x1b
 707 000a 0E       		.uleb128 0xe
 708 000b 55       		.uleb128 0x55
 709 000c 17       		.uleb128 0x17
 710 000d 11       		.uleb128 0x11
 711 000e 01       		.uleb128 0x1
 712 000f 10       		.uleb128 0x10
 713 0010 17       		.uleb128 0x17
 714 0011 00       		.byte	0
 715 0012 00       		.byte	0
 716 0013 02       		.uleb128 0x2
 717 0014 24       		.uleb128 0x24
 718 0015 00       		.byte	0
 719 0016 0B       		.uleb128 0xb
 720 0017 0B       		.uleb128 0xb
 721 0018 3E       		.uleb128 0x3e
 722 0019 0B       		.uleb128 0xb
 723 001a 03       		.uleb128 0x3
 724 001b 08       		.uleb128 0x8
 725 001c 00       		.byte	0
 726 001d 00       		.byte	0
 727 001e 03       		.uleb128 0x3
 728 001f 24       		.uleb128 0x24
 729 0020 00       		.byte	0
 730 0021 0B       		.uleb128 0xb
 731 0022 0B       		.uleb128 0xb
 732 0023 3E       		.uleb128 0x3e
 733 0024 0B       		.uleb128 0xb
 734 0025 03       		.uleb128 0x3
 735 0026 0E       		.uleb128 0xe
 736 0027 00       		.byte	0
 737 0028 00       		.byte	0
 738 0029 04       		.uleb128 0x4
ARM GAS  /tmp/ccFlqs6k.s 			page 14


 739 002a 16       		.uleb128 0x16
 740 002b 00       		.byte	0
 741 002c 03       		.uleb128 0x3
 742 002d 0E       		.uleb128 0xe
 743 002e 3A       		.uleb128 0x3a
 744 002f 0B       		.uleb128 0xb
 745 0030 3B       		.uleb128 0x3b
 746 0031 0B       		.uleb128 0xb
 747 0032 49       		.uleb128 0x49
 748 0033 13       		.uleb128 0x13
 749 0034 00       		.byte	0
 750 0035 00       		.byte	0
 751 0036 05       		.uleb128 0x5
 752 0037 35       		.uleb128 0x35
 753 0038 00       		.byte	0
 754 0039 49       		.uleb128 0x49
 755 003a 13       		.uleb128 0x13
 756 003b 00       		.byte	0
 757 003c 00       		.byte	0
 758 003d 06       		.uleb128 0x6
 759 003e 13       		.uleb128 0x13
 760 003f 01       		.byte	0x1
 761 0040 0B       		.uleb128 0xb
 762 0041 0B       		.uleb128 0xb
 763 0042 3A       		.uleb128 0x3a
 764 0043 0B       		.uleb128 0xb
 765 0044 3B       		.uleb128 0x3b
 766 0045 0B       		.uleb128 0xb
 767 0046 01       		.uleb128 0x1
 768 0047 13       		.uleb128 0x13
 769 0048 00       		.byte	0
 770 0049 00       		.byte	0
 771 004a 07       		.uleb128 0x7
 772 004b 0D       		.uleb128 0xd
 773 004c 00       		.byte	0
 774 004d 03       		.uleb128 0x3
 775 004e 0E       		.uleb128 0xe
 776 004f 3A       		.uleb128 0x3a
 777 0050 0B       		.uleb128 0xb
 778 0051 3B       		.uleb128 0x3b
 779 0052 05       		.uleb128 0x5
 780 0053 49       		.uleb128 0x49
 781 0054 13       		.uleb128 0x13
 782 0055 38       		.uleb128 0x38
 783 0056 0B       		.uleb128 0xb
 784 0057 00       		.byte	0
 785 0058 00       		.byte	0
 786 0059 08       		.uleb128 0x8
 787 005a 16       		.uleb128 0x16
 788 005b 00       		.byte	0
 789 005c 03       		.uleb128 0x3
 790 005d 0E       		.uleb128 0xe
 791 005e 3A       		.uleb128 0x3a
 792 005f 0B       		.uleb128 0xb
 793 0060 3B       		.uleb128 0x3b
 794 0061 05       		.uleb128 0x5
 795 0062 49       		.uleb128 0x49
ARM GAS  /tmp/ccFlqs6k.s 			page 15


 796 0063 13       		.uleb128 0x13
 797 0064 00       		.byte	0
 798 0065 00       		.byte	0
 799 0066 09       		.uleb128 0x9
 800 0067 0D       		.uleb128 0xd
 801 0068 00       		.byte	0
 802 0069 03       		.uleb128 0x3
 803 006a 0E       		.uleb128 0xe
 804 006b 3A       		.uleb128 0x3a
 805 006c 0B       		.uleb128 0xb
 806 006d 3B       		.uleb128 0x3b
 807 006e 0B       		.uleb128 0xb
 808 006f 49       		.uleb128 0x49
 809 0070 13       		.uleb128 0x13
 810 0071 38       		.uleb128 0x38
 811 0072 0B       		.uleb128 0xb
 812 0073 00       		.byte	0
 813 0074 00       		.byte	0
 814 0075 0A       		.uleb128 0xa
 815 0076 0D       		.uleb128 0xd
 816 0077 00       		.byte	0
 817 0078 03       		.uleb128 0x3
 818 0079 08       		.uleb128 0x8
 819 007a 3A       		.uleb128 0x3a
 820 007b 0B       		.uleb128 0xb
 821 007c 3B       		.uleb128 0x3b
 822 007d 0B       		.uleb128 0xb
 823 007e 49       		.uleb128 0x49
 824 007f 13       		.uleb128 0x13
 825 0080 38       		.uleb128 0x38
 826 0081 0B       		.uleb128 0xb
 827 0082 00       		.byte	0
 828 0083 00       		.byte	0
 829 0084 0B       		.uleb128 0xb
 830 0085 2E       		.uleb128 0x2e
 831 0086 01       		.byte	0x1
 832 0087 3F       		.uleb128 0x3f
 833 0088 19       		.uleb128 0x19
 834 0089 03       		.uleb128 0x3
 835 008a 0E       		.uleb128 0xe
 836 008b 3A       		.uleb128 0x3a
 837 008c 0B       		.uleb128 0xb
 838 008d 3B       		.uleb128 0x3b
 839 008e 0B       		.uleb128 0xb
 840 008f 27       		.uleb128 0x27
 841 0090 19       		.uleb128 0x19
 842 0091 49       		.uleb128 0x49
 843 0092 13       		.uleb128 0x13
 844 0093 20       		.uleb128 0x20
 845 0094 0B       		.uleb128 0xb
 846 0095 01       		.uleb128 0x1
 847 0096 13       		.uleb128 0x13
 848 0097 00       		.byte	0
 849 0098 00       		.byte	0
 850 0099 0C       		.uleb128 0xc
 851 009a 05       		.uleb128 0x5
 852 009b 00       		.byte	0
ARM GAS  /tmp/ccFlqs6k.s 			page 16


 853 009c 03       		.uleb128 0x3
 854 009d 0E       		.uleb128 0xe
 855 009e 3A       		.uleb128 0x3a
 856 009f 0B       		.uleb128 0xb
 857 00a0 3B       		.uleb128 0x3b
 858 00a1 0B       		.uleb128 0xb
 859 00a2 49       		.uleb128 0x49
 860 00a3 13       		.uleb128 0x13
 861 00a4 00       		.byte	0
 862 00a5 00       		.byte	0
 863 00a6 0D       		.uleb128 0xd
 864 00a7 05       		.uleb128 0x5
 865 00a8 00       		.byte	0
 866 00a9 03       		.uleb128 0x3
 867 00aa 08       		.uleb128 0x8
 868 00ab 3A       		.uleb128 0x3a
 869 00ac 0B       		.uleb128 0xb
 870 00ad 3B       		.uleb128 0x3b
 871 00ae 0B       		.uleb128 0xb
 872 00af 49       		.uleb128 0x49
 873 00b0 13       		.uleb128 0x13
 874 00b1 00       		.byte	0
 875 00b2 00       		.byte	0
 876 00b3 0E       		.uleb128 0xe
 877 00b4 34       		.uleb128 0x34
 878 00b5 00       		.byte	0
 879 00b6 03       		.uleb128 0x3
 880 00b7 08       		.uleb128 0x8
 881 00b8 3A       		.uleb128 0x3a
 882 00b9 0B       		.uleb128 0xb
 883 00ba 3B       		.uleb128 0x3b
 884 00bb 0B       		.uleb128 0xb
 885 00bc 49       		.uleb128 0x49
 886 00bd 13       		.uleb128 0x13
 887 00be 00       		.byte	0
 888 00bf 00       		.byte	0
 889 00c0 0F       		.uleb128 0xf
 890 00c1 2E       		.uleb128 0x2e
 891 00c2 01       		.byte	0x1
 892 00c3 3F       		.uleb128 0x3f
 893 00c4 19       		.uleb128 0x19
 894 00c5 03       		.uleb128 0x3
 895 00c6 0E       		.uleb128 0xe
 896 00c7 3A       		.uleb128 0x3a
 897 00c8 0B       		.uleb128 0xb
 898 00c9 3B       		.uleb128 0x3b
 899 00ca 0B       		.uleb128 0xb
 900 00cb 27       		.uleb128 0x27
 901 00cc 19       		.uleb128 0x19
 902 00cd 11       		.uleb128 0x11
 903 00ce 01       		.uleb128 0x1
 904 00cf 12       		.uleb128 0x12
 905 00d0 06       		.uleb128 0x6
 906 00d1 40       		.uleb128 0x40
 907 00d2 18       		.uleb128 0x18
 908 00d3 9742     		.uleb128 0x2117
 909 00d5 19       		.uleb128 0x19
ARM GAS  /tmp/ccFlqs6k.s 			page 17


 910 00d6 01       		.uleb128 0x1
 911 00d7 13       		.uleb128 0x13
 912 00d8 00       		.byte	0
 913 00d9 00       		.byte	0
 914 00da 10       		.uleb128 0x10
 915 00db 898201   		.uleb128 0x4109
 916 00de 00       		.byte	0
 917 00df 11       		.uleb128 0x11
 918 00e0 01       		.uleb128 0x1
 919 00e1 31       		.uleb128 0x31
 920 00e2 13       		.uleb128 0x13
 921 00e3 00       		.byte	0
 922 00e4 00       		.byte	0
 923 00e5 11       		.uleb128 0x11
 924 00e6 898201   		.uleb128 0x4109
 925 00e9 00       		.byte	0
 926 00ea 11       		.uleb128 0x11
 927 00eb 01       		.uleb128 0x1
 928 00ec 9542     		.uleb128 0x2115
 929 00ee 19       		.uleb128 0x19
 930 00ef 31       		.uleb128 0x31
 931 00f0 13       		.uleb128 0x13
 932 00f1 00       		.byte	0
 933 00f2 00       		.byte	0
 934 00f3 12       		.uleb128 0x12
 935 00f4 2E       		.uleb128 0x2e
 936 00f5 01       		.byte	0x1
 937 00f6 31       		.uleb128 0x31
 938 00f7 13       		.uleb128 0x13
 939 00f8 11       		.uleb128 0x11
 940 00f9 01       		.uleb128 0x1
 941 00fa 12       		.uleb128 0x12
 942 00fb 06       		.uleb128 0x6
 943 00fc 40       		.uleb128 0x40
 944 00fd 18       		.uleb128 0x18
 945 00fe 9742     		.uleb128 0x2117
 946 0100 19       		.uleb128 0x19
 947 0101 01       		.uleb128 0x1
 948 0102 13       		.uleb128 0x13
 949 0103 00       		.byte	0
 950 0104 00       		.byte	0
 951 0105 13       		.uleb128 0x13
 952 0106 05       		.uleb128 0x5
 953 0107 00       		.byte	0
 954 0108 31       		.uleb128 0x31
 955 0109 13       		.uleb128 0x13
 956 010a 02       		.uleb128 0x2
 957 010b 17       		.uleb128 0x17
 958 010c 00       		.byte	0
 959 010d 00       		.byte	0
 960 010e 14       		.uleb128 0x14
 961 010f 05       		.uleb128 0x5
 962 0110 00       		.byte	0
 963 0111 31       		.uleb128 0x31
 964 0112 13       		.uleb128 0x13
 965 0113 02       		.uleb128 0x2
 966 0114 18       		.uleb128 0x18
ARM GAS  /tmp/ccFlqs6k.s 			page 18


 967 0115 00       		.byte	0
 968 0116 00       		.byte	0
 969 0117 15       		.uleb128 0x15
 970 0118 34       		.uleb128 0x34
 971 0119 00       		.byte	0
 972 011a 31       		.uleb128 0x31
 973 011b 13       		.uleb128 0x13
 974 011c 02       		.uleb128 0x2
 975 011d 18       		.uleb128 0x18
 976 011e 00       		.byte	0
 977 011f 00       		.byte	0
 978 0120 16       		.uleb128 0x16
 979 0121 05       		.uleb128 0x5
 980 0122 00       		.byte	0
 981 0123 03       		.uleb128 0x3
 982 0124 0E       		.uleb128 0xe
 983 0125 3A       		.uleb128 0x3a
 984 0126 0B       		.uleb128 0xb
 985 0127 3B       		.uleb128 0x3b
 986 0128 0B       		.uleb128 0xb
 987 0129 49       		.uleb128 0x49
 988 012a 13       		.uleb128 0x13
 989 012b 02       		.uleb128 0x2
 990 012c 17       		.uleb128 0x17
 991 012d 00       		.byte	0
 992 012e 00       		.byte	0
 993 012f 17       		.uleb128 0x17
 994 0130 34       		.uleb128 0x34
 995 0131 00       		.byte	0
 996 0132 03       		.uleb128 0x3
 997 0133 0E       		.uleb128 0xe
 998 0134 3A       		.uleb128 0x3a
 999 0135 0B       		.uleb128 0xb
 1000 0136 3B       		.uleb128 0x3b
 1001 0137 0B       		.uleb128 0xb
 1002 0138 49       		.uleb128 0x49
 1003 0139 13       		.uleb128 0x13
 1004 013a 02       		.uleb128 0x2
 1005 013b 18       		.uleb128 0x18
 1006 013c 00       		.byte	0
 1007 013d 00       		.byte	0
 1008 013e 18       		.uleb128 0x18
 1009 013f 1D       		.uleb128 0x1d
 1010 0140 01       		.byte	0x1
 1011 0141 31       		.uleb128 0x31
 1012 0142 13       		.uleb128 0x13
 1013 0143 52       		.uleb128 0x52
 1014 0144 01       		.uleb128 0x1
 1015 0145 55       		.uleb128 0x55
 1016 0146 17       		.uleb128 0x17
 1017 0147 58       		.uleb128 0x58
 1018 0148 0B       		.uleb128 0xb
 1019 0149 59       		.uleb128 0x59
 1020 014a 0B       		.uleb128 0xb
 1021 014b 00       		.byte	0
 1022 014c 00       		.byte	0
 1023 014d 19       		.uleb128 0x19
ARM GAS  /tmp/ccFlqs6k.s 			page 19


 1024 014e 0B       		.uleb128 0xb
 1025 014f 01       		.byte	0x1
 1026 0150 55       		.uleb128 0x55
 1027 0151 17       		.uleb128 0x17
 1028 0152 00       		.byte	0
 1029 0153 00       		.byte	0
 1030 0154 1A       		.uleb128 0x1a
 1031 0155 34       		.uleb128 0x34
 1032 0156 00       		.byte	0
 1033 0157 31       		.uleb128 0x31
 1034 0158 13       		.uleb128 0x13
 1035 0159 02       		.uleb128 0x2
 1036 015a 17       		.uleb128 0x17
 1037 015b 00       		.byte	0
 1038 015c 00       		.byte	0
 1039 015d 1B       		.uleb128 0x1b
 1040 015e 34       		.uleb128 0x34
 1041 015f 00       		.byte	0
 1042 0160 03       		.uleb128 0x3
 1043 0161 0E       		.uleb128 0xe
 1044 0162 3A       		.uleb128 0x3a
 1045 0163 0B       		.uleb128 0xb
 1046 0164 3B       		.uleb128 0x3b
 1047 0165 05       		.uleb128 0x5
 1048 0166 49       		.uleb128 0x49
 1049 0167 13       		.uleb128 0x13
 1050 0168 3F       		.uleb128 0x3f
 1051 0169 19       		.uleb128 0x19
 1052 016a 3C       		.uleb128 0x3c
 1053 016b 19       		.uleb128 0x19
 1054 016c 00       		.byte	0
 1055 016d 00       		.byte	0
 1056 016e 1C       		.uleb128 0x1c
 1057 016f 26       		.uleb128 0x26
 1058 0170 00       		.byte	0
 1059 0171 49       		.uleb128 0x49
 1060 0172 13       		.uleb128 0x13
 1061 0173 00       		.byte	0
 1062 0174 00       		.byte	0
 1063 0175 1D       		.uleb128 0x1d
 1064 0176 2E       		.uleb128 0x2e
 1065 0177 00       		.byte	0
 1066 0178 3F       		.uleb128 0x3f
 1067 0179 19       		.uleb128 0x19
 1068 017a 03       		.uleb128 0x3
 1069 017b 0E       		.uleb128 0xe
 1070 017c 3A       		.uleb128 0x3a
 1071 017d 0B       		.uleb128 0xb
 1072 017e 3B       		.uleb128 0x3b
 1073 017f 05       		.uleb128 0x5
 1074 0180 27       		.uleb128 0x27
 1075 0181 19       		.uleb128 0x19
 1076 0182 3C       		.uleb128 0x3c
 1077 0183 19       		.uleb128 0x19
 1078 0184 00       		.byte	0
 1079 0185 00       		.byte	0
 1080 0186 1E       		.uleb128 0x1e
ARM GAS  /tmp/ccFlqs6k.s 			page 20


 1081 0187 2E       		.uleb128 0x2e
 1082 0188 00       		.byte	0
 1083 0189 3F       		.uleb128 0x3f
 1084 018a 19       		.uleb128 0x19
 1085 018b 03       		.uleb128 0x3
 1086 018c 0E       		.uleb128 0xe
 1087 018d 3A       		.uleb128 0x3a
 1088 018e 0B       		.uleb128 0xb
 1089 018f 3B       		.uleb128 0x3b
 1090 0190 0B       		.uleb128 0xb
 1091 0191 27       		.uleb128 0x27
 1092 0192 19       		.uleb128 0x19
 1093 0193 3C       		.uleb128 0x3c
 1094 0194 19       		.uleb128 0x19
 1095 0195 00       		.byte	0
 1096 0196 00       		.byte	0
 1097 0197 1F       		.uleb128 0x1f
 1098 0198 2E       		.uleb128 0x2e
 1099 0199 01       		.byte	0x1
 1100 019a 3F       		.uleb128 0x3f
 1101 019b 19       		.uleb128 0x19
 1102 019c 03       		.uleb128 0x3
 1103 019d 0E       		.uleb128 0xe
 1104 019e 3A       		.uleb128 0x3a
 1105 019f 0B       		.uleb128 0xb
 1106 01a0 3B       		.uleb128 0x3b
 1107 01a1 05       		.uleb128 0x5
 1108 01a2 27       		.uleb128 0x27
 1109 01a3 19       		.uleb128 0x19
 1110 01a4 3C       		.uleb128 0x3c
 1111 01a5 19       		.uleb128 0x19
 1112 01a6 01       		.uleb128 0x1
 1113 01a7 13       		.uleb128 0x13
 1114 01a8 00       		.byte	0
 1115 01a9 00       		.byte	0
 1116 01aa 20       		.uleb128 0x20
 1117 01ab 05       		.uleb128 0x5
 1118 01ac 00       		.byte	0
 1119 01ad 49       		.uleb128 0x49
 1120 01ae 13       		.uleb128 0x13
 1121 01af 00       		.byte	0
 1122 01b0 00       		.byte	0
 1123 01b1 21       		.uleb128 0x21
 1124 01b2 0F       		.uleb128 0xf
 1125 01b3 00       		.byte	0
 1126 01b4 0B       		.uleb128 0xb
 1127 01b5 0B       		.uleb128 0xb
 1128 01b6 49       		.uleb128 0x49
 1129 01b7 13       		.uleb128 0x13
 1130 01b8 00       		.byte	0
 1131 01b9 00       		.byte	0
 1132 01ba 00       		.byte	0
 1133              		.section	.debug_loc,"",%progbits
 1134              	.Ldebug_loc0:
 1135              	.LLST0:
 1136 0000 00000000 		.4byte	.LVL11
 1137 0004 12000000 		.4byte	.LVL13
ARM GAS  /tmp/ccFlqs6k.s 			page 21


 1138 0008 0100     		.2byte	0x1
 1139 000a 50       		.byte	0x50
 1140 000b 12000000 		.4byte	.LVL13
 1141 000f 16000000 		.4byte	.LVL14
 1142 0013 0400     		.2byte	0x4
 1143 0015 F3       		.byte	0xf3
 1144 0016 01       		.uleb128 0x1
 1145 0017 50       		.byte	0x50
 1146 0018 9F       		.byte	0x9f
 1147 0019 16000000 		.4byte	.LVL14
 1148 001d 1C000000 		.4byte	.LVL15
 1149 0021 0100     		.2byte	0x1
 1150 0023 50       		.byte	0x50
 1151 0024 1C000000 		.4byte	.LVL15
 1152 0028 1E000000 		.4byte	.LVL16
 1153 002c 0400     		.2byte	0x4
 1154 002e F3       		.byte	0xf3
 1155 002f 01       		.uleb128 0x1
 1156 0030 50       		.byte	0x50
 1157 0031 9F       		.byte	0x9f
 1158 0032 1E000000 		.4byte	.LVL16
 1159 0036 20000000 		.4byte	.LVL17
 1160 003a 0100     		.2byte	0x1
 1161 003c 50       		.byte	0x50
 1162 003d 20000000 		.4byte	.LVL17
 1163 0041 28000000 		.4byte	.LFE119
 1164 0045 0400     		.2byte	0x4
 1165 0047 F3       		.byte	0xf3
 1166 0048 01       		.uleb128 0x1
 1167 0049 50       		.byte	0x50
 1168 004a 9F       		.byte	0x9f
 1169 004b 00000000 		.4byte	0
 1170 004f 00000000 		.4byte	0
 1171              	.LLST1:
 1172 0053 00000000 		.4byte	.LVL18
 1173 0057 06000000 		.4byte	.LVL20
 1174 005b 0100     		.2byte	0x1
 1175 005d 50       		.byte	0x50
 1176 005e 06000000 		.4byte	.LVL20
 1177 0062 38000000 		.4byte	.LFE120
 1178 0066 0400     		.2byte	0x4
 1179 0068 F3       		.byte	0xf3
 1180 0069 01       		.uleb128 0x1
 1181 006a 50       		.byte	0x50
 1182 006b 9F       		.byte	0x9f
 1183 006c 00000000 		.4byte	0
 1184 0070 00000000 		.4byte	0
 1185              	.LLST2:
 1186 0074 0A000000 		.4byte	.LVL21
 1187 0078 12000000 		.4byte	.LVL22
 1188 007c 0100     		.2byte	0x1
 1189 007e 53       		.byte	0x53
 1190 007f 18000000 		.4byte	.LVL23
 1191 0083 1E000000 		.4byte	.LVL24
 1192 0087 0100     		.2byte	0x1
 1193 0089 53       		.byte	0x53
 1194 008a 26000000 		.4byte	.LVL25
ARM GAS  /tmp/ccFlqs6k.s 			page 22


 1195 008e 2C000000 		.4byte	.LVL26
 1196 0092 0100     		.2byte	0x1
 1197 0094 53       		.byte	0x53
 1198 0095 00000000 		.4byte	0
 1199 0099 00000000 		.4byte	0
 1200              		.section	.debug_aranges,"",%progbits
 1201 0000 2C000000 		.4byte	0x2c
 1202 0004 0200     		.2byte	0x2
 1203 0006 00000000 		.4byte	.Ldebug_info0
 1204 000a 04       		.byte	0x4
 1205 000b 00       		.byte	0
 1206 000c 0000     		.2byte	0
 1207 000e 0000     		.2byte	0
 1208 0010 00000000 		.4byte	.LFB118
 1209 0014 38000000 		.4byte	.LFE118-.LFB118
 1210 0018 00000000 		.4byte	.LFB119
 1211 001c 28000000 		.4byte	.LFE119-.LFB119
 1212 0020 00000000 		.4byte	.LFB120
 1213 0024 38000000 		.4byte	.LFE120-.LFB120
 1214 0028 00000000 		.4byte	0
 1215 002c 00000000 		.4byte	0
 1216              		.section	.debug_ranges,"",%progbits
 1217              	.Ldebug_ranges0:
 1218 0000 06000000 		.4byte	.LBB4
 1219 0004 12000000 		.4byte	.LBE4
 1220 0008 26000000 		.4byte	.LBB7
 1221 000c 2C000000 		.4byte	.LBE7
 1222 0010 00000000 		.4byte	0
 1223 0014 00000000 		.4byte	0
 1224 0018 00000000 		.4byte	.LFB118
 1225 001c 38000000 		.4byte	.LFE118
 1226 0020 00000000 		.4byte	.LFB119
 1227 0024 28000000 		.4byte	.LFE119
 1228 0028 00000000 		.4byte	.LFB120
 1229 002c 38000000 		.4byte	.LFE120
 1230 0030 00000000 		.4byte	0
 1231 0034 00000000 		.4byte	0
 1232              		.section	.debug_line,"",%progbits
 1233              	.Ldebug_line0:
 1234 0000 92020000 		.section	.debug_str,"MS",%progbits,1
 1234      02001F02 
 1234      00000201 
 1234      FB0E0D00 
 1234      01010101 
 1235              	.LASF62:
 1236 0000 7469636B 		.ascii	"ticks\000"
 1236      7300
 1237              	.LASF63:
 1238 0006 5F70616C 		.ascii	"_pal_lld_init\000"
 1238      5F6C6C64 
 1238      5F696E69 
 1238      7400
 1239              	.LASF47:
 1240 0014 70616C5F 		.ascii	"pal_default_config\000"
 1240      64656661 
 1240      756C745F 
 1240      636F6E66 
ARM GAS  /tmp/ccFlqs6k.s 			page 23


 1240      696700
 1241              	.LASF3:
 1242 0027 73686F72 		.ascii	"short int\000"
 1242      7420696E 
 1242      7400
 1243              	.LASF16:
 1244 0031 73697A65 		.ascii	"sizetype\000"
 1244      74797065 
 1244      00
 1245              	.LASF40:
 1246 003a 50464461 		.ascii	"PFData\000"
 1246      746100
 1247              	.LASF24:
 1248 0041 50435352 		.ascii	"PCSR\000"
 1248      00
 1249              	.LASF23:
 1250 0046 464F4C44 		.ascii	"FOLDCNT\000"
 1250      434E5400 
 1251              	.LASF55:
 1252 004e 75736249 		.ascii	"usbInit\000"
 1252      6E697400 
 1253              	.LASF7:
 1254 0056 5F5F7569 		.ascii	"__uint32_t\000"
 1254      6E743332 
 1254      5F7400
 1255              	.LASF57:
 1256 0061 626F6172 		.ascii	"boardInit\000"
 1256      64496E69 
 1256      7400
 1257              	.LASF54:
 1258 006b 7364496E 		.ascii	"sdInit\000"
 1258      697400
 1259              	.LASF52:
 1260 0072 69637549 		.ascii	"icuInit\000"
 1260      6E697400 
 1261              	.LASF15:
 1262 007a 494F5245 		.ascii	"IOREG32\000"
 1262      47333200 
 1263              	.LASF35:
 1264 0082 50414461 		.ascii	"PAData\000"
 1264      746100
 1265              	.LASF9:
 1266 0089 6C6F6E67 		.ascii	"long long int\000"
 1266      206C6F6E 
 1266      6720696E 
 1266      7400
 1267              	.LASF43:
 1268 0097 68616C49 		.ascii	"halInit\000"
 1268      6E697400 
 1269              	.LASF18:
 1270 009f 43594343 		.ascii	"CYCCNT\000"
 1270      4E5400
 1271              	.LASF6:
 1272 00a6 5F5F696E 		.ascii	"__int32_t\000"
 1272      7433325F 
 1272      7400
 1273              	.LASF30:
ARM GAS  /tmp/ccFlqs6k.s 			page 24


 1274 00b0 6F737065 		.ascii	"ospeedr\000"
 1274      65647200 
 1275              	.LASF5:
 1276 00b8 6C6F6E67 		.ascii	"long int\000"
 1276      20696E74 
 1276      00
 1277              	.LASF53:
 1278 00c1 70776D49 		.ascii	"pwmInit\000"
 1278      6E697400 
 1279              	.LASF38:
 1280 00c9 50444461 		.ascii	"PDData\000"
 1280      746100
 1281              	.LASF44:
 1282 00d0 68616C50 		.ascii	"halPolledDelay\000"
 1282      6F6C6C65 
 1282      6444656C 
 1282      617900
 1283              	.LASF59:
 1284 00df 2E2E2F2E 		.ascii	"../../../../os/hal/src/hal.c\000"
 1284      2E2F2E2E 
 1284      2F2E2E2F 
 1284      6F732F68 
 1284      616C2F73 
 1285              	.LASF37:
 1286 00fc 50434461 		.ascii	"PCData\000"
 1286      746100
 1287              	.LASF2:
 1288 0103 756E7369 		.ascii	"unsigned char\000"
 1288      676E6564 
 1288      20636861 
 1288      7200
 1289              	.LASF58:
 1290 0111 474E5520 		.ascii	"GNU C 4.8.3 -mcpu=cortex-m4 -mfloat-abi=softfp -mfp"
 1290      4320342E 
 1290      382E3320 
 1290      2D6D6370 
 1290      753D636F 
 1291 0144 753D6670 		.ascii	"u=fpv4-sp-d16 -mno-thumb-interwork -mthumb -ggdb -O"
 1291      76342D73 
 1291      702D6431 
 1291      36202D6D 
 1291      6E6F2D74 
 1292 0177 32202D66 		.ascii	"2 -fomit-frame-pointer -falign-functions=16 -fsingl"
 1292      6F6D6974 
 1292      2D667261 
 1292      6D652D70 
 1292      6F696E74 
 1293 01aa 652D7072 		.ascii	"e-precision-constant -ffunction-sections -fdata-sec"
 1293      65636973 
 1293      696F6E2D 
 1293      636F6E73 
 1293      74616E74 
 1294 01dd 74696F6E 		.ascii	"tions -fno-common\000"
 1294      73202D66 
 1294      6E6F2D63 
 1294      6F6D6D6F 
 1294      6E00
ARM GAS  /tmp/ccFlqs6k.s 			page 25


 1295              	.LASF17:
 1296 01ef 4354524C 		.ascii	"CTRL\000"
 1296      00
 1297              	.LASF1:
 1298 01f4 7369676E 		.ascii	"signed char\000"
 1298      65642063 
 1298      68617200 
 1299              	.LASF10:
 1300 0200 6C6F6E67 		.ascii	"long long unsigned int\000"
 1300      206C6F6E 
 1300      6720756E 
 1300      7369676E 
 1300      65642069 
 1301              	.LASF12:
 1302 0217 75696E74 		.ascii	"uint32_t\000"
 1302      33325F74 
 1302      00
 1303              	.LASF29:
 1304 0220 6F747970 		.ascii	"otyper\000"
 1304      657200
 1305              	.LASF34:
 1306 0227 73746D33 		.ascii	"stm32_gpio_setup_t\000"
 1306      325F6770 
 1306      696F5F73 
 1306      65747570 
 1306      5F7400
 1307              	.LASF48:
 1308 023a 68616C5F 		.ascii	"hal_lld_init\000"
 1308      6C6C645F 
 1308      696E6974 
 1308      00
 1309              	.LASF42:
 1310 0247 73746172 		.ascii	"start\000"
 1310      7400
 1311              	.LASF4:
 1312 024d 73686F72 		.ascii	"short unsigned int\000"
 1312      7420756E 
 1312      7369676E 
 1312      65642069 
 1312      6E7400
 1313              	.LASF26:
 1314 0260 63686172 		.ascii	"char\000"
 1314      00
 1315              	.LASF11:
 1316 0265 696E7433 		.ascii	"int32_t\000"
 1316      325F7400 
 1317              	.LASF13:
 1318 026d 626F6F6C 		.ascii	"bool_t\000"
 1318      5F7400
 1319              	.LASF41:
 1320 0274 50414C43 		.ascii	"PALConfig\000"
 1320      6F6E6669 
 1320      6700
 1321              	.LASF36:
 1322 027e 50424461 		.ascii	"PBData\000"
 1322      746100
 1323              	.LASF14:
ARM GAS  /tmp/ccFlqs6k.s 			page 26


 1324 0285 5F426F6F 		.ascii	"_Bool\000"
 1324      6C00
 1325              	.LASF51:
 1326 028b 63616E49 		.ascii	"canInit\000"
 1326      6E697400 
 1327              	.LASF60:
 1328 0293 2F686F6D 		.ascii	"/home/jordyaw/Documents/referensi/coba/ChibiOS_2.5."
 1328      652F6A6F 
 1328      72647961 
 1328      772F446F 
 1328      63756D65 
 1329 02c6 32782F74 		.ascii	"2x/testhal/STM32F30x/WSC/board joule\000"
 1329      65737468 
 1329      616C2F53 
 1329      544D3332 
 1329      46333078 
 1330              	.LASF25:
 1331 02eb 434D785F 		.ascii	"CMx_DWT\000"
 1331      44575400 
 1332              	.LASF39:
 1333 02f3 50454461 		.ascii	"PEData\000"
 1333      746100
 1334              	.LASF19:
 1335 02fa 43504943 		.ascii	"CPICNT\000"
 1335      4E5400
 1336              	.LASF8:
 1337 0301 6C6F6E67 		.ascii	"long unsigned int\000"
 1337      20756E73 
 1337      69676E65 
 1337      6420696E 
 1337      7400
 1338              	.LASF27:
 1339 0313 68616C72 		.ascii	"halrtcnt_t\000"
 1339      74636E74 
 1339      5F7400
 1340              	.LASF21:
 1341 031e 534C4545 		.ascii	"SLEEPCNT\000"
 1341      50434E54 
 1341      00
 1342              	.LASF31:
 1343 0327 70757064 		.ascii	"pupdr\000"
 1343      7200
 1344              	.LASF22:
 1345 032d 4C535543 		.ascii	"LSUCNT\000"
 1345      4E5400
 1346              	.LASF33:
 1347 0334 61667268 		.ascii	"afrh\000"
 1347      00
 1348              	.LASF50:
 1349 0339 61646349 		.ascii	"adcInit\000"
 1349      6E697400 
 1350              	.LASF32:
 1351 0341 6166726C 		.ascii	"afrl\000"
 1351      00
 1352              	.LASF28:
 1353 0346 6D6F6465 		.ascii	"moder\000"
 1353      7200
ARM GAS  /tmp/ccFlqs6k.s 			page 27


 1354              	.LASF46:
 1355 034c 49544D5F 		.ascii	"ITM_RxBuffer\000"
 1355      52784275 
 1355      66666572 
 1355      00
 1356              	.LASF49:
 1357 0359 746D496E 		.ascii	"tmInit\000"
 1357      697400
 1358              	.LASF0:
 1359 0360 756E7369 		.ascii	"unsigned int\000"
 1359      676E6564 
 1359      20696E74 
 1359      00
 1360              	.LASF56:
 1361 036d 73647549 		.ascii	"sduInit\000"
 1361      6E697400 
 1362              	.LASF61:
 1363 0375 68616C49 		.ascii	"halIsCounterWithin\000"
 1363      73436F75 
 1363      6E746572 
 1363      57697468 
 1363      696E00
 1364              	.LASF20:
 1365 0388 45584343 		.ascii	"EXCCNT\000"
 1365      4E5400
 1366              	.LASF45:
 1367 038f 74696D65 		.ascii	"timeout\000"
 1367      6F757400 
 1368              		.ident	"GCC: (4.8.3-18ubuntu2+12) 4.8.3"
ARM GAS  /tmp/ccFlqs6k.s 			page 28


DEFINED SYMBOLS
                            *ABS*:0000000000000000 hal.c
     /tmp/ccFlqs6k.s:20     .text.halInit:0000000000000000 $t
     /tmp/ccFlqs6k.s:26     .text.halInit:0000000000000000 halInit
     /tmp/ccFlqs6k.s:76     .text.halInit:0000000000000034 $d
     /tmp/ccFlqs6k.s:81     .text.halIsCounterWithin:0000000000000000 $t
     /tmp/ccFlqs6k.s:87     .text.halIsCounterWithin:0000000000000000 halIsCounterWithin
     /tmp/ccFlqs6k.s:131    .text.halIsCounterWithin:0000000000000024 $d
     /tmp/ccFlqs6k.s:136    .text.halPolledDelay:0000000000000000 $t
     /tmp/ccFlqs6k.s:142    .text.halPolledDelay:0000000000000000 halPolledDelay
     /tmp/ccFlqs6k.s:209    .text.halPolledDelay:0000000000000034 $d
                     .debug_frame:0000000000000010 $d
     /tmp/ccFlqs6k.s:80     .text.halInit:0000000000000038 $t
     /tmp/ccFlqs6k.s:135    .text.halIsCounterWithin:0000000000000028 $t
     /tmp/ccFlqs6k.s:213    .text.halPolledDelay:0000000000000038 $t

UNDEFINED SYMBOLS
hal_lld_init
tmInit
_pal_lld_init
adcInit
canInit
icuInit
pwmInit
sdInit
usbInit
sduInit
boardInit
pal_default_config
