ARM GAS  /tmp/ccJ30rYT.s 			page 1


   1              		.syntax unified
   2              		.cpu cortex-m4
   3              		.eabi_attribute 27, 3
   4              		.fpu fpv4-sp-d16
   5              		.eabi_attribute 20, 1
   6              		.eabi_attribute 21, 1
   7              		.eabi_attribute 23, 3
   8              		.eabi_attribute 24, 1
   9              		.eabi_attribute 25, 1
  10              		.eabi_attribute 26, 1
  11              		.eabi_attribute 30, 2
  12              		.eabi_attribute 34, 1
  13              		.eabi_attribute 18, 4
  14              		.thumb
  15              		.file	"i2c_lld.c"
  16              		.text
  17              	.Ltext0:
  18              		.cfi_sections	.debug_frame
  19              	.Letext0:
  20              		.file 1 "/usr/include/newlib/machine/_default_types.h"
  21              		.file 2 "/usr/include/newlib/stdint.h"
  22              		.file 3 "../../../../os/ports/common/ARMCMx/CMSIS/include/core_cm4.h"
  23              		.section	.debug_info,"",%progbits
  24              	.Ldebug_info0:
  25 0000 9C000000 		.4byte	0x9c
  26 0004 0400     		.2byte	0x4
  27 0006 00000000 		.4byte	.Ldebug_abbrev0
  28 000a 04       		.byte	0x4
  29 000b 01       		.uleb128 0x1
  30 000c 90000000 		.4byte	.LASF14
  31 0010 01       		.byte	0x1
  32 0011 DC010000 		.4byte	.LASF15
  33 0015 6E010000 		.4byte	.LASF16
  34 0019 00000000 		.4byte	.Ldebug_line0
  35 001d 02       		.uleb128 0x2
  36 001e 04       		.byte	0x4
  37 001f 05       		.byte	0x5
  38 0020 696E7400 		.ascii	"int\000"
  39 0024 03       		.uleb128 0x3
  40 0025 04       		.byte	0x4
  41 0026 07       		.byte	0x7
  42 0027 2E000000 		.4byte	.LASF0
  43 002b 03       		.uleb128 0x3
  44 002c 01       		.byte	0x1
  45 002d 06       		.byte	0x6
  46 002e C6010000 		.4byte	.LASF1
  47 0032 03       		.uleb128 0x3
  48 0033 01       		.byte	0x1
  49 0034 08       		.byte	0x8
  50 0035 64000000 		.4byte	.LASF2
  51 0039 03       		.uleb128 0x3
  52 003a 02       		.byte	0x2
  53 003b 05       		.byte	0x5
  54 003c 80000000 		.4byte	.LASF3
  55 0040 03       		.uleb128 0x3
  56 0041 02       		.byte	0x2
  57 0042 07       		.byte	0x7
ARM GAS  /tmp/ccJ30rYT.s 			page 2


  58 0043 0E000000 		.4byte	.LASF4
  59 0047 04       		.uleb128 0x4
  60 0048 D2010000 		.4byte	.LASF9
  61 004c 01       		.byte	0x1
  62 004d 3F       		.byte	0x3f
  63 004e 52000000 		.4byte	0x52
  64 0052 03       		.uleb128 0x3
  65 0053 04       		.byte	0x4
  66 0054 05       		.byte	0x5
  67 0055 77000000 		.4byte	.LASF5
  68 0059 03       		.uleb128 0x3
  69 005a 04       		.byte	0x4
  70 005b 07       		.byte	0x7
  71 005c 3B000000 		.4byte	.LASF6
  72 0060 03       		.uleb128 0x3
  73 0061 08       		.byte	0x8
  74 0062 05       		.byte	0x5
  75 0063 00000000 		.4byte	.LASF7
  76 0067 03       		.uleb128 0x3
  77 0068 08       		.byte	0x8
  78 0069 07       		.byte	0x7
  79 006a 4D000000 		.4byte	.LASF8
  80 006e 04       		.uleb128 0x4
  81 006f 0F020000 		.4byte	.LASF10
  82 0073 02       		.byte	0x2
  83 0074 41       		.byte	0x41
  84 0075 47000000 		.4byte	0x47
  85 0079 03       		.uleb128 0x3
  86 007a 01       		.byte	0x1
  87 007b 02       		.byte	0x2
  88 007c 8A000000 		.4byte	.LASF11
  89 0080 03       		.uleb128 0x3
  90 0081 04       		.byte	0x4
  91 0082 07       		.byte	0x7
  92 0083 17020000 		.4byte	.LASF12
  93 0087 03       		.uleb128 0x3
  94 0088 01       		.byte	0x1
  95 0089 08       		.byte	0x8
  96 008a 72000000 		.4byte	.LASF13
  97 008e 05       		.uleb128 0x5
  98 008f 6E000000 		.4byte	0x6e
  99 0093 06       		.uleb128 0x6
 100 0094 21000000 		.4byte	.LASF17
 101 0098 03       		.byte	0x3
 102 0099 9806     		.2byte	0x698
 103 009b 8E000000 		.4byte	0x8e
 104 009f 00       		.byte	0
 105              		.section	.debug_abbrev,"",%progbits
 106              	.Ldebug_abbrev0:
 107 0000 01       		.uleb128 0x1
 108 0001 11       		.uleb128 0x11
 109 0002 01       		.byte	0x1
 110 0003 25       		.uleb128 0x25
 111 0004 0E       		.uleb128 0xe
 112 0005 13       		.uleb128 0x13
 113 0006 0B       		.uleb128 0xb
 114 0007 03       		.uleb128 0x3
ARM GAS  /tmp/ccJ30rYT.s 			page 3


 115 0008 0E       		.uleb128 0xe
 116 0009 1B       		.uleb128 0x1b
 117 000a 0E       		.uleb128 0xe
 118 000b 10       		.uleb128 0x10
 119 000c 17       		.uleb128 0x17
 120 000d 00       		.byte	0
 121 000e 00       		.byte	0
 122 000f 02       		.uleb128 0x2
 123 0010 24       		.uleb128 0x24
 124 0011 00       		.byte	0
 125 0012 0B       		.uleb128 0xb
 126 0013 0B       		.uleb128 0xb
 127 0014 3E       		.uleb128 0x3e
 128 0015 0B       		.uleb128 0xb
 129 0016 03       		.uleb128 0x3
 130 0017 08       		.uleb128 0x8
 131 0018 00       		.byte	0
 132 0019 00       		.byte	0
 133 001a 03       		.uleb128 0x3
 134 001b 24       		.uleb128 0x24
 135 001c 00       		.byte	0
 136 001d 0B       		.uleb128 0xb
 137 001e 0B       		.uleb128 0xb
 138 001f 3E       		.uleb128 0x3e
 139 0020 0B       		.uleb128 0xb
 140 0021 03       		.uleb128 0x3
 141 0022 0E       		.uleb128 0xe
 142 0023 00       		.byte	0
 143 0024 00       		.byte	0
 144 0025 04       		.uleb128 0x4
 145 0026 16       		.uleb128 0x16
 146 0027 00       		.byte	0
 147 0028 03       		.uleb128 0x3
 148 0029 0E       		.uleb128 0xe
 149 002a 3A       		.uleb128 0x3a
 150 002b 0B       		.uleb128 0xb
 151 002c 3B       		.uleb128 0x3b
 152 002d 0B       		.uleb128 0xb
 153 002e 49       		.uleb128 0x49
 154 002f 13       		.uleb128 0x13
 155 0030 00       		.byte	0
 156 0031 00       		.byte	0
 157 0032 05       		.uleb128 0x5
 158 0033 35       		.uleb128 0x35
 159 0034 00       		.byte	0
 160 0035 49       		.uleb128 0x49
 161 0036 13       		.uleb128 0x13
 162 0037 00       		.byte	0
 163 0038 00       		.byte	0
 164 0039 06       		.uleb128 0x6
 165 003a 34       		.uleb128 0x34
 166 003b 00       		.byte	0
 167 003c 03       		.uleb128 0x3
 168 003d 0E       		.uleb128 0xe
 169 003e 3A       		.uleb128 0x3a
 170 003f 0B       		.uleb128 0xb
 171 0040 3B       		.uleb128 0x3b
ARM GAS  /tmp/ccJ30rYT.s 			page 4


 172 0041 05       		.uleb128 0x5
 173 0042 49       		.uleb128 0x49
 174 0043 13       		.uleb128 0x13
 175 0044 3F       		.uleb128 0x3f
 176 0045 19       		.uleb128 0x19
 177 0046 3C       		.uleb128 0x3c
 178 0047 19       		.uleb128 0x19
 179 0048 00       		.byte	0
 180 0049 00       		.byte	0
 181 004a 00       		.byte	0
 182              		.section	.debug_aranges,"",%progbits
 183 0000 14000000 		.4byte	0x14
 184 0004 0200     		.2byte	0x2
 185 0006 00000000 		.4byte	.Ldebug_info0
 186 000a 04       		.byte	0x4
 187 000b 00       		.byte	0
 188 000c 0000     		.2byte	0
 189 000e 0000     		.2byte	0
 190 0010 00000000 		.4byte	0
 191 0014 00000000 		.4byte	0
 192              		.section	.debug_line,"",%progbits
 193              	.Ldebug_line0:
 194 0000 A8000000 		.section	.debug_str,"MS",%progbits,1
 194      0200A200 
 194      00000201 
 194      FB0E0D00 
 194      01010101 
 195              	.LASF7:
 196 0000 6C6F6E67 		.ascii	"long long int\000"
 196      206C6F6E 
 196      6720696E 
 196      7400
 197              	.LASF4:
 198 000e 73686F72 		.ascii	"short unsigned int\000"
 198      7420756E 
 198      7369676E 
 198      65642069 
 198      6E7400
 199              	.LASF17:
 200 0021 49544D5F 		.ascii	"ITM_RxBuffer\000"
 200      52784275 
 200      66666572 
 200      00
 201              	.LASF0:
 202 002e 756E7369 		.ascii	"unsigned int\000"
 202      676E6564 
 202      20696E74 
 202      00
 203              	.LASF6:
 204 003b 6C6F6E67 		.ascii	"long unsigned int\000"
 204      20756E73 
 204      69676E65 
 204      6420696E 
 204      7400
 205              	.LASF8:
 206 004d 6C6F6E67 		.ascii	"long long unsigned int\000"
 206      206C6F6E 
ARM GAS  /tmp/ccJ30rYT.s 			page 5


 206      6720756E 
 206      7369676E 
 206      65642069 
 207              	.LASF2:
 208 0064 756E7369 		.ascii	"unsigned char\000"
 208      676E6564 
 208      20636861 
 208      7200
 209              	.LASF13:
 210 0072 63686172 		.ascii	"char\000"
 210      00
 211              	.LASF5:
 212 0077 6C6F6E67 		.ascii	"long int\000"
 212      20696E74 
 212      00
 213              	.LASF3:
 214 0080 73686F72 		.ascii	"short int\000"
 214      7420696E 
 214      7400
 215              	.LASF11:
 216 008a 5F426F6F 		.ascii	"_Bool\000"
 216      6C00
 217              	.LASF14:
 218 0090 474E5520 		.ascii	"GNU C 4.8.3 -mcpu=cortex-m4 -mfloat-abi=softfp -mfp"
 218      4320342E 
 218      382E3320 
 218      2D6D6370 
 218      753D636F 
 219 00c3 753D6670 		.ascii	"u=fpv4-sp-d16 -mno-thumb-interwork -mthumb -ggdb -O"
 219      76342D73 
 219      702D6431 
 219      36202D6D 
 219      6E6F2D74 
 220 00f6 32202D66 		.ascii	"2 -fomit-frame-pointer -falign-functions=16 -fsingl"
 220      6F6D6974 
 220      2D667261 
 220      6D652D70 
 220      6F696E74 
 221 0129 652D7072 		.ascii	"e-precision-constant -ffunction-sections -fdata-sec"
 221      65636973 
 221      696F6E2D 
 221      636F6E73 
 221      74616E74 
 222 015c 74696F6E 		.ascii	"tions -fno-common\000"
 222      73202D66 
 222      6E6F2D63 
 222      6F6D6D6F 
 222      6E00
 223              	.LASF16:
 224 016e 2F686F6D 		.ascii	"/home/jordyaw/Documents/referensi/coba/ChibiOS_2.5."
 224      652F6A6F 
 224      72647961 
 224      772F446F 
 224      63756D65 
 225 01a1 32782F74 		.ascii	"2x/testhal/STM32F30x/WSC/board joule\000"
 225      65737468 
 225      616C2F53 
ARM GAS  /tmp/ccJ30rYT.s 			page 6


 225      544D3332 
 225      46333078 
 226              	.LASF1:
 227 01c6 7369676E 		.ascii	"signed char\000"
 227      65642063 
 227      68617200 
 228              	.LASF9:
 229 01d2 5F5F696E 		.ascii	"__int32_t\000"
 229      7433325F 
 229      7400
 230              	.LASF15:
 231 01dc 2E2E2F2E 		.ascii	"../../../../os/hal/platforms/STM32/I2Cv2/i2c_lld.c\000"
 231      2E2F2E2E 
 231      2F2E2E2F 
 231      6F732F68 
 231      616C2F70 
 232              	.LASF10:
 233 020f 696E7433 		.ascii	"int32_t\000"
 233      325F7400 
 234              	.LASF12:
 235 0217 73697A65 		.ascii	"sizetype\000"
 235      74797065 
 235      00
 236              		.ident	"GCC: (4.8.3-18ubuntu2+12) 4.8.3"
ARM GAS  /tmp/ccJ30rYT.s 			page 7


DEFINED SYMBOLS
                            *ABS*:0000000000000000 i2c_lld.c

NO UNDEFINED SYMBOLS
