ARM GAS  /tmp/ccab09UG.s 			page 1


   1              		.syntax unified
   2              		.cpu cortex-m4
   3              		.eabi_attribute 27, 3
   4              		.fpu fpv4-sp-d16
   5              		.eabi_attribute 20, 1
   6              		.eabi_attribute 21, 1
   7              		.eabi_attribute 23, 3
   8              		.eabi_attribute 24, 1
   9              		.eabi_attribute 25, 1
  10              		.eabi_attribute 26, 1
  11              		.eabi_attribute 30, 2
  12              		.eabi_attribute 34, 1
  13              		.eabi_attribute 18, 4
  14              		.thumb
  15              		.file	"pwm_lld.c"
  16              		.text
  17              	.Ltext0:
  18              		.cfi_sections	.debug_frame
  19              		.section	.text.VectorB0,"ax",%progbits
  20              		.align	2
  21              		.p2align 4,,15
  22              		.global	VectorB0
  23              		.thumb
  24              		.thumb_func
  25              		.type	VectorB0, %function
  26              	VectorB0:
  27              	.LFB119:
  28              		.file 1 "../../../../os/hal/platforms/STM32/pwm_lld.c"
  29              		.loc 1 199 0
  30              		.cfi_startproc
  31              		@ args = 0, pretend = 0, frame = 0
  32              		@ frame_needed = 0, uses_anonymous_args = 0
  33 0000 38B5     		push	{r3, r4, r5, lr}
  34              		.cfi_def_cfa_offset 16
  35              		.cfi_offset 3, -16
  36              		.cfi_offset 4, -12
  37              		.cfi_offset 5, -8
  38              		.cfi_offset 14, -4
  39              	.LBB4:
  40              	.LBB5:
  41              		.loc 1 116 0
  42 0002 194D     		ldr	r5, .L27
  43              	.LBE5:
  44              	.LBE4:
  45              		.loc 1 201 0
  46 0004 FFF7FEFF 		bl	dbg_check_enter_isr
  47              	.LVL0:
  48              	.LBB8:
  49              	.LBB6:
  50              		.loc 1 116 0
  51 0008 2B69     		ldr	r3, [r5, #16]
  52 000a 1A8A     		ldrh	r2, [r3, #16]
  53              	.LVL1:
  54              		.loc 1 117 0
  55 000c 9C89     		ldrh	r4, [r3, #12]
  56 000e A4B2     		uxth	r4, r4
  57 0010 1440     		ands	r4, r4, r2
ARM GAS  /tmp/ccab09UG.s 			page 2


  58              	.LVL2:
  59              		.loc 1 118 0
  60 0012 E243     		mvns	r2, r4
  61 0014 92B2     		uxth	r2, r2
  62 0016 1A82     		strh	r2, [r3, #16]	@ movhi
  63              		.loc 1 119 0
  64 0018 A307     		lsls	r3, r4, #30
  65 001a 20D4     		bmi	.L23
  66              	.L2:
  67              		.loc 1 121 0
  68 001c 6007     		lsls	r0, r4, #29
  69 001e 19D4     		bmi	.L24
  70              	.L3:
  71              		.loc 1 123 0
  72 0020 2107     		lsls	r1, r4, #28
  73 0022 12D4     		bmi	.L25
  74              	.L4:
  75              		.loc 1 125 0
  76 0024 E206     		lsls	r2, r4, #27
  77 0026 0BD4     		bmi	.L26
  78              	.L5:
  79              		.loc 1 127 0
  80 0028 E307     		lsls	r3, r4, #31
  81 002a 03D5     		bpl	.L6
  82              		.loc 1 128 0
  83 002c 6B68     		ldr	r3, [r5, #4]
  84 002e 0E48     		ldr	r0, .L27
  85 0030 9B68     		ldr	r3, [r3, #8]
  86 0032 9847     		blx	r3
  87              	.LVL3:
  88              	.L6:
  89              	.LBE6:
  90              	.LBE8:
  91              		.loc 1 205 0
  92 0034 FFF7FEFF 		bl	dbg_check_leave_isr
  93              	.LVL4:
  94              		.loc 1 206 0
  95 0038 BDE83840 		pop	{r3, r4, r5, lr}
  96              	.LVL5:
  97              		.loc 1 205 0
  98 003c FFF7FEBF 		b	_port_irq_epilogue
  99              	.LVL6:
 100              	.L26:
 101              	.LBB9:
 102              	.LBB7:
 103              		.loc 1 126 0
 104 0040 6B68     		ldr	r3, [r5, #4]
 105 0042 0948     		ldr	r0, .L27
 106 0044 9B6A     		ldr	r3, [r3, #40]
 107 0046 9847     		blx	r3
 108              	.LVL7:
 109 0048 EEE7     		b	.L5
 110              	.L25:
 111              		.loc 1 124 0
 112 004a 6B68     		ldr	r3, [r5, #4]
 113 004c 0648     		ldr	r0, .L27
 114 004e 1B6A     		ldr	r3, [r3, #32]
ARM GAS  /tmp/ccab09UG.s 			page 3


 115 0050 9847     		blx	r3
 116              	.LVL8:
 117 0052 E7E7     		b	.L4
 118              	.L24:
 119              		.loc 1 122 0
 120 0054 6B68     		ldr	r3, [r5, #4]
 121 0056 0448     		ldr	r0, .L27
 122 0058 9B69     		ldr	r3, [r3, #24]
 123 005a 9847     		blx	r3
 124              	.LVL9:
 125 005c E0E7     		b	.L3
 126              	.L23:
 127              		.loc 1 120 0
 128 005e 6B68     		ldr	r3, [r5, #4]
 129 0060 2846     		mov	r0, r5
 130 0062 1B69     		ldr	r3, [r3, #16]
 131 0064 9847     		blx	r3
 132              	.LVL10:
 133 0066 D9E7     		b	.L2
 134              	.L28:
 135              		.align	2
 136              	.L27:
 137 0068 00000000 		.word	.LANCHOR0
 138              	.LBE7:
 139              	.LBE9:
 140              		.cfi_endproc
 141              	.LFE119:
 142              		.size	VectorB0, .-VectorB0
 143 006c AFF30080 		.section	.text.pwm_lld_init,"ax",%progbits
 144              		.align	2
 145              		.p2align 4,,15
 146              		.global	pwm_lld_init
 147              		.thumb
 148              		.thumb_func
 149              		.type	pwm_lld_init, %function
 150              	pwm_lld_init:
 151              	.LFB120:
 152              		.loc 1 348 0
 153              		.cfi_startproc
 154              		@ args = 0, pretend = 0, frame = 0
 155              		@ frame_needed = 0, uses_anonymous_args = 0
 156 0000 10B5     		push	{r4, lr}
 157              		.cfi_def_cfa_offset 8
 158              		.cfi_offset 4, -8
 159              		.cfi_offset 14, -4
 160              		.loc 1 358 0
 161 0002 044C     		ldr	r4, .L30
 162 0004 2046     		mov	r0, r4
 163 0006 FFF7FEFF 		bl	pwmObjectInit
 164              	.LVL11:
 165              		.loc 1 359 0
 166 000a 4FF08043 		mov	r3, #1073741824
 167 000e 2361     		str	r3, [r4, #16]
 168 0010 10BD     		pop	{r4, pc}
 169              	.L31:
 170 0012 00BF     		.align	2
 171              	.L30:
ARM GAS  /tmp/ccab09UG.s 			page 4


 172 0014 00000000 		.word	.LANCHOR0
 173              		.cfi_endproc
 174              	.LFE120:
 175              		.size	pwm_lld_init, .-pwm_lld_init
 176 0018 AFF30080 		.section	.text.pwm_lld_start,"ax",%progbits
 176      AFF30080 
 177              		.align	2
 178              		.p2align 4,,15
 179              		.global	pwm_lld_start
 180              		.thumb
 181              		.thumb_func
 182              		.type	pwm_lld_start, %function
 183              	pwm_lld_start:
 184              	.LFB121:
 185              		.loc 1 402 0
 186              		.cfi_startproc
 187              		@ args = 0, pretend = 0, frame = 0
 188              		@ frame_needed = 0, uses_anonymous_args = 0
 189              	.LVL12:
 190              		.loc 1 406 0
 191 0000 0378     		ldrb	r3, [r0]	@ zero_extendqisi2
 192 0002 012B     		cmp	r3, #1
 193              		.loc 1 402 0
 194 0004 70B5     		push	{r4, r5, r6, lr}
 195              		.cfi_def_cfa_offset 16
 196              		.cfi_offset 4, -16
 197              		.cfi_offset 5, -12
 198              		.cfi_offset 6, -8
 199              		.cfi_offset 14, -4
 200              		.loc 1 402 0
 201 0006 0446     		mov	r4, r0
 202              		.loc 1 406 0
 203 0008 5CD0     		beq	.L61
 204              		.loc 1 490 0
 205 000a 0369     		ldr	r3, [r0, #16]
 206 000c 0022     		movs	r2, #0
 207 000e 1A80     		strh	r2, [r3]	@ movhi
 208              		.loc 1 491 0
 209 0010 9A81     		strh	r2, [r3, #12]	@ movhi
 210              		.loc 1 492 0
 211 0012 1A82     		strh	r2, [r3, #16]	@ movhi
 212              		.loc 1 493 0
 213 0014 5A63     		str	r2, [r3, #52]
 214              		.loc 1 494 0
 215 0016 9A63     		str	r2, [r3, #56]
 216              		.loc 1 495 0
 217 0018 DA63     		str	r2, [r3, #60]
 218              		.loc 1 496 0
 219 001a 1A64     		str	r2, [r3, #64]
 220              		.loc 1 497 0
 221 001c 5A62     		str	r2, [r3, #36]
 222              	.LVL13:
 223              	.L35:
 224              		.loc 1 501 0
 225 001e 6268     		ldr	r2, [r4, #4]
 226 0020 E168     		ldr	r1, [r4, #12]
 227 0022 1668     		ldr	r6, [r2]
ARM GAS  /tmp/ccab09UG.s 			page 5


 228 0024 B1FBF6F0 		udiv	r0, r1, r6
 229 0028 451E     		subs	r5, r0, #1
 230              	.LVL14:
 231              		.loc 1 502 0
 232 002a B5F5803F 		cmp	r5, #65536
 233 002e 03D2     		bcs	.L36
 234              		.loc 1 502 0 is_stmt 0 discriminator 2
 235 0030 06FB00F0 		mul	r0, r6, r0
 236 0034 8142     		cmp	r1, r0
 237 0036 04D0     		beq	.L37
 238              	.L36:
 239              		.loc 1 502 0 discriminator 1
 240 0038 3048     		ldr	r0, .L65
 241 003a FFF7FEFF 		bl	chDbgPanic
 242              	.LVL15:
 243 003e 6268     		ldr	r2, [r4, #4]
 244 0040 2369     		ldr	r3, [r4, #16]
 245              	.L37:
 246              		.loc 1 506 0 is_stmt 1
 247 0042 2489     		ldrh	r4, [r4, #8]
 248              	.LVL16:
 249              		.loc 1 511 0
 250 0044 D168     		ldr	r1, [r2, #12]
 251              		.loc 1 507 0
 252 0046 908D     		ldrh	r0, [r2, #44]
 253              		.loc 1 506 0
 254 0048 013C     		subs	r4, r4, #1
 255              		.loc 1 511 0
 256 004a 01F00F01 		and	r1, r1, #15
 257              		.loc 1 506 0
 258 004e A4B2     		uxth	r4, r4
 259              		.loc 1 505 0
 260 0050 ADB2     		uxth	r5, r5
 261              	.LVL17:
 262              		.loc 1 511 0
 263 0052 0129     		cmp	r1, #1
 264              		.loc 1 505 0
 265 0054 1D85     		strh	r5, [r3, #40]	@ movhi
 266              		.loc 1 506 0
 267 0056 DC62     		str	r4, [r3, #44]
 268              		.loc 1 507 0
 269 0058 9880     		strh	r0, [r3, #4]	@ movhi
 270              	.LVL18:
 271              		.loc 1 511 0
 272 005a 03D0     		beq	.L38
 273              		.loc 1 510 0
 274 005c 0229     		cmp	r1, #2
 275 005e 0CBF     		ite	eq
 276 0060 0321     		moveq	r1, #3
 277 0062 0021     		movne	r1, #0
 278              	.L38:
 279              	.LVL19:
 280              		.loc 1 519 0
 281 0064 5069     		ldr	r0, [r2, #20]
 282 0066 00F00F00 		and	r0, r0, #15
 283 006a 0128     		cmp	r0, #1
 284 006c 27D0     		beq	.L42
ARM GAS  /tmp/ccab09UG.s 			page 6


 285 006e 0228     		cmp	r0, #2
 286 0070 23D0     		beq	.L62
 287              	.LVL20:
 288              	.L41:
 289              		.loc 1 527 0
 290 0072 D069     		ldr	r0, [r2, #28]
 291 0074 00F00F00 		and	r0, r0, #15
 292 0078 0128     		cmp	r0, #1
 293 007a 1BD0     		beq	.L45
 294 007c 0228     		cmp	r0, #2
 295 007e 17D0     		beq	.L63
 296              	.LVL21:
 297              	.L44:
 298              		.loc 1 535 0
 299 0080 506A     		ldr	r0, [r2, #36]
 300 0082 00F00F00 		and	r0, r0, #15
 301 0086 0128     		cmp	r0, #1
 302 0088 03D0     		beq	.L48
 303 008a 0228     		cmp	r0, #2
 304 008c 03D1     		bne	.L47
 305              		.loc 1 537 0
 306 008e 41F40051 		orr	r1, r1, #8192
 307              	.LVL22:
 308              	.L48:
 309              		.loc 1 539 0
 310 0092 41F48051 		orr	r1, r1, #4096
 311              	.LVL23:
 312              	.L47:
 313              		.loc 1 582 0
 314 0096 9068     		ldr	r0, [r2, #8]
 315              		.loc 1 580 0
 316 0098 1984     		strh	r1, [r3, #32]	@ movhi
 317              		.loc 1 582 0
 318 009a 0030     		adds	r0, r0, #0
 319 009c 18BF     		it	ne
 320 009e 0120     		movne	r0, #1
 321              		.loc 1 581 0
 322 00a0 0124     		movs	r4, #1
 323              		.loc 1 583 0
 324 00a2 0021     		movs	r1, #0
 325              	.LVL24:
 326              		.loc 1 592 0
 327 00a4 8522     		movs	r2, #133
 328              		.loc 1 581 0
 329 00a6 9C82     		strh	r4, [r3, #20]	@ movhi
 330              		.loc 1 582 0
 331 00a8 9881     		strh	r0, [r3, #12]	@ movhi
 332              		.loc 1 583 0
 333 00aa 1982     		strh	r1, [r3, #16]	@ movhi
 334              		.loc 1 592 0
 335 00ac 1A80     		strh	r2, [r3]	@ movhi
 336 00ae 70BD     		pop	{r4, r5, r6, pc}
 337              	.LVL25:
 338              	.L63:
 339              		.loc 1 529 0
 340 00b0 41F40071 		orr	r1, r1, #512
 341              	.LVL26:
ARM GAS  /tmp/ccab09UG.s 			page 7


 342              	.L45:
 343              		.loc 1 531 0
 344 00b4 41F48071 		orr	r1, r1, #256
 345              	.LVL27:
 346 00b8 E2E7     		b	.L44
 347              	.L62:
 348              		.loc 1 521 0
 349 00ba 41F02001 		orr	r1, r1, #32
 350              	.LVL28:
 351              	.L42:
 352              		.loc 1 523 0
 353 00be 41F01001 		orr	r1, r1, #16
 354              	.LVL29:
 355 00c2 D6E7     		b	.L41
 356              	.LVL30:
 357              	.L61:
 358              		.loc 1 420 0
 359 00c4 0E4B     		ldr	r3, .L65+4
 360 00c6 9842     		cmp	r0, r3
 361 00c8 05D0     		beq	.L64
 362              	.LVL31:
 363              	.L34:
 364              		.loc 1 479 0
 365 00ca 2369     		ldr	r3, [r4, #16]
 366 00cc 46F66802 		movw	r2, #26728
 367 00d0 1A83     		strh	r2, [r3, #24]	@ movhi
 368              		.loc 1 483 0
 369 00d2 9A83     		strh	r2, [r3, #28]	@ movhi
 370 00d4 A3E7     		b	.L35
 371              	.LVL32:
 372              	.L64:
 373              		.loc 1 421 0
 374 00d6 0B4B     		ldr	r3, .L65+8
 375 00d8 DA69     		ldr	r2, [r3, #28]
 376 00da 42F00102 		orr	r2, r2, #1
 377 00de DA61     		str	r2, [r3, #28]
 378              		.loc 1 422 0
 379 00e0 1969     		ldr	r1, [r3, #16]
 380 00e2 0022     		movs	r2, #0
 381 00e4 41F00101 		orr	r1, r1, #1
 382 00e8 1961     		str	r1, [r3, #16]
 383              		.loc 1 423 0
 384 00ea 1C20     		movs	r0, #28
 385              	.LVL33:
 386              		.loc 1 422 0
 387 00ec 1A61     		str	r2, [r3, #16]
 388              		.loc 1 423 0
 389 00ee 7021     		movs	r1, #112
 390 00f0 FFF7FEFF 		bl	nvicEnableVector
 391              	.LVL34:
 392              		.loc 1 425 0
 393 00f4 044B     		ldr	r3, .L65+12
 394 00f6 E360     		str	r3, [r4, #12]
 395 00f8 E7E7     		b	.L34
 396              	.L66:
 397 00fa 00BF     		.align	2
 398              	.L65:
ARM GAS  /tmp/ccab09UG.s 			page 8


 399 00fc 00000000 		.word	.LC0
 400 0100 00000000 		.word	.LANCHOR0
 401 0104 00100240 		.word	1073876992
 402 0108 00A24A04 		.word	72000000
 403              		.cfi_endproc
 404              	.LFE121:
 405              		.size	pwm_lld_start, .-pwm_lld_start
 406 010c AFF30080 		.section	.text.pwm_lld_stop,"ax",%progbits
 407              		.align	2
 408              		.p2align 4,,15
 409              		.global	pwm_lld_stop
 410              		.thumb
 411              		.thumb_func
 412              		.type	pwm_lld_stop, %function
 413              	pwm_lld_stop:
 414              	.LFB122:
 415              		.loc 1 602 0
 416              		.cfi_startproc
 417              		@ args = 0, pretend = 0, frame = 0
 418              		@ frame_needed = 0, uses_anonymous_args = 0
 419              	.LVL35:
 420 0000 08B5     		push	{r3, lr}
 421              		.cfi_def_cfa_offset 8
 422              		.cfi_offset 3, -8
 423              		.cfi_offset 14, -4
 424              		.loc 1 605 0
 425 0002 0378     		ldrb	r3, [r0]	@ zero_extendqisi2
 426 0004 022B     		cmp	r3, #2
 427 0006 00D0     		beq	.L71
 428              	.LVL36:
 429              	.L67:
 430 0008 08BD     		pop	{r3, pc}
 431              	.LVL37:
 432              	.L71:
 433              		.loc 1 621 0
 434 000a 0849     		ldr	r1, .L72
 435              		.loc 1 606 0
 436 000c 0369     		ldr	r3, [r0, #16]
 437 000e 0022     		movs	r2, #0
 438              		.loc 1 621 0
 439 0010 8842     		cmp	r0, r1
 440              		.loc 1 606 0
 441 0012 1A80     		strh	r2, [r3]	@ movhi
 442              		.loc 1 607 0
 443 0014 9A81     		strh	r2, [r3, #12]	@ movhi
 444              		.loc 1 608 0
 445 0016 1A82     		strh	r2, [r3, #16]	@ movhi
 446              		.loc 1 621 0
 447 0018 F6D1     		bne	.L67
 448              		.loc 1 622 0
 449 001a 1C20     		movs	r0, #28
 450              	.LVL38:
 451 001c FFF7FEFF 		bl	nvicDisableVector
 452              	.LVL39:
 453              		.loc 1 623 0
 454 0020 034B     		ldr	r3, .L72+4
 455 0022 DA69     		ldr	r2, [r3, #28]
ARM GAS  /tmp/ccab09UG.s 			page 9


 456 0024 22F00102 		bic	r2, r2, #1
 457 0028 DA61     		str	r2, [r3, #28]
 458 002a EDE7     		b	.L67
 459              	.L73:
 460              		.align	2
 461              	.L72:
 462 002c 00000000 		.word	.LANCHOR0
 463 0030 00100240 		.word	1073876992
 464              		.cfi_endproc
 465              	.LFE122:
 466              		.size	pwm_lld_stop, .-pwm_lld_stop
 467 0034 AFF30080 		.section	.text.pwm_lld_enable_channel,"ax",%progbits
 467      AFF30080 
 467      AFF30080 
 468              		.align	2
 469              		.p2align 4,,15
 470              		.global	pwm_lld_enable_channel
 471              		.thumb
 472              		.thumb_func
 473              		.type	pwm_lld_enable_channel, %function
 474              	pwm_lld_enable_channel:
 475              	.LFB123:
 476              		.loc 1 674 0
 477              		.cfi_startproc
 478              		@ args = 0, pretend = 0, frame = 0
 479              		@ frame_needed = 0, uses_anonymous_args = 0
 480              		@ link register save eliminated.
 481              	.LVL40:
 482 0000 10B4     		push	{r4}
 483              		.cfi_def_cfa_offset 4
 484              		.cfi_offset 4, -4
 485              		.loc 1 679 0
 486 0002 4468     		ldr	r4, [r0, #4]
 487              		.loc 1 676 0
 488 0004 0369     		ldr	r3, [r0, #16]
 489              		.loc 1 679 0
 490 0006 04EBC100 		add	r0, r4, r1, lsl #3
 491              	.LVL41:
 492              		.loc 1 676 0
 493 000a 01F10C04 		add	r4, r1, #12
 494              		.loc 1 679 0
 495 000e 0069     		ldr	r0, [r0, #16]
 496              		.loc 1 676 0
 497 0010 03EB8404 		add	r4, r3, r4, lsl #2
 498 0014 6260     		str	r2, [r4, #4]
 499              		.loc 1 679 0
 500 0016 60B1     		cbz	r0, .L74
 501              	.LBB10:
 502              		.loc 1 680 0
 503 0018 9A89     		ldrh	r2, [r3, #12]
 504              	.LVL42:
 505              		.loc 1 683 0
 506 001a 0220     		movs	r0, #2
 507              		.loc 1 680 0
 508 001c 92B2     		uxth	r2, r2
 509              	.LVL43:
 510              		.loc 1 683 0
ARM GAS  /tmp/ccab09UG.s 			page 10


 511 001e 00FA01F1 		lsl	r1, r0, r1
 512              	.LVL44:
 513 0022 1142     		tst	r1, r2
 514 0024 05D1     		bne	.L74
 515              		.loc 1 684 0
 516 0026 89B2     		uxth	r1, r1
 517              		.loc 1 685 0
 518 0028 C843     		mvns	r0, r1
 519 002a 80B2     		uxth	r0, r0
 520              		.loc 1 684 0
 521 002c 1143     		orrs	r1, r1, r2
 522 002e 9981     		strh	r1, [r3, #12]	@ movhi
 523              		.loc 1 685 0
 524 0030 1882     		strh	r0, [r3, #16]	@ movhi
 525              	.LVL45:
 526              	.L74:
 527              	.LBE10:
 528              		.loc 1 688 0
 529 0032 5DF8044B 		ldr	r4, [sp], #4
 530 0036 7047     		bx	lr
 531              		.cfi_endproc
 532              	.LFE123:
 533              		.size	pwm_lld_enable_channel, .-pwm_lld_enable_channel
 534 0038 AFF30080 		.section	.text.pwm_lld_disable_channel,"ax",%progbits
 534      AFF30080 
 535              		.align	2
 536              		.p2align 4,,15
 537              		.global	pwm_lld_disable_channel
 538              		.thumb
 539              		.thumb_func
 540              		.type	pwm_lld_disable_channel, %function
 541              	pwm_lld_disable_channel:
 542              	.LFB124:
 543              		.loc 1 702 0
 544              		.cfi_startproc
 545              		@ args = 0, pretend = 0, frame = 0
 546              		@ frame_needed = 0, uses_anonymous_args = 0
 547              		@ link register save eliminated.
 548              	.LVL46:
 549              		.loc 1 704 0
 550 0000 0369     		ldr	r3, [r0, #16]
 551 0002 01F10C02 		add	r2, r1, #12
 552 0006 03EB8202 		add	r2, r3, r2, lsl #2
 553 000a 0020     		movs	r0, #0
 554              	.LVL47:
 555 000c 5060     		str	r0, [r2, #4]
 556              		.loc 1 705 0
 557 000e 9A89     		ldrh	r2, [r3, #12]
 558 0010 0220     		movs	r0, #2
 559 0012 00FA01F1 		lsl	r1, r0, r1
 560              	.LVL48:
 561 0016 92B2     		uxth	r2, r2
 562 0018 22EA0101 		bic	r1, r2, r1
 563 001c 9981     		strh	r1, [r3, #12]	@ movhi
 564 001e 7047     		bx	lr
 565              		.cfi_endproc
 566              	.LFE124:
ARM GAS  /tmp/ccab09UG.s 			page 11


 567              		.size	pwm_lld_disable_channel, .-pwm_lld_disable_channel
 568              		.global	PWMD2
 569              		.section	.bss.PWMD2,"aw",%nobits
 570              		.align	2
 571              		.set	.LANCHOR0,. + 0
 572              		.type	PWMD2, %object
 573              		.size	PWMD2, 20
 574              	PWMD2:
 575 0000 00000000 		.space	20
 575      00000000 
 575      00000000 
 575      00000000 
 575      00000000 
 576              		.section	.rodata.str1.4,"aMS",%progbits,1
 577              		.align	2
 578              	.LC0:
 579 0000 70776D5F 		.ascii	"pwm_lld_start(), #1\000"
 579      6C6C645F 
 579      73746172 
 579      7428292C 
 579      20233100 
 580              		.text
 581              	.Letext0:
 582              		.file 2 "/usr/include/newlib/machine/_default_types.h"
 583              		.file 3 "/usr/include/newlib/stdint.h"
 584              		.file 4 "../../../../os/hal/platforms/STM32F30x/stm32f30x.h"
 585              		.file 5 "../../../../os/hal/platforms/STM32/stm32.h"
 586              		.file 6 "../../../../os/hal/include/pwm.h"
 587              		.file 7 "../../../../os/hal/platforms/STM32/pwm_lld.h"
 588              		.file 8 "../../../../os/ports/common/ARMCMx/CMSIS/include/core_cm4.h"
 589              		.file 9 "../../../../os/kernel/include/chdebug.h"
 590              		.file 10 "../../../../os/ports/GCC/ARMCMx/chcore_v7m.h"
 591              		.file 11 "../../../../os/ports/common/ARMCMx/nvic.h"
 592              		.section	.debug_info,"",%progbits
 593              	.Ldebug_info0:
 594 0000 7E070000 		.4byte	0x77e
 595 0004 0400     		.2byte	0x4
 596 0006 00000000 		.4byte	.Ldebug_abbrev0
 597 000a 04       		.byte	0x4
 598 000b 01       		.uleb128 0x1
 599 000c 0D020000 		.4byte	.LASF92
 600 0010 01       		.byte	0x1
 601 0011 E1000000 		.4byte	.LASF93
 602 0015 C8030000 		.4byte	.LASF94
 603 0019 20000000 		.4byte	.Ldebug_ranges0+0x20
 604 001d 00000000 		.4byte	0
 605 0021 00000000 		.4byte	.Ldebug_line0
 606 0025 02       		.uleb128 0x2
 607 0026 04       		.byte	0x4
 608 0027 05       		.byte	0x5
 609 0028 696E7400 		.ascii	"int\000"
 610 002c 03       		.uleb128 0x3
 611 002d 04       		.byte	0x4
 612 002e 07       		.byte	0x7
 613 002f 27030000 		.4byte	.LASF0
 614 0033 03       		.uleb128 0x3
 615 0034 01       		.byte	0x1
ARM GAS  /tmp/ccab09UG.s 			page 12


 616 0035 06       		.byte	0x6
 617 0036 04030000 		.4byte	.LASF1
 618 003a 04       		.uleb128 0x4
 619 003b 90010000 		.4byte	.LASF4
 620 003f 02       		.byte	0x2
 621 0040 1D       		.byte	0x1d
 622 0041 45000000 		.4byte	0x45
 623 0045 03       		.uleb128 0x3
 624 0046 01       		.byte	0x1
 625 0047 08       		.byte	0x8
 626 0048 E8010000 		.4byte	.LASF2
 627 004c 03       		.uleb128 0x3
 628 004d 02       		.byte	0x2
 629 004e 05       		.byte	0x5
 630 004f 2C000000 		.4byte	.LASF3
 631 0053 04       		.uleb128 0x4
 632 0054 94000000 		.4byte	.LASF5
 633 0058 02       		.byte	0x2
 634 0059 2B       		.byte	0x2b
 635 005a 5E000000 		.4byte	0x5e
 636 005e 03       		.uleb128 0x3
 637 005f 02       		.byte	0x2
 638 0060 07       		.byte	0x7
 639 0061 6E030000 		.4byte	.LASF6
 640 0065 04       		.uleb128 0x4
 641 0066 8A040000 		.4byte	.LASF7
 642 006a 02       		.byte	0x2
 643 006b 3F       		.byte	0x3f
 644 006c 70000000 		.4byte	0x70
 645 0070 03       		.uleb128 0x3
 646 0071 04       		.byte	0x4
 647 0072 05       		.byte	0x5
 648 0073 6B010000 		.4byte	.LASF8
 649 0077 04       		.uleb128 0x4
 650 0078 84000000 		.4byte	.LASF9
 651 007c 02       		.byte	0x2
 652 007d 41       		.byte	0x41
 653 007e 82000000 		.4byte	0x82
 654 0082 03       		.uleb128 0x3
 655 0083 04       		.byte	0x4
 656 0084 07       		.byte	0x7
 657 0085 3D040000 		.4byte	.LASF10
 658 0089 03       		.uleb128 0x3
 659 008a 08       		.byte	0x8
 660 008b 05       		.byte	0x5
 661 008c 5D010000 		.4byte	.LASF11
 662 0090 03       		.uleb128 0x3
 663 0091 08       		.byte	0x8
 664 0092 07       		.byte	0x7
 665 0093 10030000 		.4byte	.LASF12
 666 0097 04       		.uleb128 0x4
 667 0098 C1000000 		.4byte	.LASF13
 668 009c 03       		.byte	0x3
 669 009d 2A       		.byte	0x2a
 670 009e 3A000000 		.4byte	0x3a
 671 00a2 04       		.uleb128 0x4
 672 00a3 93030000 		.4byte	.LASF14
ARM GAS  /tmp/ccab09UG.s 			page 13


 673 00a7 03       		.byte	0x3
 674 00a8 36       		.byte	0x36
 675 00a9 53000000 		.4byte	0x53
 676 00ad 04       		.uleb128 0x4
 677 00ae B2030000 		.4byte	.LASF15
 678 00b2 03       		.byte	0x3
 679 00b3 41       		.byte	0x41
 680 00b4 65000000 		.4byte	0x65
 681 00b8 04       		.uleb128 0x4
 682 00b9 2E010000 		.4byte	.LASF16
 683 00bd 03       		.byte	0x3
 684 00be 42       		.byte	0x42
 685 00bf 77000000 		.4byte	0x77
 686 00c3 03       		.uleb128 0x3
 687 00c4 01       		.byte	0x1
 688 00c5 02       		.byte	0x2
 689 00c6 BA030000 		.4byte	.LASF17
 690 00ca 05       		.uleb128 0x5
 691 00cb B8000000 		.4byte	0xb8
 692 00cf 03       		.uleb128 0x3
 693 00d0 04       		.byte	0x4
 694 00d1 07       		.byte	0x7
 695 00d2 3F000000 		.4byte	.LASF18
 696 00d6 06       		.uleb128 0x6
 697 00d7 04       		.byte	0x4
 698 00d8 DC000000 		.4byte	0xdc
 699 00dc 07       		.uleb128 0x7
 700 00dd E1000000 		.4byte	0xe1
 701 00e1 03       		.uleb128 0x3
 702 00e2 01       		.byte	0x1
 703 00e3 08       		.byte	0x8
 704 00e4 8E030000 		.4byte	.LASF19
 705 00e8 08       		.uleb128 0x8
 706 00e9 B8000000 		.4byte	0xb8
 707 00ed F8000000 		.4byte	0xf8
 708 00f1 09       		.uleb128 0x9
 709 00f2 CF000000 		.4byte	0xcf
 710 00f6 03       		.byte	0x3
 711 00f7 00       		.byte	0
 712 00f8 05       		.uleb128 0x5
 713 00f9 A2000000 		.4byte	0xa2
 714 00fd 05       		.uleb128 0x5
 715 00fe AD000000 		.4byte	0xad
 716 0102 0A       		.uleb128 0xa
 717 0103 34       		.byte	0x34
 718 0104 04       		.byte	0x4
 719 0105 8502     		.2byte	0x285
 720 0107 B4010000 		.4byte	0x1b4
 721 010b 0B       		.uleb128 0xb
 722 010c 435200   		.ascii	"CR\000"
 723 010f 04       		.byte	0x4
 724 0110 8702     		.2byte	0x287
 725 0112 CA000000 		.4byte	0xca
 726 0116 00       		.byte	0
 727 0117 0C       		.uleb128 0xc
 728 0118 A6000000 		.4byte	.LASF20
 729 011c 04       		.byte	0x4
ARM GAS  /tmp/ccab09UG.s 			page 14


 730 011d 8802     		.2byte	0x288
 731 011f CA000000 		.4byte	0xca
 732 0123 04       		.byte	0x4
 733 0124 0B       		.uleb128 0xb
 734 0125 43495200 		.ascii	"CIR\000"
 735 0129 04       		.byte	0x4
 736 012a 8902     		.2byte	0x289
 737 012c CA000000 		.4byte	0xca
 738 0130 08       		.byte	0x8
 739 0131 0C       		.uleb128 0xc
 740 0132 87010000 		.4byte	.LASF21
 741 0136 04       		.byte	0x4
 742 0137 8A02     		.2byte	0x28a
 743 0139 CA000000 		.4byte	0xca
 744 013d 0C       		.byte	0xc
 745 013e 0C       		.uleb128 0xc
 746 013f 12000000 		.4byte	.LASF22
 747 0143 04       		.byte	0x4
 748 0144 8B02     		.2byte	0x28b
 749 0146 CA000000 		.4byte	0xca
 750 014a 10       		.byte	0x10
 751 014b 0C       		.uleb128 0xc
 752 014c C1010000 		.4byte	.LASF23
 753 0150 04       		.byte	0x4
 754 0151 8C02     		.2byte	0x28c
 755 0153 CA000000 		.4byte	0xca
 756 0157 14       		.byte	0x14
 757 0158 0C       		.uleb128 0xc
 758 0159 EB020000 		.4byte	.LASF24
 759 015d 04       		.byte	0x4
 760 015e 8D02     		.2byte	0x28d
 761 0160 CA000000 		.4byte	0xca
 762 0164 18       		.byte	0x18
 763 0165 0C       		.uleb128 0xc
 764 0166 D9000000 		.4byte	.LASF25
 765 016a 04       		.byte	0x4
 766 016b 8E02     		.2byte	0x28e
 767 016d CA000000 		.4byte	0xca
 768 0171 1C       		.byte	0x1c
 769 0172 0C       		.uleb128 0xc
 770 0173 48000000 		.4byte	.LASF26
 771 0177 04       		.byte	0x4
 772 0178 8F02     		.2byte	0x28f
 773 017a CA000000 		.4byte	0xca
 774 017e 20       		.byte	0x20
 775 017f 0B       		.uleb128 0xb
 776 0180 43535200 		.ascii	"CSR\000"
 777 0184 04       		.byte	0x4
 778 0185 9002     		.2byte	0x290
 779 0187 CA000000 		.4byte	0xca
 780 018b 24       		.byte	0x24
 781 018c 0C       		.uleb128 0xc
 782 018d 55010000 		.4byte	.LASF27
 783 0191 04       		.byte	0x4
 784 0192 9102     		.2byte	0x291
 785 0194 CA000000 		.4byte	0xca
 786 0198 28       		.byte	0x28
ARM GAS  /tmp/ccab09UG.s 			page 15


 787 0199 0C       		.uleb128 0xc
 788 019a 34030000 		.4byte	.LASF28
 789 019e 04       		.byte	0x4
 790 019f 9202     		.2byte	0x292
 791 01a1 CA000000 		.4byte	0xca
 792 01a5 2C       		.byte	0x2c
 793 01a6 0C       		.uleb128 0xc
 794 01a7 3A030000 		.4byte	.LASF29
 795 01ab 04       		.byte	0x4
 796 01ac 9302     		.2byte	0x293
 797 01ae CA000000 		.4byte	0xca
 798 01b2 30       		.byte	0x30
 799 01b3 00       		.byte	0
 800 01b4 0D       		.uleb128 0xd
 801 01b5 74010000 		.4byte	.LASF30
 802 01b9 04       		.byte	0x4
 803 01ba 9402     		.2byte	0x294
 804 01bc 02010000 		.4byte	0x102
 805 01c0 0E       		.uleb128 0xe
 806 01c1 54       		.byte	0x54
 807 01c2 05       		.byte	0x5
 808 01c3 60       		.byte	0x60
 809 01c4 53030000 		.4byte	0x353
 810 01c8 0F       		.uleb128 0xf
 811 01c9 43523100 		.ascii	"CR1\000"
 812 01cd 05       		.byte	0x5
 813 01ce 61       		.byte	0x61
 814 01cf F8000000 		.4byte	0xf8
 815 01d3 00       		.byte	0
 816 01d4 10       		.uleb128 0x10
 817 01d5 B9000000 		.4byte	.LASF31
 818 01d9 05       		.byte	0x5
 819 01da 62       		.byte	0x62
 820 01db A2000000 		.4byte	0xa2
 821 01df 02       		.byte	0x2
 822 01e0 0F       		.uleb128 0xf
 823 01e1 43523200 		.ascii	"CR2\000"
 824 01e5 05       		.byte	0x5
 825 01e6 63       		.byte	0x63
 826 01e7 F8000000 		.4byte	0xf8
 827 01eb 04       		.byte	0x4
 828 01ec 10       		.uleb128 0x10
 829 01ed E4040000 		.4byte	.LASF32
 830 01f1 05       		.byte	0x5
 831 01f2 64       		.byte	0x64
 832 01f3 A2000000 		.4byte	0xa2
 833 01f7 06       		.byte	0x6
 834 01f8 10       		.uleb128 0x10
 835 01f9 D8010000 		.4byte	.LASF33
 836 01fd 05       		.byte	0x5
 837 01fe 65       		.byte	0x65
 838 01ff F8000000 		.4byte	0xf8
 839 0203 08       		.byte	0x8
 840 0204 10       		.uleb128 0x10
 841 0205 C9000000 		.4byte	.LASF34
 842 0209 05       		.byte	0x5
 843 020a 66       		.byte	0x66
ARM GAS  /tmp/ccab09UG.s 			page 16


 844 020b A2000000 		.4byte	0xa2
 845 020f 0A       		.byte	0xa
 846 0210 10       		.uleb128 0x10
 847 0211 45030000 		.4byte	.LASF35
 848 0215 05       		.byte	0x5
 849 0216 67       		.byte	0x67
 850 0217 F8000000 		.4byte	0xf8
 851 021b 0C       		.byte	0xc
 852 021c 10       		.uleb128 0x10
 853 021d D1000000 		.4byte	.LASF36
 854 0221 05       		.byte	0x5
 855 0222 68       		.byte	0x68
 856 0223 A2000000 		.4byte	0xa2
 857 0227 0E       		.byte	0xe
 858 0228 0F       		.uleb128 0xf
 859 0229 535200   		.ascii	"SR\000"
 860 022c 05       		.byte	0x5
 861 022d 69       		.byte	0x69
 862 022e F8000000 		.4byte	0xf8
 863 0232 10       		.byte	0x10
 864 0233 10       		.uleb128 0x10
 865 0234 05050000 		.4byte	.LASF37
 866 0238 05       		.byte	0x5
 867 0239 6A       		.byte	0x6a
 868 023a A2000000 		.4byte	0xa2
 869 023e 12       		.byte	0x12
 870 023f 0F       		.uleb128 0xf
 871 0240 45475200 		.ascii	"EGR\000"
 872 0244 05       		.byte	0x5
 873 0245 6B       		.byte	0x6b
 874 0246 F8000000 		.4byte	0xf8
 875 024a 14       		.byte	0x14
 876 024b 10       		.uleb128 0x10
 877 024c 0D050000 		.4byte	.LASF38
 878 0250 05       		.byte	0x5
 879 0251 6C       		.byte	0x6c
 880 0252 A2000000 		.4byte	0xa2
 881 0256 16       		.byte	0x16
 882 0257 10       		.uleb128 0x10
 883 0258 A3010000 		.4byte	.LASF39
 884 025c 05       		.byte	0x5
 885 025d 6D       		.byte	0x6d
 886 025e F8000000 		.4byte	0xf8
 887 0262 18       		.byte	0x18
 888 0263 10       		.uleb128 0x10
 889 0264 0E010000 		.4byte	.LASF40
 890 0268 05       		.byte	0x5
 891 0269 6E       		.byte	0x6e
 892 026a A2000000 		.4byte	0xa2
 893 026e 1A       		.byte	0x1a
 894 026f 10       		.uleb128 0x10
 895 0270 26000000 		.4byte	.LASF41
 896 0274 05       		.byte	0x5
 897 0275 6F       		.byte	0x6f
 898 0276 F8000000 		.4byte	0xf8
 899 027a 1C       		.byte	0x1c
 900 027b 10       		.uleb128 0x10
ARM GAS  /tmp/ccab09UG.s 			page 17


 901 027c 16010000 		.4byte	.LASF42
 902 0280 05       		.byte	0x5
 903 0281 70       		.byte	0x70
 904 0282 A2000000 		.4byte	0xa2
 905 0286 1E       		.byte	0x1e
 906 0287 10       		.uleb128 0x10
 907 0288 00000000 		.4byte	.LASF43
 908 028c 05       		.byte	0x5
 909 028d 71       		.byte	0x71
 910 028e F8000000 		.4byte	0xf8
 911 0292 20       		.byte	0x20
 912 0293 10       		.uleb128 0x10
 913 0294 1E010000 		.4byte	.LASF44
 914 0298 05       		.byte	0x5
 915 0299 72       		.byte	0x72
 916 029a A2000000 		.4byte	0xa2
 917 029e 22       		.byte	0x22
 918 029f 0F       		.uleb128 0xf
 919 02a0 434E5400 		.ascii	"CNT\000"
 920 02a4 05       		.byte	0x5
 921 02a5 73       		.byte	0x73
 922 02a6 CA000000 		.4byte	0xca
 923 02aa 24       		.byte	0x24
 924 02ab 0F       		.uleb128 0xf
 925 02ac 50534300 		.ascii	"PSC\000"
 926 02b0 05       		.byte	0x5
 927 02b1 74       		.byte	0x74
 928 02b2 F8000000 		.4byte	0xf8
 929 02b6 28       		.byte	0x28
 930 02b7 10       		.uleb128 0x10
 931 02b8 26010000 		.4byte	.LASF45
 932 02bc 05       		.byte	0x5
 933 02bd 75       		.byte	0x75
 934 02be A2000000 		.4byte	0xa2
 935 02c2 2A       		.byte	0x2a
 936 02c3 0F       		.uleb128 0xf
 937 02c4 41525200 		.ascii	"ARR\000"
 938 02c8 05       		.byte	0x5
 939 02c9 76       		.byte	0x76
 940 02ca CA000000 		.4byte	0xca
 941 02ce 2C       		.byte	0x2c
 942 02cf 0F       		.uleb128 0xf
 943 02d0 52435200 		.ascii	"RCR\000"
 944 02d4 05       		.byte	0x5
 945 02d5 77       		.byte	0x77
 946 02d6 F8000000 		.4byte	0xf8
 947 02da 30       		.byte	0x30
 948 02db 10       		.uleb128 0x10
 949 02dc 69040000 		.4byte	.LASF46
 950 02e0 05       		.byte	0x5
 951 02e1 78       		.byte	0x78
 952 02e2 A2000000 		.4byte	0xa2
 953 02e6 32       		.byte	0x32
 954 02e7 0F       		.uleb128 0xf
 955 02e8 43435200 		.ascii	"CCR\000"
 956 02ec 05       		.byte	0x5
 957 02ed 79       		.byte	0x79
ARM GAS  /tmp/ccab09UG.s 			page 18


 958 02ee 53030000 		.4byte	0x353
 959 02f2 34       		.byte	0x34
 960 02f3 10       		.uleb128 0x10
 961 02f4 40030000 		.4byte	.LASF47
 962 02f8 05       		.byte	0x5
 963 02f9 7A       		.byte	0x7a
 964 02fa F8000000 		.4byte	0xf8
 965 02fe 44       		.byte	0x44
 966 02ff 10       		.uleb128 0x10
 967 0300 4A030000 		.4byte	.LASF48
 968 0304 05       		.byte	0x5
 969 0305 7B       		.byte	0x7b
 970 0306 A2000000 		.4byte	0xa2
 971 030a 46       		.byte	0x46
 972 030b 0F       		.uleb128 0xf
 973 030c 44435200 		.ascii	"DCR\000"
 974 0310 05       		.byte	0x5
 975 0311 7C       		.byte	0x7c
 976 0312 F8000000 		.4byte	0xf8
 977 0316 48       		.byte	0x48
 978 0317 10       		.uleb128 0x10
 979 0318 53030000 		.4byte	.LASF49
 980 031c 05       		.byte	0x5
 981 031d 7D       		.byte	0x7d
 982 031e A2000000 		.4byte	0xa2
 983 0322 4A       		.byte	0x4a
 984 0323 10       		.uleb128 0x10
 985 0324 1B000000 		.4byte	.LASF50
 986 0328 05       		.byte	0x5
 987 0329 7E       		.byte	0x7e
 988 032a F8000000 		.4byte	0xf8
 989 032e 4C       		.byte	0x4c
 990 032f 10       		.uleb128 0x10
 991 0330 5C030000 		.4byte	.LASF51
 992 0334 05       		.byte	0x5
 993 0335 7F       		.byte	0x7f
 994 0336 A2000000 		.4byte	0xa2
 995 033a 4E       		.byte	0x4e
 996 033b 0F       		.uleb128 0xf
 997 033c 4F5200   		.ascii	"OR\000"
 998 033f 05       		.byte	0x5
 999 0340 80       		.byte	0x80
 1000 0341 F8000000 		.4byte	0xf8
 1001 0345 50       		.byte	0x50
 1002 0346 10       		.uleb128 0x10
 1003 0347 65030000 		.4byte	.LASF52
 1004 034b 05       		.byte	0x5
 1005 034c 81       		.byte	0x81
 1006 034d A2000000 		.4byte	0xa2
 1007 0351 52       		.byte	0x52
 1008 0352 00       		.byte	0
 1009 0353 05       		.uleb128 0x5
 1010 0354 E8000000 		.4byte	0xe8
 1011 0358 04       		.uleb128 0x4
 1012 0359 9C030000 		.4byte	.LASF53
 1013 035d 05       		.byte	0x5
 1014 035e 82       		.byte	0x82
ARM GAS  /tmp/ccab09UG.s 			page 19


 1015 035f C0010000 		.4byte	0x1c0
 1016 0363 06       		.uleb128 0x6
 1017 0364 04       		.byte	0x4
 1018 0365 58030000 		.4byte	0x358
 1019 0369 11       		.uleb128 0x11
 1020 036a 01       		.byte	0x1
 1021 036b 06       		.byte	0x6
 1022 036c 4E       		.byte	0x4e
 1023 036d 84030000 		.4byte	0x384
 1024 0371 12       		.uleb128 0x12
 1025 0372 DD010000 		.4byte	.LASF54
 1026 0376 00       		.sleb128 0
 1027 0377 12       		.uleb128 0x12
 1028 0378 9E040000 		.4byte	.LASF55
 1029 037c 01       		.sleb128 1
 1030 037d 12       		.uleb128 0x12
 1031 037e 94040000 		.4byte	.LASF56
 1032 0382 02       		.sleb128 2
 1033 0383 00       		.byte	0
 1034 0384 04       		.uleb128 0x4
 1035 0385 EC040000 		.4byte	.LASF57
 1036 0389 06       		.byte	0x6
 1037 038a 52       		.byte	0x52
 1038 038b 69030000 		.4byte	0x369
 1039 038f 04       		.uleb128 0x4
 1040 0390 A8030000 		.4byte	.LASF58
 1041 0394 06       		.byte	0x6
 1042 0395 57       		.byte	0x57
 1043 0396 9A030000 		.4byte	0x39a
 1044 039a 13       		.uleb128 0x13
 1045 039b A8030000 		.4byte	.LASF58
 1046 039f 14       		.byte	0x14
 1047 03a0 07       		.byte	0x7
 1048 03a1 6701     		.2byte	0x167
 1049 03a3 E9030000 		.4byte	0x3e9
 1050 03a7 0C       		.uleb128 0xc
 1051 03a8 20000000 		.4byte	.LASF59
 1052 03ac 07       		.byte	0x7
 1053 03ad 6B01     		.2byte	0x16b
 1054 03af 84030000 		.4byte	0x384
 1055 03b3 00       		.byte	0
 1056 03b4 0C       		.uleb128 0xc
 1057 03b5 9F000000 		.4byte	.LASF60
 1058 03b9 07       		.byte	0x7
 1059 03ba 6F01     		.2byte	0x16f
 1060 03bc C6040000 		.4byte	0x4c6
 1061 03c0 04       		.byte	0x4
 1062 03c1 0C       		.uleb128 0xc
 1063 03c2 80010000 		.4byte	.LASF61
 1064 03c6 07       		.byte	0x7
 1065 03c7 7301     		.2byte	0x173
 1066 03c9 23040000 		.4byte	0x423
 1067 03cd 08       		.byte	0x8
 1068 03ce 0C       		.uleb128 0xc
 1069 03cf 4F040000 		.4byte	.LASF62
 1070 03d3 07       		.byte	0x7
 1071 03d4 7B01     		.2byte	0x17b
ARM GAS  /tmp/ccab09UG.s 			page 20


 1072 03d6 B8000000 		.4byte	0xb8
 1073 03da 0C       		.byte	0xc
 1074 03db 0B       		.uleb128 0xb
 1075 03dc 74696D00 		.ascii	"tim\000"
 1076 03e0 07       		.byte	0x7
 1077 03e1 7F01     		.2byte	0x17f
 1078 03e3 63030000 		.4byte	0x363
 1079 03e7 10       		.byte	0x10
 1080 03e8 00       		.byte	0
 1081 03e9 04       		.uleb128 0x4
 1082 03ea F7040000 		.4byte	.LASF63
 1083 03ee 06       		.byte	0x6
 1084 03ef 5E       		.byte	0x5e
 1085 03f0 F4030000 		.4byte	0x3f4
 1086 03f4 06       		.uleb128 0x6
 1087 03f5 04       		.byte	0x4
 1088 03f6 FA030000 		.4byte	0x3fa
 1089 03fa 14       		.uleb128 0x14
 1090 03fb 05040000 		.4byte	0x405
 1091 03ff 15       		.uleb128 0x15
 1092 0400 05040000 		.4byte	0x405
 1093 0404 00       		.byte	0
 1094 0405 06       		.uleb128 0x6
 1095 0406 04       		.byte	0x4
 1096 0407 8F030000 		.4byte	0x38f
 1097 040b 0D       		.uleb128 0xd
 1098 040c CD040000 		.4byte	.LASF64
 1099 0410 07       		.byte	0x7
 1100 0411 1E01     		.2byte	0x11e
 1101 0413 B8000000 		.4byte	0xb8
 1102 0417 0D       		.uleb128 0xd
 1103 0418 77000000 		.4byte	.LASF65
 1104 041c 07       		.byte	0x7
 1105 041d 2301     		.2byte	0x123
 1106 041f 97000000 		.4byte	0x97
 1107 0423 0D       		.uleb128 0xd
 1108 0424 36000000 		.4byte	.LASF66
 1109 0428 07       		.byte	0x7
 1110 0429 2801     		.2byte	0x128
 1111 042b A2000000 		.4byte	0xa2
 1112 042f 0A       		.uleb128 0xa
 1113 0430 08       		.byte	0x8
 1114 0431 07       		.byte	0x7
 1115 0432 2D01     		.2byte	0x12d
 1116 0434 53040000 		.4byte	0x453
 1117 0438 0C       		.uleb128 0xc
 1118 0439 8F000000 		.4byte	.LASF67
 1119 043d 07       		.byte	0x7
 1120 043e 3101     		.2byte	0x131
 1121 0440 0B040000 		.4byte	0x40b
 1122 0444 00       		.byte	0
 1123 0445 0C       		.uleb128 0xc
 1124 0446 15050000 		.4byte	.LASF68
 1125 044a 07       		.byte	0x7
 1126 044b 3701     		.2byte	0x137
 1127 044d E9030000 		.4byte	0x3e9
 1128 0451 04       		.byte	0x4
ARM GAS  /tmp/ccab09UG.s 			page 21


 1129 0452 00       		.byte	0
 1130 0453 0D       		.uleb128 0xd
 1131 0454 BC040000 		.4byte	.LASF69
 1132 0458 07       		.byte	0x7
 1133 0459 3901     		.2byte	0x139
 1134 045b 2F040000 		.4byte	0x42f
 1135 045f 0A       		.uleb128 0xa
 1136 0460 30       		.byte	0x30
 1137 0461 07       		.byte	0x7
 1138 0462 3E01     		.2byte	0x13e
 1139 0464 AA040000 		.4byte	0x4aa
 1140 0468 0C       		.uleb128 0xc
 1141 0469 AC040000 		.4byte	.LASF70
 1142 046d 07       		.byte	0x7
 1143 046e 4401     		.2byte	0x144
 1144 0470 B8000000 		.4byte	0xb8
 1145 0474 00       		.byte	0
 1146 0475 0C       		.uleb128 0xc
 1147 0476 80010000 		.4byte	.LASF61
 1148 047a 07       		.byte	0x7
 1149 047b 4A01     		.2byte	0x14a
 1150 047d 23040000 		.4byte	0x423
 1151 0481 04       		.byte	0x4
 1152 0482 0C       		.uleb128 0xc
 1153 0483 15050000 		.4byte	.LASF68
 1154 0487 07       		.byte	0x7
 1155 0488 5001     		.2byte	0x150
 1156 048a E9030000 		.4byte	0x3e9
 1157 048e 08       		.byte	0x8
 1158 048f 0C       		.uleb128 0xc
 1159 0490 20040000 		.4byte	.LASF71
 1160 0494 07       		.byte	0x7
 1161 0495 5401     		.2byte	0x154
 1162 0497 AA040000 		.4byte	0x4aa
 1163 049b 0C       		.byte	0xc
 1164 049c 0B       		.uleb128 0xb
 1165 049d 63723200 		.ascii	"cr2\000"
 1166 04a1 07       		.byte	0x7
 1167 04a2 5A01     		.2byte	0x15a
 1168 04a4 A2000000 		.4byte	0xa2
 1169 04a8 2C       		.byte	0x2c
 1170 04a9 00       		.byte	0
 1171 04aa 08       		.uleb128 0x8
 1172 04ab 53040000 		.4byte	0x453
 1173 04af BA040000 		.4byte	0x4ba
 1174 04b3 09       		.uleb128 0x9
 1175 04b4 CF000000 		.4byte	0xcf
 1176 04b8 03       		.byte	0x3
 1177 04b9 00       		.byte	0
 1178 04ba 0D       		.uleb128 0xd
 1179 04bb B7010000 		.4byte	.LASF72
 1180 04bf 07       		.byte	0x7
 1181 04c0 6201     		.2byte	0x162
 1182 04c2 5F040000 		.4byte	0x45f
 1183 04c6 06       		.uleb128 0x6
 1184 04c7 04       		.byte	0x4
 1185 04c8 CC040000 		.4byte	0x4cc
ARM GAS  /tmp/ccab09UG.s 			page 22


 1186 04cc 07       		.uleb128 0x7
 1187 04cd BA040000 		.4byte	0x4ba
 1188 04d1 16       		.uleb128 0x16
 1189 04d2 5F000000 		.4byte	.LASF95
 1190 04d6 01       		.byte	0x1
 1191 04d7 71       		.byte	0x71
 1192 04d8 01       		.byte	0x1
 1193 04d9 F3040000 		.4byte	0x4f3
 1194 04dd 17       		.uleb128 0x17
 1195 04de D3010000 		.4byte	.LASF78
 1196 04e2 01       		.byte	0x1
 1197 04e3 71       		.byte	0x71
 1198 04e4 05040000 		.4byte	0x405
 1199 04e8 18       		.uleb128 0x18
 1200 04e9 737200   		.ascii	"sr\000"
 1201 04ec 01       		.byte	0x1
 1202 04ed 72       		.byte	0x72
 1203 04ee A2000000 		.4byte	0xa2
 1204 04f2 00       		.byte	0
 1205 04f3 19       		.uleb128 0x19
 1206 04f4 9A010000 		.4byte	.LASF73
 1207 04f8 01       		.byte	0x1
 1208 04f9 C7       		.byte	0xc7
 1209 04fa 00000000 		.4byte	.LFB119
 1210 04fe 6C000000 		.4byte	.LFE119-.LFB119
 1211 0502 01       		.uleb128 0x1
 1212 0503 9C       		.byte	0x9c
 1213 0504 9F050000 		.4byte	0x59f
 1214 0508 1A       		.uleb128 0x1a
 1215 0509 D1040000 		.4byte	0x4d1
 1216 050d 02000000 		.4byte	.LBB4
 1217 0511 00000000 		.4byte	.Ldebug_ranges0+0
 1218 0515 01       		.byte	0x1
 1219 0516 CB       		.byte	0xcb
 1220 0517 83050000 		.4byte	0x583
 1221 051b 1B       		.uleb128 0x1b
 1222 051c DD040000 		.4byte	0x4dd
 1223 0520 06       		.uleb128 0x6
 1224 0521 03       		.byte	0x3
 1225 0522 00000000 		.4byte	PWMD2
 1226 0526 9F       		.byte	0x9f
 1227 0527 1C       		.uleb128 0x1c
 1228 0528 00000000 		.4byte	.Ldebug_ranges0+0
 1229 052c 1D       		.uleb128 0x1d
 1230 052d E8040000 		.4byte	0x4e8
 1231 0531 00000000 		.4byte	.LLST0
 1232 0535 1E       		.uleb128 0x1e
 1233 0536 34000000 		.4byte	.LVL3
 1234 053a 45050000 		.4byte	0x545
 1235 053e 1F       		.uleb128 0x1f
 1236 053f 01       		.uleb128 0x1
 1237 0540 50       		.byte	0x50
 1238 0541 02       		.uleb128 0x2
 1239 0542 75       		.byte	0x75
 1240 0543 00       		.sleb128 0
 1241 0544 00       		.byte	0
 1242 0545 1E       		.uleb128 0x1e
ARM GAS  /tmp/ccab09UG.s 			page 23


 1243 0546 48000000 		.4byte	.LVL7
 1244 054a 55050000 		.4byte	0x555
 1245 054e 1F       		.uleb128 0x1f
 1246 054f 01       		.uleb128 0x1
 1247 0550 50       		.byte	0x50
 1248 0551 02       		.uleb128 0x2
 1249 0552 75       		.byte	0x75
 1250 0553 00       		.sleb128 0
 1251 0554 00       		.byte	0
 1252 0555 1E       		.uleb128 0x1e
 1253 0556 52000000 		.4byte	.LVL8
 1254 055a 65050000 		.4byte	0x565
 1255 055e 1F       		.uleb128 0x1f
 1256 055f 01       		.uleb128 0x1
 1257 0560 50       		.byte	0x50
 1258 0561 02       		.uleb128 0x2
 1259 0562 75       		.byte	0x75
 1260 0563 00       		.sleb128 0
 1261 0564 00       		.byte	0
 1262 0565 1E       		.uleb128 0x1e
 1263 0566 5C000000 		.4byte	.LVL9
 1264 056a 75050000 		.4byte	0x575
 1265 056e 1F       		.uleb128 0x1f
 1266 056f 01       		.uleb128 0x1
 1267 0570 50       		.byte	0x50
 1268 0571 02       		.uleb128 0x2
 1269 0572 75       		.byte	0x75
 1270 0573 00       		.sleb128 0
 1271 0574 00       		.byte	0
 1272 0575 20       		.uleb128 0x20
 1273 0576 66000000 		.4byte	.LVL10
 1274 057a 1F       		.uleb128 0x1f
 1275 057b 01       		.uleb128 0x1
 1276 057c 50       		.byte	0x50
 1277 057d 02       		.uleb128 0x2
 1278 057e 75       		.byte	0x75
 1279 057f 00       		.sleb128 0
 1280 0580 00       		.byte	0
 1281 0581 00       		.byte	0
 1282 0582 00       		.byte	0
 1283 0583 21       		.uleb128 0x21
 1284 0584 08000000 		.4byte	.LVL0
 1285 0588 24070000 		.4byte	0x724
 1286 058c 21       		.uleb128 0x21
 1287 058d 38000000 		.4byte	.LVL4
 1288 0591 2B070000 		.4byte	0x72b
 1289 0595 22       		.uleb128 0x22
 1290 0596 40000000 		.4byte	.LVL6
 1291 059a 32070000 		.4byte	0x732
 1292 059e 00       		.byte	0
 1293 059f 23       		.uleb128 0x23
 1294 05a0 81030000 		.4byte	.LASF74
 1295 05a4 01       		.byte	0x1
 1296 05a5 5C01     		.2byte	0x15c
 1297 05a7 00000000 		.4byte	.LFB120
 1298 05ab 18000000 		.4byte	.LFE120-.LFB120
 1299 05af 01       		.uleb128 0x1
ARM GAS  /tmp/ccab09UG.s 			page 24


 1300 05b0 9C       		.byte	0x9c
 1301 05b1 C6050000 		.4byte	0x5c6
 1302 05b5 24       		.uleb128 0x24
 1303 05b6 0A000000 		.4byte	.LVL11
 1304 05ba 3A070000 		.4byte	0x73a
 1305 05be 1F       		.uleb128 0x1f
 1306 05bf 01       		.uleb128 0x1
 1307 05c0 50       		.byte	0x50
 1308 05c1 02       		.uleb128 0x2
 1309 05c2 74       		.byte	0x74
 1310 05c3 00       		.sleb128 0
 1311 05c4 00       		.byte	0
 1312 05c5 00       		.byte	0
 1313 05c6 23       		.uleb128 0x23
 1314 05c7 A9010000 		.4byte	.LASF75
 1315 05cb 01       		.byte	0x1
 1316 05cc 9201     		.2byte	0x192
 1317 05ce 00000000 		.4byte	.LFB121
 1318 05d2 0C010000 		.4byte	.LFE121-.LFB121
 1319 05d6 01       		.uleb128 0x1
 1320 05d7 9C       		.byte	0x9c
 1321 05d8 39060000 		.4byte	0x639
 1322 05dc 25       		.uleb128 0x25
 1323 05dd D3010000 		.4byte	.LASF78
 1324 05e1 01       		.byte	0x1
 1325 05e2 9201     		.2byte	0x192
 1326 05e4 05040000 		.4byte	0x405
 1327 05e8 29000000 		.4byte	.LLST1
 1328 05ec 26       		.uleb128 0x26
 1329 05ed 70736300 		.ascii	"psc\000"
 1330 05f1 01       		.byte	0x1
 1331 05f2 9301     		.2byte	0x193
 1332 05f4 B8000000 		.4byte	0xb8
 1333 05f8 81000000 		.4byte	.LLST2
 1334 05fc 27       		.uleb128 0x27
 1335 05fd 37010000 		.4byte	.LASF76
 1336 0601 01       		.byte	0x1
 1337 0602 9401     		.2byte	0x194
 1338 0604 A2000000 		.4byte	0xa2
 1339 0608 94000000 		.4byte	.LLST3
 1340 060c 28       		.uleb128 0x28
 1341 060d 3E000000 		.4byte	.LVL15
 1342 0611 4B070000 		.4byte	0x74b
 1343 0615 23060000 		.4byte	0x623
 1344 0619 1F       		.uleb128 0x1f
 1345 061a 01       		.uleb128 0x1
 1346 061b 50       		.byte	0x50
 1347 061c 05       		.uleb128 0x5
 1348 061d 03       		.byte	0x3
 1349 061e 00000000 		.4byte	.LC0
 1350 0622 00       		.byte	0
 1351 0623 24       		.uleb128 0x24
 1352 0624 F4000000 		.4byte	.LVL34
 1353 0628 5C070000 		.4byte	0x75c
 1354 062c 1F       		.uleb128 0x1f
 1355 062d 01       		.uleb128 0x1
 1356 062e 51       		.byte	0x51
ARM GAS  /tmp/ccab09UG.s 			page 25


 1357 062f 02       		.uleb128 0x2
 1358 0630 08       		.byte	0x8
 1359 0631 70       		.byte	0x70
 1360 0632 1F       		.uleb128 0x1f
 1361 0633 01       		.uleb128 0x1
 1362 0634 50       		.byte	0x50
 1363 0635 01       		.uleb128 0x1
 1364 0636 4C       		.byte	0x4c
 1365 0637 00       		.byte	0
 1366 0638 00       		.byte	0
 1367 0639 23       		.uleb128 0x23
 1368 063a 05000000 		.4byte	.LASF77
 1369 063e 01       		.byte	0x1
 1370 063f 5A02     		.2byte	0x25a
 1371 0641 00000000 		.4byte	.LFB122
 1372 0645 34000000 		.4byte	.LFE122-.LFB122
 1373 0649 01       		.uleb128 0x1
 1374 064a 9C       		.byte	0x9c
 1375 064b 6F060000 		.4byte	0x66f
 1376 064f 25       		.uleb128 0x25
 1377 0650 D3010000 		.4byte	.LASF78
 1378 0654 01       		.byte	0x1
 1379 0655 5A02     		.2byte	0x25a
 1380 0657 05040000 		.4byte	0x405
 1381 065b BE000000 		.4byte	.LLST4
 1382 065f 24       		.uleb128 0x24
 1383 0660 20000000 		.4byte	.LVL39
 1384 0664 73070000 		.4byte	0x773
 1385 0668 1F       		.uleb128 0x1f
 1386 0669 01       		.uleb128 0x1
 1387 066a 50       		.byte	0x50
 1388 066b 01       		.uleb128 0x1
 1389 066c 4C       		.byte	0x4c
 1390 066d 00       		.byte	0
 1391 066e 00       		.byte	0
 1392 066f 23       		.uleb128 0x23
 1393 0670 F6010000 		.4byte	.LASF79
 1394 0674 01       		.byte	0x1
 1395 0675 A002     		.2byte	0x2a0
 1396 0677 00000000 		.4byte	.LFB123
 1397 067b 38000000 		.4byte	.LFE123-.LFB123
 1398 067f 01       		.uleb128 0x1
 1399 0680 9C       		.byte	0x9c
 1400 0681 D0060000 		.4byte	0x6d0
 1401 0685 25       		.uleb128 0x25
 1402 0686 D3010000 		.4byte	.LASF78
 1403 068a 01       		.byte	0x1
 1404 068b A002     		.2byte	0x2a0
 1405 068d 05040000 		.4byte	0x405
 1406 0691 F8000000 		.4byte	.LLST5
 1407 0695 25       		.uleb128 0x25
 1408 0696 C0030000 		.4byte	.LASF80
 1409 069a 01       		.byte	0x1
 1410 069b A102     		.2byte	0x2a1
 1411 069d 17040000 		.4byte	0x417
 1412 06a1 19010000 		.4byte	.LLST6
 1413 06a5 25       		.uleb128 0x25
ARM GAS  /tmp/ccab09UG.s 			page 26


 1414 06a6 3C010000 		.4byte	.LASF81
 1415 06aa 01       		.byte	0x1
 1416 06ab A202     		.2byte	0x2a2
 1417 06ad 23040000 		.4byte	0x423
 1418 06b1 3A010000 		.4byte	.LLST7
 1419 06b5 29       		.uleb128 0x29
 1420 06b6 18000000 		.4byte	.LBB10
 1421 06ba 1A000000 		.4byte	.LBE10-.LBB10
 1422 06be 27       		.uleb128 0x27
 1423 06bf A7040000 		.4byte	.LASF82
 1424 06c3 01       		.byte	0x1
 1425 06c4 A802     		.2byte	0x2a8
 1426 06c6 B8000000 		.4byte	0xb8
 1427 06ca 5B010000 		.4byte	.LLST8
 1428 06ce 00       		.byte	0
 1429 06cf 00       		.byte	0
 1430 06d0 23       		.uleb128 0x23
 1431 06d1 72040000 		.4byte	.LASF83
 1432 06d5 01       		.byte	0x1
 1433 06d6 BE02     		.2byte	0x2be
 1434 06d8 00000000 		.4byte	.LFB124
 1435 06dc 20000000 		.4byte	.LFE124-.LFB124
 1436 06e0 01       		.uleb128 0x1
 1437 06e1 9C       		.byte	0x9c
 1438 06e2 07070000 		.4byte	0x707
 1439 06e6 25       		.uleb128 0x25
 1440 06e7 D3010000 		.4byte	.LASF78
 1441 06eb 01       		.byte	0x1
 1442 06ec BE02     		.2byte	0x2be
 1443 06ee 05040000 		.4byte	0x405
 1444 06f2 74010000 		.4byte	.LLST9
 1445 06f6 25       		.uleb128 0x25
 1446 06f7 C0030000 		.4byte	.LASF80
 1447 06fb 01       		.byte	0x1
 1448 06fc BE02     		.2byte	0x2be
 1449 06fe 17040000 		.4byte	0x417
 1450 0702 95010000 		.4byte	.LLST10
 1451 0706 00       		.byte	0
 1452 0707 2A       		.uleb128 0x2a
 1453 0708 D7040000 		.4byte	.LASF84
 1454 070c 08       		.byte	0x8
 1455 070d 9806     		.2byte	0x698
 1456 070f FD000000 		.4byte	0xfd
 1457 0713 2B       		.uleb128 0x2b
 1458 0714 B6040000 		.4byte	.LASF85
 1459 0718 01       		.byte	0x1
 1460 0719 33       		.byte	0x33
 1461 071a 8F030000 		.4byte	0x38f
 1462 071e 05       		.uleb128 0x5
 1463 071f 03       		.byte	0x3
 1464 0720 00000000 		.4byte	PWMD2
 1465 0724 2C       		.uleb128 0x2c
 1466 0725 55040000 		.4byte	.LASF86
 1467 0729 09       		.byte	0x9
 1468 072a E4       		.byte	0xe4
 1469 072b 2C       		.uleb128 0x2c
 1470 072c 29040000 		.4byte	.LASF87
ARM GAS  /tmp/ccab09UG.s 			page 27


 1471 0730 09       		.byte	0x9
 1472 0731 E5       		.byte	0xe5
 1473 0732 2D       		.uleb128 0x2d
 1474 0733 42010000 		.4byte	.LASF88
 1475 0737 0A       		.byte	0xa
 1476 0738 FC01     		.2byte	0x1fc
 1477 073a 2E       		.uleb128 0x2e
 1478 073b AB000000 		.4byte	.LASF89
 1479 073f 06       		.byte	0x6
 1480 0740 EC       		.byte	0xec
 1481 0741 4B070000 		.4byte	0x74b
 1482 0745 15       		.uleb128 0x15
 1483 0746 05040000 		.4byte	0x405
 1484 074a 00       		.byte	0
 1485 074b 2E       		.uleb128 0x2e
 1486 074c C8010000 		.4byte	.LASF90
 1487 0750 09       		.byte	0x9
 1488 0751 EF       		.byte	0xef
 1489 0752 5C070000 		.4byte	0x75c
 1490 0756 15       		.uleb128 0x15
 1491 0757 D6000000 		.4byte	0xd6
 1492 075b 00       		.byte	0
 1493 075c 2F       		.uleb128 0x2f
 1494 075d F3020000 		.4byte	.LASF91
 1495 0761 0B       		.byte	0xb
 1496 0762 1C01     		.2byte	0x11c
 1497 0764 73070000 		.4byte	0x773
 1498 0768 15       		.uleb128 0x15
 1499 0769 B8000000 		.4byte	0xb8
 1500 076d 15       		.uleb128 0x15
 1501 076e B8000000 		.4byte	0xb8
 1502 0772 00       		.byte	0
 1503 0773 30       		.uleb128 0x30
 1504 0774 4D000000 		.4byte	.LASF96
 1505 0778 0B       		.byte	0xb
 1506 0779 1D01     		.2byte	0x11d
 1507 077b 15       		.uleb128 0x15
 1508 077c B8000000 		.4byte	0xb8
 1509 0780 00       		.byte	0
 1510 0781 00       		.byte	0
 1511              		.section	.debug_abbrev,"",%progbits
 1512              	.Ldebug_abbrev0:
 1513 0000 01       		.uleb128 0x1
 1514 0001 11       		.uleb128 0x11
 1515 0002 01       		.byte	0x1
 1516 0003 25       		.uleb128 0x25
 1517 0004 0E       		.uleb128 0xe
 1518 0005 13       		.uleb128 0x13
 1519 0006 0B       		.uleb128 0xb
 1520 0007 03       		.uleb128 0x3
 1521 0008 0E       		.uleb128 0xe
 1522 0009 1B       		.uleb128 0x1b
 1523 000a 0E       		.uleb128 0xe
 1524 000b 55       		.uleb128 0x55
 1525 000c 17       		.uleb128 0x17
 1526 000d 11       		.uleb128 0x11
 1527 000e 01       		.uleb128 0x1
ARM GAS  /tmp/ccab09UG.s 			page 28


 1528 000f 10       		.uleb128 0x10
 1529 0010 17       		.uleb128 0x17
 1530 0011 00       		.byte	0
 1531 0012 00       		.byte	0
 1532 0013 02       		.uleb128 0x2
 1533 0014 24       		.uleb128 0x24
 1534 0015 00       		.byte	0
 1535 0016 0B       		.uleb128 0xb
 1536 0017 0B       		.uleb128 0xb
 1537 0018 3E       		.uleb128 0x3e
 1538 0019 0B       		.uleb128 0xb
 1539 001a 03       		.uleb128 0x3
 1540 001b 08       		.uleb128 0x8
 1541 001c 00       		.byte	0
 1542 001d 00       		.byte	0
 1543 001e 03       		.uleb128 0x3
 1544 001f 24       		.uleb128 0x24
 1545 0020 00       		.byte	0
 1546 0021 0B       		.uleb128 0xb
 1547 0022 0B       		.uleb128 0xb
 1548 0023 3E       		.uleb128 0x3e
 1549 0024 0B       		.uleb128 0xb
 1550 0025 03       		.uleb128 0x3
 1551 0026 0E       		.uleb128 0xe
 1552 0027 00       		.byte	0
 1553 0028 00       		.byte	0
 1554 0029 04       		.uleb128 0x4
 1555 002a 16       		.uleb128 0x16
 1556 002b 00       		.byte	0
 1557 002c 03       		.uleb128 0x3
 1558 002d 0E       		.uleb128 0xe
 1559 002e 3A       		.uleb128 0x3a
 1560 002f 0B       		.uleb128 0xb
 1561 0030 3B       		.uleb128 0x3b
 1562 0031 0B       		.uleb128 0xb
 1563 0032 49       		.uleb128 0x49
 1564 0033 13       		.uleb128 0x13
 1565 0034 00       		.byte	0
 1566 0035 00       		.byte	0
 1567 0036 05       		.uleb128 0x5
 1568 0037 35       		.uleb128 0x35
 1569 0038 00       		.byte	0
 1570 0039 49       		.uleb128 0x49
 1571 003a 13       		.uleb128 0x13
 1572 003b 00       		.byte	0
 1573 003c 00       		.byte	0
 1574 003d 06       		.uleb128 0x6
 1575 003e 0F       		.uleb128 0xf
 1576 003f 00       		.byte	0
 1577 0040 0B       		.uleb128 0xb
 1578 0041 0B       		.uleb128 0xb
 1579 0042 49       		.uleb128 0x49
 1580 0043 13       		.uleb128 0x13
 1581 0044 00       		.byte	0
 1582 0045 00       		.byte	0
 1583 0046 07       		.uleb128 0x7
 1584 0047 26       		.uleb128 0x26
ARM GAS  /tmp/ccab09UG.s 			page 29


 1585 0048 00       		.byte	0
 1586 0049 49       		.uleb128 0x49
 1587 004a 13       		.uleb128 0x13
 1588 004b 00       		.byte	0
 1589 004c 00       		.byte	0
 1590 004d 08       		.uleb128 0x8
 1591 004e 01       		.uleb128 0x1
 1592 004f 01       		.byte	0x1
 1593 0050 49       		.uleb128 0x49
 1594 0051 13       		.uleb128 0x13
 1595 0052 01       		.uleb128 0x1
 1596 0053 13       		.uleb128 0x13
 1597 0054 00       		.byte	0
 1598 0055 00       		.byte	0
 1599 0056 09       		.uleb128 0x9
 1600 0057 21       		.uleb128 0x21
 1601 0058 00       		.byte	0
 1602 0059 49       		.uleb128 0x49
 1603 005a 13       		.uleb128 0x13
 1604 005b 2F       		.uleb128 0x2f
 1605 005c 0B       		.uleb128 0xb
 1606 005d 00       		.byte	0
 1607 005e 00       		.byte	0
 1608 005f 0A       		.uleb128 0xa
 1609 0060 13       		.uleb128 0x13
 1610 0061 01       		.byte	0x1
 1611 0062 0B       		.uleb128 0xb
 1612 0063 0B       		.uleb128 0xb
 1613 0064 3A       		.uleb128 0x3a
 1614 0065 0B       		.uleb128 0xb
 1615 0066 3B       		.uleb128 0x3b
 1616 0067 05       		.uleb128 0x5
 1617 0068 01       		.uleb128 0x1
 1618 0069 13       		.uleb128 0x13
 1619 006a 00       		.byte	0
 1620 006b 00       		.byte	0
 1621 006c 0B       		.uleb128 0xb
 1622 006d 0D       		.uleb128 0xd
 1623 006e 00       		.byte	0
 1624 006f 03       		.uleb128 0x3
 1625 0070 08       		.uleb128 0x8
 1626 0071 3A       		.uleb128 0x3a
 1627 0072 0B       		.uleb128 0xb
 1628 0073 3B       		.uleb128 0x3b
 1629 0074 05       		.uleb128 0x5
 1630 0075 49       		.uleb128 0x49
 1631 0076 13       		.uleb128 0x13
 1632 0077 38       		.uleb128 0x38
 1633 0078 0B       		.uleb128 0xb
 1634 0079 00       		.byte	0
 1635 007a 00       		.byte	0
 1636 007b 0C       		.uleb128 0xc
 1637 007c 0D       		.uleb128 0xd
 1638 007d 00       		.byte	0
 1639 007e 03       		.uleb128 0x3
 1640 007f 0E       		.uleb128 0xe
 1641 0080 3A       		.uleb128 0x3a
ARM GAS  /tmp/ccab09UG.s 			page 30


 1642 0081 0B       		.uleb128 0xb
 1643 0082 3B       		.uleb128 0x3b
 1644 0083 05       		.uleb128 0x5
 1645 0084 49       		.uleb128 0x49
 1646 0085 13       		.uleb128 0x13
 1647 0086 38       		.uleb128 0x38
 1648 0087 0B       		.uleb128 0xb
 1649 0088 00       		.byte	0
 1650 0089 00       		.byte	0
 1651 008a 0D       		.uleb128 0xd
 1652 008b 16       		.uleb128 0x16
 1653 008c 00       		.byte	0
 1654 008d 03       		.uleb128 0x3
 1655 008e 0E       		.uleb128 0xe
 1656 008f 3A       		.uleb128 0x3a
 1657 0090 0B       		.uleb128 0xb
 1658 0091 3B       		.uleb128 0x3b
 1659 0092 05       		.uleb128 0x5
 1660 0093 49       		.uleb128 0x49
 1661 0094 13       		.uleb128 0x13
 1662 0095 00       		.byte	0
 1663 0096 00       		.byte	0
 1664 0097 0E       		.uleb128 0xe
 1665 0098 13       		.uleb128 0x13
 1666 0099 01       		.byte	0x1
 1667 009a 0B       		.uleb128 0xb
 1668 009b 0B       		.uleb128 0xb
 1669 009c 3A       		.uleb128 0x3a
 1670 009d 0B       		.uleb128 0xb
 1671 009e 3B       		.uleb128 0x3b
 1672 009f 0B       		.uleb128 0xb
 1673 00a0 01       		.uleb128 0x1
 1674 00a1 13       		.uleb128 0x13
 1675 00a2 00       		.byte	0
 1676 00a3 00       		.byte	0
 1677 00a4 0F       		.uleb128 0xf
 1678 00a5 0D       		.uleb128 0xd
 1679 00a6 00       		.byte	0
 1680 00a7 03       		.uleb128 0x3
 1681 00a8 08       		.uleb128 0x8
 1682 00a9 3A       		.uleb128 0x3a
 1683 00aa 0B       		.uleb128 0xb
 1684 00ab 3B       		.uleb128 0x3b
 1685 00ac 0B       		.uleb128 0xb
 1686 00ad 49       		.uleb128 0x49
 1687 00ae 13       		.uleb128 0x13
 1688 00af 38       		.uleb128 0x38
 1689 00b0 0B       		.uleb128 0xb
 1690 00b1 00       		.byte	0
 1691 00b2 00       		.byte	0
 1692 00b3 10       		.uleb128 0x10
 1693 00b4 0D       		.uleb128 0xd
 1694 00b5 00       		.byte	0
 1695 00b6 03       		.uleb128 0x3
 1696 00b7 0E       		.uleb128 0xe
 1697 00b8 3A       		.uleb128 0x3a
 1698 00b9 0B       		.uleb128 0xb
ARM GAS  /tmp/ccab09UG.s 			page 31


 1699 00ba 3B       		.uleb128 0x3b
 1700 00bb 0B       		.uleb128 0xb
 1701 00bc 49       		.uleb128 0x49
 1702 00bd 13       		.uleb128 0x13
 1703 00be 38       		.uleb128 0x38
 1704 00bf 0B       		.uleb128 0xb
 1705 00c0 00       		.byte	0
 1706 00c1 00       		.byte	0
 1707 00c2 11       		.uleb128 0x11
 1708 00c3 04       		.uleb128 0x4
 1709 00c4 01       		.byte	0x1
 1710 00c5 0B       		.uleb128 0xb
 1711 00c6 0B       		.uleb128 0xb
 1712 00c7 3A       		.uleb128 0x3a
 1713 00c8 0B       		.uleb128 0xb
 1714 00c9 3B       		.uleb128 0x3b
 1715 00ca 0B       		.uleb128 0xb
 1716 00cb 01       		.uleb128 0x1
 1717 00cc 13       		.uleb128 0x13
 1718 00cd 00       		.byte	0
 1719 00ce 00       		.byte	0
 1720 00cf 12       		.uleb128 0x12
 1721 00d0 28       		.uleb128 0x28
 1722 00d1 00       		.byte	0
 1723 00d2 03       		.uleb128 0x3
 1724 00d3 0E       		.uleb128 0xe
 1725 00d4 1C       		.uleb128 0x1c
 1726 00d5 0D       		.uleb128 0xd
 1727 00d6 00       		.byte	0
 1728 00d7 00       		.byte	0
 1729 00d8 13       		.uleb128 0x13
 1730 00d9 13       		.uleb128 0x13
 1731 00da 01       		.byte	0x1
 1732 00db 03       		.uleb128 0x3
 1733 00dc 0E       		.uleb128 0xe
 1734 00dd 0B       		.uleb128 0xb
 1735 00de 0B       		.uleb128 0xb
 1736 00df 3A       		.uleb128 0x3a
 1737 00e0 0B       		.uleb128 0xb
 1738 00e1 3B       		.uleb128 0x3b
 1739 00e2 05       		.uleb128 0x5
 1740 00e3 01       		.uleb128 0x1
 1741 00e4 13       		.uleb128 0x13
 1742 00e5 00       		.byte	0
 1743 00e6 00       		.byte	0
 1744 00e7 14       		.uleb128 0x14
 1745 00e8 15       		.uleb128 0x15
 1746 00e9 01       		.byte	0x1
 1747 00ea 27       		.uleb128 0x27
 1748 00eb 19       		.uleb128 0x19
 1749 00ec 01       		.uleb128 0x1
 1750 00ed 13       		.uleb128 0x13
 1751 00ee 00       		.byte	0
 1752 00ef 00       		.byte	0
 1753 00f0 15       		.uleb128 0x15
 1754 00f1 05       		.uleb128 0x5
 1755 00f2 00       		.byte	0
ARM GAS  /tmp/ccab09UG.s 			page 32


 1756 00f3 49       		.uleb128 0x49
 1757 00f4 13       		.uleb128 0x13
 1758 00f5 00       		.byte	0
 1759 00f6 00       		.byte	0
 1760 00f7 16       		.uleb128 0x16
 1761 00f8 2E       		.uleb128 0x2e
 1762 00f9 01       		.byte	0x1
 1763 00fa 03       		.uleb128 0x3
 1764 00fb 0E       		.uleb128 0xe
 1765 00fc 3A       		.uleb128 0x3a
 1766 00fd 0B       		.uleb128 0xb
 1767 00fe 3B       		.uleb128 0x3b
 1768 00ff 0B       		.uleb128 0xb
 1769 0100 27       		.uleb128 0x27
 1770 0101 19       		.uleb128 0x19
 1771 0102 20       		.uleb128 0x20
 1772 0103 0B       		.uleb128 0xb
 1773 0104 01       		.uleb128 0x1
 1774 0105 13       		.uleb128 0x13
 1775 0106 00       		.byte	0
 1776 0107 00       		.byte	0
 1777 0108 17       		.uleb128 0x17
 1778 0109 05       		.uleb128 0x5
 1779 010a 00       		.byte	0
 1780 010b 03       		.uleb128 0x3
 1781 010c 0E       		.uleb128 0xe
 1782 010d 3A       		.uleb128 0x3a
 1783 010e 0B       		.uleb128 0xb
 1784 010f 3B       		.uleb128 0x3b
 1785 0110 0B       		.uleb128 0xb
 1786 0111 49       		.uleb128 0x49
 1787 0112 13       		.uleb128 0x13
 1788 0113 00       		.byte	0
 1789 0114 00       		.byte	0
 1790 0115 18       		.uleb128 0x18
 1791 0116 34       		.uleb128 0x34
 1792 0117 00       		.byte	0
 1793 0118 03       		.uleb128 0x3
 1794 0119 08       		.uleb128 0x8
 1795 011a 3A       		.uleb128 0x3a
 1796 011b 0B       		.uleb128 0xb
 1797 011c 3B       		.uleb128 0x3b
 1798 011d 0B       		.uleb128 0xb
 1799 011e 49       		.uleb128 0x49
 1800 011f 13       		.uleb128 0x13
 1801 0120 00       		.byte	0
 1802 0121 00       		.byte	0
 1803 0122 19       		.uleb128 0x19
 1804 0123 2E       		.uleb128 0x2e
 1805 0124 01       		.byte	0x1
 1806 0125 3F       		.uleb128 0x3f
 1807 0126 19       		.uleb128 0x19
 1808 0127 03       		.uleb128 0x3
 1809 0128 0E       		.uleb128 0xe
 1810 0129 3A       		.uleb128 0x3a
 1811 012a 0B       		.uleb128 0xb
 1812 012b 3B       		.uleb128 0x3b
ARM GAS  /tmp/ccab09UG.s 			page 33


 1813 012c 0B       		.uleb128 0xb
 1814 012d 27       		.uleb128 0x27
 1815 012e 19       		.uleb128 0x19
 1816 012f 11       		.uleb128 0x11
 1817 0130 01       		.uleb128 0x1
 1818 0131 12       		.uleb128 0x12
 1819 0132 06       		.uleb128 0x6
 1820 0133 40       		.uleb128 0x40
 1821 0134 18       		.uleb128 0x18
 1822 0135 9742     		.uleb128 0x2117
 1823 0137 19       		.uleb128 0x19
 1824 0138 01       		.uleb128 0x1
 1825 0139 13       		.uleb128 0x13
 1826 013a 00       		.byte	0
 1827 013b 00       		.byte	0
 1828 013c 1A       		.uleb128 0x1a
 1829 013d 1D       		.uleb128 0x1d
 1830 013e 01       		.byte	0x1
 1831 013f 31       		.uleb128 0x31
 1832 0140 13       		.uleb128 0x13
 1833 0141 52       		.uleb128 0x52
 1834 0142 01       		.uleb128 0x1
 1835 0143 55       		.uleb128 0x55
 1836 0144 17       		.uleb128 0x17
 1837 0145 58       		.uleb128 0x58
 1838 0146 0B       		.uleb128 0xb
 1839 0147 59       		.uleb128 0x59
 1840 0148 0B       		.uleb128 0xb
 1841 0149 01       		.uleb128 0x1
 1842 014a 13       		.uleb128 0x13
 1843 014b 00       		.byte	0
 1844 014c 00       		.byte	0
 1845 014d 1B       		.uleb128 0x1b
 1846 014e 05       		.uleb128 0x5
 1847 014f 00       		.byte	0
 1848 0150 31       		.uleb128 0x31
 1849 0151 13       		.uleb128 0x13
 1850 0152 02       		.uleb128 0x2
 1851 0153 18       		.uleb128 0x18
 1852 0154 00       		.byte	0
 1853 0155 00       		.byte	0
 1854 0156 1C       		.uleb128 0x1c
 1855 0157 0B       		.uleb128 0xb
 1856 0158 01       		.byte	0x1
 1857 0159 55       		.uleb128 0x55
 1858 015a 17       		.uleb128 0x17
 1859 015b 00       		.byte	0
 1860 015c 00       		.byte	0
 1861 015d 1D       		.uleb128 0x1d
 1862 015e 34       		.uleb128 0x34
 1863 015f 00       		.byte	0
 1864 0160 31       		.uleb128 0x31
 1865 0161 13       		.uleb128 0x13
 1866 0162 02       		.uleb128 0x2
 1867 0163 17       		.uleb128 0x17
 1868 0164 00       		.byte	0
 1869 0165 00       		.byte	0
ARM GAS  /tmp/ccab09UG.s 			page 34


 1870 0166 1E       		.uleb128 0x1e
 1871 0167 898201   		.uleb128 0x4109
 1872 016a 01       		.byte	0x1
 1873 016b 11       		.uleb128 0x11
 1874 016c 01       		.uleb128 0x1
 1875 016d 01       		.uleb128 0x1
 1876 016e 13       		.uleb128 0x13
 1877 016f 00       		.byte	0
 1878 0170 00       		.byte	0
 1879 0171 1F       		.uleb128 0x1f
 1880 0172 8A8201   		.uleb128 0x410a
 1881 0175 00       		.byte	0
 1882 0176 02       		.uleb128 0x2
 1883 0177 18       		.uleb128 0x18
 1884 0178 9142     		.uleb128 0x2111
 1885 017a 18       		.uleb128 0x18
 1886 017b 00       		.byte	0
 1887 017c 00       		.byte	0
 1888 017d 20       		.uleb128 0x20
 1889 017e 898201   		.uleb128 0x4109
 1890 0181 01       		.byte	0x1
 1891 0182 11       		.uleb128 0x11
 1892 0183 01       		.uleb128 0x1
 1893 0184 00       		.byte	0
 1894 0185 00       		.byte	0
 1895 0186 21       		.uleb128 0x21
 1896 0187 898201   		.uleb128 0x4109
 1897 018a 00       		.byte	0
 1898 018b 11       		.uleb128 0x11
 1899 018c 01       		.uleb128 0x1
 1900 018d 31       		.uleb128 0x31
 1901 018e 13       		.uleb128 0x13
 1902 018f 00       		.byte	0
 1903 0190 00       		.byte	0
 1904 0191 22       		.uleb128 0x22
 1905 0192 898201   		.uleb128 0x4109
 1906 0195 00       		.byte	0
 1907 0196 11       		.uleb128 0x11
 1908 0197 01       		.uleb128 0x1
 1909 0198 9542     		.uleb128 0x2115
 1910 019a 19       		.uleb128 0x19
 1911 019b 31       		.uleb128 0x31
 1912 019c 13       		.uleb128 0x13
 1913 019d 00       		.byte	0
 1914 019e 00       		.byte	0
 1915 019f 23       		.uleb128 0x23
 1916 01a0 2E       		.uleb128 0x2e
 1917 01a1 01       		.byte	0x1
 1918 01a2 3F       		.uleb128 0x3f
 1919 01a3 19       		.uleb128 0x19
 1920 01a4 03       		.uleb128 0x3
 1921 01a5 0E       		.uleb128 0xe
 1922 01a6 3A       		.uleb128 0x3a
 1923 01a7 0B       		.uleb128 0xb
 1924 01a8 3B       		.uleb128 0x3b
 1925 01a9 05       		.uleb128 0x5
 1926 01aa 27       		.uleb128 0x27
ARM GAS  /tmp/ccab09UG.s 			page 35


 1927 01ab 19       		.uleb128 0x19
 1928 01ac 11       		.uleb128 0x11
 1929 01ad 01       		.uleb128 0x1
 1930 01ae 12       		.uleb128 0x12
 1931 01af 06       		.uleb128 0x6
 1932 01b0 40       		.uleb128 0x40
 1933 01b1 18       		.uleb128 0x18
 1934 01b2 9742     		.uleb128 0x2117
 1935 01b4 19       		.uleb128 0x19
 1936 01b5 01       		.uleb128 0x1
 1937 01b6 13       		.uleb128 0x13
 1938 01b7 00       		.byte	0
 1939 01b8 00       		.byte	0
 1940 01b9 24       		.uleb128 0x24
 1941 01ba 898201   		.uleb128 0x4109
 1942 01bd 01       		.byte	0x1
 1943 01be 11       		.uleb128 0x11
 1944 01bf 01       		.uleb128 0x1
 1945 01c0 31       		.uleb128 0x31
 1946 01c1 13       		.uleb128 0x13
 1947 01c2 00       		.byte	0
 1948 01c3 00       		.byte	0
 1949 01c4 25       		.uleb128 0x25
 1950 01c5 05       		.uleb128 0x5
 1951 01c6 00       		.byte	0
 1952 01c7 03       		.uleb128 0x3
 1953 01c8 0E       		.uleb128 0xe
 1954 01c9 3A       		.uleb128 0x3a
 1955 01ca 0B       		.uleb128 0xb
 1956 01cb 3B       		.uleb128 0x3b
 1957 01cc 05       		.uleb128 0x5
 1958 01cd 49       		.uleb128 0x49
 1959 01ce 13       		.uleb128 0x13
 1960 01cf 02       		.uleb128 0x2
 1961 01d0 17       		.uleb128 0x17
 1962 01d1 00       		.byte	0
 1963 01d2 00       		.byte	0
 1964 01d3 26       		.uleb128 0x26
 1965 01d4 34       		.uleb128 0x34
 1966 01d5 00       		.byte	0
 1967 01d6 03       		.uleb128 0x3
 1968 01d7 08       		.uleb128 0x8
 1969 01d8 3A       		.uleb128 0x3a
 1970 01d9 0B       		.uleb128 0xb
 1971 01da 3B       		.uleb128 0x3b
 1972 01db 05       		.uleb128 0x5
 1973 01dc 49       		.uleb128 0x49
 1974 01dd 13       		.uleb128 0x13
 1975 01de 02       		.uleb128 0x2
 1976 01df 17       		.uleb128 0x17
 1977 01e0 00       		.byte	0
 1978 01e1 00       		.byte	0
 1979 01e2 27       		.uleb128 0x27
 1980 01e3 34       		.uleb128 0x34
 1981 01e4 00       		.byte	0
 1982 01e5 03       		.uleb128 0x3
 1983 01e6 0E       		.uleb128 0xe
ARM GAS  /tmp/ccab09UG.s 			page 36


 1984 01e7 3A       		.uleb128 0x3a
 1985 01e8 0B       		.uleb128 0xb
 1986 01e9 3B       		.uleb128 0x3b
 1987 01ea 05       		.uleb128 0x5
 1988 01eb 49       		.uleb128 0x49
 1989 01ec 13       		.uleb128 0x13
 1990 01ed 02       		.uleb128 0x2
 1991 01ee 17       		.uleb128 0x17
 1992 01ef 00       		.byte	0
 1993 01f0 00       		.byte	0
 1994 01f1 28       		.uleb128 0x28
 1995 01f2 898201   		.uleb128 0x4109
 1996 01f5 01       		.byte	0x1
 1997 01f6 11       		.uleb128 0x11
 1998 01f7 01       		.uleb128 0x1
 1999 01f8 31       		.uleb128 0x31
 2000 01f9 13       		.uleb128 0x13
 2001 01fa 01       		.uleb128 0x1
 2002 01fb 13       		.uleb128 0x13
 2003 01fc 00       		.byte	0
 2004 01fd 00       		.byte	0
 2005 01fe 29       		.uleb128 0x29
 2006 01ff 0B       		.uleb128 0xb
 2007 0200 01       		.byte	0x1
 2008 0201 11       		.uleb128 0x11
 2009 0202 01       		.uleb128 0x1
 2010 0203 12       		.uleb128 0x12
 2011 0204 06       		.uleb128 0x6
 2012 0205 00       		.byte	0
 2013 0206 00       		.byte	0
 2014 0207 2A       		.uleb128 0x2a
 2015 0208 34       		.uleb128 0x34
 2016 0209 00       		.byte	0
 2017 020a 03       		.uleb128 0x3
 2018 020b 0E       		.uleb128 0xe
 2019 020c 3A       		.uleb128 0x3a
 2020 020d 0B       		.uleb128 0xb
 2021 020e 3B       		.uleb128 0x3b
 2022 020f 05       		.uleb128 0x5
 2023 0210 49       		.uleb128 0x49
 2024 0211 13       		.uleb128 0x13
 2025 0212 3F       		.uleb128 0x3f
 2026 0213 19       		.uleb128 0x19
 2027 0214 3C       		.uleb128 0x3c
 2028 0215 19       		.uleb128 0x19
 2029 0216 00       		.byte	0
 2030 0217 00       		.byte	0
 2031 0218 2B       		.uleb128 0x2b
 2032 0219 34       		.uleb128 0x34
 2033 021a 00       		.byte	0
 2034 021b 03       		.uleb128 0x3
 2035 021c 0E       		.uleb128 0xe
 2036 021d 3A       		.uleb128 0x3a
 2037 021e 0B       		.uleb128 0xb
 2038 021f 3B       		.uleb128 0x3b
 2039 0220 0B       		.uleb128 0xb
 2040 0221 49       		.uleb128 0x49
ARM GAS  /tmp/ccab09UG.s 			page 37


 2041 0222 13       		.uleb128 0x13
 2042 0223 3F       		.uleb128 0x3f
 2043 0224 19       		.uleb128 0x19
 2044 0225 02       		.uleb128 0x2
 2045 0226 18       		.uleb128 0x18
 2046 0227 00       		.byte	0
 2047 0228 00       		.byte	0
 2048 0229 2C       		.uleb128 0x2c
 2049 022a 2E       		.uleb128 0x2e
 2050 022b 00       		.byte	0
 2051 022c 3F       		.uleb128 0x3f
 2052 022d 19       		.uleb128 0x19
 2053 022e 03       		.uleb128 0x3
 2054 022f 0E       		.uleb128 0xe
 2055 0230 3A       		.uleb128 0x3a
 2056 0231 0B       		.uleb128 0xb
 2057 0232 3B       		.uleb128 0x3b
 2058 0233 0B       		.uleb128 0xb
 2059 0234 27       		.uleb128 0x27
 2060 0235 19       		.uleb128 0x19
 2061 0236 3C       		.uleb128 0x3c
 2062 0237 19       		.uleb128 0x19
 2063 0238 00       		.byte	0
 2064 0239 00       		.byte	0
 2065 023a 2D       		.uleb128 0x2d
 2066 023b 2E       		.uleb128 0x2e
 2067 023c 00       		.byte	0
 2068 023d 3F       		.uleb128 0x3f
 2069 023e 19       		.uleb128 0x19
 2070 023f 03       		.uleb128 0x3
 2071 0240 0E       		.uleb128 0xe
 2072 0241 3A       		.uleb128 0x3a
 2073 0242 0B       		.uleb128 0xb
 2074 0243 3B       		.uleb128 0x3b
 2075 0244 05       		.uleb128 0x5
 2076 0245 27       		.uleb128 0x27
 2077 0246 19       		.uleb128 0x19
 2078 0247 3C       		.uleb128 0x3c
 2079 0248 19       		.uleb128 0x19
 2080 0249 00       		.byte	0
 2081 024a 00       		.byte	0
 2082 024b 2E       		.uleb128 0x2e
 2083 024c 2E       		.uleb128 0x2e
 2084 024d 01       		.byte	0x1
 2085 024e 3F       		.uleb128 0x3f
 2086 024f 19       		.uleb128 0x19
 2087 0250 03       		.uleb128 0x3
 2088 0251 0E       		.uleb128 0xe
 2089 0252 3A       		.uleb128 0x3a
 2090 0253 0B       		.uleb128 0xb
 2091 0254 3B       		.uleb128 0x3b
 2092 0255 0B       		.uleb128 0xb
 2093 0256 27       		.uleb128 0x27
 2094 0257 19       		.uleb128 0x19
 2095 0258 3C       		.uleb128 0x3c
 2096 0259 19       		.uleb128 0x19
 2097 025a 01       		.uleb128 0x1
ARM GAS  /tmp/ccab09UG.s 			page 38


 2098 025b 13       		.uleb128 0x13
 2099 025c 00       		.byte	0
 2100 025d 00       		.byte	0
 2101 025e 2F       		.uleb128 0x2f
 2102 025f 2E       		.uleb128 0x2e
 2103 0260 01       		.byte	0x1
 2104 0261 3F       		.uleb128 0x3f
 2105 0262 19       		.uleb128 0x19
 2106 0263 03       		.uleb128 0x3
 2107 0264 0E       		.uleb128 0xe
 2108 0265 3A       		.uleb128 0x3a
 2109 0266 0B       		.uleb128 0xb
 2110 0267 3B       		.uleb128 0x3b
 2111 0268 05       		.uleb128 0x5
 2112 0269 27       		.uleb128 0x27
 2113 026a 19       		.uleb128 0x19
 2114 026b 3C       		.uleb128 0x3c
 2115 026c 19       		.uleb128 0x19
 2116 026d 01       		.uleb128 0x1
 2117 026e 13       		.uleb128 0x13
 2118 026f 00       		.byte	0
 2119 0270 00       		.byte	0
 2120 0271 30       		.uleb128 0x30
 2121 0272 2E       		.uleb128 0x2e
 2122 0273 01       		.byte	0x1
 2123 0274 3F       		.uleb128 0x3f
 2124 0275 19       		.uleb128 0x19
 2125 0276 03       		.uleb128 0x3
 2126 0277 0E       		.uleb128 0xe
 2127 0278 3A       		.uleb128 0x3a
 2128 0279 0B       		.uleb128 0xb
 2129 027a 3B       		.uleb128 0x3b
 2130 027b 05       		.uleb128 0x5
 2131 027c 27       		.uleb128 0x27
 2132 027d 19       		.uleb128 0x19
 2133 027e 3C       		.uleb128 0x3c
 2134 027f 19       		.uleb128 0x19
 2135 0280 00       		.byte	0
 2136 0281 00       		.byte	0
 2137 0282 00       		.byte	0
 2138              		.section	.debug_loc,"",%progbits
 2139              	.Ldebug_loc0:
 2140              	.LLST0:
 2141 0000 0C000000 		.4byte	.LVL1
 2142 0004 12000000 		.4byte	.LVL2
 2143 0008 0100     		.2byte	0x1
 2144 000a 52       		.byte	0x52
 2145 000b 12000000 		.4byte	.LVL2
 2146 000f 3C000000 		.4byte	.LVL5
 2147 0013 0100     		.2byte	0x1
 2148 0015 54       		.byte	0x54
 2149 0016 40000000 		.4byte	.LVL6
 2150 001a 6C000000 		.4byte	.LFE119
 2151 001e 0100     		.2byte	0x1
 2152 0020 54       		.byte	0x54
 2153 0021 00000000 		.4byte	0
 2154 0025 00000000 		.4byte	0
ARM GAS  /tmp/ccab09UG.s 			page 39


 2155              	.LLST1:
 2156 0029 00000000 		.4byte	.LVL12
 2157 002d 1E000000 		.4byte	.LVL13
 2158 0031 0100     		.2byte	0x1
 2159 0033 50       		.byte	0x50
 2160 0034 1E000000 		.4byte	.LVL13
 2161 0038 44000000 		.4byte	.LVL16
 2162 003c 0100     		.2byte	0x1
 2163 003e 54       		.byte	0x54
 2164 003f 44000000 		.4byte	.LVL16
 2165 0043 C4000000 		.4byte	.LVL30
 2166 0047 0400     		.2byte	0x4
 2167 0049 F3       		.byte	0xf3
 2168 004a 01       		.uleb128 0x1
 2169 004b 50       		.byte	0x50
 2170 004c 9F       		.byte	0x9f
 2171 004d C4000000 		.4byte	.LVL30
 2172 0051 CA000000 		.4byte	.LVL31
 2173 0055 0100     		.2byte	0x1
 2174 0057 50       		.byte	0x50
 2175 0058 CA000000 		.4byte	.LVL31
 2176 005c D6000000 		.4byte	.LVL32
 2177 0060 0100     		.2byte	0x1
 2178 0062 54       		.byte	0x54
 2179 0063 D6000000 		.4byte	.LVL32
 2180 0067 EC000000 		.4byte	.LVL33
 2181 006b 0100     		.2byte	0x1
 2182 006d 50       		.byte	0x50
 2183 006e EC000000 		.4byte	.LVL33
 2184 0072 0C010000 		.4byte	.LFE121
 2185 0076 0100     		.2byte	0x1
 2186 0078 54       		.byte	0x54
 2187 0079 00000000 		.4byte	0
 2188 007d 00000000 		.4byte	0
 2189              	.LLST2:
 2190 0081 2A000000 		.4byte	.LVL14
 2191 0085 52000000 		.4byte	.LVL17
 2192 0089 0100     		.2byte	0x1
 2193 008b 55       		.byte	0x55
 2194 008c 00000000 		.4byte	0
 2195 0090 00000000 		.4byte	0
 2196              	.LLST3:
 2197 0094 5A000000 		.4byte	.LVL18
 2198 0098 64000000 		.4byte	.LVL19
 2199 009c 0200     		.2byte	0x2
 2200 009e 30       		.byte	0x30
 2201 009f 9F       		.byte	0x9f
 2202 00a0 64000000 		.4byte	.LVL19
 2203 00a4 A4000000 		.4byte	.LVL24
 2204 00a8 0100     		.2byte	0x1
 2205 00aa 51       		.byte	0x51
 2206 00ab B0000000 		.4byte	.LVL25
 2207 00af C4000000 		.4byte	.LVL30
 2208 00b3 0100     		.2byte	0x1
 2209 00b5 51       		.byte	0x51
 2210 00b6 00000000 		.4byte	0
 2211 00ba 00000000 		.4byte	0
ARM GAS  /tmp/ccab09UG.s 			page 40


 2212              	.LLST4:
 2213 00be 00000000 		.4byte	.LVL35
 2214 00c2 08000000 		.4byte	.LVL36
 2215 00c6 0100     		.2byte	0x1
 2216 00c8 50       		.byte	0x50
 2217 00c9 08000000 		.4byte	.LVL36
 2218 00cd 0A000000 		.4byte	.LVL37
 2219 00d1 0400     		.2byte	0x4
 2220 00d3 F3       		.byte	0xf3
 2221 00d4 01       		.uleb128 0x1
 2222 00d5 50       		.byte	0x50
 2223 00d6 9F       		.byte	0x9f
 2224 00d7 0A000000 		.4byte	.LVL37
 2225 00db 1C000000 		.4byte	.LVL38
 2226 00df 0100     		.2byte	0x1
 2227 00e1 50       		.byte	0x50
 2228 00e2 1C000000 		.4byte	.LVL38
 2229 00e6 34000000 		.4byte	.LFE122
 2230 00ea 0400     		.2byte	0x4
 2231 00ec F3       		.byte	0xf3
 2232 00ed 01       		.uleb128 0x1
 2233 00ee 50       		.byte	0x50
 2234 00ef 9F       		.byte	0x9f
 2235 00f0 00000000 		.4byte	0
 2236 00f4 00000000 		.4byte	0
 2237              	.LLST5:
 2238 00f8 00000000 		.4byte	.LVL40
 2239 00fc 0A000000 		.4byte	.LVL41
 2240 0100 0100     		.2byte	0x1
 2241 0102 50       		.byte	0x50
 2242 0103 0A000000 		.4byte	.LVL41
 2243 0107 38000000 		.4byte	.LFE123
 2244 010b 0400     		.2byte	0x4
 2245 010d F3       		.byte	0xf3
 2246 010e 01       		.uleb128 0x1
 2247 010f 50       		.byte	0x50
 2248 0110 9F       		.byte	0x9f
 2249 0111 00000000 		.4byte	0
 2250 0115 00000000 		.4byte	0
 2251              	.LLST6:
 2252 0119 00000000 		.4byte	.LVL40
 2253 011d 22000000 		.4byte	.LVL44
 2254 0121 0100     		.2byte	0x1
 2255 0123 51       		.byte	0x51
 2256 0124 22000000 		.4byte	.LVL44
 2257 0128 38000000 		.4byte	.LFE123
 2258 012c 0400     		.2byte	0x4
 2259 012e F3       		.byte	0xf3
 2260 012f 01       		.uleb128 0x1
 2261 0130 51       		.byte	0x51
 2262 0131 9F       		.byte	0x9f
 2263 0132 00000000 		.4byte	0
 2264 0136 00000000 		.4byte	0
 2265              	.LLST7:
 2266 013a 00000000 		.4byte	.LVL40
 2267 013e 1A000000 		.4byte	.LVL42
 2268 0142 0100     		.2byte	0x1
ARM GAS  /tmp/ccab09UG.s 			page 41


 2269 0144 52       		.byte	0x52
 2270 0145 1A000000 		.4byte	.LVL42
 2271 0149 38000000 		.4byte	.LFE123
 2272 014d 0400     		.2byte	0x4
 2273 014f F3       		.byte	0xf3
 2274 0150 01       		.uleb128 0x1
 2275 0151 52       		.byte	0x52
 2276 0152 9F       		.byte	0x9f
 2277 0153 00000000 		.4byte	0
 2278 0157 00000000 		.4byte	0
 2279              	.LLST8:
 2280 015b 1E000000 		.4byte	.LVL43
 2281 015f 32000000 		.4byte	.LVL45
 2282 0163 0700     		.2byte	0x7
 2283 0165 72       		.byte	0x72
 2284 0166 00       		.sleb128 0
 2285 0167 0A       		.byte	0xa
 2286 0168 FFFF     		.2byte	0xffff
 2287 016a 1A       		.byte	0x1a
 2288 016b 9F       		.byte	0x9f
 2289 016c 00000000 		.4byte	0
 2290 0170 00000000 		.4byte	0
 2291              	.LLST9:
 2292 0174 00000000 		.4byte	.LVL46
 2293 0178 0C000000 		.4byte	.LVL47
 2294 017c 0100     		.2byte	0x1
 2295 017e 50       		.byte	0x50
 2296 017f 0C000000 		.4byte	.LVL47
 2297 0183 20000000 		.4byte	.LFE124
 2298 0187 0400     		.2byte	0x4
 2299 0189 F3       		.byte	0xf3
 2300 018a 01       		.uleb128 0x1
 2301 018b 50       		.byte	0x50
 2302 018c 9F       		.byte	0x9f
 2303 018d 00000000 		.4byte	0
 2304 0191 00000000 		.4byte	0
 2305              	.LLST10:
 2306 0195 00000000 		.4byte	.LVL46
 2307 0199 16000000 		.4byte	.LVL48
 2308 019d 0100     		.2byte	0x1
 2309 019f 51       		.byte	0x51
 2310 01a0 16000000 		.4byte	.LVL48
 2311 01a4 20000000 		.4byte	.LFE124
 2312 01a8 0400     		.2byte	0x4
 2313 01aa F3       		.byte	0xf3
 2314 01ab 01       		.uleb128 0x1
 2315 01ac 51       		.byte	0x51
 2316 01ad 9F       		.byte	0x9f
 2317 01ae 00000000 		.4byte	0
 2318 01b2 00000000 		.4byte	0
 2319              		.section	.debug_aranges,"",%progbits
 2320 0000 44000000 		.4byte	0x44
 2321 0004 0200     		.2byte	0x2
 2322 0006 00000000 		.4byte	.Ldebug_info0
 2323 000a 04       		.byte	0x4
 2324 000b 00       		.byte	0
 2325 000c 0000     		.2byte	0
ARM GAS  /tmp/ccab09UG.s 			page 42


 2326 000e 0000     		.2byte	0
 2327 0010 00000000 		.4byte	.LFB119
 2328 0014 6C000000 		.4byte	.LFE119-.LFB119
 2329 0018 00000000 		.4byte	.LFB120
 2330 001c 18000000 		.4byte	.LFE120-.LFB120
 2331 0020 00000000 		.4byte	.LFB121
 2332 0024 0C010000 		.4byte	.LFE121-.LFB121
 2333 0028 00000000 		.4byte	.LFB122
 2334 002c 34000000 		.4byte	.LFE122-.LFB122
 2335 0030 00000000 		.4byte	.LFB123
 2336 0034 38000000 		.4byte	.LFE123-.LFB123
 2337 0038 00000000 		.4byte	.LFB124
 2338 003c 20000000 		.4byte	.LFE124-.LFB124
 2339 0040 00000000 		.4byte	0
 2340 0044 00000000 		.4byte	0
 2341              		.section	.debug_ranges,"",%progbits
 2342              	.Ldebug_ranges0:
 2343 0000 02000000 		.4byte	.LBB4
 2344 0004 04000000 		.4byte	.LBE4
 2345 0008 08000000 		.4byte	.LBB8
 2346 000c 34000000 		.4byte	.LBE8
 2347 0010 40000000 		.4byte	.LBB9
 2348 0014 6C000000 		.4byte	.LBE9
 2349 0018 00000000 		.4byte	0
 2350 001c 00000000 		.4byte	0
 2351 0020 00000000 		.4byte	.LFB119
 2352 0024 6C000000 		.4byte	.LFE119
 2353 0028 00000000 		.4byte	.LFB120
 2354 002c 18000000 		.4byte	.LFE120
 2355 0030 00000000 		.4byte	.LFB121
 2356 0034 0C010000 		.4byte	.LFE121
 2357 0038 00000000 		.4byte	.LFB122
 2358 003c 34000000 		.4byte	.LFE122
 2359 0040 00000000 		.4byte	.LFB123
 2360 0044 38000000 		.4byte	.LFE123
 2361 0048 00000000 		.4byte	.LFB124
 2362 004c 20000000 		.4byte	.LFE124
 2363 0050 00000000 		.4byte	0
 2364 0054 00000000 		.4byte	0
 2365              		.section	.debug_line,"",%progbits
 2366              	.Ldebug_line0:
 2367 0000 DA020000 		.section	.debug_str,"MS",%progbits,1
 2367      0200CC01 
 2367      00000201 
 2367      FB0E0D00 
 2367      01010101 
 2368              	.LASF43:
 2369 0000 43434552 		.ascii	"CCER\000"
 2369      00
 2370              	.LASF77:
 2371 0005 70776D5F 		.ascii	"pwm_lld_stop\000"
 2371      6C6C645F 
 2371      73746F70 
 2371      00
 2372              	.LASF22:
 2373 0012 41504231 		.ascii	"APB1RSTR\000"
 2373      52535452 
ARM GAS  /tmp/ccab09UG.s 			page 43


 2373      00
 2374              	.LASF50:
 2375 001b 444D4152 		.ascii	"DMAR\000"
 2375      00
 2376              	.LASF59:
 2377 0020 73746174 		.ascii	"state\000"
 2377      6500
 2378              	.LASF41:
 2379 0026 43434D52 		.ascii	"CCMR2\000"
 2379      3200
 2380              	.LASF3:
 2381 002c 73686F72 		.ascii	"short int\000"
 2381      7420696E 
 2381      7400
 2382              	.LASF66:
 2383 0036 70776D63 		.ascii	"pwmcnt_t\000"
 2383      6E745F74 
 2383      00
 2384              	.LASF18:
 2385 003f 73697A65 		.ascii	"sizetype\000"
 2385      74797065 
 2385      00
 2386              	.LASF26:
 2387 0048 42444352 		.ascii	"BDCR\000"
 2387      00
 2388              	.LASF96:
 2389 004d 6E766963 		.ascii	"nvicDisableVector\000"
 2389      44697361 
 2389      626C6556 
 2389      6563746F 
 2389      7200
 2390              	.LASF95:
 2391 005f 70776D5F 		.ascii	"pwm_lld_serve_interrupt\000"
 2391      6C6C645F 
 2391      73657276 
 2391      655F696E 
 2391      74657272 
 2392              	.LASF65:
 2393 0077 70776D63 		.ascii	"pwmchannel_t\000"
 2393      68616E6E 
 2393      656C5F74 
 2393      00
 2394              	.LASF9:
 2395 0084 5F5F7569 		.ascii	"__uint32_t\000"
 2395      6E743332 
 2395      5F7400
 2396              	.LASF67:
 2397 008f 6D6F6465 		.ascii	"mode\000"
 2397      00
 2398              	.LASF5:
 2399 0094 5F5F7569 		.ascii	"__uint16_t\000"
 2399      6E743136 
 2399      5F7400
 2400              	.LASF60:
 2401 009f 636F6E66 		.ascii	"config\000"
 2401      696700
 2402              	.LASF20:
ARM GAS  /tmp/ccab09UG.s 			page 44


 2403 00a6 43464752 		.ascii	"CFGR\000"
 2403      00
 2404              	.LASF89:
 2405 00ab 70776D4F 		.ascii	"pwmObjectInit\000"
 2405      626A6563 
 2405      74496E69 
 2405      7400
 2406              	.LASF31:
 2407 00b9 5F726573 		.ascii	"_resvd0\000"
 2407      76643000 
 2408              	.LASF13:
 2409 00c1 75696E74 		.ascii	"uint8_t\000"
 2409      385F7400 
 2410              	.LASF34:
 2411 00c9 5F726573 		.ascii	"_resvd2\000"
 2411      76643200 
 2412              	.LASF36:
 2413 00d1 5F726573 		.ascii	"_resvd3\000"
 2413      76643300 
 2414              	.LASF25:
 2415 00d9 41504231 		.ascii	"APB1ENR\000"
 2415      454E5200 
 2416              	.LASF93:
 2417 00e1 2E2E2F2E 		.ascii	"../../../../os/hal/platforms/STM32/pwm_lld.c\000"
 2417      2E2F2E2E 
 2417      2F2E2E2F 
 2417      6F732F68 
 2417      616C2F70 
 2418              	.LASF40:
 2419 010e 5F726573 		.ascii	"_resvd6\000"
 2419      76643600 
 2420              	.LASF42:
 2421 0116 5F726573 		.ascii	"_resvd7\000"
 2421      76643700 
 2422              	.LASF44:
 2423 011e 5F726573 		.ascii	"_resvd8\000"
 2423      76643800 
 2424              	.LASF45:
 2425 0126 5F726573 		.ascii	"_resvd9\000"
 2425      76643900 
 2426              	.LASF16:
 2427 012e 75696E74 		.ascii	"uint32_t\000"
 2427      33325F74 
 2427      00
 2428              	.LASF76:
 2429 0137 63636572 		.ascii	"ccer\000"
 2429      00
 2430              	.LASF81:
 2431 013c 77696474 		.ascii	"width\000"
 2431      6800
 2432              	.LASF88:
 2433 0142 5F706F72 		.ascii	"_port_irq_epilogue\000"
 2433      745F6972 
 2433      715F6570 
 2433      696C6F67 
 2433      756500
 2434              	.LASF27:
ARM GAS  /tmp/ccab09UG.s 			page 45


 2435 0155 41484252 		.ascii	"AHBRSTR\000"
 2435      53545200 
 2436              	.LASF11:
 2437 015d 6C6F6E67 		.ascii	"long long int\000"
 2437      206C6F6E 
 2437      6720696E 
 2437      7400
 2438              	.LASF8:
 2439 016b 6C6F6E67 		.ascii	"long int\000"
 2439      20696E74 
 2439      00
 2440              	.LASF30:
 2441 0174 5243435F 		.ascii	"RCC_TypeDef\000"
 2441      54797065 
 2441      44656600 
 2442              	.LASF61:
 2443 0180 70657269 		.ascii	"period\000"
 2443      6F6400
 2444              	.LASF21:
 2445 0187 41504232 		.ascii	"APB2RSTR\000"
 2445      52535452 
 2445      00
 2446              	.LASF4:
 2447 0190 5F5F7569 		.ascii	"__uint8_t\000"
 2447      6E74385F 
 2447      7400
 2448              	.LASF73:
 2449 019a 56656374 		.ascii	"VectorB0\000"
 2449      6F724230 
 2449      00
 2450              	.LASF39:
 2451 01a3 43434D52 		.ascii	"CCMR1\000"
 2451      3100
 2452              	.LASF75:
 2453 01a9 70776D5F 		.ascii	"pwm_lld_start\000"
 2453      6C6C645F 
 2453      73746172 
 2453      7400
 2454              	.LASF72:
 2455 01b7 50574D43 		.ascii	"PWMConfig\000"
 2455      6F6E6669 
 2455      6700
 2456              	.LASF23:
 2457 01c1 41484245 		.ascii	"AHBENR\000"
 2457      4E5200
 2458              	.LASF90:
 2459 01c8 63684462 		.ascii	"chDbgPanic\000"
 2459      6750616E 
 2459      696300
 2460              	.LASF78:
 2461 01d3 70776D70 		.ascii	"pwmp\000"
 2461      00
 2462              	.LASF33:
 2463 01d8 534D4352 		.ascii	"SMCR\000"
 2463      00
 2464              	.LASF54:
 2465 01dd 50574D5F 		.ascii	"PWM_UNINIT\000"
ARM GAS  /tmp/ccab09UG.s 			page 46


 2465      554E494E 
 2465      495400
 2466              	.LASF2:
 2467 01e8 756E7369 		.ascii	"unsigned char\000"
 2467      676E6564 
 2467      20636861 
 2467      7200
 2468              	.LASF79:
 2469 01f6 70776D5F 		.ascii	"pwm_lld_enable_channel\000"
 2469      6C6C645F 
 2469      656E6162 
 2469      6C655F63 
 2469      68616E6E 
 2470              	.LASF92:
 2471 020d 474E5520 		.ascii	"GNU C 4.8.3 -mcpu=cortex-m4 -mfloat-abi=softfp -mfp"
 2471      4320342E 
 2471      382E3320 
 2471      2D6D6370 
 2471      753D636F 
 2472 0240 753D6670 		.ascii	"u=fpv4-sp-d16 -mno-thumb-interwork -mthumb -ggdb -O"
 2472      76342D73 
 2472      702D6431 
 2472      36202D6D 
 2472      6E6F2D74 
 2473 0273 32202D66 		.ascii	"2 -fomit-frame-pointer -falign-functions=16 -fsingl"
 2473      6F6D6974 
 2473      2D667261 
 2473      6D652D70 
 2473      6F696E74 
 2474 02a6 652D7072 		.ascii	"e-precision-constant -ffunction-sections -fdata-sec"
 2474      65636973 
 2474      696F6E2D 
 2474      636F6E73 
 2474      74616E74 
 2475 02d9 74696F6E 		.ascii	"tions -fno-common\000"
 2475      73202D66 
 2475      6E6F2D63 
 2475      6F6D6D6F 
 2475      6E00
 2476              	.LASF24:
 2477 02eb 41504232 		.ascii	"APB2ENR\000"
 2477      454E5200 
 2478              	.LASF91:
 2479 02f3 6E766963 		.ascii	"nvicEnableVector\000"
 2479      456E6162 
 2479      6C655665 
 2479      63746F72 
 2479      00
 2480              	.LASF1:
 2481 0304 7369676E 		.ascii	"signed char\000"
 2481      65642063 
 2481      68617200 
 2482              	.LASF12:
 2483 0310 6C6F6E67 		.ascii	"long long unsigned int\000"
 2483      206C6F6E 
 2483      6720756E 
 2483      7369676E 
ARM GAS  /tmp/ccab09UG.s 			page 47


 2483      65642069 
 2484              	.LASF0:
 2485 0327 756E7369 		.ascii	"unsigned int\000"
 2485      676E6564 
 2485      20696E74 
 2485      00
 2486              	.LASF28:
 2487 0334 43464752 		.ascii	"CFGR2\000"
 2487      3200
 2488              	.LASF29:
 2489 033a 43464752 		.ascii	"CFGR3\000"
 2489      3300
 2490              	.LASF47:
 2491 0340 42445452 		.ascii	"BDTR\000"
 2491      00
 2492              	.LASF35:
 2493 0345 44494552 		.ascii	"DIER\000"
 2493      00
 2494              	.LASF48:
 2495 034a 5F726573 		.ascii	"_resvd11\000"
 2495      76643131 
 2495      00
 2496              	.LASF49:
 2497 0353 5F726573 		.ascii	"_resvd12\000"
 2497      76643132 
 2497      00
 2498              	.LASF51:
 2499 035c 5F726573 		.ascii	"_resvd13\000"
 2499      76643133 
 2499      00
 2500              	.LASF52:
 2501 0365 5F726573 		.ascii	"_resvd14\000"
 2501      76643134 
 2501      00
 2502              	.LASF6:
 2503 036e 73686F72 		.ascii	"short unsigned int\000"
 2503      7420756E 
 2503      7369676E 
 2503      65642069 
 2503      6E7400
 2504              	.LASF74:
 2505 0381 70776D5F 		.ascii	"pwm_lld_init\000"
 2505      6C6C645F 
 2505      696E6974 
 2505      00
 2506              	.LASF19:
 2507 038e 63686172 		.ascii	"char\000"
 2507      00
 2508              	.LASF14:
 2509 0393 75696E74 		.ascii	"uint16_t\000"
 2509      31365F74 
 2509      00
 2510              	.LASF53:
 2511 039c 73746D33 		.ascii	"stm32_tim_t\000"
 2511      325F7469 
 2511      6D5F7400 
 2512              	.LASF58:
ARM GAS  /tmp/ccab09UG.s 			page 48


 2513 03a8 50574D44 		.ascii	"PWMDriver\000"
 2513      72697665 
 2513      7200
 2514              	.LASF15:
 2515 03b2 696E7433 		.ascii	"int32_t\000"
 2515      325F7400 
 2516              	.LASF17:
 2517 03ba 5F426F6F 		.ascii	"_Bool\000"
 2517      6C00
 2518              	.LASF80:
 2519 03c0 6368616E 		.ascii	"channel\000"
 2519      6E656C00 
 2520              	.LASF94:
 2521 03c8 2F686F6D 		.ascii	"/home/jordyaw/Documents/referensi/coba/ChibiOS_2.5."
 2521      652F6A6F 
 2521      72647961 
 2521      772F446F 
 2521      63756D65 
 2522 03fb 32782F74 		.ascii	"2x/testhal/STM32F30x/WSC/board joule\000"
 2522      65737468 
 2522      616C2F53 
 2522      544D3332 
 2522      46333078 
 2523              	.LASF71:
 2524 0420 6368616E 		.ascii	"channels\000"
 2524      6E656C73 
 2524      00
 2525              	.LASF87:
 2526 0429 6462675F 		.ascii	"dbg_check_leave_isr\000"
 2526      63686563 
 2526      6B5F6C65 
 2526      6176655F 
 2526      69737200 
 2527              	.LASF10:
 2528 043d 6C6F6E67 		.ascii	"long unsigned int\000"
 2528      20756E73 
 2528      69676E65 
 2528      6420696E 
 2528      7400
 2529              	.LASF62:
 2530 044f 636C6F63 		.ascii	"clock\000"
 2530      6B00
 2531              	.LASF86:
 2532 0455 6462675F 		.ascii	"dbg_check_enter_isr\000"
 2532      63686563 
 2532      6B5F656E 
 2532      7465725F 
 2532      69737200 
 2533              	.LASF46:
 2534 0469 5F726573 		.ascii	"_resvd10\000"
 2534      76643130 
 2534      00
 2535              	.LASF83:
 2536 0472 70776D5F 		.ascii	"pwm_lld_disable_channel\000"
 2536      6C6C645F 
 2536      64697361 
 2536      626C655F 
ARM GAS  /tmp/ccab09UG.s 			page 49


 2536      6368616E 
 2537              	.LASF7:
 2538 048a 5F5F696E 		.ascii	"__int32_t\000"
 2538      7433325F 
 2538      7400
 2539              	.LASF56:
 2540 0494 50574D5F 		.ascii	"PWM_READY\000"
 2540      52454144 
 2540      5900
 2541              	.LASF55:
 2542 049e 50574D5F 		.ascii	"PWM_STOP\000"
 2542      53544F50 
 2542      00
 2543              	.LASF82:
 2544 04a7 64696572 		.ascii	"dier\000"
 2544      00
 2545              	.LASF70:
 2546 04ac 66726571 		.ascii	"frequency\000"
 2546      75656E63 
 2546      7900
 2547              	.LASF85:
 2548 04b6 50574D44 		.ascii	"PWMD2\000"
 2548      3200
 2549              	.LASF69:
 2550 04bc 50574D43 		.ascii	"PWMChannelConfig\000"
 2550      68616E6E 
 2550      656C436F 
 2550      6E666967 
 2550      00
 2551              	.LASF64:
 2552 04cd 70776D6D 		.ascii	"pwmmode_t\000"
 2552      6F64655F 
 2552      7400
 2553              	.LASF84:
 2554 04d7 49544D5F 		.ascii	"ITM_RxBuffer\000"
 2554      52784275 
 2554      66666572 
 2554      00
 2555              	.LASF32:
 2556 04e4 5F726573 		.ascii	"_resvd1\000"
 2556      76643100 
 2557              	.LASF57:
 2558 04ec 70776D73 		.ascii	"pwmstate_t\000"
 2558      74617465 
 2558      5F7400
 2559              	.LASF63:
 2560 04f7 70776D63 		.ascii	"pwmcallback_t\000"
 2560      616C6C62 
 2560      61636B5F 
 2560      7400
 2561              	.LASF37:
 2562 0505 5F726573 		.ascii	"_resvd4\000"
 2562      76643400 
 2563              	.LASF38:
 2564 050d 5F726573 		.ascii	"_resvd5\000"
 2564      76643500 
 2565              	.LASF68:
ARM GAS  /tmp/ccab09UG.s 			page 50


 2566 0515 63616C6C 		.ascii	"callback\000"
 2566      6261636B 
 2566      00
 2567              		.ident	"GCC: (4.8.3-18ubuntu2+12) 4.8.3"
ARM GAS  /tmp/ccab09UG.s 			page 51


DEFINED SYMBOLS
                            *ABS*:0000000000000000 pwm_lld.c
     /tmp/ccab09UG.s:20     .text.VectorB0:0000000000000000 $t
     /tmp/ccab09UG.s:26     .text.VectorB0:0000000000000000 VectorB0
     /tmp/ccab09UG.s:137    .text.VectorB0:0000000000000068 $d
     /tmp/ccab09UG.s:144    .text.pwm_lld_init:0000000000000000 $t
     /tmp/ccab09UG.s:150    .text.pwm_lld_init:0000000000000000 pwm_lld_init
     /tmp/ccab09UG.s:172    .text.pwm_lld_init:0000000000000014 $d
     /tmp/ccab09UG.s:177    .text.pwm_lld_start:0000000000000000 $t
     /tmp/ccab09UG.s:183    .text.pwm_lld_start:0000000000000000 pwm_lld_start
     /tmp/ccab09UG.s:399    .text.pwm_lld_start:00000000000000fc $d
     /tmp/ccab09UG.s:407    .text.pwm_lld_stop:0000000000000000 $t
     /tmp/ccab09UG.s:413    .text.pwm_lld_stop:0000000000000000 pwm_lld_stop
     /tmp/ccab09UG.s:462    .text.pwm_lld_stop:000000000000002c $d
     /tmp/ccab09UG.s:468    .text.pwm_lld_enable_channel:0000000000000000 $t
     /tmp/ccab09UG.s:474    .text.pwm_lld_enable_channel:0000000000000000 pwm_lld_enable_channel
     /tmp/ccab09UG.s:535    .text.pwm_lld_disable_channel:0000000000000000 $t
     /tmp/ccab09UG.s:541    .text.pwm_lld_disable_channel:0000000000000000 pwm_lld_disable_channel
     /tmp/ccab09UG.s:574    .bss.PWMD2:0000000000000000 PWMD2
     /tmp/ccab09UG.s:570    .bss.PWMD2:0000000000000000 $d
     /tmp/ccab09UG.s:577    .rodata.str1.4:0000000000000000 $d
                     .debug_frame:0000000000000010 $d
     /tmp/ccab09UG.s:143    .text.VectorB0:000000000000006c $t
     /tmp/ccab09UG.s:176    .text.pwm_lld_init:0000000000000018 $t
     /tmp/ccab09UG.s:406    .text.pwm_lld_start:000000000000010c $t
     /tmp/ccab09UG.s:467    .text.pwm_lld_stop:0000000000000034 $t

UNDEFINED SYMBOLS
dbg_check_enter_isr
dbg_check_leave_isr
_port_irq_epilogue
pwmObjectInit
chDbgPanic
nvicEnableVector
nvicDisableVector
