ARM GAS  /tmp/ccWRaOPy.s 			page 1


   1              		.syntax unified
   2              		.cpu cortex-m4
   3              		.eabi_attribute 27, 3
   4              		.fpu fpv4-sp-d16
   5              		.eabi_attribute 20, 1
   6              		.eabi_attribute 21, 1
   7              		.eabi_attribute 23, 3
   8              		.eabi_attribute 24, 1
   9              		.eabi_attribute 25, 1
  10              		.eabi_attribute 26, 1
  11              		.eabi_attribute 30, 2
  12              		.eabi_attribute 34, 1
  13              		.eabi_attribute 18, 4
  14              		.thumb
  15              		.file	"stm32f30x_wwdg.c"
  16              		.text
  17              	.Ltext0:
  18              		.cfi_sections	.debug_frame
  19              		.section	.text.WWDG_DeInit,"ax",%progbits
  20              		.align	2
  21              		.p2align 4,,15
  22              		.global	WWDG_DeInit
  23              		.thumb
  24              		.thumb_func
  25              		.type	WWDG_DeInit, %function
  26              	WWDG_DeInit:
  27              	.LFB111:
  28              		.file 1 "../../../../ext/stm32lib/src/stm32f30x_wwdg.c"
  29              		.loc 1 134 0
  30              		.cfi_startproc
  31              		@ args = 0, pretend = 0, frame = 0
  32              		@ frame_needed = 0, uses_anonymous_args = 0
  33 0000 08B5     		push	{r3, lr}
  34              		.cfi_def_cfa_offset 8
  35              		.cfi_offset 3, -8
  36              		.cfi_offset 14, -4
  37              		.loc 1 135 0
  38 0002 4FF40060 		mov	r0, #2048
  39 0006 0121     		movs	r1, #1
  40 0008 FFF7FEFF 		bl	RCC_APB1PeriphResetCmd
  41              	.LVL0:
  42              		.loc 1 136 0
  43 000c 4FF40060 		mov	r0, #2048
  44 0010 0021     		movs	r1, #0
  45              		.loc 1 137 0
  46 0012 BDE80840 		pop	{r3, lr}
  47              		.loc 1 136 0
  48 0016 FFF7FEBF 		b	RCC_APB1PeriphResetCmd
  49              	.LVL1:
  50              		.cfi_endproc
  51              	.LFE111:
  52              		.size	WWDG_DeInit, .-WWDG_DeInit
  53 001a 00BFAFF3 		.section	.text.WWDG_SetPrescaler,"ax",%progbits
  53      0080
  54              		.align	2
  55              		.p2align 4,,15
  56              		.global	WWDG_SetPrescaler
ARM GAS  /tmp/ccWRaOPy.s 			page 2


  57              		.thumb
  58              		.thumb_func
  59              		.type	WWDG_SetPrescaler, %function
  60              	WWDG_SetPrescaler:
  61              	.LFB112:
  62              		.loc 1 150 0
  63              		.cfi_startproc
  64              		@ args = 0, pretend = 0, frame = 0
  65              		@ frame_needed = 0, uses_anonymous_args = 0
  66              		@ link register save eliminated.
  67              	.LVL2:
  68              		.loc 1 155 0
  69 0000 034B     		ldr	r3, .L3
  70 0002 5A68     		ldr	r2, [r3, #4]
  71 0004 22F4C072 		bic	r2, r2, #384
  72              	.LVL3:
  73              		.loc 1 157 0
  74 0008 1043     		orrs	r0, r0, r2
  75              	.LVL4:
  76              		.loc 1 159 0
  77 000a 5860     		str	r0, [r3, #4]
  78 000c 7047     		bx	lr
  79              	.L4:
  80 000e 00BF     		.align	2
  81              	.L3:
  82 0010 002C0040 		.word	1073753088
  83              		.cfi_endproc
  84              	.LFE112:
  85              		.size	WWDG_SetPrescaler, .-WWDG_SetPrescaler
  86 0014 AFF30080 		.section	.text.WWDG_SetWindowValue,"ax",%progbits
  86      AFF30080 
  86      AFF30080 
  87              		.align	2
  88              		.p2align 4,,15
  89              		.global	WWDG_SetWindowValue
  90              		.thumb
  91              		.thumb_func
  92              		.type	WWDG_SetWindowValue, %function
  93              	WWDG_SetWindowValue:
  94              	.LFB113:
  95              		.loc 1 169 0
  96              		.cfi_startproc
  97              		@ args = 0, pretend = 0, frame = 8
  98              		@ frame_needed = 0, uses_anonymous_args = 0
  99              		@ link register save eliminated.
 100              	.LVL5:
 101 0000 82B0     		sub	sp, sp, #8
 102              		.cfi_def_cfa_offset 8
 103              		.loc 1 176 0
 104 0002 084B     		ldr	r3, .L6
 105              		.loc 1 170 0
 106 0004 0022     		movs	r2, #0
 107 0006 0192     		str	r2, [sp, #4]
 108              		.loc 1 176 0
 109 0008 5A68     		ldr	r2, [r3, #4]
 110 000a 22F07F02 		bic	r2, r2, #127
 111 000e 0192     		str	r2, [sp, #4]
ARM GAS  /tmp/ccWRaOPy.s 			page 3


 112              		.loc 1 179 0
 113 0010 019A     		ldr	r2, [sp, #4]
 114 0012 00F07F00 		and	r0, r0, #127
 115              	.LVL6:
 116 0016 0243     		orrs	r2, r2, r0
 117 0018 0192     		str	r2, [sp, #4]
 118              		.loc 1 182 0
 119 001a 019A     		ldr	r2, [sp, #4]
 120 001c 5A60     		str	r2, [r3, #4]
 121              		.loc 1 183 0
 122 001e 02B0     		add	sp, sp, #8
 123              		@ sp needed
 124 0020 7047     		bx	lr
 125              	.L7:
 126 0022 00BF     		.align	2
 127              	.L6:
 128 0024 002C0040 		.word	1073753088
 129              		.cfi_endproc
 130              	.LFE113:
 131              		.size	WWDG_SetWindowValue, .-WWDG_SetWindowValue
 132 0028 AFF30080 		.section	.text.WWDG_EnableIT,"ax",%progbits
 132      AFF30080 
 133              		.align	2
 134              		.p2align 4,,15
 135              		.global	WWDG_EnableIT
 136              		.thumb
 137              		.thumb_func
 138              		.type	WWDG_EnableIT, %function
 139              	WWDG_EnableIT:
 140              	.LFB114:
 141              		.loc 1 192 0
 142              		.cfi_startproc
 143              		@ args = 0, pretend = 0, frame = 0
 144              		@ frame_needed = 0, uses_anonymous_args = 0
 145              		@ link register save eliminated.
 146              		.loc 1 193 0
 147 0000 024B     		ldr	r3, .L9
 148 0002 5A68     		ldr	r2, [r3, #4]
 149 0004 42F40072 		orr	r2, r2, #512
 150 0008 5A60     		str	r2, [r3, #4]
 151 000a 7047     		bx	lr
 152              	.L10:
 153              		.align	2
 154              	.L9:
 155 000c 002C0040 		.word	1073753088
 156              		.cfi_endproc
 157              	.LFE114:
 158              		.size	WWDG_EnableIT, .-WWDG_EnableIT
 159              		.section	.text.WWDG_SetCounter,"ax",%progbits
 160              		.align	2
 161              		.p2align 4,,15
 162              		.global	WWDG_SetCounter
 163              		.thumb
 164              		.thumb_func
 165              		.type	WWDG_SetCounter, %function
 166              	WWDG_SetCounter:
 167              	.LFB115:
ARM GAS  /tmp/ccWRaOPy.s 			page 4


 168              		.loc 1 204 0
 169              		.cfi_startproc
 170              		@ args = 0, pretend = 0, frame = 0
 171              		@ frame_needed = 0, uses_anonymous_args = 0
 172              		@ link register save eliminated.
 173              	.LVL7:
 174              		.loc 1 209 0
 175 0000 024B     		ldr	r3, .L12
 176 0002 00F07F00 		and	r0, r0, #127
 177              	.LVL8:
 178 0006 1860     		str	r0, [r3]
 179 0008 7047     		bx	lr
 180              	.L13:
 181 000a 00BF     		.align	2
 182              	.L12:
 183 000c 002C0040 		.word	1073753088
 184              		.cfi_endproc
 185              	.LFE115:
 186              		.size	WWDG_SetCounter, .-WWDG_SetCounter
 187              		.section	.text.WWDG_Enable,"ax",%progbits
 188              		.align	2
 189              		.p2align 4,,15
 190              		.global	WWDG_Enable
 191              		.thumb
 192              		.thumb_func
 193              		.type	WWDG_Enable, %function
 194              	WWDG_Enable:
 195              	.LFB116:
 196              		.loc 1 236 0
 197              		.cfi_startproc
 198              		@ args = 0, pretend = 0, frame = 0
 199              		@ frame_needed = 0, uses_anonymous_args = 0
 200              		@ link register save eliminated.
 201              	.LVL9:
 202              		.loc 1 239 0
 203 0000 024B     		ldr	r3, .L15
 204 0002 40F08000 		orr	r0, r0, #128
 205              	.LVL10:
 206 0006 1860     		str	r0, [r3]
 207 0008 7047     		bx	lr
 208              	.L16:
 209 000a 00BF     		.align	2
 210              	.L15:
 211 000c 002C0040 		.word	1073753088
 212              		.cfi_endproc
 213              	.LFE116:
 214              		.size	WWDG_Enable, .-WWDG_Enable
 215              		.section	.text.WWDG_GetFlagStatus,"ax",%progbits
 216              		.align	2
 217              		.p2align 4,,15
 218              		.global	WWDG_GetFlagStatus
 219              		.thumb
 220              		.thumb_func
 221              		.type	WWDG_GetFlagStatus, %function
 222              	WWDG_GetFlagStatus:
 223              	.LFB117:
 224              		.loc 1 264 0
ARM GAS  /tmp/ccWRaOPy.s 			page 5


 225              		.cfi_startproc
 226              		@ args = 0, pretend = 0, frame = 0
 227              		@ frame_needed = 0, uses_anonymous_args = 0
 228              		@ link register save eliminated.
 229              	.LVL11:
 230              		.loc 1 267 0
 231 0000 024B     		ldr	r3, .L18
 232 0002 9868     		ldr	r0, [r3, #8]
 233              	.LVL12:
 234              		.loc 1 276 0
 235 0004 0030     		adds	r0, r0, #0
 236 0006 18BF     		it	ne
 237 0008 0120     		movne	r0, #1
 238              	.LVL13:
 239 000a 7047     		bx	lr
 240              	.L19:
 241              		.align	2
 242              	.L18:
 243 000c 002C0040 		.word	1073753088
 244              		.cfi_endproc
 245              	.LFE117:
 246              		.size	WWDG_GetFlagStatus, .-WWDG_GetFlagStatus
 247              		.section	.text.WWDG_ClearFlag,"ax",%progbits
 248              		.align	2
 249              		.p2align 4,,15
 250              		.global	WWDG_ClearFlag
 251              		.thumb
 252              		.thumb_func
 253              		.type	WWDG_ClearFlag, %function
 254              	WWDG_ClearFlag:
 255              	.LFB118:
 256              		.loc 1 284 0
 257              		.cfi_startproc
 258              		@ args = 0, pretend = 0, frame = 0
 259              		@ frame_needed = 0, uses_anonymous_args = 0
 260              		@ link register save eliminated.
 261              		.loc 1 285 0
 262 0000 014B     		ldr	r3, .L21
 263 0002 0022     		movs	r2, #0
 264 0004 9A60     		str	r2, [r3, #8]
 265 0006 7047     		bx	lr
 266              	.L22:
 267              		.align	2
 268              	.L21:
 269 0008 002C0040 		.word	1073753088
 270              		.cfi_endproc
 271              	.LFE118:
 272              		.size	WWDG_ClearFlag, .-WWDG_ClearFlag
 273 000c AFF30080 		.text
 274              	.Letext0:
 275              		.file 2 "/usr/include/newlib/machine/_default_types.h"
 276              		.file 3 "/usr/include/newlib/stdint.h"
 277              		.file 4 "../../../../os/hal/platforms/STM32F30x/stm32f30x.h"
 278              		.file 5 "../../../../os/ports/common/ARMCMx/CMSIS/include/core_cm4.h"
 279              		.file 6 "../../../../ext/stm32lib/inc/stm32f30x_rcc.h"
 280              		.section	.debug_info,"",%progbits
 281              	.Ldebug_info0:
ARM GAS  /tmp/ccWRaOPy.s 			page 6


 282 0000 B4020000 		.4byte	0x2b4
 283 0004 0400     		.2byte	0x4
 284 0006 00000000 		.4byte	.Ldebug_abbrev0
 285 000a 04       		.byte	0x4
 286 000b 01       		.uleb128 0x1
 287 000c 72020000 		.4byte	.LASF36
 288 0010 01       		.byte	0x1
 289 0011 44020000 		.4byte	.LASF37
 290 0015 EC010000 		.4byte	.LASF38
 291 0019 00000000 		.4byte	.Ldebug_ranges0+0
 292 001d 00000000 		.4byte	0
 293 0021 00000000 		.4byte	.Ldebug_line0
 294 0025 02       		.uleb128 0x2
 295 0026 01       		.byte	0x1
 296 0027 06       		.byte	0x6
 297 0028 E0010000 		.4byte	.LASF0
 298 002c 03       		.uleb128 0x3
 299 002d 0E000000 		.4byte	.LASF3
 300 0031 02       		.byte	0x2
 301 0032 1D       		.byte	0x1d
 302 0033 37000000 		.4byte	0x37
 303 0037 02       		.uleb128 0x2
 304 0038 01       		.byte	0x1
 305 0039 08       		.byte	0x8
 306 003a 80000000 		.4byte	.LASF1
 307 003e 02       		.uleb128 0x2
 308 003f 02       		.byte	0x2
 309 0040 05       		.byte	0x5
 310 0041 7F010000 		.4byte	.LASF2
 311 0045 03       		.uleb128 0x3
 312 0046 E9000000 		.4byte	.LASF4
 313 004a 02       		.byte	0x2
 314 004b 2B       		.byte	0x2b
 315 004c 50000000 		.4byte	0x50
 316 0050 02       		.uleb128 0x2
 317 0051 02       		.byte	0x2
 318 0052 07       		.byte	0x7
 319 0053 30000000 		.4byte	.LASF5
 320 0057 03       		.uleb128 0x3
 321 0058 26000000 		.4byte	.LASF6
 322 005c 02       		.byte	0x2
 323 005d 3F       		.byte	0x3f
 324 005e 62000000 		.4byte	0x62
 325 0062 02       		.uleb128 0x2
 326 0063 04       		.byte	0x4
 327 0064 05       		.byte	0x5
 328 0065 D7010000 		.4byte	.LASF7
 329 0069 03       		.uleb128 0x3
 330 006a CE000000 		.4byte	.LASF8
 331 006e 02       		.byte	0x2
 332 006f 41       		.byte	0x41
 333 0070 74000000 		.4byte	0x74
 334 0074 02       		.uleb128 0x2
 335 0075 04       		.byte	0x4
 336 0076 07       		.byte	0x7
 337 0077 A5000000 		.4byte	.LASF9
 338 007b 02       		.uleb128 0x2
ARM GAS  /tmp/ccWRaOPy.s 			page 7


 339 007c 08       		.byte	0x8
 340 007d 05       		.byte	0x5
 341 007e 00000000 		.4byte	.LASF10
 342 0082 02       		.uleb128 0x2
 343 0083 08       		.byte	0x8
 344 0084 07       		.byte	0x7
 345 0085 22010000 		.4byte	.LASF11
 346 0089 04       		.uleb128 0x4
 347 008a 04       		.byte	0x4
 348 008b 05       		.byte	0x5
 349 008c 696E7400 		.ascii	"int\000"
 350 0090 02       		.uleb128 0x2
 351 0091 04       		.byte	0x4
 352 0092 07       		.byte	0x7
 353 0093 15010000 		.4byte	.LASF12
 354 0097 03       		.uleb128 0x3
 355 0098 43000000 		.4byte	.LASF13
 356 009c 03       		.byte	0x3
 357 009d 2A       		.byte	0x2a
 358 009e 2C000000 		.4byte	0x2c
 359 00a2 03       		.uleb128 0x3
 360 00a3 9F010000 		.4byte	.LASF14
 361 00a7 03       		.byte	0x3
 362 00a8 36       		.byte	0x36
 363 00a9 45000000 		.4byte	0x45
 364 00ad 03       		.uleb128 0x3
 365 00ae 5E010000 		.4byte	.LASF15
 366 00b2 03       		.byte	0x3
 367 00b3 41       		.byte	0x41
 368 00b4 57000000 		.4byte	0x57
 369 00b8 03       		.uleb128 0x3
 370 00b9 BD000000 		.4byte	.LASF16
 371 00bd 03       		.byte	0x3
 372 00be 42       		.byte	0x42
 373 00bf 69000000 		.4byte	0x69
 374 00c3 02       		.uleb128 0x2
 375 00c4 04       		.byte	0x4
 376 00c5 07       		.byte	0x7
 377 00c6 66010000 		.4byte	.LASF17
 378 00ca 05       		.uleb128 0x5
 379 00cb B8000000 		.4byte	0xb8
 380 00cf 05       		.uleb128 0x5
 381 00d0 AD000000 		.4byte	0xad
 382 00d4 06       		.uleb128 0x6
 383 00d5 01       		.byte	0x1
 384 00d6 04       		.byte	0x4
 385 00d7 2201     		.2byte	0x122
 386 00d9 EA000000 		.4byte	0xea
 387 00dd 07       		.uleb128 0x7
 388 00de B7000000 		.4byte	.LASF18
 389 00e2 00       		.sleb128 0
 390 00e3 08       		.uleb128 0x8
 391 00e4 53455400 		.ascii	"SET\000"
 392 00e8 01       		.sleb128 1
 393 00e9 00       		.byte	0
 394 00ea 09       		.uleb128 0x9
 395 00eb 62000000 		.4byte	.LASF19
ARM GAS  /tmp/ccWRaOPy.s 			page 8


 396 00ef 04       		.byte	0x4
 397 00f0 2201     		.2byte	0x122
 398 00f2 D4000000 		.4byte	0xd4
 399 00f6 06       		.uleb128 0x6
 400 00f7 01       		.byte	0x1
 401 00f8 04       		.byte	0x4
 402 00f9 2401     		.2byte	0x124
 403 00fb 0C010000 		.4byte	0x10c
 404 00ff 07       		.uleb128 0x7
 405 0100 C6000000 		.4byte	.LASF20
 406 0104 00       		.sleb128 0
 407 0105 07       		.uleb128 0x7
 408 0106 79000000 		.4byte	.LASF21
 409 010a 01       		.sleb128 1
 410 010b 00       		.byte	0
 411 010c 09       		.uleb128 0x9
 412 010d D9000000 		.4byte	.LASF22
 413 0111 04       		.byte	0x4
 414 0112 2401     		.2byte	0x124
 415 0114 F6000000 		.4byte	0xf6
 416 0118 0A       		.uleb128 0xa
 417 0119 0C       		.byte	0xc
 418 011a 04       		.byte	0x4
 419 011b 3203     		.2byte	0x332
 420 011d 47010000 		.4byte	0x147
 421 0121 0B       		.uleb128 0xb
 422 0122 435200   		.ascii	"CR\000"
 423 0125 04       		.byte	0x4
 424 0126 3403     		.2byte	0x334
 425 0128 CA000000 		.4byte	0xca
 426 012c 00       		.byte	0
 427 012d 0B       		.uleb128 0xb
 428 012e 43465200 		.ascii	"CFR\000"
 429 0132 04       		.byte	0x4
 430 0133 3503     		.2byte	0x335
 431 0135 CA000000 		.4byte	0xca
 432 0139 04       		.byte	0x4
 433 013a 0B       		.uleb128 0xb
 434 013b 535200   		.ascii	"SR\000"
 435 013e 04       		.byte	0x4
 436 013f 3603     		.2byte	0x336
 437 0141 CA000000 		.4byte	0xca
 438 0145 08       		.byte	0x8
 439 0146 00       		.byte	0
 440 0147 09       		.uleb128 0x9
 441 0148 4B000000 		.4byte	.LASF23
 442 014c 04       		.byte	0x4
 443 014d 3703     		.2byte	0x337
 444 014f 18010000 		.4byte	0x118
 445 0153 0C       		.uleb128 0xc
 446 0154 BC010000 		.4byte	.LASF24
 447 0158 01       		.byte	0x1
 448 0159 85       		.byte	0x85
 449 015a 00000000 		.4byte	.LFB111
 450 015e 1A000000 		.4byte	.LFE111-.LFB111
 451 0162 01       		.uleb128 0x1
 452 0163 9C       		.byte	0x9c
ARM GAS  /tmp/ccWRaOPy.s 			page 9


 453 0164 99010000 		.4byte	0x199
 454 0168 0D       		.uleb128 0xd
 455 0169 0C000000 		.4byte	.LVL0
 456 016d A4020000 		.4byte	0x2a4
 457 0171 82010000 		.4byte	0x182
 458 0175 0E       		.uleb128 0xe
 459 0176 01       		.uleb128 0x1
 460 0177 51       		.byte	0x51
 461 0178 01       		.uleb128 0x1
 462 0179 31       		.byte	0x31
 463 017a 0E       		.uleb128 0xe
 464 017b 01       		.uleb128 0x1
 465 017c 50       		.byte	0x50
 466 017d 03       		.uleb128 0x3
 467 017e 0A       		.byte	0xa
 468 017f 0008     		.2byte	0x800
 469 0181 00       		.byte	0
 470 0182 0F       		.uleb128 0xf
 471 0183 1A000000 		.4byte	.LVL1
 472 0187 A4020000 		.4byte	0x2a4
 473 018b 0E       		.uleb128 0xe
 474 018c 01       		.uleb128 0x1
 475 018d 51       		.byte	0x51
 476 018e 01       		.uleb128 0x1
 477 018f 30       		.byte	0x30
 478 0190 0E       		.uleb128 0xe
 479 0191 01       		.uleb128 0x1
 480 0192 50       		.byte	0x50
 481 0193 03       		.uleb128 0x3
 482 0194 0A       		.byte	0xa
 483 0195 0008     		.2byte	0x800
 484 0197 00       		.byte	0
 485 0198 00       		.byte	0
 486 0199 0C       		.uleb128 0xc
 487 019a 4C010000 		.4byte	.LASF25
 488 019e 01       		.byte	0x1
 489 019f 95       		.byte	0x95
 490 01a0 00000000 		.4byte	.LFB112
 491 01a4 14000000 		.4byte	.LFE112-.LFB112
 492 01a8 01       		.uleb128 0x1
 493 01a9 9C       		.byte	0x9c
 494 01aa CD010000 		.4byte	0x1cd
 495 01ae 10       		.uleb128 0x10
 496 01af C8010000 		.4byte	.LASF27
 497 01b3 01       		.byte	0x1
 498 01b4 95       		.byte	0x95
 499 01b5 B8000000 		.4byte	0xb8
 500 01b9 00000000 		.4byte	.LLST0
 501 01bd 11       		.uleb128 0x11
 502 01be 89010000 		.4byte	.LASF29
 503 01c2 01       		.byte	0x1
 504 01c3 97       		.byte	0x97
 505 01c4 B8000000 		.4byte	0xb8
 506 01c8 21000000 		.4byte	.LLST1
 507 01cc 00       		.byte	0
 508 01cd 0C       		.uleb128 0xc
 509 01ce A8010000 		.4byte	.LASF26
ARM GAS  /tmp/ccWRaOPy.s 			page 10


 510 01d2 01       		.byte	0x1
 511 01d3 A8       		.byte	0xa8
 512 01d4 00000000 		.4byte	.LFB113
 513 01d8 28000000 		.4byte	.LFE113-.LFB113
 514 01dc 01       		.uleb128 0x1
 515 01dd 9C       		.byte	0x9c
 516 01de 00020000 		.4byte	0x200
 517 01e2 10       		.uleb128 0x10
 518 01e3 F4000000 		.4byte	.LASF28
 519 01e7 01       		.byte	0x1
 520 01e8 A8       		.byte	0xa8
 521 01e9 97000000 		.4byte	0x97
 522 01ed 4B000000 		.4byte	.LLST2
 523 01f1 12       		.uleb128 0x12
 524 01f2 89010000 		.4byte	.LASF29
 525 01f6 01       		.byte	0x1
 526 01f7 AA       		.byte	0xaa
 527 01f8 CA000000 		.4byte	0xca
 528 01fc 02       		.uleb128 0x2
 529 01fd 91       		.byte	0x91
 530 01fe 7C       		.sleb128 -4
 531 01ff 00       		.byte	0
 532 0200 13       		.uleb128 0x13
 533 0201 18000000 		.4byte	.LASF34
 534 0205 01       		.byte	0x1
 535 0206 BF       		.byte	0xbf
 536 0207 00000000 		.4byte	.LFB114
 537 020b 10000000 		.4byte	.LFE114-.LFB114
 538 020f 01       		.uleb128 0x1
 539 0210 9C       		.byte	0x9c
 540 0211 0C       		.uleb128 0xc
 541 0212 6F010000 		.4byte	.LASF30
 542 0216 01       		.byte	0x1
 543 0217 CB       		.byte	0xcb
 544 0218 00000000 		.4byte	.LFB115
 545 021c 10000000 		.4byte	.LFE115-.LFB115
 546 0220 01       		.uleb128 0x1
 547 0221 9C       		.byte	0x9c
 548 0222 36020000 		.4byte	0x236
 549 0226 10       		.uleb128 0x10
 550 0227 00010000 		.4byte	.LASF31
 551 022b 01       		.byte	0x1
 552 022c CB       		.byte	0xcb
 553 022d 97000000 		.4byte	0x97
 554 0231 6C000000 		.4byte	.LLST3
 555 0235 00       		.byte	0
 556 0236 0C       		.uleb128 0xc
 557 0237 6D000000 		.4byte	.LASF32
 558 023b 01       		.byte	0x1
 559 023c EB       		.byte	0xeb
 560 023d 00000000 		.4byte	.LFB116
 561 0241 10000000 		.4byte	.LFE116-.LFB116
 562 0245 01       		.uleb128 0x1
 563 0246 9C       		.byte	0x9c
 564 0247 5B020000 		.4byte	0x25b
 565 024b 10       		.uleb128 0x10
 566 024c 00010000 		.4byte	.LASF31
ARM GAS  /tmp/ccWRaOPy.s 			page 11


 567 0250 01       		.byte	0x1
 568 0251 EB       		.byte	0xeb
 569 0252 97000000 		.4byte	0x97
 570 0256 8D000000 		.4byte	.LLST4
 571 025a 00       		.byte	0
 572 025b 14       		.uleb128 0x14
 573 025c 39010000 		.4byte	.LASF39
 574 0260 01       		.byte	0x1
 575 0261 0701     		.2byte	0x107
 576 0263 EA000000 		.4byte	0xea
 577 0267 00000000 		.4byte	.LFB117
 578 026b 10000000 		.4byte	.LFE117-.LFB117
 579 026f 01       		.uleb128 0x1
 580 0270 9C       		.byte	0x9c
 581 0271 86020000 		.4byte	0x286
 582 0275 15       		.uleb128 0x15
 583 0276 58000000 		.4byte	.LASF33
 584 027a 01       		.byte	0x1
 585 027b 0901     		.2byte	0x109
 586 027d EA000000 		.4byte	0xea
 587 0281 AE000000 		.4byte	.LLST5
 588 0285 00       		.byte	0
 589 0286 16       		.uleb128 0x16
 590 0287 90010000 		.4byte	.LASF35
 591 028b 01       		.byte	0x1
 592 028c 1B01     		.2byte	0x11b
 593 028e 00000000 		.4byte	.LFB118
 594 0292 0C000000 		.4byte	.LFE118-.LFB118
 595 0296 01       		.uleb128 0x1
 596 0297 9C       		.byte	0x9c
 597 0298 17       		.uleb128 0x17
 598 0299 08010000 		.4byte	.LASF40
 599 029d 05       		.byte	0x5
 600 029e 9806     		.2byte	0x698
 601 02a0 CF000000 		.4byte	0xcf
 602 02a4 18       		.uleb128 0x18
 603 02a5 8E000000 		.4byte	.LASF41
 604 02a9 06       		.byte	0x6
 605 02aa 5F02     		.2byte	0x25f
 606 02ac 19       		.uleb128 0x19
 607 02ad B8000000 		.4byte	0xb8
 608 02b1 19       		.uleb128 0x19
 609 02b2 0C010000 		.4byte	0x10c
 610 02b6 00       		.byte	0
 611 02b7 00       		.byte	0
 612              		.section	.debug_abbrev,"",%progbits
 613              	.Ldebug_abbrev0:
 614 0000 01       		.uleb128 0x1
 615 0001 11       		.uleb128 0x11
 616 0002 01       		.byte	0x1
 617 0003 25       		.uleb128 0x25
 618 0004 0E       		.uleb128 0xe
 619 0005 13       		.uleb128 0x13
 620 0006 0B       		.uleb128 0xb
 621 0007 03       		.uleb128 0x3
 622 0008 0E       		.uleb128 0xe
 623 0009 1B       		.uleb128 0x1b
ARM GAS  /tmp/ccWRaOPy.s 			page 12


 624 000a 0E       		.uleb128 0xe
 625 000b 55       		.uleb128 0x55
 626 000c 17       		.uleb128 0x17
 627 000d 11       		.uleb128 0x11
 628 000e 01       		.uleb128 0x1
 629 000f 10       		.uleb128 0x10
 630 0010 17       		.uleb128 0x17
 631 0011 00       		.byte	0
 632 0012 00       		.byte	0
 633 0013 02       		.uleb128 0x2
 634 0014 24       		.uleb128 0x24
 635 0015 00       		.byte	0
 636 0016 0B       		.uleb128 0xb
 637 0017 0B       		.uleb128 0xb
 638 0018 3E       		.uleb128 0x3e
 639 0019 0B       		.uleb128 0xb
 640 001a 03       		.uleb128 0x3
 641 001b 0E       		.uleb128 0xe
 642 001c 00       		.byte	0
 643 001d 00       		.byte	0
 644 001e 03       		.uleb128 0x3
 645 001f 16       		.uleb128 0x16
 646 0020 00       		.byte	0
 647 0021 03       		.uleb128 0x3
 648 0022 0E       		.uleb128 0xe
 649 0023 3A       		.uleb128 0x3a
 650 0024 0B       		.uleb128 0xb
 651 0025 3B       		.uleb128 0x3b
 652 0026 0B       		.uleb128 0xb
 653 0027 49       		.uleb128 0x49
 654 0028 13       		.uleb128 0x13
 655 0029 00       		.byte	0
 656 002a 00       		.byte	0
 657 002b 04       		.uleb128 0x4
 658 002c 24       		.uleb128 0x24
 659 002d 00       		.byte	0
 660 002e 0B       		.uleb128 0xb
 661 002f 0B       		.uleb128 0xb
 662 0030 3E       		.uleb128 0x3e
 663 0031 0B       		.uleb128 0xb
 664 0032 03       		.uleb128 0x3
 665 0033 08       		.uleb128 0x8
 666 0034 00       		.byte	0
 667 0035 00       		.byte	0
 668 0036 05       		.uleb128 0x5
 669 0037 35       		.uleb128 0x35
 670 0038 00       		.byte	0
 671 0039 49       		.uleb128 0x49
 672 003a 13       		.uleb128 0x13
 673 003b 00       		.byte	0
 674 003c 00       		.byte	0
 675 003d 06       		.uleb128 0x6
 676 003e 04       		.uleb128 0x4
 677 003f 01       		.byte	0x1
 678 0040 0B       		.uleb128 0xb
 679 0041 0B       		.uleb128 0xb
 680 0042 3A       		.uleb128 0x3a
ARM GAS  /tmp/ccWRaOPy.s 			page 13


 681 0043 0B       		.uleb128 0xb
 682 0044 3B       		.uleb128 0x3b
 683 0045 05       		.uleb128 0x5
 684 0046 01       		.uleb128 0x1
 685 0047 13       		.uleb128 0x13
 686 0048 00       		.byte	0
 687 0049 00       		.byte	0
 688 004a 07       		.uleb128 0x7
 689 004b 28       		.uleb128 0x28
 690 004c 00       		.byte	0
 691 004d 03       		.uleb128 0x3
 692 004e 0E       		.uleb128 0xe
 693 004f 1C       		.uleb128 0x1c
 694 0050 0D       		.uleb128 0xd
 695 0051 00       		.byte	0
 696 0052 00       		.byte	0
 697 0053 08       		.uleb128 0x8
 698 0054 28       		.uleb128 0x28
 699 0055 00       		.byte	0
 700 0056 03       		.uleb128 0x3
 701 0057 08       		.uleb128 0x8
 702 0058 1C       		.uleb128 0x1c
 703 0059 0D       		.uleb128 0xd
 704 005a 00       		.byte	0
 705 005b 00       		.byte	0
 706 005c 09       		.uleb128 0x9
 707 005d 16       		.uleb128 0x16
 708 005e 00       		.byte	0
 709 005f 03       		.uleb128 0x3
 710 0060 0E       		.uleb128 0xe
 711 0061 3A       		.uleb128 0x3a
 712 0062 0B       		.uleb128 0xb
 713 0063 3B       		.uleb128 0x3b
 714 0064 05       		.uleb128 0x5
 715 0065 49       		.uleb128 0x49
 716 0066 13       		.uleb128 0x13
 717 0067 00       		.byte	0
 718 0068 00       		.byte	0
 719 0069 0A       		.uleb128 0xa
 720 006a 13       		.uleb128 0x13
 721 006b 01       		.byte	0x1
 722 006c 0B       		.uleb128 0xb
 723 006d 0B       		.uleb128 0xb
 724 006e 3A       		.uleb128 0x3a
 725 006f 0B       		.uleb128 0xb
 726 0070 3B       		.uleb128 0x3b
 727 0071 05       		.uleb128 0x5
 728 0072 01       		.uleb128 0x1
 729 0073 13       		.uleb128 0x13
 730 0074 00       		.byte	0
 731 0075 00       		.byte	0
 732 0076 0B       		.uleb128 0xb
 733 0077 0D       		.uleb128 0xd
 734 0078 00       		.byte	0
 735 0079 03       		.uleb128 0x3
 736 007a 08       		.uleb128 0x8
 737 007b 3A       		.uleb128 0x3a
ARM GAS  /tmp/ccWRaOPy.s 			page 14


 738 007c 0B       		.uleb128 0xb
 739 007d 3B       		.uleb128 0x3b
 740 007e 05       		.uleb128 0x5
 741 007f 49       		.uleb128 0x49
 742 0080 13       		.uleb128 0x13
 743 0081 38       		.uleb128 0x38
 744 0082 0B       		.uleb128 0xb
 745 0083 00       		.byte	0
 746 0084 00       		.byte	0
 747 0085 0C       		.uleb128 0xc
 748 0086 2E       		.uleb128 0x2e
 749 0087 01       		.byte	0x1
 750 0088 3F       		.uleb128 0x3f
 751 0089 19       		.uleb128 0x19
 752 008a 03       		.uleb128 0x3
 753 008b 0E       		.uleb128 0xe
 754 008c 3A       		.uleb128 0x3a
 755 008d 0B       		.uleb128 0xb
 756 008e 3B       		.uleb128 0x3b
 757 008f 0B       		.uleb128 0xb
 758 0090 27       		.uleb128 0x27
 759 0091 19       		.uleb128 0x19
 760 0092 11       		.uleb128 0x11
 761 0093 01       		.uleb128 0x1
 762 0094 12       		.uleb128 0x12
 763 0095 06       		.uleb128 0x6
 764 0096 40       		.uleb128 0x40
 765 0097 18       		.uleb128 0x18
 766 0098 9742     		.uleb128 0x2117
 767 009a 19       		.uleb128 0x19
 768 009b 01       		.uleb128 0x1
 769 009c 13       		.uleb128 0x13
 770 009d 00       		.byte	0
 771 009e 00       		.byte	0
 772 009f 0D       		.uleb128 0xd
 773 00a0 898201   		.uleb128 0x4109
 774 00a3 01       		.byte	0x1
 775 00a4 11       		.uleb128 0x11
 776 00a5 01       		.uleb128 0x1
 777 00a6 31       		.uleb128 0x31
 778 00a7 13       		.uleb128 0x13
 779 00a8 01       		.uleb128 0x1
 780 00a9 13       		.uleb128 0x13
 781 00aa 00       		.byte	0
 782 00ab 00       		.byte	0
 783 00ac 0E       		.uleb128 0xe
 784 00ad 8A8201   		.uleb128 0x410a
 785 00b0 00       		.byte	0
 786 00b1 02       		.uleb128 0x2
 787 00b2 18       		.uleb128 0x18
 788 00b3 9142     		.uleb128 0x2111
 789 00b5 18       		.uleb128 0x18
 790 00b6 00       		.byte	0
 791 00b7 00       		.byte	0
 792 00b8 0F       		.uleb128 0xf
 793 00b9 898201   		.uleb128 0x4109
 794 00bc 01       		.byte	0x1
ARM GAS  /tmp/ccWRaOPy.s 			page 15


 795 00bd 11       		.uleb128 0x11
 796 00be 01       		.uleb128 0x1
 797 00bf 9542     		.uleb128 0x2115
 798 00c1 19       		.uleb128 0x19
 799 00c2 31       		.uleb128 0x31
 800 00c3 13       		.uleb128 0x13
 801 00c4 00       		.byte	0
 802 00c5 00       		.byte	0
 803 00c6 10       		.uleb128 0x10
 804 00c7 05       		.uleb128 0x5
 805 00c8 00       		.byte	0
 806 00c9 03       		.uleb128 0x3
 807 00ca 0E       		.uleb128 0xe
 808 00cb 3A       		.uleb128 0x3a
 809 00cc 0B       		.uleb128 0xb
 810 00cd 3B       		.uleb128 0x3b
 811 00ce 0B       		.uleb128 0xb
 812 00cf 49       		.uleb128 0x49
 813 00d0 13       		.uleb128 0x13
 814 00d1 02       		.uleb128 0x2
 815 00d2 17       		.uleb128 0x17
 816 00d3 00       		.byte	0
 817 00d4 00       		.byte	0
 818 00d5 11       		.uleb128 0x11
 819 00d6 34       		.uleb128 0x34
 820 00d7 00       		.byte	0
 821 00d8 03       		.uleb128 0x3
 822 00d9 0E       		.uleb128 0xe
 823 00da 3A       		.uleb128 0x3a
 824 00db 0B       		.uleb128 0xb
 825 00dc 3B       		.uleb128 0x3b
 826 00dd 0B       		.uleb128 0xb
 827 00de 49       		.uleb128 0x49
 828 00df 13       		.uleb128 0x13
 829 00e0 02       		.uleb128 0x2
 830 00e1 17       		.uleb128 0x17
 831 00e2 00       		.byte	0
 832 00e3 00       		.byte	0
 833 00e4 12       		.uleb128 0x12
 834 00e5 34       		.uleb128 0x34
 835 00e6 00       		.byte	0
 836 00e7 03       		.uleb128 0x3
 837 00e8 0E       		.uleb128 0xe
 838 00e9 3A       		.uleb128 0x3a
 839 00ea 0B       		.uleb128 0xb
 840 00eb 3B       		.uleb128 0x3b
 841 00ec 0B       		.uleb128 0xb
 842 00ed 49       		.uleb128 0x49
 843 00ee 13       		.uleb128 0x13
 844 00ef 02       		.uleb128 0x2
 845 00f0 18       		.uleb128 0x18
 846 00f1 00       		.byte	0
 847 00f2 00       		.byte	0
 848 00f3 13       		.uleb128 0x13
 849 00f4 2E       		.uleb128 0x2e
 850 00f5 00       		.byte	0
 851 00f6 3F       		.uleb128 0x3f
ARM GAS  /tmp/ccWRaOPy.s 			page 16


 852 00f7 19       		.uleb128 0x19
 853 00f8 03       		.uleb128 0x3
 854 00f9 0E       		.uleb128 0xe
 855 00fa 3A       		.uleb128 0x3a
 856 00fb 0B       		.uleb128 0xb
 857 00fc 3B       		.uleb128 0x3b
 858 00fd 0B       		.uleb128 0xb
 859 00fe 27       		.uleb128 0x27
 860 00ff 19       		.uleb128 0x19
 861 0100 11       		.uleb128 0x11
 862 0101 01       		.uleb128 0x1
 863 0102 12       		.uleb128 0x12
 864 0103 06       		.uleb128 0x6
 865 0104 40       		.uleb128 0x40
 866 0105 18       		.uleb128 0x18
 867 0106 9742     		.uleb128 0x2117
 868 0108 19       		.uleb128 0x19
 869 0109 00       		.byte	0
 870 010a 00       		.byte	0
 871 010b 14       		.uleb128 0x14
 872 010c 2E       		.uleb128 0x2e
 873 010d 01       		.byte	0x1
 874 010e 3F       		.uleb128 0x3f
 875 010f 19       		.uleb128 0x19
 876 0110 03       		.uleb128 0x3
 877 0111 0E       		.uleb128 0xe
 878 0112 3A       		.uleb128 0x3a
 879 0113 0B       		.uleb128 0xb
 880 0114 3B       		.uleb128 0x3b
 881 0115 05       		.uleb128 0x5
 882 0116 27       		.uleb128 0x27
 883 0117 19       		.uleb128 0x19
 884 0118 49       		.uleb128 0x49
 885 0119 13       		.uleb128 0x13
 886 011a 11       		.uleb128 0x11
 887 011b 01       		.uleb128 0x1
 888 011c 12       		.uleb128 0x12
 889 011d 06       		.uleb128 0x6
 890 011e 40       		.uleb128 0x40
 891 011f 18       		.uleb128 0x18
 892 0120 9742     		.uleb128 0x2117
 893 0122 19       		.uleb128 0x19
 894 0123 01       		.uleb128 0x1
 895 0124 13       		.uleb128 0x13
 896 0125 00       		.byte	0
 897 0126 00       		.byte	0
 898 0127 15       		.uleb128 0x15
 899 0128 34       		.uleb128 0x34
 900 0129 00       		.byte	0
 901 012a 03       		.uleb128 0x3
 902 012b 0E       		.uleb128 0xe
 903 012c 3A       		.uleb128 0x3a
 904 012d 0B       		.uleb128 0xb
 905 012e 3B       		.uleb128 0x3b
 906 012f 05       		.uleb128 0x5
 907 0130 49       		.uleb128 0x49
 908 0131 13       		.uleb128 0x13
ARM GAS  /tmp/ccWRaOPy.s 			page 17


 909 0132 02       		.uleb128 0x2
 910 0133 17       		.uleb128 0x17
 911 0134 00       		.byte	0
 912 0135 00       		.byte	0
 913 0136 16       		.uleb128 0x16
 914 0137 2E       		.uleb128 0x2e
 915 0138 00       		.byte	0
 916 0139 3F       		.uleb128 0x3f
 917 013a 19       		.uleb128 0x19
 918 013b 03       		.uleb128 0x3
 919 013c 0E       		.uleb128 0xe
 920 013d 3A       		.uleb128 0x3a
 921 013e 0B       		.uleb128 0xb
 922 013f 3B       		.uleb128 0x3b
 923 0140 05       		.uleb128 0x5
 924 0141 27       		.uleb128 0x27
 925 0142 19       		.uleb128 0x19
 926 0143 11       		.uleb128 0x11
 927 0144 01       		.uleb128 0x1
 928 0145 12       		.uleb128 0x12
 929 0146 06       		.uleb128 0x6
 930 0147 40       		.uleb128 0x40
 931 0148 18       		.uleb128 0x18
 932 0149 9742     		.uleb128 0x2117
 933 014b 19       		.uleb128 0x19
 934 014c 00       		.byte	0
 935 014d 00       		.byte	0
 936 014e 17       		.uleb128 0x17
 937 014f 34       		.uleb128 0x34
 938 0150 00       		.byte	0
 939 0151 03       		.uleb128 0x3
 940 0152 0E       		.uleb128 0xe
 941 0153 3A       		.uleb128 0x3a
 942 0154 0B       		.uleb128 0xb
 943 0155 3B       		.uleb128 0x3b
 944 0156 05       		.uleb128 0x5
 945 0157 49       		.uleb128 0x49
 946 0158 13       		.uleb128 0x13
 947 0159 3F       		.uleb128 0x3f
 948 015a 19       		.uleb128 0x19
 949 015b 3C       		.uleb128 0x3c
 950 015c 19       		.uleb128 0x19
 951 015d 00       		.byte	0
 952 015e 00       		.byte	0
 953 015f 18       		.uleb128 0x18
 954 0160 2E       		.uleb128 0x2e
 955 0161 01       		.byte	0x1
 956 0162 3F       		.uleb128 0x3f
 957 0163 19       		.uleb128 0x19
 958 0164 03       		.uleb128 0x3
 959 0165 0E       		.uleb128 0xe
 960 0166 3A       		.uleb128 0x3a
 961 0167 0B       		.uleb128 0xb
 962 0168 3B       		.uleb128 0x3b
 963 0169 05       		.uleb128 0x5
 964 016a 27       		.uleb128 0x27
 965 016b 19       		.uleb128 0x19
ARM GAS  /tmp/ccWRaOPy.s 			page 18


 966 016c 3C       		.uleb128 0x3c
 967 016d 19       		.uleb128 0x19
 968 016e 00       		.byte	0
 969 016f 00       		.byte	0
 970 0170 19       		.uleb128 0x19
 971 0171 05       		.uleb128 0x5
 972 0172 00       		.byte	0
 973 0173 49       		.uleb128 0x49
 974 0174 13       		.uleb128 0x13
 975 0175 00       		.byte	0
 976 0176 00       		.byte	0
 977 0177 00       		.byte	0
 978              		.section	.debug_loc,"",%progbits
 979              	.Ldebug_loc0:
 980              	.LLST0:
 981 0000 00000000 		.4byte	.LVL2
 982 0004 0A000000 		.4byte	.LVL4
 983 0008 0100     		.2byte	0x1
 984 000a 50       		.byte	0x50
 985 000b 0A000000 		.4byte	.LVL4
 986 000f 14000000 		.4byte	.LFE112
 987 0013 0400     		.2byte	0x4
 988 0015 F3       		.byte	0xf3
 989 0016 01       		.uleb128 0x1
 990 0017 50       		.byte	0x50
 991 0018 9F       		.byte	0x9f
 992 0019 00000000 		.4byte	0
 993 001d 00000000 		.4byte	0
 994              	.LLST1:
 995 0021 00000000 		.4byte	.LVL2
 996 0025 08000000 		.4byte	.LVL3
 997 0029 0200     		.2byte	0x2
 998 002b 30       		.byte	0x30
 999 002c 9F       		.byte	0x9f
 1000 002d 08000000 		.4byte	.LVL3
 1001 0031 0A000000 		.4byte	.LVL4
 1002 0035 0100     		.2byte	0x1
 1003 0037 52       		.byte	0x52
 1004 0038 0A000000 		.4byte	.LVL4
 1005 003c 14000000 		.4byte	.LFE112
 1006 0040 0100     		.2byte	0x1
 1007 0042 50       		.byte	0x50
 1008 0043 00000000 		.4byte	0
 1009 0047 00000000 		.4byte	0
 1010              	.LLST2:
 1011 004b 00000000 		.4byte	.LVL5
 1012 004f 16000000 		.4byte	.LVL6
 1013 0053 0100     		.2byte	0x1
 1014 0055 50       		.byte	0x50
 1015 0056 16000000 		.4byte	.LVL6
 1016 005a 28000000 		.4byte	.LFE113
 1017 005e 0400     		.2byte	0x4
 1018 0060 F3       		.byte	0xf3
 1019 0061 01       		.uleb128 0x1
 1020 0062 50       		.byte	0x50
 1021 0063 9F       		.byte	0x9f
 1022 0064 00000000 		.4byte	0
ARM GAS  /tmp/ccWRaOPy.s 			page 19


 1023 0068 00000000 		.4byte	0
 1024              	.LLST3:
 1025 006c 00000000 		.4byte	.LVL7
 1026 0070 06000000 		.4byte	.LVL8
 1027 0074 0100     		.2byte	0x1
 1028 0076 50       		.byte	0x50
 1029 0077 06000000 		.4byte	.LVL8
 1030 007b 10000000 		.4byte	.LFE115
 1031 007f 0400     		.2byte	0x4
 1032 0081 F3       		.byte	0xf3
 1033 0082 01       		.uleb128 0x1
 1034 0083 50       		.byte	0x50
 1035 0084 9F       		.byte	0x9f
 1036 0085 00000000 		.4byte	0
 1037 0089 00000000 		.4byte	0
 1038              	.LLST4:
 1039 008d 00000000 		.4byte	.LVL9
 1040 0091 06000000 		.4byte	.LVL10
 1041 0095 0100     		.2byte	0x1
 1042 0097 50       		.byte	0x50
 1043 0098 06000000 		.4byte	.LVL10
 1044 009c 10000000 		.4byte	.LFE116
 1045 00a0 0400     		.2byte	0x4
 1046 00a2 F3       		.byte	0xf3
 1047 00a3 01       		.uleb128 0x1
 1048 00a4 50       		.byte	0x50
 1049 00a5 9F       		.byte	0x9f
 1050 00a6 00000000 		.4byte	0
 1051 00aa 00000000 		.4byte	0
 1052              	.LLST5:
 1053 00ae 00000000 		.4byte	.LVL11
 1054 00b2 04000000 		.4byte	.LVL12
 1055 00b6 0200     		.2byte	0x2
 1056 00b8 30       		.byte	0x30
 1057 00b9 9F       		.byte	0x9f
 1058 00ba 04000000 		.4byte	.LVL12
 1059 00be 0A000000 		.4byte	.LVL13
 1060 00c2 0500     		.2byte	0x5
 1061 00c4 70       		.byte	0x70
 1062 00c5 00       		.sleb128 0
 1063 00c6 30       		.byte	0x30
 1064 00c7 2E       		.byte	0x2e
 1065 00c8 9F       		.byte	0x9f
 1066 00c9 00000000 		.4byte	0
 1067 00cd 00000000 		.4byte	0
 1068              		.section	.debug_aranges,"",%progbits
 1069 0000 54000000 		.4byte	0x54
 1070 0004 0200     		.2byte	0x2
 1071 0006 00000000 		.4byte	.Ldebug_info0
 1072 000a 04       		.byte	0x4
 1073 000b 00       		.byte	0
 1074 000c 0000     		.2byte	0
 1075 000e 0000     		.2byte	0
 1076 0010 00000000 		.4byte	.LFB111
 1077 0014 1A000000 		.4byte	.LFE111-.LFB111
 1078 0018 00000000 		.4byte	.LFB112
 1079 001c 14000000 		.4byte	.LFE112-.LFB112
ARM GAS  /tmp/ccWRaOPy.s 			page 20


 1080 0020 00000000 		.4byte	.LFB113
 1081 0024 28000000 		.4byte	.LFE113-.LFB113
 1082 0028 00000000 		.4byte	.LFB114
 1083 002c 10000000 		.4byte	.LFE114-.LFB114
 1084 0030 00000000 		.4byte	.LFB115
 1085 0034 10000000 		.4byte	.LFE115-.LFB115
 1086 0038 00000000 		.4byte	.LFB116
 1087 003c 10000000 		.4byte	.LFE116-.LFB116
 1088 0040 00000000 		.4byte	.LFB117
 1089 0044 10000000 		.4byte	.LFE117-.LFB117
 1090 0048 00000000 		.4byte	.LFB118
 1091 004c 0C000000 		.4byte	.LFE118-.LFB118
 1092 0050 00000000 		.4byte	0
 1093 0054 00000000 		.4byte	0
 1094              		.section	.debug_ranges,"",%progbits
 1095              	.Ldebug_ranges0:
 1096 0000 00000000 		.4byte	.LFB111
 1097 0004 1A000000 		.4byte	.LFE111
 1098 0008 00000000 		.4byte	.LFB112
 1099 000c 14000000 		.4byte	.LFE112
 1100 0010 00000000 		.4byte	.LFB113
 1101 0014 28000000 		.4byte	.LFE113
 1102 0018 00000000 		.4byte	.LFB114
 1103 001c 10000000 		.4byte	.LFE114
 1104 0020 00000000 		.4byte	.LFB115
 1105 0024 10000000 		.4byte	.LFE115
 1106 0028 00000000 		.4byte	.LFB116
 1107 002c 10000000 		.4byte	.LFE116
 1108 0030 00000000 		.4byte	.LFB117
 1109 0034 10000000 		.4byte	.LFE117
 1110 0038 00000000 		.4byte	.LFB118
 1111 003c 0C000000 		.4byte	.LFE118
 1112 0040 00000000 		.4byte	0
 1113 0044 00000000 		.4byte	0
 1114              		.section	.debug_line,"",%progbits
 1115              	.Ldebug_line0:
 1116 0000 D6010000 		.section	.debug_str,"MS",%progbits,1
 1116      02003901 
 1116      00000201 
 1116      FB0E0D00 
 1116      01010101 
 1117              	.LASF10:
 1118 0000 6C6F6E67 		.ascii	"long long int\000"
 1118      206C6F6E 
 1118      6720696E 
 1118      7400
 1119              	.LASF3:
 1120 000e 5F5F7569 		.ascii	"__uint8_t\000"
 1120      6E74385F 
 1120      7400
 1121              	.LASF34:
 1122 0018 57574447 		.ascii	"WWDG_EnableIT\000"
 1122      5F456E61 
 1122      626C6549 
 1122      5400
 1123              	.LASF6:
 1124 0026 5F5F696E 		.ascii	"__int32_t\000"
ARM GAS  /tmp/ccWRaOPy.s 			page 21


 1124      7433325F 
 1124      7400
 1125              	.LASF5:
 1126 0030 73686F72 		.ascii	"short unsigned int\000"
 1126      7420756E 
 1126      7369676E 
 1126      65642069 
 1126      6E7400
 1127              	.LASF13:
 1128 0043 75696E74 		.ascii	"uint8_t\000"
 1128      385F7400 
 1129              	.LASF23:
 1130 004b 57574447 		.ascii	"WWDG_TypeDef\000"
 1130      5F547970 
 1130      65446566 
 1130      00
 1131              	.LASF33:
 1132 0058 62697473 		.ascii	"bitstatus\000"
 1132      74617475 
 1132      7300
 1133              	.LASF19:
 1134 0062 466C6167 		.ascii	"FlagStatus\000"
 1134      53746174 
 1134      757300
 1135              	.LASF32:
 1136 006d 57574447 		.ascii	"WWDG_Enable\000"
 1136      5F456E61 
 1136      626C6500 
 1137              	.LASF21:
 1138 0079 454E4142 		.ascii	"ENABLE\000"
 1138      4C4500
 1139              	.LASF1:
 1140 0080 756E7369 		.ascii	"unsigned char\000"
 1140      676E6564 
 1140      20636861 
 1140      7200
 1141              	.LASF41:
 1142 008e 5243435F 		.ascii	"RCC_APB1PeriphResetCmd\000"
 1142      41504231 
 1142      50657269 
 1142      70685265 
 1142      73657443 
 1143              	.LASF9:
 1144 00a5 6C6F6E67 		.ascii	"long unsigned int\000"
 1144      20756E73 
 1144      69676E65 
 1144      6420696E 
 1144      7400
 1145              	.LASF18:
 1146 00b7 52455345 		.ascii	"RESET\000"
 1146      5400
 1147              	.LASF16:
 1148 00bd 75696E74 		.ascii	"uint32_t\000"
 1148      33325F74 
 1148      00
 1149              	.LASF20:
 1150 00c6 44495341 		.ascii	"DISABLE\000"
ARM GAS  /tmp/ccWRaOPy.s 			page 22


 1150      424C4500 
 1151              	.LASF8:
 1152 00ce 5F5F7569 		.ascii	"__uint32_t\000"
 1152      6E743332 
 1152      5F7400
 1153              	.LASF22:
 1154 00d9 46756E63 		.ascii	"FunctionalState\000"
 1154      74696F6E 
 1154      616C5374 
 1154      61746500 
 1155              	.LASF4:
 1156 00e9 5F5F7569 		.ascii	"__uint16_t\000"
 1156      6E743136 
 1156      5F7400
 1157              	.LASF28:
 1158 00f4 57696E64 		.ascii	"WindowValue\000"
 1158      6F775661 
 1158      6C756500 
 1159              	.LASF31:
 1160 0100 436F756E 		.ascii	"Counter\000"
 1160      74657200 
 1161              	.LASF40:
 1162 0108 49544D5F 		.ascii	"ITM_RxBuffer\000"
 1162      52784275 
 1162      66666572 
 1162      00
 1163              	.LASF12:
 1164 0115 756E7369 		.ascii	"unsigned int\000"
 1164      676E6564 
 1164      20696E74 
 1164      00
 1165              	.LASF11:
 1166 0122 6C6F6E67 		.ascii	"long long unsigned int\000"
 1166      206C6F6E 
 1166      6720756E 
 1166      7369676E 
 1166      65642069 
 1167              	.LASF39:
 1168 0139 57574447 		.ascii	"WWDG_GetFlagStatus\000"
 1168      5F476574 
 1168      466C6167 
 1168      53746174 
 1168      757300
 1169              	.LASF25:
 1170 014c 57574447 		.ascii	"WWDG_SetPrescaler\000"
 1170      5F536574 
 1170      50726573 
 1170      63616C65 
 1170      7200
 1171              	.LASF15:
 1172 015e 696E7433 		.ascii	"int32_t\000"
 1172      325F7400 
 1173              	.LASF17:
 1174 0166 73697A65 		.ascii	"sizetype\000"
 1174      74797065 
 1174      00
 1175              	.LASF30:
ARM GAS  /tmp/ccWRaOPy.s 			page 23


 1176 016f 57574447 		.ascii	"WWDG_SetCounter\000"
 1176      5F536574 
 1176      436F756E 
 1176      74657200 
 1177              	.LASF2:
 1178 017f 73686F72 		.ascii	"short int\000"
 1178      7420696E 
 1178      7400
 1179              	.LASF29:
 1180 0189 746D7072 		.ascii	"tmpreg\000"
 1180      656700
 1181              	.LASF35:
 1182 0190 57574447 		.ascii	"WWDG_ClearFlag\000"
 1182      5F436C65 
 1182      6172466C 
 1182      616700
 1183              	.LASF14:
 1184 019f 75696E74 		.ascii	"uint16_t\000"
 1184      31365F74 
 1184      00
 1185              	.LASF26:
 1186 01a8 57574447 		.ascii	"WWDG_SetWindowValue\000"
 1186      5F536574 
 1186      57696E64 
 1186      6F775661 
 1186      6C756500 
 1187              	.LASF24:
 1188 01bc 57574447 		.ascii	"WWDG_DeInit\000"
 1188      5F446549 
 1188      6E697400 
 1189              	.LASF27:
 1190 01c8 57574447 		.ascii	"WWDG_Prescaler\000"
 1190      5F507265 
 1190      7363616C 
 1190      657200
 1191              	.LASF7:
 1192 01d7 6C6F6E67 		.ascii	"long int\000"
 1192      20696E74 
 1192      00
 1193              	.LASF0:
 1194 01e0 7369676E 		.ascii	"signed char\000"
 1194      65642063 
 1194      68617200 
 1195              	.LASF38:
 1196 01ec 2F686F6D 		.ascii	"/home/jordyaw/Documents/referensi/coba/ChibiOS_2.5."
 1196      652F6A6F 
 1196      72647961 
 1196      772F446F 
 1196      63756D65 
 1197 021f 32782F74 		.ascii	"2x/testhal/STM32F30x/WSC/board joule\000"
 1197      65737468 
 1197      616C2F53 
 1197      544D3332 
 1197      46333078 
 1198              	.LASF37:
 1199 0244 2E2E2F2E 		.ascii	"../../../../ext/stm32lib/src/stm32f30x_wwdg.c\000"
 1199      2E2F2E2E 
ARM GAS  /tmp/ccWRaOPy.s 			page 24


 1199      2F2E2E2F 
 1199      6578742F 
 1199      73746D33 
 1200              	.LASF36:
 1201 0272 474E5520 		.ascii	"GNU C 4.8.3 -mcpu=cortex-m4 -mfloat-abi=softfp -mfp"
 1201      4320342E 
 1201      382E3320 
 1201      2D6D6370 
 1201      753D636F 
 1202 02a5 753D6670 		.ascii	"u=fpv4-sp-d16 -mno-thumb-interwork -mthumb -ggdb -O"
 1202      76342D73 
 1202      702D6431 
 1202      36202D6D 
 1202      6E6F2D74 
 1203 02d8 32202D66 		.ascii	"2 -fomit-frame-pointer -falign-functions=16 -fsingl"
 1203      6F6D6974 
 1203      2D667261 
 1203      6D652D70 
 1203      6F696E74 
 1204 030b 652D7072 		.ascii	"e-precision-constant -ffunction-sections -fdata-sec"
 1204      65636973 
 1204      696F6E2D 
 1204      636F6E73 
 1204      74616E74 
 1205 033e 74696F6E 		.ascii	"tions -fno-common\000"
 1205      73202D66 
 1205      6E6F2D63 
 1205      6F6D6D6F 
 1205      6E00
 1206              		.ident	"GCC: (4.8.3-18ubuntu2+12) 4.8.3"
ARM GAS  /tmp/ccWRaOPy.s 			page 25


DEFINED SYMBOLS
                            *ABS*:0000000000000000 stm32f30x_wwdg.c
     /tmp/ccWRaOPy.s:20     .text.WWDG_DeInit:0000000000000000 $t
     /tmp/ccWRaOPy.s:26     .text.WWDG_DeInit:0000000000000000 WWDG_DeInit
     /tmp/ccWRaOPy.s:54     .text.WWDG_SetPrescaler:0000000000000000 $t
     /tmp/ccWRaOPy.s:60     .text.WWDG_SetPrescaler:0000000000000000 WWDG_SetPrescaler
     /tmp/ccWRaOPy.s:82     .text.WWDG_SetPrescaler:0000000000000010 $d
     /tmp/ccWRaOPy.s:87     .text.WWDG_SetWindowValue:0000000000000000 $t
     /tmp/ccWRaOPy.s:93     .text.WWDG_SetWindowValue:0000000000000000 WWDG_SetWindowValue
     /tmp/ccWRaOPy.s:128    .text.WWDG_SetWindowValue:0000000000000024 $d
     /tmp/ccWRaOPy.s:133    .text.WWDG_EnableIT:0000000000000000 $t
     /tmp/ccWRaOPy.s:139    .text.WWDG_EnableIT:0000000000000000 WWDG_EnableIT
     /tmp/ccWRaOPy.s:155    .text.WWDG_EnableIT:000000000000000c $d
     /tmp/ccWRaOPy.s:160    .text.WWDG_SetCounter:0000000000000000 $t
     /tmp/ccWRaOPy.s:166    .text.WWDG_SetCounter:0000000000000000 WWDG_SetCounter
     /tmp/ccWRaOPy.s:183    .text.WWDG_SetCounter:000000000000000c $d
     /tmp/ccWRaOPy.s:188    .text.WWDG_Enable:0000000000000000 $t
     /tmp/ccWRaOPy.s:194    .text.WWDG_Enable:0000000000000000 WWDG_Enable
     /tmp/ccWRaOPy.s:211    .text.WWDG_Enable:000000000000000c $d
     /tmp/ccWRaOPy.s:216    .text.WWDG_GetFlagStatus:0000000000000000 $t
     /tmp/ccWRaOPy.s:222    .text.WWDG_GetFlagStatus:0000000000000000 WWDG_GetFlagStatus
     /tmp/ccWRaOPy.s:243    .text.WWDG_GetFlagStatus:000000000000000c $d
     /tmp/ccWRaOPy.s:248    .text.WWDG_ClearFlag:0000000000000000 $t
     /tmp/ccWRaOPy.s:254    .text.WWDG_ClearFlag:0000000000000000 WWDG_ClearFlag
     /tmp/ccWRaOPy.s:269    .text.WWDG_ClearFlag:0000000000000008 $d
                     .debug_frame:0000000000000010 $d
     /tmp/ccWRaOPy.s:86     .text.WWDG_SetPrescaler:0000000000000014 $t
     /tmp/ccWRaOPy.s:132    .text.WWDG_SetWindowValue:0000000000000028 $t
     /tmp/ccWRaOPy.s:273    .text.WWDG_ClearFlag:000000000000000c $t

UNDEFINED SYMBOLS
RCC_APB1PeriphResetCmd
