ARM GAS  /tmp/ccjSbJov.s 			page 1


   1              		.syntax unified
   2              		.cpu cortex-m4
   3              		.eabi_attribute 27, 3
   4              		.fpu fpv4-sp-d16
   5              		.eabi_attribute 20, 1
   6              		.eabi_attribute 21, 1
   7              		.eabi_attribute 23, 3
   8              		.eabi_attribute 24, 1
   9              		.eabi_attribute 25, 1
  10              		.eabi_attribute 26, 1
  11              		.eabi_attribute 30, 2
  12              		.eabi_attribute 34, 1
  13              		.eabi_attribute 18, 4
  14              		.thumb
  15              		.file	"stm32f30x_syscfg.c"
  16              		.text
  17              	.Ltext0:
  18              		.cfi_sections	.debug_frame
  19              		.section	.text.SYSCFG_DeInit,"ax",%progbits
  20              		.align	2
  21              		.p2align 4,,15
  22              		.global	SYSCFG_DeInit
  23              		.thumb
  24              		.thumb_func
  25              		.type	SYSCFG_DeInit, %function
  26              	SYSCFG_DeInit:
  27              	.LFB111:
  28              		.file 1 "../../../../ext/stm32lib/src/stm32f30x_syscfg.c"
  29              		.loc 1 109 0
  30              		.cfi_startproc
  31              		@ args = 0, pretend = 0, frame = 0
  32              		@ frame_needed = 0, uses_anonymous_args = 0
  33              		@ link register save eliminated.
  34              		.loc 1 111 0
  35 0000 084B     		ldr	r3, .L2
  36 0002 1A68     		ldr	r2, [r3]
  37 0004 02F00302 		and	r2, r2, #3
  38 0008 1A60     		str	r2, [r3]
  39              		.loc 1 113 0
  40 000a 1968     		ldr	r1, [r3]
  41              		.loc 1 115 0
  42 000c 0022     		movs	r2, #0
  43              		.loc 1 113 0
  44 000e 41F0F841 		orr	r1, r1, #2080374784
  45 0012 1960     		str	r1, [r3]
  46              		.loc 1 115 0
  47 0014 5A60     		str	r2, [r3, #4]
  48              		.loc 1 117 0
  49 0016 9A60     		str	r2, [r3, #8]
  50              		.loc 1 118 0
  51 0018 DA60     		str	r2, [r3, #12]
  52              		.loc 1 119 0
  53 001a 1A61     		str	r2, [r3, #16]
  54              		.loc 1 120 0
  55 001c 5A61     		str	r2, [r3, #20]
  56              		.loc 1 122 0
  57 001e 9A61     		str	r2, [r3, #24]
ARM GAS  /tmp/ccjSbJov.s 			page 2


  58 0020 7047     		bx	lr
  59              	.L3:
  60 0022 00BF     		.align	2
  61              	.L2:
  62 0024 00000140 		.word	1073807360
  63              		.cfi_endproc
  64              	.LFE111:
  65              		.size	SYSCFG_DeInit, .-SYSCFG_DeInit
  66 0028 AFF30080 		.section	.text.SYSCFG_MemoryRemapConfig,"ax",%progbits
  66      AFF30080 
  67              		.align	2
  68              		.p2align 4,,15
  69              		.global	SYSCFG_MemoryRemapConfig
  70              		.thumb
  71              		.thumb_func
  72              		.type	SYSCFG_MemoryRemapConfig, %function
  73              	SYSCFG_MemoryRemapConfig:
  74              	.LFB112:
  75              		.loc 1 135 0
  76              		.cfi_startproc
  77              		@ args = 0, pretend = 0, frame = 0
  78              		@ frame_needed = 0, uses_anonymous_args = 0
  79              		@ link register save eliminated.
  80              	.LVL0:
  81              		.loc 1 142 0
  82 0000 034B     		ldr	r3, .L5
  83 0002 1A68     		ldr	r2, [r3]
  84              	.LVL1:
  85              		.loc 1 145 0
  86 0004 22F00302 		bic	r2, r2, #3
  87              	.LVL2:
  88              		.loc 1 148 0
  89 0008 1043     		orrs	r0, r0, r2
  90              	.LVL3:
  91              		.loc 1 151 0
  92 000a 1860     		str	r0, [r3]
  93 000c 7047     		bx	lr
  94              	.L6:
  95 000e 00BF     		.align	2
  96              	.L5:
  97 0010 00000140 		.word	1073807360
  98              		.cfi_endproc
  99              	.LFE112:
 100              		.size	SYSCFG_MemoryRemapConfig, .-SYSCFG_MemoryRemapConfig
 101 0014 AFF30080 		.section	.text.SYSCFG_DMAChannelRemapConfig,"ax",%progbits
 101      AFF30080 
 101      AFF30080 
 102              		.align	2
 103              		.p2align 4,,15
 104              		.global	SYSCFG_DMAChannelRemapConfig
 105              		.thumb
 106              		.thumb_func
 107              		.type	SYSCFG_DMAChannelRemapConfig, %function
 108              	SYSCFG_DMAChannelRemapConfig:
 109              	.LFB113:
 110              		.loc 1 176 0
 111              		.cfi_startproc
ARM GAS  /tmp/ccjSbJov.s 			page 3


 112              		@ args = 0, pretend = 0, frame = 0
 113              		@ frame_needed = 0, uses_anonymous_args = 0
 114              		@ link register save eliminated.
 115              	.LVL4:
 116              		.loc 1 184 0
 117 0000 044B     		ldr	r3, .L12
 118 0002 1A68     		ldr	r2, [r3]
 119              		.loc 1 181 0
 120 0004 19B9     		cbnz	r1, .L11
 121              		.loc 1 189 0
 122 0006 22EA0000 		bic	r0, r2, r0
 123              	.LVL5:
 124 000a 1860     		str	r0, [r3]
 125 000c 7047     		bx	lr
 126              	.LVL6:
 127              	.L11:
 128              		.loc 1 184 0
 129 000e 1043     		orrs	r0, r0, r2
 130              	.LVL7:
 131 0010 1860     		str	r0, [r3]
 132 0012 7047     		bx	lr
 133              	.L13:
 134              		.align	2
 135              	.L12:
 136 0014 00000140 		.word	1073807360
 137              		.cfi_endproc
 138              	.LFE113:
 139              		.size	SYSCFG_DMAChannelRemapConfig, .-SYSCFG_DMAChannelRemapConfig
 140 0018 AFF30080 		.section	.text.SYSCFG_TriggerRemapConfig,"ax",%progbits
 140      AFF30080 
 141              		.align	2
 142              		.p2align 4,,15
 143              		.global	SYSCFG_TriggerRemapConfig
 144              		.thumb
 145              		.thumb_func
 146              		.type	SYSCFG_TriggerRemapConfig, %function
 147              	SYSCFG_TriggerRemapConfig:
 148              	.LFB114:
 149              		.loc 1 206 0
 150              		.cfi_startproc
 151              		@ args = 0, pretend = 0, frame = 0
 152              		@ frame_needed = 0, uses_anonymous_args = 0
 153              		@ link register save eliminated.
 154              	.LVL8:
 155              		.loc 1 214 0
 156 0000 044B     		ldr	r3, .L18
 157 0002 1A68     		ldr	r2, [r3]
 158              		.loc 1 211 0
 159 0004 19B9     		cbnz	r1, .L17
 160              		.loc 1 219 0
 161 0006 22EA0000 		bic	r0, r2, r0
 162              	.LVL9:
 163 000a 1860     		str	r0, [r3]
 164 000c 7047     		bx	lr
 165              	.LVL10:
 166              	.L17:
 167              		.loc 1 214 0
ARM GAS  /tmp/ccjSbJov.s 			page 4


 168 000e 1043     		orrs	r0, r0, r2
 169              	.LVL11:
 170 0010 1860     		str	r0, [r3]
 171 0012 7047     		bx	lr
 172              	.L19:
 173              		.align	2
 174              	.L18:
 175 0014 00000140 		.word	1073807360
 176              		.cfi_endproc
 177              	.LFE114:
 178              		.size	SYSCFG_TriggerRemapConfig, .-SYSCFG_TriggerRemapConfig
 179 0018 AFF30080 		.section	.text.SYSCFG_EncoderRemapConfig,"ax",%progbits
 179      AFF30080 
 180              		.align	2
 181              		.p2align 4,,15
 182              		.global	SYSCFG_EncoderRemapConfig
 183              		.thumb
 184              		.thumb_func
 185              		.type	SYSCFG_EncoderRemapConfig, %function
 186              	SYSCFG_EncoderRemapConfig:
 187              	.LFB115:
 188              		.loc 1 236 0
 189              		.cfi_startproc
 190              		@ args = 0, pretend = 0, frame = 0
 191              		@ frame_needed = 0, uses_anonymous_args = 0
 192              		@ link register save eliminated.
 193              	.LVL12:
 194              		.loc 1 241 0
 195 0000 044B     		ldr	r3, .L21
 196 0002 1A68     		ldr	r2, [r3]
 197 0004 22F44002 		bic	r2, r2, #12582912
 198 0008 1A60     		str	r2, [r3]
 199              		.loc 1 244 0
 200 000a 1A68     		ldr	r2, [r3]
 201 000c 1043     		orrs	r0, r0, r2
 202              	.LVL13:
 203 000e 1860     		str	r0, [r3]
 204 0010 7047     		bx	lr
 205              	.L22:
 206 0012 00BF     		.align	2
 207              	.L21:
 208 0014 00000140 		.word	1073807360
 209              		.cfi_endproc
 210              	.LFE115:
 211              		.size	SYSCFG_EncoderRemapConfig, .-SYSCFG_EncoderRemapConfig
 212 0018 AFF30080 		.section	.text.SYSCFG_USBInterruptLineRemapCmd,"ax",%progbits
 212      AFF30080 
 213              		.align	2
 214              		.p2align 4,,15
 215              		.global	SYSCFG_USBInterruptLineRemapCmd
 216              		.thumb
 217              		.thumb_func
 218              		.type	SYSCFG_USBInterruptLineRemapCmd, %function
 219              	SYSCFG_USBInterruptLineRemapCmd:
 220              	.LFB116:
 221              		.loc 1 262 0
 222              		.cfi_startproc
ARM GAS  /tmp/ccjSbJov.s 			page 5


 223              		@ args = 0, pretend = 0, frame = 0
 224              		@ frame_needed = 0, uses_anonymous_args = 0
 225              		@ link register save eliminated.
 226              	.LVL14:
 227              		.loc 1 267 0
 228 0000 014B     		ldr	r3, .L24
 229 0002 1860     		str	r0, [r3]
 230 0004 7047     		bx	lr
 231              	.L25:
 232 0006 00BF     		.align	2
 233              	.L24:
 234 0008 14002042 		.word	1109393428
 235              		.cfi_endproc
 236              	.LFE116:
 237              		.size	SYSCFG_USBInterruptLineRemapCmd, .-SYSCFG_USBInterruptLineRemapCmd
 238 000c AFF30080 		.section	.text.SYSCFG_I2CFastModePlusConfig,"ax",%progbits
 239              		.align	2
 240              		.p2align 4,,15
 241              		.global	SYSCFG_I2CFastModePlusConfig
 242              		.thumb
 243              		.thumb_func
 244              		.type	SYSCFG_I2CFastModePlusConfig, %function
 245              	SYSCFG_I2CFastModePlusConfig:
 246              	.LFB117:
 247              		.loc 1 294 0
 248              		.cfi_startproc
 249              		@ args = 0, pretend = 0, frame = 0
 250              		@ frame_needed = 0, uses_anonymous_args = 0
 251              		@ link register save eliminated.
 252              	.LVL15:
 253              		.loc 1 302 0
 254 0000 044B     		ldr	r3, .L30
 255 0002 1A68     		ldr	r2, [r3]
 256              		.loc 1 299 0
 257 0004 19B9     		cbnz	r1, .L29
 258              		.loc 1 307 0
 259 0006 22EA0000 		bic	r0, r2, r0
 260              	.LVL16:
 261 000a 1860     		str	r0, [r3]
 262 000c 7047     		bx	lr
 263              	.LVL17:
 264              	.L29:
 265              		.loc 1 302 0
 266 000e 1043     		orrs	r0, r0, r2
 267              	.LVL18:
 268 0010 1860     		str	r0, [r3]
 269 0012 7047     		bx	lr
 270              	.L31:
 271              		.align	2
 272              	.L30:
 273 0014 00000140 		.word	1073807360
 274              		.cfi_endproc
 275              	.LFE117:
 276              		.size	SYSCFG_I2CFastModePlusConfig, .-SYSCFG_I2CFastModePlusConfig
 277 0018 AFF30080 		.section	.text.SYSCFG_ITConfig,"ax",%progbits
 277      AFF30080 
 278              		.align	2
ARM GAS  /tmp/ccjSbJov.s 			page 6


 279              		.p2align 4,,15
 280              		.global	SYSCFG_ITConfig
 281              		.thumb
 282              		.thumb_func
 283              		.type	SYSCFG_ITConfig, %function
 284              	SYSCFG_ITConfig:
 285              	.LFB118:
 286              		.loc 1 326 0
 287              		.cfi_startproc
 288              		@ args = 0, pretend = 0, frame = 0
 289              		@ frame_needed = 0, uses_anonymous_args = 0
 290              		@ link register save eliminated.
 291              	.LVL19:
 292              		.loc 1 334 0
 293 0000 044B     		ldr	r3, .L36
 294 0002 1A68     		ldr	r2, [r3]
 295              		.loc 1 331 0
 296 0004 19B9     		cbnz	r1, .L35
 297              		.loc 1 339 0
 298 0006 22EA0000 		bic	r0, r2, r0
 299              	.LVL20:
 300 000a 1860     		str	r0, [r3]
 301 000c 7047     		bx	lr
 302              	.LVL21:
 303              	.L35:
 304              		.loc 1 334 0
 305 000e 1043     		orrs	r0, r0, r2
 306              	.LVL22:
 307 0010 1860     		str	r0, [r3]
 308 0012 7047     		bx	lr
 309              	.L37:
 310              		.align	2
 311              	.L36:
 312 0014 00000140 		.word	1073807360
 313              		.cfi_endproc
 314              	.LFE118:
 315              		.size	SYSCFG_ITConfig, .-SYSCFG_ITConfig
 316 0018 AFF30080 		.section	.text.SYSCFG_EXTILineConfig,"ax",%progbits
 316      AFF30080 
 317              		.align	2
 318              		.p2align 4,,15
 319              		.global	SYSCFG_EXTILineConfig
 320              		.thumb
 321              		.thumb_func
 322              		.type	SYSCFG_EXTILineConfig, %function
 323              	SYSCFG_EXTILineConfig:
 324              	.LFB119:
 325              		.loc 1 352 0
 326              		.cfi_startproc
 327              		@ args = 0, pretend = 0, frame = 0
 328              		@ frame_needed = 0, uses_anonymous_args = 0
 329              		@ link register save eliminated.
 330              	.LVL23:
 331 0000 01F0FC03 		and	r3, r1, #252
 332 0004 03F18043 		add	r3, r3, #1073741824
 333 0008 03F58033 		add	r3, r3, #65536
 334              		.loc 1 359 0
ARM GAS  /tmp/ccjSbJov.s 			page 7


 335 000c 01F00301 		and	r1, r1, #3
 336              	.LVL24:
 337              		.loc 1 352 0
 338 0010 10B4     		push	{r4}
 339              		.cfi_def_cfa_offset 4
 340              		.cfi_offset 4, -4
 341              		.loc 1 359 0
 342 0012 8900     		lsls	r1, r1, #2
 343              	.LVL25:
 344              		.loc 1 360 0
 345 0014 9C68     		ldr	r4, [r3, #8]
 346              		.loc 1 359 0
 347 0016 0F22     		movs	r2, #15
 348 0018 8A40     		lsls	r2, r2, r1
 349              	.LVL26:
 350              		.loc 1 360 0
 351 001a 24EA0202 		bic	r2, r4, r2
 352              	.LVL27:
 353 001e 9A60     		str	r2, [r3, #8]
 354              		.loc 1 361 0
 355 0020 9A68     		ldr	r2, [r3, #8]
 356              		.loc 1 362 0
 357 0022 5DF8044B 		ldr	r4, [sp], #4
 358              		.loc 1 361 0
 359 0026 8840     		lsls	r0, r0, r1
 360              	.LVL28:
 361 0028 0243     		orrs	r2, r2, r0
 362 002a 9A60     		str	r2, [r3, #8]
 363              		.loc 1 362 0
 364 002c 7047     		bx	lr
 365              		.cfi_endproc
 366              	.LFE119:
 367              		.size	SYSCFG_EXTILineConfig, .-SYSCFG_EXTILineConfig
 368 002e 00BF     		.section	.text.SYSCFG_BreakConfig,"ax",%progbits
 369              		.align	2
 370              		.p2align 4,,15
 371              		.global	SYSCFG_BreakConfig
 372              		.thumb
 373              		.thumb_func
 374              		.type	SYSCFG_BreakConfig, %function
 375              	SYSCFG_BreakConfig:
 376              	.LFB120:
 377              		.loc 1 376 0
 378              		.cfi_startproc
 379              		@ args = 0, pretend = 0, frame = 0
 380              		@ frame_needed = 0, uses_anonymous_args = 0
 381              		@ link register save eliminated.
 382              	.LVL29:
 383              		.loc 1 380 0
 384 0000 024B     		ldr	r3, .L40
 385 0002 9A69     		ldr	r2, [r3, #24]
 386 0004 1043     		orrs	r0, r0, r2
 387              	.LVL30:
 388 0006 9861     		str	r0, [r3, #24]
 389 0008 7047     		bx	lr
 390              	.L41:
 391 000a 00BF     		.align	2
ARM GAS  /tmp/ccjSbJov.s 			page 8


 392              	.L40:
 393 000c 00000140 		.word	1073807360
 394              		.cfi_endproc
 395              	.LFE120:
 396              		.size	SYSCFG_BreakConfig, .-SYSCFG_BreakConfig
 397              		.section	.text.SYSCFG_BypassParityCheckDisable,"ax",%progbits
 398              		.align	2
 399              		.p2align 4,,15
 400              		.global	SYSCFG_BypassParityCheckDisable
 401              		.thumb
 402              		.thumb_func
 403              		.type	SYSCFG_BypassParityCheckDisable, %function
 404              	SYSCFG_BypassParityCheckDisable:
 405              	.LFB121:
 406              		.loc 1 391 0
 407              		.cfi_startproc
 408              		@ args = 0, pretend = 0, frame = 0
 409              		@ frame_needed = 0, uses_anonymous_args = 0
 410              		@ link register save eliminated.
 411              		.loc 1 393 0
 412 0000 014B     		ldr	r3, .L43
 413 0002 0122     		movs	r2, #1
 414 0004 1A60     		str	r2, [r3]
 415 0006 7047     		bx	lr
 416              	.L44:
 417              		.align	2
 418              	.L43:
 419 0008 10032042 		.word	1109394192
 420              		.cfi_endproc
 421              	.LFE121:
 422              		.size	SYSCFG_BypassParityCheckDisable, .-SYSCFG_BypassParityCheckDisable
 423 000c AFF30080 		.section	.text.SYSCFG_SRAMWRPEnable,"ax",%progbits
 424              		.align	2
 425              		.p2align 4,,15
 426              		.global	SYSCFG_SRAMWRPEnable
 427              		.thumb
 428              		.thumb_func
 429              		.type	SYSCFG_SRAMWRPEnable, %function
 430              	SYSCFG_SRAMWRPEnable:
 431              	.LFB122:
 432              		.loc 1 404 0
 433              		.cfi_startproc
 434              		@ args = 0, pretend = 0, frame = 0
 435              		@ frame_needed = 0, uses_anonymous_args = 0
 436              		@ link register save eliminated.
 437              	.LVL31:
 438              		.loc 1 409 0
 439 0000 024B     		ldr	r3, .L46
 440 0002 5A68     		ldr	r2, [r3, #4]
 441 0004 1043     		orrs	r0, r0, r2
 442              	.LVL32:
 443 0006 5860     		str	r0, [r3, #4]
 444 0008 7047     		bx	lr
 445              	.L47:
 446 000a 00BF     		.align	2
 447              	.L46:
 448 000c 00000140 		.word	1073807360
ARM GAS  /tmp/ccjSbJov.s 			page 9


 449              		.cfi_endproc
 450              	.LFE122:
 451              		.size	SYSCFG_SRAMWRPEnable, .-SYSCFG_SRAMWRPEnable
 452              		.section	.text.SYSCFG_GetFlagStatus,"ax",%progbits
 453              		.align	2
 454              		.p2align 4,,15
 455              		.global	SYSCFG_GetFlagStatus
 456              		.thumb
 457              		.thumb_func
 458              		.type	SYSCFG_GetFlagStatus, %function
 459              	SYSCFG_GetFlagStatus:
 460              	.LFB123:
 461              		.loc 1 420 0
 462              		.cfi_startproc
 463              		@ args = 0, pretend = 0, frame = 0
 464              		@ frame_needed = 0, uses_anonymous_args = 0
 465              		@ link register save eliminated.
 466              	.LVL33:
 467              		.loc 1 427 0
 468 0000 024B     		ldr	r3, .L49
 469 0002 9869     		ldr	r0, [r3, #24]
 470              	.LVL34:
 471              		.loc 1 439 0
 472 0004 C0F30020 		ubfx	r0, r0, #8, #1
 473              	.LVL35:
 474 0008 7047     		bx	lr
 475              	.L50:
 476 000a 00BF     		.align	2
 477              	.L49:
 478 000c 00000140 		.word	1073807360
 479              		.cfi_endproc
 480              	.LFE123:
 481              		.size	SYSCFG_GetFlagStatus, .-SYSCFG_GetFlagStatus
 482              		.section	.text.SYSCFG_ClearFlag,"ax",%progbits
 483              		.align	2
 484              		.p2align 4,,15
 485              		.global	SYSCFG_ClearFlag
 486              		.thumb
 487              		.thumb_func
 488              		.type	SYSCFG_ClearFlag, %function
 489              	SYSCFG_ClearFlag:
 490              	.LFB124:
 491              		.loc 1 449 0
 492              		.cfi_startproc
 493              		@ args = 0, pretend = 0, frame = 0
 494              		@ frame_needed = 0, uses_anonymous_args = 0
 495              		@ link register save eliminated.
 496              	.LVL36:
 497              		.loc 1 453 0
 498 0000 024B     		ldr	r3, .L52
 499 0002 9A69     		ldr	r2, [r3, #24]
 500 0004 1043     		orrs	r0, r0, r2
 501              	.LVL37:
 502 0006 9861     		str	r0, [r3, #24]
 503 0008 7047     		bx	lr
 504              	.L53:
 505 000a 00BF     		.align	2
ARM GAS  /tmp/ccjSbJov.s 			page 10


 506              	.L52:
 507 000c 00000140 		.word	1073807360
 508              		.cfi_endproc
 509              	.LFE124:
 510              		.size	SYSCFG_ClearFlag, .-SYSCFG_ClearFlag
 511              		.text
 512              	.Letext0:
 513              		.file 2 "/usr/include/newlib/machine/_default_types.h"
 514              		.file 3 "/usr/include/newlib/stdint.h"
 515              		.file 4 "../../../../os/hal/platforms/STM32F30x/stm32f30x.h"
 516              		.file 5 "../../../../os/ports/common/ARMCMx/CMSIS/include/core_cm4.h"
 517              		.section	.debug_info,"",%progbits
 518              	.Ldebug_info0:
 519 0000 D0030000 		.4byte	0x3d0
 520 0004 0400     		.2byte	0x4
 521 0006 00000000 		.4byte	.Ldebug_abbrev0
 522 000a 04       		.byte	0x4
 523 000b 01       		.uleb128 0x1
 524 000c A7030000 		.4byte	.LASF52
 525 0010 01       		.byte	0x1
 526 0011 7A020000 		.4byte	.LASF53
 527 0015 43030000 		.4byte	.LASF54
 528 0019 00000000 		.4byte	.Ldebug_ranges0+0
 529 001d 00000000 		.4byte	0
 530 0021 00000000 		.4byte	.Ldebug_line0
 531 0025 02       		.uleb128 0x2
 532 0026 01       		.byte	0x1
 533 0027 06       		.byte	0x6
 534 0028 37030000 		.4byte	.LASF0
 535 002c 03       		.uleb128 0x3
 536 002d 00000000 		.4byte	.LASF4
 537 0031 02       		.byte	0x2
 538 0032 1D       		.byte	0x1d
 539 0033 37000000 		.4byte	0x37
 540 0037 02       		.uleb128 0x2
 541 0038 01       		.byte	0x1
 542 0039 08       		.byte	0x8
 543 003a A9000000 		.4byte	.LASF1
 544 003e 02       		.uleb128 0x2
 545 003f 02       		.byte	0x2
 546 0040 05       		.byte	0x5
 547 0041 1B030000 		.4byte	.LASF2
 548 0045 02       		.uleb128 0x2
 549 0046 02       		.byte	0x2
 550 0047 07       		.byte	0x7
 551 0048 31000000 		.4byte	.LASF3
 552 004c 03       		.uleb128 0x3
 553 004d 27000000 		.4byte	.LASF5
 554 0051 02       		.byte	0x2
 555 0052 3F       		.byte	0x3f
 556 0053 57000000 		.4byte	0x57
 557 0057 02       		.uleb128 0x2
 558 0058 04       		.byte	0x4
 559 0059 05       		.byte	0x5
 560 005a 2E030000 		.4byte	.LASF6
 561 005e 03       		.uleb128 0x3
 562 005f 39010000 		.4byte	.LASF7
ARM GAS  /tmp/ccjSbJov.s 			page 11


 563 0063 02       		.byte	0x2
 564 0064 41       		.byte	0x41
 565 0065 69000000 		.4byte	0x69
 566 0069 02       		.uleb128 0x2
 567 006a 04       		.byte	0x4
 568 006b 07       		.byte	0x7
 569 006c E2000000 		.4byte	.LASF8
 570 0070 02       		.uleb128 0x2
 571 0071 08       		.byte	0x8
 572 0072 05       		.byte	0x5
 573 0073 6C020000 		.4byte	.LASF9
 574 0077 02       		.uleb128 0x2
 575 0078 08       		.byte	0x8
 576 0079 07       		.byte	0x7
 577 007a BB010000 		.4byte	.LASF10
 578 007e 04       		.uleb128 0x4
 579 007f 04       		.byte	0x4
 580 0080 05       		.byte	0x5
 581 0081 696E7400 		.ascii	"int\000"
 582 0085 02       		.uleb128 0x2
 583 0086 04       		.byte	0x4
 584 0087 07       		.byte	0x7
 585 0088 9A010000 		.4byte	.LASF11
 586 008c 03       		.uleb128 0x3
 587 008d D2010000 		.4byte	.LASF12
 588 0091 03       		.byte	0x3
 589 0092 2A       		.byte	0x2a
 590 0093 2C000000 		.4byte	0x2c
 591 0097 03       		.uleb128 0x3
 592 0098 4B020000 		.4byte	.LASF13
 593 009c 03       		.byte	0x3
 594 009d 41       		.byte	0x41
 595 009e 4C000000 		.4byte	0x4c
 596 00a2 03       		.uleb128 0x3
 597 00a3 25030000 		.4byte	.LASF14
 598 00a7 03       		.byte	0x3
 599 00a8 42       		.byte	0x42
 600 00a9 5E000000 		.4byte	0x5e
 601 00ad 02       		.uleb128 0x2
 602 00ae 04       		.byte	0x4
 603 00af 07       		.byte	0x7
 604 00b0 53020000 		.4byte	.LASF15
 605 00b4 05       		.uleb128 0x5
 606 00b5 A2000000 		.4byte	0xa2
 607 00b9 06       		.uleb128 0x6
 608 00ba A2000000 		.4byte	0xa2
 609 00be C9000000 		.4byte	0xc9
 610 00c2 07       		.uleb128 0x7
 611 00c3 AD000000 		.4byte	0xad
 612 00c7 03       		.byte	0x3
 613 00c8 00       		.byte	0
 614 00c9 05       		.uleb128 0x5
 615 00ca 97000000 		.4byte	0x97
 616 00ce 08       		.uleb128 0x8
 617 00cf 01       		.byte	0x1
 618 00d0 04       		.byte	0x4
 619 00d1 2201     		.2byte	0x122
ARM GAS  /tmp/ccjSbJov.s 			page 12


 620 00d3 E4000000 		.4byte	0xe4
 621 00d7 09       		.uleb128 0x9
 622 00d8 14010000 		.4byte	.LASF16
 623 00dc 00       		.sleb128 0
 624 00dd 0A       		.uleb128 0xa
 625 00de 53455400 		.ascii	"SET\000"
 626 00e2 01       		.sleb128 1
 627 00e3 00       		.byte	0
 628 00e4 0B       		.uleb128 0xb
 629 00e5 D1000000 		.4byte	.LASF17
 630 00e9 04       		.byte	0x4
 631 00ea 2201     		.2byte	0x122
 632 00ec CE000000 		.4byte	0xce
 633 00f0 08       		.uleb128 0x8
 634 00f1 01       		.byte	0x1
 635 00f2 04       		.byte	0x4
 636 00f3 2401     		.2byte	0x124
 637 00f5 06010000 		.4byte	0x106
 638 00f9 09       		.uleb128 0x9
 639 00fa 31010000 		.4byte	.LASF18
 640 00fe 00       		.sleb128 0
 641 00ff 09       		.uleb128 0x9
 642 0100 8C000000 		.4byte	.LASF19
 643 0104 01       		.sleb128 1
 644 0105 00       		.byte	0
 645 0106 0B       		.uleb128 0xb
 646 0107 44000000 		.4byte	.LASF20
 647 010b 04       		.byte	0x4
 648 010c 2401     		.2byte	0x124
 649 010e F0000000 		.4byte	0xf0
 650 0112 0C       		.uleb128 0xc
 651 0113 1C       		.byte	0x1c
 652 0114 04       		.byte	0x4
 653 0115 5002     		.2byte	0x250
 654 0117 50010000 		.4byte	0x150
 655 011b 0D       		.uleb128 0xd
 656 011c DC000000 		.4byte	.LASF21
 657 0120 04       		.byte	0x4
 658 0121 5202     		.2byte	0x252
 659 0123 B4000000 		.4byte	0xb4
 660 0127 00       		.byte	0
 661 0128 0E       		.uleb128 0xe
 662 0129 52435200 		.ascii	"RCR\000"
 663 012d 04       		.byte	0x4
 664 012e 5302     		.2byte	0x253
 665 0130 B4000000 		.4byte	0xb4
 666 0134 04       		.byte	0x4
 667 0135 0D       		.uleb128 0xd
 668 0136 93010000 		.4byte	.LASF22
 669 013a 04       		.byte	0x4
 670 013b 5402     		.2byte	0x254
 671 013d 50010000 		.4byte	0x150
 672 0141 08       		.byte	0x8
 673 0142 0D       		.uleb128 0xd
 674 0143 62000000 		.4byte	.LASF23
 675 0147 04       		.byte	0x4
 676 0148 5502     		.2byte	0x255
ARM GAS  /tmp/ccjSbJov.s 			page 13


 677 014a B4000000 		.4byte	0xb4
 678 014e 18       		.byte	0x18
 679 014f 00       		.byte	0
 680 0150 05       		.uleb128 0x5
 681 0151 B9000000 		.4byte	0xb9
 682 0155 0B       		.uleb128 0xb
 683 0156 F7020000 		.4byte	.LASF24
 684 015a 04       		.byte	0x4
 685 015b 5602     		.2byte	0x256
 686 015d 12010000 		.4byte	0x112
 687 0161 0F       		.uleb128 0xf
 688 0162 54000000 		.4byte	.LASF45
 689 0166 01       		.byte	0x1
 690 0167 6C       		.byte	0x6c
 691 0168 00000000 		.4byte	.LFB111
 692 016c 28000000 		.4byte	.LFE111-.LFB111
 693 0170 01       		.uleb128 0x1
 694 0171 9C       		.byte	0x9c
 695 0172 10       		.uleb128 0x10
 696 0173 8F040000 		.4byte	.LASF25
 697 0177 01       		.byte	0x1
 698 0178 86       		.byte	0x86
 699 0179 00000000 		.4byte	.LFB112
 700 017d 14000000 		.4byte	.LFE112-.LFB112
 701 0181 01       		.uleb128 0x1
 702 0182 9C       		.byte	0x9c
 703 0183 A6010000 		.4byte	0x1a6
 704 0187 11       		.uleb128 0x11
 705 0188 AA020000 		.4byte	.LASF27
 706 018c 01       		.byte	0x1
 707 018d 86       		.byte	0x86
 708 018e A2000000 		.4byte	0xa2
 709 0192 00000000 		.4byte	.LLST0
 710 0196 12       		.uleb128 0x12
 711 0197 42020000 		.4byte	.LASF42
 712 019b 01       		.byte	0x1
 713 019c 88       		.byte	0x88
 714 019d A2000000 		.4byte	0xa2
 715 01a1 21000000 		.4byte	.LLST1
 716 01a5 00       		.byte	0
 717 01a6 10       		.uleb128 0x10
 718 01a7 04020000 		.4byte	.LASF26
 719 01ab 01       		.byte	0x1
 720 01ac AF       		.byte	0xaf
 721 01ad 00000000 		.4byte	.LFB113
 722 01b1 18000000 		.4byte	.LFE113-.LFB113
 723 01b5 01       		.uleb128 0x1
 724 01b6 9C       		.byte	0x9c
 725 01b7 D8010000 		.4byte	0x1d8
 726 01bb 11       		.uleb128 0x11
 727 01bc 5C020000 		.4byte	.LASF28
 728 01c0 01       		.byte	0x1
 729 01c1 AF       		.byte	0xaf
 730 01c2 A2000000 		.4byte	0xa2
 731 01c6 4B000000 		.4byte	.LLST2
 732 01ca 13       		.uleb128 0x13
 733 01cb EE020000 		.4byte	.LASF29
ARM GAS  /tmp/ccjSbJov.s 			page 14


 734 01cf 01       		.byte	0x1
 735 01d0 AF       		.byte	0xaf
 736 01d1 06010000 		.4byte	0x106
 737 01d5 01       		.uleb128 0x1
 738 01d6 51       		.byte	0x51
 739 01d7 00       		.byte	0
 740 01d8 10       		.uleb128 0x10
 741 01d9 DA010000 		.4byte	.LASF30
 742 01dd 01       		.byte	0x1
 743 01de CD       		.byte	0xcd
 744 01df 00000000 		.4byte	.LFB114
 745 01e3 18000000 		.4byte	.LFE114-.LFB114
 746 01e7 01       		.uleb128 0x1
 747 01e8 9C       		.byte	0x9c
 748 01e9 0A020000 		.4byte	0x20a
 749 01ed 11       		.uleb128 0x11
 750 01ee A7010000 		.4byte	.LASF31
 751 01f2 01       		.byte	0x1
 752 01f3 CD       		.byte	0xcd
 753 01f4 A2000000 		.4byte	0xa2
 754 01f8 85000000 		.4byte	.LLST3
 755 01fc 13       		.uleb128 0x13
 756 01fd EE020000 		.4byte	.LASF29
 757 0201 01       		.byte	0x1
 758 0202 CD       		.byte	0xcd
 759 0203 06010000 		.4byte	0x106
 760 0207 01       		.uleb128 0x1
 761 0208 51       		.byte	0x51
 762 0209 00       		.byte	0
 763 020a 10       		.uleb128 0x10
 764 020b B7000000 		.4byte	.LASF32
 765 020f 01       		.byte	0x1
 766 0210 EB       		.byte	0xeb
 767 0211 00000000 		.4byte	.LFB115
 768 0215 18000000 		.4byte	.LFE115-.LFB115
 769 0219 01       		.uleb128 0x1
 770 021a 9C       		.byte	0x9c
 771 021b 2F020000 		.4byte	0x22f
 772 021f 11       		.uleb128 0x11
 773 0220 21020000 		.4byte	.LASF33
 774 0224 01       		.byte	0x1
 775 0225 EB       		.byte	0xeb
 776 0226 A2000000 		.4byte	0xa2
 777 022a BF000000 		.4byte	.LLST4
 778 022e 00       		.byte	0
 779 022f 14       		.uleb128 0x14
 780 0230 F4000000 		.4byte	.LASF34
 781 0234 01       		.byte	0x1
 782 0235 0501     		.2byte	0x105
 783 0237 00000000 		.4byte	.LFB116
 784 023b 0C000000 		.4byte	.LFE116-.LFB116
 785 023f 01       		.uleb128 0x1
 786 0240 9C       		.byte	0x9c
 787 0241 54020000 		.4byte	0x254
 788 0245 15       		.uleb128 0x15
 789 0246 EE020000 		.4byte	.LASF29
 790 024a 01       		.byte	0x1
ARM GAS  /tmp/ccjSbJov.s 			page 15


 791 024b 0501     		.2byte	0x105
 792 024d 06010000 		.4byte	0x106
 793 0251 01       		.uleb128 0x1
 794 0252 50       		.byte	0x50
 795 0253 00       		.byte	0
 796 0254 14       		.uleb128 0x14
 797 0255 54010000 		.4byte	.LASF35
 798 0259 01       		.byte	0x1
 799 025a 2501     		.2byte	0x125
 800 025c 00000000 		.4byte	.LFB117
 801 0260 18000000 		.4byte	.LFE117-.LFB117
 802 0264 01       		.uleb128 0x1
 803 0265 9C       		.byte	0x9c
 804 0266 89020000 		.4byte	0x289
 805 026a 16       		.uleb128 0x16
 806 026b 1A010000 		.4byte	.LASF36
 807 026f 01       		.byte	0x1
 808 0270 2501     		.2byte	0x125
 809 0272 A2000000 		.4byte	0xa2
 810 0276 E0000000 		.4byte	.LLST5
 811 027a 15       		.uleb128 0x15
 812 027b EE020000 		.4byte	.LASF29
 813 027f 01       		.byte	0x1
 814 0280 2501     		.2byte	0x125
 815 0282 06010000 		.4byte	0x106
 816 0286 01       		.uleb128 0x1
 817 0287 51       		.byte	0x51
 818 0288 00       		.byte	0
 819 0289 14       		.uleb128 0x14
 820 028a F4010000 		.4byte	.LASF37
 821 028e 01       		.byte	0x1
 822 028f 4501     		.2byte	0x145
 823 0291 00000000 		.4byte	.LFB118
 824 0295 18000000 		.4byte	.LFE118-.LFB118
 825 0299 01       		.uleb128 0x1
 826 029a 9C       		.byte	0x9c
 827 029b BE020000 		.4byte	0x2be
 828 029f 16       		.uleb128 0x16
 829 02a0 85040000 		.4byte	.LASF38
 830 02a4 01       		.byte	0x1
 831 02a5 4501     		.2byte	0x145
 832 02a7 A2000000 		.4byte	0xa2
 833 02ab 1A010000 		.4byte	.LLST6
 834 02af 15       		.uleb128 0x15
 835 02b0 EE020000 		.4byte	.LASF29
 836 02b4 01       		.byte	0x1
 837 02b5 4501     		.2byte	0x145
 838 02b7 06010000 		.4byte	0x106
 839 02bb 01       		.uleb128 0x1
 840 02bc 51       		.byte	0x51
 841 02bd 00       		.byte	0
 842 02be 14       		.uleb128 0x14
 843 02bf 93000000 		.4byte	.LASF39
 844 02c3 01       		.byte	0x1
 845 02c4 5F01     		.2byte	0x15f
 846 02c6 00000000 		.4byte	.LFB119
 847 02ca 2E000000 		.4byte	.LFE119-.LFB119
ARM GAS  /tmp/ccjSbJov.s 			page 16


 848 02ce 01       		.uleb128 0x1
 849 02cf 9C       		.byte	0x9c
 850 02d0 05030000 		.4byte	0x305
 851 02d4 16       		.uleb128 0x16
 852 02d5 06030000 		.4byte	.LASF40
 853 02d9 01       		.byte	0x1
 854 02da 5F01     		.2byte	0x15f
 855 02dc 8C000000 		.4byte	0x8c
 856 02e0 54010000 		.4byte	.LLST7
 857 02e4 16       		.uleb128 0x16
 858 02e5 44010000 		.4byte	.LASF41
 859 02e9 01       		.byte	0x1
 860 02ea 5F01     		.2byte	0x15f
 861 02ec 8C000000 		.4byte	0x8c
 862 02f0 75010000 		.4byte	.LLST8
 863 02f4 17       		.uleb128 0x17
 864 02f5 746D7000 		.ascii	"tmp\000"
 865 02f9 01       		.byte	0x1
 866 02fa 6101     		.2byte	0x161
 867 02fc A2000000 		.4byte	0xa2
 868 0300 96010000 		.4byte	.LLST9
 869 0304 00       		.byte	0
 870 0305 14       		.uleb128 0x14
 871 0306 0A000000 		.4byte	.LASF43
 872 030a 01       		.byte	0x1
 873 030b 7701     		.2byte	0x177
 874 030d 00000000 		.4byte	.LFB120
 875 0311 10000000 		.4byte	.LFE120-.LFB120
 876 0315 01       		.uleb128 0x1
 877 0316 9C       		.byte	0x9c
 878 0317 2C030000 		.4byte	0x32c
 879 031b 16       		.uleb128 0x16
 880 031c 86010000 		.4byte	.LASF44
 881 0320 01       		.byte	0x1
 882 0321 7701     		.2byte	0x177
 883 0323 A2000000 		.4byte	0xa2
 884 0327 D3010000 		.4byte	.LLST10
 885 032b 00       		.byte	0
 886 032c 18       		.uleb128 0x18
 887 032d BD020000 		.4byte	.LASF46
 888 0331 01       		.byte	0x1
 889 0332 8601     		.2byte	0x186
 890 0334 00000000 		.4byte	.LFB121
 891 0338 0C000000 		.4byte	.LFE121-.LFB121
 892 033c 01       		.uleb128 0x1
 893 033d 9C       		.byte	0x9c
 894 033e 14       		.uleb128 0x14
 895 033f 71010000 		.4byte	.LASF47
 896 0343 01       		.byte	0x1
 897 0344 9301     		.2byte	0x193
 898 0346 00000000 		.4byte	.LFB122
 899 034a 10000000 		.4byte	.LFE122-.LFB122
 900 034e 01       		.uleb128 0x1
 901 034f 9C       		.byte	0x9c
 902 0350 65030000 		.4byte	0x365
 903 0354 16       		.uleb128 0x16
 904 0355 68000000 		.4byte	.LASF48
ARM GAS  /tmp/ccjSbJov.s 			page 17


 905 0359 01       		.byte	0x1
 906 035a 9301     		.2byte	0x193
 907 035c A2000000 		.4byte	0xa2
 908 0360 F4010000 		.4byte	.LLST11
 909 0364 00       		.byte	0
 910 0365 19       		.uleb128 0x19
 911 0366 77000000 		.4byte	.LASF55
 912 036a 01       		.byte	0x1
 913 036b A301     		.2byte	0x1a3
 914 036d E4000000 		.4byte	0xe4
 915 0371 00000000 		.4byte	.LFB123
 916 0375 10000000 		.4byte	.LFE123-.LFB123
 917 0379 01       		.uleb128 0x1
 918 037a 9C       		.byte	0x9c
 919 037b A0030000 		.4byte	0x3a0
 920 037f 16       		.uleb128 0x16
 921 0380 9B030000 		.4byte	.LASF49
 922 0384 01       		.byte	0x1
 923 0385 A301     		.2byte	0x1a3
 924 0387 A2000000 		.4byte	0xa2
 925 038b 15020000 		.4byte	.LLST12
 926 038f 1A       		.uleb128 0x1a
 927 0390 1D000000 		.4byte	.LASF50
 928 0394 01       		.byte	0x1
 929 0395 A501     		.2byte	0x1a5
 930 0397 E4000000 		.4byte	0xe4
 931 039b 36020000 		.4byte	.LLST13
 932 039f 00       		.byte	0
 933 03a0 14       		.uleb128 0x14
 934 03a1 DD020000 		.4byte	.LASF51
 935 03a5 01       		.byte	0x1
 936 03a6 C001     		.2byte	0x1c0
 937 03a8 00000000 		.4byte	.LFB124
 938 03ac 10000000 		.4byte	.LFE124-.LFB124
 939 03b0 01       		.uleb128 0x1
 940 03b1 9C       		.byte	0x9c
 941 03b2 C7030000 		.4byte	0x3c7
 942 03b6 16       		.uleb128 0x16
 943 03b7 9B030000 		.4byte	.LASF49
 944 03bb 01       		.byte	0x1
 945 03bc C001     		.2byte	0x1c0
 946 03be A2000000 		.4byte	0xa2
 947 03c2 5D020000 		.4byte	.LLST14
 948 03c6 00       		.byte	0
 949 03c7 1B       		.uleb128 0x1b
 950 03c8 35020000 		.4byte	.LASF56
 951 03cc 05       		.byte	0x5
 952 03cd 9806     		.2byte	0x698
 953 03cf C9000000 		.4byte	0xc9
 954 03d3 00       		.byte	0
 955              		.section	.debug_abbrev,"",%progbits
 956              	.Ldebug_abbrev0:
 957 0000 01       		.uleb128 0x1
 958 0001 11       		.uleb128 0x11
 959 0002 01       		.byte	0x1
 960 0003 25       		.uleb128 0x25
 961 0004 0E       		.uleb128 0xe
ARM GAS  /tmp/ccjSbJov.s 			page 18


 962 0005 13       		.uleb128 0x13
 963 0006 0B       		.uleb128 0xb
 964 0007 03       		.uleb128 0x3
 965 0008 0E       		.uleb128 0xe
 966 0009 1B       		.uleb128 0x1b
 967 000a 0E       		.uleb128 0xe
 968 000b 55       		.uleb128 0x55
 969 000c 17       		.uleb128 0x17
 970 000d 11       		.uleb128 0x11
 971 000e 01       		.uleb128 0x1
 972 000f 10       		.uleb128 0x10
 973 0010 17       		.uleb128 0x17
 974 0011 00       		.byte	0
 975 0012 00       		.byte	0
 976 0013 02       		.uleb128 0x2
 977 0014 24       		.uleb128 0x24
 978 0015 00       		.byte	0
 979 0016 0B       		.uleb128 0xb
 980 0017 0B       		.uleb128 0xb
 981 0018 3E       		.uleb128 0x3e
 982 0019 0B       		.uleb128 0xb
 983 001a 03       		.uleb128 0x3
 984 001b 0E       		.uleb128 0xe
 985 001c 00       		.byte	0
 986 001d 00       		.byte	0
 987 001e 03       		.uleb128 0x3
 988 001f 16       		.uleb128 0x16
 989 0020 00       		.byte	0
 990 0021 03       		.uleb128 0x3
 991 0022 0E       		.uleb128 0xe
 992 0023 3A       		.uleb128 0x3a
 993 0024 0B       		.uleb128 0xb
 994 0025 3B       		.uleb128 0x3b
 995 0026 0B       		.uleb128 0xb
 996 0027 49       		.uleb128 0x49
 997 0028 13       		.uleb128 0x13
 998 0029 00       		.byte	0
 999 002a 00       		.byte	0
 1000 002b 04       		.uleb128 0x4
 1001 002c 24       		.uleb128 0x24
 1002 002d 00       		.byte	0
 1003 002e 0B       		.uleb128 0xb
 1004 002f 0B       		.uleb128 0xb
 1005 0030 3E       		.uleb128 0x3e
 1006 0031 0B       		.uleb128 0xb
 1007 0032 03       		.uleb128 0x3
 1008 0033 08       		.uleb128 0x8
 1009 0034 00       		.byte	0
 1010 0035 00       		.byte	0
 1011 0036 05       		.uleb128 0x5
 1012 0037 35       		.uleb128 0x35
 1013 0038 00       		.byte	0
 1014 0039 49       		.uleb128 0x49
 1015 003a 13       		.uleb128 0x13
 1016 003b 00       		.byte	0
 1017 003c 00       		.byte	0
 1018 003d 06       		.uleb128 0x6
ARM GAS  /tmp/ccjSbJov.s 			page 19


 1019 003e 01       		.uleb128 0x1
 1020 003f 01       		.byte	0x1
 1021 0040 49       		.uleb128 0x49
 1022 0041 13       		.uleb128 0x13
 1023 0042 01       		.uleb128 0x1
 1024 0043 13       		.uleb128 0x13
 1025 0044 00       		.byte	0
 1026 0045 00       		.byte	0
 1027 0046 07       		.uleb128 0x7
 1028 0047 21       		.uleb128 0x21
 1029 0048 00       		.byte	0
 1030 0049 49       		.uleb128 0x49
 1031 004a 13       		.uleb128 0x13
 1032 004b 2F       		.uleb128 0x2f
 1033 004c 0B       		.uleb128 0xb
 1034 004d 00       		.byte	0
 1035 004e 00       		.byte	0
 1036 004f 08       		.uleb128 0x8
 1037 0050 04       		.uleb128 0x4
 1038 0051 01       		.byte	0x1
 1039 0052 0B       		.uleb128 0xb
 1040 0053 0B       		.uleb128 0xb
 1041 0054 3A       		.uleb128 0x3a
 1042 0055 0B       		.uleb128 0xb
 1043 0056 3B       		.uleb128 0x3b
 1044 0057 05       		.uleb128 0x5
 1045 0058 01       		.uleb128 0x1
 1046 0059 13       		.uleb128 0x13
 1047 005a 00       		.byte	0
 1048 005b 00       		.byte	0
 1049 005c 09       		.uleb128 0x9
 1050 005d 28       		.uleb128 0x28
 1051 005e 00       		.byte	0
 1052 005f 03       		.uleb128 0x3
 1053 0060 0E       		.uleb128 0xe
 1054 0061 1C       		.uleb128 0x1c
 1055 0062 0D       		.uleb128 0xd
 1056 0063 00       		.byte	0
 1057 0064 00       		.byte	0
 1058 0065 0A       		.uleb128 0xa
 1059 0066 28       		.uleb128 0x28
 1060 0067 00       		.byte	0
 1061 0068 03       		.uleb128 0x3
 1062 0069 08       		.uleb128 0x8
 1063 006a 1C       		.uleb128 0x1c
 1064 006b 0D       		.uleb128 0xd
 1065 006c 00       		.byte	0
 1066 006d 00       		.byte	0
 1067 006e 0B       		.uleb128 0xb
 1068 006f 16       		.uleb128 0x16
 1069 0070 00       		.byte	0
 1070 0071 03       		.uleb128 0x3
 1071 0072 0E       		.uleb128 0xe
 1072 0073 3A       		.uleb128 0x3a
 1073 0074 0B       		.uleb128 0xb
 1074 0075 3B       		.uleb128 0x3b
 1075 0076 05       		.uleb128 0x5
ARM GAS  /tmp/ccjSbJov.s 			page 20


 1076 0077 49       		.uleb128 0x49
 1077 0078 13       		.uleb128 0x13
 1078 0079 00       		.byte	0
 1079 007a 00       		.byte	0
 1080 007b 0C       		.uleb128 0xc
 1081 007c 13       		.uleb128 0x13
 1082 007d 01       		.byte	0x1
 1083 007e 0B       		.uleb128 0xb
 1084 007f 0B       		.uleb128 0xb
 1085 0080 3A       		.uleb128 0x3a
 1086 0081 0B       		.uleb128 0xb
 1087 0082 3B       		.uleb128 0x3b
 1088 0083 05       		.uleb128 0x5
 1089 0084 01       		.uleb128 0x1
 1090 0085 13       		.uleb128 0x13
 1091 0086 00       		.byte	0
 1092 0087 00       		.byte	0
 1093 0088 0D       		.uleb128 0xd
 1094 0089 0D       		.uleb128 0xd
 1095 008a 00       		.byte	0
 1096 008b 03       		.uleb128 0x3
 1097 008c 0E       		.uleb128 0xe
 1098 008d 3A       		.uleb128 0x3a
 1099 008e 0B       		.uleb128 0xb
 1100 008f 3B       		.uleb128 0x3b
 1101 0090 05       		.uleb128 0x5
 1102 0091 49       		.uleb128 0x49
 1103 0092 13       		.uleb128 0x13
 1104 0093 38       		.uleb128 0x38
 1105 0094 0B       		.uleb128 0xb
 1106 0095 00       		.byte	0
 1107 0096 00       		.byte	0
 1108 0097 0E       		.uleb128 0xe
 1109 0098 0D       		.uleb128 0xd
 1110 0099 00       		.byte	0
 1111 009a 03       		.uleb128 0x3
 1112 009b 08       		.uleb128 0x8
 1113 009c 3A       		.uleb128 0x3a
 1114 009d 0B       		.uleb128 0xb
 1115 009e 3B       		.uleb128 0x3b
 1116 009f 05       		.uleb128 0x5
 1117 00a0 49       		.uleb128 0x49
 1118 00a1 13       		.uleb128 0x13
 1119 00a2 38       		.uleb128 0x38
 1120 00a3 0B       		.uleb128 0xb
 1121 00a4 00       		.byte	0
 1122 00a5 00       		.byte	0
 1123 00a6 0F       		.uleb128 0xf
 1124 00a7 2E       		.uleb128 0x2e
 1125 00a8 00       		.byte	0
 1126 00a9 3F       		.uleb128 0x3f
 1127 00aa 19       		.uleb128 0x19
 1128 00ab 03       		.uleb128 0x3
 1129 00ac 0E       		.uleb128 0xe
 1130 00ad 3A       		.uleb128 0x3a
 1131 00ae 0B       		.uleb128 0xb
 1132 00af 3B       		.uleb128 0x3b
ARM GAS  /tmp/ccjSbJov.s 			page 21


 1133 00b0 0B       		.uleb128 0xb
 1134 00b1 27       		.uleb128 0x27
 1135 00b2 19       		.uleb128 0x19
 1136 00b3 11       		.uleb128 0x11
 1137 00b4 01       		.uleb128 0x1
 1138 00b5 12       		.uleb128 0x12
 1139 00b6 06       		.uleb128 0x6
 1140 00b7 40       		.uleb128 0x40
 1141 00b8 18       		.uleb128 0x18
 1142 00b9 9742     		.uleb128 0x2117
 1143 00bb 19       		.uleb128 0x19
 1144 00bc 00       		.byte	0
 1145 00bd 00       		.byte	0
 1146 00be 10       		.uleb128 0x10
 1147 00bf 2E       		.uleb128 0x2e
 1148 00c0 01       		.byte	0x1
 1149 00c1 3F       		.uleb128 0x3f
 1150 00c2 19       		.uleb128 0x19
 1151 00c3 03       		.uleb128 0x3
 1152 00c4 0E       		.uleb128 0xe
 1153 00c5 3A       		.uleb128 0x3a
 1154 00c6 0B       		.uleb128 0xb
 1155 00c7 3B       		.uleb128 0x3b
 1156 00c8 0B       		.uleb128 0xb
 1157 00c9 27       		.uleb128 0x27
 1158 00ca 19       		.uleb128 0x19
 1159 00cb 11       		.uleb128 0x11
 1160 00cc 01       		.uleb128 0x1
 1161 00cd 12       		.uleb128 0x12
 1162 00ce 06       		.uleb128 0x6
 1163 00cf 40       		.uleb128 0x40
 1164 00d0 18       		.uleb128 0x18
 1165 00d1 9742     		.uleb128 0x2117
 1166 00d3 19       		.uleb128 0x19
 1167 00d4 01       		.uleb128 0x1
 1168 00d5 13       		.uleb128 0x13
 1169 00d6 00       		.byte	0
 1170 00d7 00       		.byte	0
 1171 00d8 11       		.uleb128 0x11
 1172 00d9 05       		.uleb128 0x5
 1173 00da 00       		.byte	0
 1174 00db 03       		.uleb128 0x3
 1175 00dc 0E       		.uleb128 0xe
 1176 00dd 3A       		.uleb128 0x3a
 1177 00de 0B       		.uleb128 0xb
 1178 00df 3B       		.uleb128 0x3b
 1179 00e0 0B       		.uleb128 0xb
 1180 00e1 49       		.uleb128 0x49
 1181 00e2 13       		.uleb128 0x13
 1182 00e3 02       		.uleb128 0x2
 1183 00e4 17       		.uleb128 0x17
 1184 00e5 00       		.byte	0
 1185 00e6 00       		.byte	0
 1186 00e7 12       		.uleb128 0x12
 1187 00e8 34       		.uleb128 0x34
 1188 00e9 00       		.byte	0
 1189 00ea 03       		.uleb128 0x3
ARM GAS  /tmp/ccjSbJov.s 			page 22


 1190 00eb 0E       		.uleb128 0xe
 1191 00ec 3A       		.uleb128 0x3a
 1192 00ed 0B       		.uleb128 0xb
 1193 00ee 3B       		.uleb128 0x3b
 1194 00ef 0B       		.uleb128 0xb
 1195 00f0 49       		.uleb128 0x49
 1196 00f1 13       		.uleb128 0x13
 1197 00f2 02       		.uleb128 0x2
 1198 00f3 17       		.uleb128 0x17
 1199 00f4 00       		.byte	0
 1200 00f5 00       		.byte	0
 1201 00f6 13       		.uleb128 0x13
 1202 00f7 05       		.uleb128 0x5
 1203 00f8 00       		.byte	0
 1204 00f9 03       		.uleb128 0x3
 1205 00fa 0E       		.uleb128 0xe
 1206 00fb 3A       		.uleb128 0x3a
 1207 00fc 0B       		.uleb128 0xb
 1208 00fd 3B       		.uleb128 0x3b
 1209 00fe 0B       		.uleb128 0xb
 1210 00ff 49       		.uleb128 0x49
 1211 0100 13       		.uleb128 0x13
 1212 0101 02       		.uleb128 0x2
 1213 0102 18       		.uleb128 0x18
 1214 0103 00       		.byte	0
 1215 0104 00       		.byte	0
 1216 0105 14       		.uleb128 0x14
 1217 0106 2E       		.uleb128 0x2e
 1218 0107 01       		.byte	0x1
 1219 0108 3F       		.uleb128 0x3f
 1220 0109 19       		.uleb128 0x19
 1221 010a 03       		.uleb128 0x3
 1222 010b 0E       		.uleb128 0xe
 1223 010c 3A       		.uleb128 0x3a
 1224 010d 0B       		.uleb128 0xb
 1225 010e 3B       		.uleb128 0x3b
 1226 010f 05       		.uleb128 0x5
 1227 0110 27       		.uleb128 0x27
 1228 0111 19       		.uleb128 0x19
 1229 0112 11       		.uleb128 0x11
 1230 0113 01       		.uleb128 0x1
 1231 0114 12       		.uleb128 0x12
 1232 0115 06       		.uleb128 0x6
 1233 0116 40       		.uleb128 0x40
 1234 0117 18       		.uleb128 0x18
 1235 0118 9742     		.uleb128 0x2117
 1236 011a 19       		.uleb128 0x19
 1237 011b 01       		.uleb128 0x1
 1238 011c 13       		.uleb128 0x13
 1239 011d 00       		.byte	0
 1240 011e 00       		.byte	0
 1241 011f 15       		.uleb128 0x15
 1242 0120 05       		.uleb128 0x5
 1243 0121 00       		.byte	0
 1244 0122 03       		.uleb128 0x3
 1245 0123 0E       		.uleb128 0xe
 1246 0124 3A       		.uleb128 0x3a
ARM GAS  /tmp/ccjSbJov.s 			page 23


 1247 0125 0B       		.uleb128 0xb
 1248 0126 3B       		.uleb128 0x3b
 1249 0127 05       		.uleb128 0x5
 1250 0128 49       		.uleb128 0x49
 1251 0129 13       		.uleb128 0x13
 1252 012a 02       		.uleb128 0x2
 1253 012b 18       		.uleb128 0x18
 1254 012c 00       		.byte	0
 1255 012d 00       		.byte	0
 1256 012e 16       		.uleb128 0x16
 1257 012f 05       		.uleb128 0x5
 1258 0130 00       		.byte	0
 1259 0131 03       		.uleb128 0x3
 1260 0132 0E       		.uleb128 0xe
 1261 0133 3A       		.uleb128 0x3a
 1262 0134 0B       		.uleb128 0xb
 1263 0135 3B       		.uleb128 0x3b
 1264 0136 05       		.uleb128 0x5
 1265 0137 49       		.uleb128 0x49
 1266 0138 13       		.uleb128 0x13
 1267 0139 02       		.uleb128 0x2
 1268 013a 17       		.uleb128 0x17
 1269 013b 00       		.byte	0
 1270 013c 00       		.byte	0
 1271 013d 17       		.uleb128 0x17
 1272 013e 34       		.uleb128 0x34
 1273 013f 00       		.byte	0
 1274 0140 03       		.uleb128 0x3
 1275 0141 08       		.uleb128 0x8
 1276 0142 3A       		.uleb128 0x3a
 1277 0143 0B       		.uleb128 0xb
 1278 0144 3B       		.uleb128 0x3b
 1279 0145 05       		.uleb128 0x5
 1280 0146 49       		.uleb128 0x49
 1281 0147 13       		.uleb128 0x13
 1282 0148 02       		.uleb128 0x2
 1283 0149 17       		.uleb128 0x17
 1284 014a 00       		.byte	0
 1285 014b 00       		.byte	0
 1286 014c 18       		.uleb128 0x18
 1287 014d 2E       		.uleb128 0x2e
 1288 014e 00       		.byte	0
 1289 014f 3F       		.uleb128 0x3f
 1290 0150 19       		.uleb128 0x19
 1291 0151 03       		.uleb128 0x3
 1292 0152 0E       		.uleb128 0xe
 1293 0153 3A       		.uleb128 0x3a
 1294 0154 0B       		.uleb128 0xb
 1295 0155 3B       		.uleb128 0x3b
 1296 0156 05       		.uleb128 0x5
 1297 0157 27       		.uleb128 0x27
 1298 0158 19       		.uleb128 0x19
 1299 0159 11       		.uleb128 0x11
 1300 015a 01       		.uleb128 0x1
 1301 015b 12       		.uleb128 0x12
 1302 015c 06       		.uleb128 0x6
 1303 015d 40       		.uleb128 0x40
ARM GAS  /tmp/ccjSbJov.s 			page 24


 1304 015e 18       		.uleb128 0x18
 1305 015f 9742     		.uleb128 0x2117
 1306 0161 19       		.uleb128 0x19
 1307 0162 00       		.byte	0
 1308 0163 00       		.byte	0
 1309 0164 19       		.uleb128 0x19
 1310 0165 2E       		.uleb128 0x2e
 1311 0166 01       		.byte	0x1
 1312 0167 3F       		.uleb128 0x3f
 1313 0168 19       		.uleb128 0x19
 1314 0169 03       		.uleb128 0x3
 1315 016a 0E       		.uleb128 0xe
 1316 016b 3A       		.uleb128 0x3a
 1317 016c 0B       		.uleb128 0xb
 1318 016d 3B       		.uleb128 0x3b
 1319 016e 05       		.uleb128 0x5
 1320 016f 27       		.uleb128 0x27
 1321 0170 19       		.uleb128 0x19
 1322 0171 49       		.uleb128 0x49
 1323 0172 13       		.uleb128 0x13
 1324 0173 11       		.uleb128 0x11
 1325 0174 01       		.uleb128 0x1
 1326 0175 12       		.uleb128 0x12
 1327 0176 06       		.uleb128 0x6
 1328 0177 40       		.uleb128 0x40
 1329 0178 18       		.uleb128 0x18
 1330 0179 9742     		.uleb128 0x2117
 1331 017b 19       		.uleb128 0x19
 1332 017c 01       		.uleb128 0x1
 1333 017d 13       		.uleb128 0x13
 1334 017e 00       		.byte	0
 1335 017f 00       		.byte	0
 1336 0180 1A       		.uleb128 0x1a
 1337 0181 34       		.uleb128 0x34
 1338 0182 00       		.byte	0
 1339 0183 03       		.uleb128 0x3
 1340 0184 0E       		.uleb128 0xe
 1341 0185 3A       		.uleb128 0x3a
 1342 0186 0B       		.uleb128 0xb
 1343 0187 3B       		.uleb128 0x3b
 1344 0188 05       		.uleb128 0x5
 1345 0189 49       		.uleb128 0x49
 1346 018a 13       		.uleb128 0x13
 1347 018b 02       		.uleb128 0x2
 1348 018c 17       		.uleb128 0x17
 1349 018d 00       		.byte	0
 1350 018e 00       		.byte	0
 1351 018f 1B       		.uleb128 0x1b
 1352 0190 34       		.uleb128 0x34
 1353 0191 00       		.byte	0
 1354 0192 03       		.uleb128 0x3
 1355 0193 0E       		.uleb128 0xe
 1356 0194 3A       		.uleb128 0x3a
 1357 0195 0B       		.uleb128 0xb
 1358 0196 3B       		.uleb128 0x3b
 1359 0197 05       		.uleb128 0x5
 1360 0198 49       		.uleb128 0x49
ARM GAS  /tmp/ccjSbJov.s 			page 25


 1361 0199 13       		.uleb128 0x13
 1362 019a 3F       		.uleb128 0x3f
 1363 019b 19       		.uleb128 0x19
 1364 019c 3C       		.uleb128 0x3c
 1365 019d 19       		.uleb128 0x19
 1366 019e 00       		.byte	0
 1367 019f 00       		.byte	0
 1368 01a0 00       		.byte	0
 1369              		.section	.debug_loc,"",%progbits
 1370              	.Ldebug_loc0:
 1371              	.LLST0:
 1372 0000 00000000 		.4byte	.LVL0
 1373 0004 0A000000 		.4byte	.LVL3
 1374 0008 0100     		.2byte	0x1
 1375 000a 50       		.byte	0x50
 1376 000b 0A000000 		.4byte	.LVL3
 1377 000f 14000000 		.4byte	.LFE112
 1378 0013 0400     		.2byte	0x4
 1379 0015 F3       		.byte	0xf3
 1380 0016 01       		.uleb128 0x1
 1381 0017 50       		.byte	0x50
 1382 0018 9F       		.byte	0x9f
 1383 0019 00000000 		.4byte	0
 1384 001d 00000000 		.4byte	0
 1385              	.LLST1:
 1386 0021 00000000 		.4byte	.LVL0
 1387 0025 04000000 		.4byte	.LVL1
 1388 0029 0200     		.2byte	0x2
 1389 002b 30       		.byte	0x30
 1390 002c 9F       		.byte	0x9f
 1391 002d 04000000 		.4byte	.LVL1
 1392 0031 0A000000 		.4byte	.LVL3
 1393 0035 0100     		.2byte	0x1
 1394 0037 52       		.byte	0x52
 1395 0038 0A000000 		.4byte	.LVL3
 1396 003c 14000000 		.4byte	.LFE112
 1397 0040 0100     		.2byte	0x1
 1398 0042 50       		.byte	0x50
 1399 0043 00000000 		.4byte	0
 1400 0047 00000000 		.4byte	0
 1401              	.LLST2:
 1402 004b 00000000 		.4byte	.LVL4
 1403 004f 0A000000 		.4byte	.LVL5
 1404 0053 0100     		.2byte	0x1
 1405 0055 50       		.byte	0x50
 1406 0056 0A000000 		.4byte	.LVL5
 1407 005a 0E000000 		.4byte	.LVL6
 1408 005e 0400     		.2byte	0x4
 1409 0060 F3       		.byte	0xf3
 1410 0061 01       		.uleb128 0x1
 1411 0062 50       		.byte	0x50
 1412 0063 9F       		.byte	0x9f
 1413 0064 0E000000 		.4byte	.LVL6
 1414 0068 10000000 		.4byte	.LVL7
 1415 006c 0100     		.2byte	0x1
 1416 006e 50       		.byte	0x50
 1417 006f 10000000 		.4byte	.LVL7
ARM GAS  /tmp/ccjSbJov.s 			page 26


 1418 0073 18000000 		.4byte	.LFE113
 1419 0077 0400     		.2byte	0x4
 1420 0079 F3       		.byte	0xf3
 1421 007a 01       		.uleb128 0x1
 1422 007b 50       		.byte	0x50
 1423 007c 9F       		.byte	0x9f
 1424 007d 00000000 		.4byte	0
 1425 0081 00000000 		.4byte	0
 1426              	.LLST3:
 1427 0085 00000000 		.4byte	.LVL8
 1428 0089 0A000000 		.4byte	.LVL9
 1429 008d 0100     		.2byte	0x1
 1430 008f 50       		.byte	0x50
 1431 0090 0A000000 		.4byte	.LVL9
 1432 0094 0E000000 		.4byte	.LVL10
 1433 0098 0400     		.2byte	0x4
 1434 009a F3       		.byte	0xf3
 1435 009b 01       		.uleb128 0x1
 1436 009c 50       		.byte	0x50
 1437 009d 9F       		.byte	0x9f
 1438 009e 0E000000 		.4byte	.LVL10
 1439 00a2 10000000 		.4byte	.LVL11
 1440 00a6 0100     		.2byte	0x1
 1441 00a8 50       		.byte	0x50
 1442 00a9 10000000 		.4byte	.LVL11
 1443 00ad 18000000 		.4byte	.LFE114
 1444 00b1 0400     		.2byte	0x4
 1445 00b3 F3       		.byte	0xf3
 1446 00b4 01       		.uleb128 0x1
 1447 00b5 50       		.byte	0x50
 1448 00b6 9F       		.byte	0x9f
 1449 00b7 00000000 		.4byte	0
 1450 00bb 00000000 		.4byte	0
 1451              	.LLST4:
 1452 00bf 00000000 		.4byte	.LVL12
 1453 00c3 0E000000 		.4byte	.LVL13
 1454 00c7 0100     		.2byte	0x1
 1455 00c9 50       		.byte	0x50
 1456 00ca 0E000000 		.4byte	.LVL13
 1457 00ce 18000000 		.4byte	.LFE115
 1458 00d2 0400     		.2byte	0x4
 1459 00d4 F3       		.byte	0xf3
 1460 00d5 01       		.uleb128 0x1
 1461 00d6 50       		.byte	0x50
 1462 00d7 9F       		.byte	0x9f
 1463 00d8 00000000 		.4byte	0
 1464 00dc 00000000 		.4byte	0
 1465              	.LLST5:
 1466 00e0 00000000 		.4byte	.LVL15
 1467 00e4 0A000000 		.4byte	.LVL16
 1468 00e8 0100     		.2byte	0x1
 1469 00ea 50       		.byte	0x50
 1470 00eb 0A000000 		.4byte	.LVL16
 1471 00ef 0E000000 		.4byte	.LVL17
 1472 00f3 0400     		.2byte	0x4
 1473 00f5 F3       		.byte	0xf3
 1474 00f6 01       		.uleb128 0x1
ARM GAS  /tmp/ccjSbJov.s 			page 27


 1475 00f7 50       		.byte	0x50
 1476 00f8 9F       		.byte	0x9f
 1477 00f9 0E000000 		.4byte	.LVL17
 1478 00fd 10000000 		.4byte	.LVL18
 1479 0101 0100     		.2byte	0x1
 1480 0103 50       		.byte	0x50
 1481 0104 10000000 		.4byte	.LVL18
 1482 0108 18000000 		.4byte	.LFE117
 1483 010c 0400     		.2byte	0x4
 1484 010e F3       		.byte	0xf3
 1485 010f 01       		.uleb128 0x1
 1486 0110 50       		.byte	0x50
 1487 0111 9F       		.byte	0x9f
 1488 0112 00000000 		.4byte	0
 1489 0116 00000000 		.4byte	0
 1490              	.LLST6:
 1491 011a 00000000 		.4byte	.LVL19
 1492 011e 0A000000 		.4byte	.LVL20
 1493 0122 0100     		.2byte	0x1
 1494 0124 50       		.byte	0x50
 1495 0125 0A000000 		.4byte	.LVL20
 1496 0129 0E000000 		.4byte	.LVL21
 1497 012d 0400     		.2byte	0x4
 1498 012f F3       		.byte	0xf3
 1499 0130 01       		.uleb128 0x1
 1500 0131 50       		.byte	0x50
 1501 0132 9F       		.byte	0x9f
 1502 0133 0E000000 		.4byte	.LVL21
 1503 0137 10000000 		.4byte	.LVL22
 1504 013b 0100     		.2byte	0x1
 1505 013d 50       		.byte	0x50
 1506 013e 10000000 		.4byte	.LVL22
 1507 0142 18000000 		.4byte	.LFE118
 1508 0146 0400     		.2byte	0x4
 1509 0148 F3       		.byte	0xf3
 1510 0149 01       		.uleb128 0x1
 1511 014a 50       		.byte	0x50
 1512 014b 9F       		.byte	0x9f
 1513 014c 00000000 		.4byte	0
 1514 0150 00000000 		.4byte	0
 1515              	.LLST7:
 1516 0154 00000000 		.4byte	.LVL23
 1517 0158 28000000 		.4byte	.LVL28
 1518 015c 0100     		.2byte	0x1
 1519 015e 50       		.byte	0x50
 1520 015f 28000000 		.4byte	.LVL28
 1521 0163 2E000000 		.4byte	.LFE119
 1522 0167 0400     		.2byte	0x4
 1523 0169 F3       		.byte	0xf3
 1524 016a 01       		.uleb128 0x1
 1525 016b 50       		.byte	0x50
 1526 016c 9F       		.byte	0x9f
 1527 016d 00000000 		.4byte	0
 1528 0171 00000000 		.4byte	0
 1529              	.LLST8:
 1530 0175 00000000 		.4byte	.LVL23
 1531 0179 10000000 		.4byte	.LVL24
ARM GAS  /tmp/ccjSbJov.s 			page 28


 1532 017d 0100     		.2byte	0x1
 1533 017f 51       		.byte	0x51
 1534 0180 10000000 		.4byte	.LVL24
 1535 0184 2E000000 		.4byte	.LFE119
 1536 0188 0400     		.2byte	0x4
 1537 018a F3       		.byte	0xf3
 1538 018b 01       		.uleb128 0x1
 1539 018c 51       		.byte	0x51
 1540 018d 9F       		.byte	0x9f
 1541 018e 00000000 		.4byte	0
 1542 0192 00000000 		.4byte	0
 1543              	.LLST9:
 1544 0196 00000000 		.4byte	.LVL23
 1545 019a 14000000 		.4byte	.LVL25
 1546 019e 0200     		.2byte	0x2
 1547 01a0 30       		.byte	0x30
 1548 01a1 9F       		.byte	0x9f
 1549 01a2 14000000 		.4byte	.LVL25
 1550 01a6 1A000000 		.4byte	.LVL26
 1551 01aa 0500     		.2byte	0x5
 1552 01ac 3F       		.byte	0x3f
 1553 01ad 71       		.byte	0x71
 1554 01ae 00       		.sleb128 0
 1555 01af 24       		.byte	0x24
 1556 01b0 9F       		.byte	0x9f
 1557 01b1 1A000000 		.4byte	.LVL26
 1558 01b5 1E000000 		.4byte	.LVL27
 1559 01b9 0100     		.2byte	0x1
 1560 01bb 52       		.byte	0x52
 1561 01bc 1E000000 		.4byte	.LVL27
 1562 01c0 2E000000 		.4byte	.LFE119
 1563 01c4 0500     		.2byte	0x5
 1564 01c6 3F       		.byte	0x3f
 1565 01c7 71       		.byte	0x71
 1566 01c8 00       		.sleb128 0
 1567 01c9 24       		.byte	0x24
 1568 01ca 9F       		.byte	0x9f
 1569 01cb 00000000 		.4byte	0
 1570 01cf 00000000 		.4byte	0
 1571              	.LLST10:
 1572 01d3 00000000 		.4byte	.LVL29
 1573 01d7 06000000 		.4byte	.LVL30
 1574 01db 0100     		.2byte	0x1
 1575 01dd 50       		.byte	0x50
 1576 01de 06000000 		.4byte	.LVL30
 1577 01e2 10000000 		.4byte	.LFE120
 1578 01e6 0400     		.2byte	0x4
 1579 01e8 F3       		.byte	0xf3
 1580 01e9 01       		.uleb128 0x1
 1581 01ea 50       		.byte	0x50
 1582 01eb 9F       		.byte	0x9f
 1583 01ec 00000000 		.4byte	0
 1584 01f0 00000000 		.4byte	0
 1585              	.LLST11:
 1586 01f4 00000000 		.4byte	.LVL31
 1587 01f8 06000000 		.4byte	.LVL32
 1588 01fc 0100     		.2byte	0x1
ARM GAS  /tmp/ccjSbJov.s 			page 29


 1589 01fe 50       		.byte	0x50
 1590 01ff 06000000 		.4byte	.LVL32
 1591 0203 10000000 		.4byte	.LFE122
 1592 0207 0400     		.2byte	0x4
 1593 0209 F3       		.byte	0xf3
 1594 020a 01       		.uleb128 0x1
 1595 020b 50       		.byte	0x50
 1596 020c 9F       		.byte	0x9f
 1597 020d 00000000 		.4byte	0
 1598 0211 00000000 		.4byte	0
 1599              	.LLST12:
 1600 0215 00000000 		.4byte	.LVL33
 1601 0219 04000000 		.4byte	.LVL34
 1602 021d 0100     		.2byte	0x1
 1603 021f 50       		.byte	0x50
 1604 0220 04000000 		.4byte	.LVL34
 1605 0224 10000000 		.4byte	.LFE123
 1606 0228 0400     		.2byte	0x4
 1607 022a F3       		.byte	0xf3
 1608 022b 01       		.uleb128 0x1
 1609 022c 50       		.byte	0x50
 1610 022d 9F       		.byte	0x9f
 1611 022e 00000000 		.4byte	0
 1612 0232 00000000 		.4byte	0
 1613              	.LLST13:
 1614 0236 00000000 		.4byte	.LVL33
 1615 023a 04000000 		.4byte	.LVL34
 1616 023e 0200     		.2byte	0x2
 1617 0240 30       		.byte	0x30
 1618 0241 9F       		.byte	0x9f
 1619 0242 04000000 		.4byte	.LVL34
 1620 0246 08000000 		.4byte	.LVL35
 1621 024a 0900     		.2byte	0x9
 1622 024c 70       		.byte	0x70
 1623 024d 00       		.sleb128 0
 1624 024e 0A       		.byte	0xa
 1625 024f 0001     		.2byte	0x100
 1626 0251 1A       		.byte	0x1a
 1627 0252 30       		.byte	0x30
 1628 0253 2E       		.byte	0x2e
 1629 0254 9F       		.byte	0x9f
 1630 0255 00000000 		.4byte	0
 1631 0259 00000000 		.4byte	0
 1632              	.LLST14:
 1633 025d 00000000 		.4byte	.LVL36
 1634 0261 06000000 		.4byte	.LVL37
 1635 0265 0100     		.2byte	0x1
 1636 0267 50       		.byte	0x50
 1637 0268 06000000 		.4byte	.LVL37
 1638 026c 10000000 		.4byte	.LFE124
 1639 0270 0400     		.2byte	0x4
 1640 0272 F3       		.byte	0xf3
 1641 0273 01       		.uleb128 0x1
 1642 0274 50       		.byte	0x50
 1643 0275 9F       		.byte	0x9f
 1644 0276 00000000 		.4byte	0
 1645 027a 00000000 		.4byte	0
ARM GAS  /tmp/ccjSbJov.s 			page 30


 1646              		.section	.debug_aranges,"",%progbits
 1647 0000 84000000 		.4byte	0x84
 1648 0004 0200     		.2byte	0x2
 1649 0006 00000000 		.4byte	.Ldebug_info0
 1650 000a 04       		.byte	0x4
 1651 000b 00       		.byte	0
 1652 000c 0000     		.2byte	0
 1653 000e 0000     		.2byte	0
 1654 0010 00000000 		.4byte	.LFB111
 1655 0014 28000000 		.4byte	.LFE111-.LFB111
 1656 0018 00000000 		.4byte	.LFB112
 1657 001c 14000000 		.4byte	.LFE112-.LFB112
 1658 0020 00000000 		.4byte	.LFB113
 1659 0024 18000000 		.4byte	.LFE113-.LFB113
 1660 0028 00000000 		.4byte	.LFB114
 1661 002c 18000000 		.4byte	.LFE114-.LFB114
 1662 0030 00000000 		.4byte	.LFB115
 1663 0034 18000000 		.4byte	.LFE115-.LFB115
 1664 0038 00000000 		.4byte	.LFB116
 1665 003c 0C000000 		.4byte	.LFE116-.LFB116
 1666 0040 00000000 		.4byte	.LFB117
 1667 0044 18000000 		.4byte	.LFE117-.LFB117
 1668 0048 00000000 		.4byte	.LFB118
 1669 004c 18000000 		.4byte	.LFE118-.LFB118
 1670 0050 00000000 		.4byte	.LFB119
 1671 0054 2E000000 		.4byte	.LFE119-.LFB119
 1672 0058 00000000 		.4byte	.LFB120
 1673 005c 10000000 		.4byte	.LFE120-.LFB120
 1674 0060 00000000 		.4byte	.LFB121
 1675 0064 0C000000 		.4byte	.LFE121-.LFB121
 1676 0068 00000000 		.4byte	.LFB122
 1677 006c 10000000 		.4byte	.LFE122-.LFB122
 1678 0070 00000000 		.4byte	.LFB123
 1679 0074 10000000 		.4byte	.LFE123-.LFB123
 1680 0078 00000000 		.4byte	.LFB124
 1681 007c 10000000 		.4byte	.LFE124-.LFB124
 1682 0080 00000000 		.4byte	0
 1683 0084 00000000 		.4byte	0
 1684              		.section	.debug_ranges,"",%progbits
 1685              	.Ldebug_ranges0:
 1686 0000 00000000 		.4byte	.LFB111
 1687 0004 28000000 		.4byte	.LFE111
 1688 0008 00000000 		.4byte	.LFB112
 1689 000c 14000000 		.4byte	.LFE112
 1690 0010 00000000 		.4byte	.LFB113
 1691 0014 18000000 		.4byte	.LFE113
 1692 0018 00000000 		.4byte	.LFB114
 1693 001c 18000000 		.4byte	.LFE114
 1694 0020 00000000 		.4byte	.LFB115
 1695 0024 18000000 		.4byte	.LFE115
 1696 0028 00000000 		.4byte	.LFB116
 1697 002c 0C000000 		.4byte	.LFE116
 1698 0030 00000000 		.4byte	.LFB117
 1699 0034 18000000 		.4byte	.LFE117
 1700 0038 00000000 		.4byte	.LFB118
 1701 003c 18000000 		.4byte	.LFE118
 1702 0040 00000000 		.4byte	.LFB119
ARM GAS  /tmp/ccjSbJov.s 			page 31


 1703 0044 2E000000 		.4byte	.LFE119
 1704 0048 00000000 		.4byte	.LFB120
 1705 004c 10000000 		.4byte	.LFE120
 1706 0050 00000000 		.4byte	.LFB121
 1707 0054 0C000000 		.4byte	.LFE121
 1708 0058 00000000 		.4byte	.LFB122
 1709 005c 10000000 		.4byte	.LFE122
 1710 0060 00000000 		.4byte	.LFB123
 1711 0064 10000000 		.4byte	.LFE123
 1712 0068 00000000 		.4byte	.LFB124
 1713 006c 10000000 		.4byte	.LFE124
 1714 0070 00000000 		.4byte	0
 1715 0074 00000000 		.4byte	0
 1716              		.section	.debug_line,"",%progbits
 1717              	.Ldebug_line0:
 1718 0000 26020000 		.section	.debug_str,"MS",%progbits,1
 1718      02000B01 
 1718      00000201 
 1718      FB0E0D00 
 1718      01010101 
 1719              	.LASF4:
 1720 0000 5F5F7569 		.ascii	"__uint8_t\000"
 1720      6E74385F 
 1720      7400
 1721              	.LASF43:
 1722 000a 53595343 		.ascii	"SYSCFG_BreakConfig\000"
 1722      46475F42 
 1722      7265616B 
 1722      436F6E66 
 1722      696700
 1723              	.LASF50:
 1724 001d 62697473 		.ascii	"bitstatus\000"
 1724      74617475 
 1724      7300
 1725              	.LASF5:
 1726 0027 5F5F696E 		.ascii	"__int32_t\000"
 1726      7433325F 
 1726      7400
 1727              	.LASF3:
 1728 0031 73686F72 		.ascii	"short unsigned int\000"
 1728      7420756E 
 1728      7369676E 
 1728      65642069 
 1728      6E7400
 1729              	.LASF20:
 1730 0044 46756E63 		.ascii	"FunctionalState\000"
 1730      74696F6E 
 1730      616C5374 
 1730      61746500 
 1731              	.LASF45:
 1732 0054 53595343 		.ascii	"SYSCFG_DeInit\000"
 1732      46475F44 
 1732      65496E69 
 1732      7400
 1733              	.LASF23:
 1734 0062 43464752 		.ascii	"CFGR2\000"
 1734      3200
ARM GAS  /tmp/ccjSbJov.s 			page 32


 1735              	.LASF48:
 1736 0068 53595343 		.ascii	"SYSCFG_SRAMWRP\000"
 1736      46475F53 
 1736      52414D57 
 1736      525000
 1737              	.LASF55:
 1738 0077 53595343 		.ascii	"SYSCFG_GetFlagStatus\000"
 1738      46475F47 
 1738      6574466C 
 1738      61675374 
 1738      61747573 
 1739              	.LASF19:
 1740 008c 454E4142 		.ascii	"ENABLE\000"
 1740      4C4500
 1741              	.LASF39:
 1742 0093 53595343 		.ascii	"SYSCFG_EXTILineConfig\000"
 1742      46475F45 
 1742      5854494C 
 1742      696E6543 
 1742      6F6E6669 
 1743              	.LASF1:
 1744 00a9 756E7369 		.ascii	"unsigned char\000"
 1744      676E6564 
 1744      20636861 
 1744      7200
 1745              	.LASF32:
 1746 00b7 53595343 		.ascii	"SYSCFG_EncoderRemapConfig\000"
 1746      46475F45 
 1746      6E636F64 
 1746      65725265 
 1746      6D617043 
 1747              	.LASF17:
 1748 00d1 466C6167 		.ascii	"FlagStatus\000"
 1748      53746174 
 1748      757300
 1749              	.LASF21:
 1750 00dc 43464752 		.ascii	"CFGR1\000"
 1750      3100
 1751              	.LASF8:
 1752 00e2 6C6F6E67 		.ascii	"long unsigned int\000"
 1752      20756E73 
 1752      69676E65 
 1752      6420696E 
 1752      7400
 1753              	.LASF34:
 1754 00f4 53595343 		.ascii	"SYSCFG_USBInterruptLineRemapCmd\000"
 1754      46475F55 
 1754      5342496E 
 1754      74657272 
 1754      7570744C 
 1755              	.LASF16:
 1756 0114 52455345 		.ascii	"RESET\000"
 1756      5400
 1757              	.LASF36:
 1758 011a 53595343 		.ascii	"SYSCFG_I2CFastModePlus\000"
 1758      46475F49 
 1758      32434661 
ARM GAS  /tmp/ccjSbJov.s 			page 33


 1758      73744D6F 
 1758      6465506C 
 1759              	.LASF18:
 1760 0131 44495341 		.ascii	"DISABLE\000"
 1760      424C4500 
 1761              	.LASF7:
 1762 0139 5F5F7569 		.ascii	"__uint32_t\000"
 1762      6E743332 
 1762      5F7400
 1763              	.LASF41:
 1764 0144 45585449 		.ascii	"EXTI_PinSourcex\000"
 1764      5F50696E 
 1764      536F7572 
 1764      63657800 
 1765              	.LASF35:
 1766 0154 53595343 		.ascii	"SYSCFG_I2CFastModePlusConfig\000"
 1766      46475F49 
 1766      32434661 
 1766      73744D6F 
 1766      6465506C 
 1767              	.LASF47:
 1768 0171 53595343 		.ascii	"SYSCFG_SRAMWRPEnable\000"
 1768      46475F53 
 1768      52414D57 
 1768      5250456E 
 1768      61626C65 
 1769              	.LASF44:
 1770 0186 53595343 		.ascii	"SYSCFG_Break\000"
 1770      46475F42 
 1770      7265616B 
 1770      00
 1771              	.LASF22:
 1772 0193 45585449 		.ascii	"EXTICR\000"
 1772      435200
 1773              	.LASF11:
 1774 019a 756E7369 		.ascii	"unsigned int\000"
 1774      676E6564 
 1774      20696E74 
 1774      00
 1775              	.LASF31:
 1776 01a7 53595343 		.ascii	"SYSCFG_TriggerRemap\000"
 1776      46475F54 
 1776      72696767 
 1776      65725265 
 1776      6D617000 
 1777              	.LASF10:
 1778 01bb 6C6F6E67 		.ascii	"long long unsigned int\000"
 1778      206C6F6E 
 1778      6720756E 
 1778      7369676E 
 1778      65642069 
 1779              	.LASF12:
 1780 01d2 75696E74 		.ascii	"uint8_t\000"
 1780      385F7400 
 1781              	.LASF30:
 1782 01da 53595343 		.ascii	"SYSCFG_TriggerRemapConfig\000"
 1782      46475F54 
ARM GAS  /tmp/ccjSbJov.s 			page 34


 1782      72696767 
 1782      65725265 
 1782      6D617043 
 1783              	.LASF37:
 1784 01f4 53595343 		.ascii	"SYSCFG_ITConfig\000"
 1784      46475F49 
 1784      54436F6E 
 1784      66696700 
 1785              	.LASF26:
 1786 0204 53595343 		.ascii	"SYSCFG_DMAChannelRemapConfig\000"
 1786      46475F44 
 1786      4D414368 
 1786      616E6E65 
 1786      6C52656D 
 1787              	.LASF33:
 1788 0221 53595343 		.ascii	"SYSCFG_EncoderRemap\000"
 1788      46475F45 
 1788      6E636F64 
 1788      65725265 
 1788      6D617000 
 1789              	.LASF56:
 1790 0235 49544D5F 		.ascii	"ITM_RxBuffer\000"
 1790      52784275 
 1790      66666572 
 1790      00
 1791              	.LASF42:
 1792 0242 746D7063 		.ascii	"tmpcfgr1\000"
 1792      66677231 
 1792      00
 1793              	.LASF13:
 1794 024b 696E7433 		.ascii	"int32_t\000"
 1794      325F7400 
 1795              	.LASF15:
 1796 0253 73697A65 		.ascii	"sizetype\000"
 1796      74797065 
 1796      00
 1797              	.LASF28:
 1798 025c 53595343 		.ascii	"SYSCFG_DMARemap\000"
 1798      46475F44 
 1798      4D415265 
 1798      6D617000 
 1799              	.LASF9:
 1800 026c 6C6F6E67 		.ascii	"long long int\000"
 1800      206C6F6E 
 1800      6720696E 
 1800      7400
 1801              	.LASF53:
 1802 027a 2E2E2F2E 		.ascii	"../../../../ext/stm32lib/src/stm32f30x_syscfg.c\000"
 1802      2E2F2E2E 
 1802      2F2E2E2F 
 1802      6578742F 
 1802      73746D33 
 1803              	.LASF27:
 1804 02aa 53595343 		.ascii	"SYSCFG_MemoryRemap\000"
 1804      46475F4D 
 1804      656D6F72 
 1804      7952656D 
ARM GAS  /tmp/ccjSbJov.s 			page 35


 1804      617000
 1805              	.LASF46:
 1806 02bd 53595343 		.ascii	"SYSCFG_BypassParityCheckDisable\000"
 1806      46475F42 
 1806      79706173 
 1806      73506172 
 1806      69747943 
 1807              	.LASF51:
 1808 02dd 53595343 		.ascii	"SYSCFG_ClearFlag\000"
 1808      46475F43 
 1808      6C656172 
 1808      466C6167 
 1808      00
 1809              	.LASF29:
 1810 02ee 4E657753 		.ascii	"NewState\000"
 1810      74617465 
 1810      00
 1811              	.LASF24:
 1812 02f7 53595343 		.ascii	"SYSCFG_TypeDef\000"
 1812      46475F54 
 1812      79706544 
 1812      656600
 1813              	.LASF40:
 1814 0306 45585449 		.ascii	"EXTI_PortSourceGPIOx\000"
 1814      5F506F72 
 1814      74536F75 
 1814      72636547 
 1814      50494F78 
 1815              	.LASF2:
 1816 031b 73686F72 		.ascii	"short int\000"
 1816      7420696E 
 1816      7400
 1817              	.LASF14:
 1818 0325 75696E74 		.ascii	"uint32_t\000"
 1818      33325F74 
 1818      00
 1819              	.LASF6:
 1820 032e 6C6F6E67 		.ascii	"long int\000"
 1820      20696E74 
 1820      00
 1821              	.LASF0:
 1822 0337 7369676E 		.ascii	"signed char\000"
 1822      65642063 
 1822      68617200 
 1823              	.LASF54:
 1824 0343 2F686F6D 		.ascii	"/home/jordyaw/Documents/referensi/coba/ChibiOS_2.5."
 1824      652F6A6F 
 1824      72647961 
 1824      772F446F 
 1824      63756D65 
 1825 0376 32782F74 		.ascii	"2x/testhal/STM32F30x/WSC/board joule\000"
 1825      65737468 
 1825      616C2F53 
 1825      544D3332 
 1825      46333078 
 1826              	.LASF49:
 1827 039b 53595343 		.ascii	"SYSCFG_Flag\000"
ARM GAS  /tmp/ccjSbJov.s 			page 36


 1827      46475F46 
 1827      6C616700 
 1828              	.LASF52:
 1829 03a7 474E5520 		.ascii	"GNU C 4.8.3 -mcpu=cortex-m4 -mfloat-abi=softfp -mfp"
 1829      4320342E 
 1829      382E3320 
 1829      2D6D6370 
 1829      753D636F 
 1830 03da 753D6670 		.ascii	"u=fpv4-sp-d16 -mno-thumb-interwork -mthumb -ggdb -O"
 1830      76342D73 
 1830      702D6431 
 1830      36202D6D 
 1830      6E6F2D74 
 1831 040d 32202D66 		.ascii	"2 -fomit-frame-pointer -falign-functions=16 -fsingl"
 1831      6F6D6974 
 1831      2D667261 
 1831      6D652D70 
 1831      6F696E74 
 1832 0440 652D7072 		.ascii	"e-precision-constant -ffunction-sections -fdata-sec"
 1832      65636973 
 1832      696F6E2D 
 1832      636F6E73 
 1832      74616E74 
 1833 0473 74696F6E 		.ascii	"tions -fno-common\000"
 1833      73202D66 
 1833      6E6F2D63 
 1833      6F6D6D6F 
 1833      6E00
 1834              	.LASF38:
 1835 0485 53595343 		.ascii	"SYSCFG_IT\000"
 1835      46475F49 
 1835      5400
 1836              	.LASF25:
 1837 048f 53595343 		.ascii	"SYSCFG_MemoryRemapConfig\000"
 1837      46475F4D 
 1837      656D6F72 
 1837      7952656D 
 1837      6170436F 
 1838              		.ident	"GCC: (4.8.3-18ubuntu2+12) 4.8.3"
ARM GAS  /tmp/ccjSbJov.s 			page 37


DEFINED SYMBOLS
                            *ABS*:0000000000000000 stm32f30x_syscfg.c
     /tmp/ccjSbJov.s:20     .text.SYSCFG_DeInit:0000000000000000 $t
     /tmp/ccjSbJov.s:26     .text.SYSCFG_DeInit:0000000000000000 SYSCFG_DeInit
     /tmp/ccjSbJov.s:62     .text.SYSCFG_DeInit:0000000000000024 $d
     /tmp/ccjSbJov.s:67     .text.SYSCFG_MemoryRemapConfig:0000000000000000 $t
     /tmp/ccjSbJov.s:73     .text.SYSCFG_MemoryRemapConfig:0000000000000000 SYSCFG_MemoryRemapConfig
     /tmp/ccjSbJov.s:97     .text.SYSCFG_MemoryRemapConfig:0000000000000010 $d
     /tmp/ccjSbJov.s:102    .text.SYSCFG_DMAChannelRemapConfig:0000000000000000 $t
     /tmp/ccjSbJov.s:108    .text.SYSCFG_DMAChannelRemapConfig:0000000000000000 SYSCFG_DMAChannelRemapConfig
     /tmp/ccjSbJov.s:136    .text.SYSCFG_DMAChannelRemapConfig:0000000000000014 $d
     /tmp/ccjSbJov.s:141    .text.SYSCFG_TriggerRemapConfig:0000000000000000 $t
     /tmp/ccjSbJov.s:147    .text.SYSCFG_TriggerRemapConfig:0000000000000000 SYSCFG_TriggerRemapConfig
     /tmp/ccjSbJov.s:175    .text.SYSCFG_TriggerRemapConfig:0000000000000014 $d
     /tmp/ccjSbJov.s:180    .text.SYSCFG_EncoderRemapConfig:0000000000000000 $t
     /tmp/ccjSbJov.s:186    .text.SYSCFG_EncoderRemapConfig:0000000000000000 SYSCFG_EncoderRemapConfig
     /tmp/ccjSbJov.s:208    .text.SYSCFG_EncoderRemapConfig:0000000000000014 $d
     /tmp/ccjSbJov.s:213    .text.SYSCFG_USBInterruptLineRemapCmd:0000000000000000 $t
     /tmp/ccjSbJov.s:219    .text.SYSCFG_USBInterruptLineRemapCmd:0000000000000000 SYSCFG_USBInterruptLineRemapCmd
     /tmp/ccjSbJov.s:234    .text.SYSCFG_USBInterruptLineRemapCmd:0000000000000008 $d
     /tmp/ccjSbJov.s:239    .text.SYSCFG_I2CFastModePlusConfig:0000000000000000 $t
     /tmp/ccjSbJov.s:245    .text.SYSCFG_I2CFastModePlusConfig:0000000000000000 SYSCFG_I2CFastModePlusConfig
     /tmp/ccjSbJov.s:273    .text.SYSCFG_I2CFastModePlusConfig:0000000000000014 $d
     /tmp/ccjSbJov.s:278    .text.SYSCFG_ITConfig:0000000000000000 $t
     /tmp/ccjSbJov.s:284    .text.SYSCFG_ITConfig:0000000000000000 SYSCFG_ITConfig
     /tmp/ccjSbJov.s:312    .text.SYSCFG_ITConfig:0000000000000014 $d
     /tmp/ccjSbJov.s:317    .text.SYSCFG_EXTILineConfig:0000000000000000 $t
     /tmp/ccjSbJov.s:323    .text.SYSCFG_EXTILineConfig:0000000000000000 SYSCFG_EXTILineConfig
     /tmp/ccjSbJov.s:369    .text.SYSCFG_BreakConfig:0000000000000000 $t
     /tmp/ccjSbJov.s:375    .text.SYSCFG_BreakConfig:0000000000000000 SYSCFG_BreakConfig
     /tmp/ccjSbJov.s:393    .text.SYSCFG_BreakConfig:000000000000000c $d
     /tmp/ccjSbJov.s:398    .text.SYSCFG_BypassParityCheckDisable:0000000000000000 $t
     /tmp/ccjSbJov.s:404    .text.SYSCFG_BypassParityCheckDisable:0000000000000000 SYSCFG_BypassParityCheckDisable
     /tmp/ccjSbJov.s:419    .text.SYSCFG_BypassParityCheckDisable:0000000000000008 $d
     /tmp/ccjSbJov.s:424    .text.SYSCFG_SRAMWRPEnable:0000000000000000 $t
     /tmp/ccjSbJov.s:430    .text.SYSCFG_SRAMWRPEnable:0000000000000000 SYSCFG_SRAMWRPEnable
     /tmp/ccjSbJov.s:448    .text.SYSCFG_SRAMWRPEnable:000000000000000c $d
     /tmp/ccjSbJov.s:453    .text.SYSCFG_GetFlagStatus:0000000000000000 $t
     /tmp/ccjSbJov.s:459    .text.SYSCFG_GetFlagStatus:0000000000000000 SYSCFG_GetFlagStatus
     /tmp/ccjSbJov.s:478    .text.SYSCFG_GetFlagStatus:000000000000000c $d
     /tmp/ccjSbJov.s:483    .text.SYSCFG_ClearFlag:0000000000000000 $t
     /tmp/ccjSbJov.s:489    .text.SYSCFG_ClearFlag:0000000000000000 SYSCFG_ClearFlag
     /tmp/ccjSbJov.s:507    .text.SYSCFG_ClearFlag:000000000000000c $d
                     .debug_frame:0000000000000010 $d
     /tmp/ccjSbJov.s:66     .text.SYSCFG_DeInit:0000000000000028 $t
     /tmp/ccjSbJov.s:101    .text.SYSCFG_MemoryRemapConfig:0000000000000014 $t
     /tmp/ccjSbJov.s:140    .text.SYSCFG_DMAChannelRemapConfig:0000000000000018 $t
     /tmp/ccjSbJov.s:179    .text.SYSCFG_TriggerRemapConfig:0000000000000018 $t
     /tmp/ccjSbJov.s:212    .text.SYSCFG_EncoderRemapConfig:0000000000000018 $t
     /tmp/ccjSbJov.s:238    .text.SYSCFG_USBInterruptLineRemapCmd:000000000000000c $t
     /tmp/ccjSbJov.s:277    .text.SYSCFG_I2CFastModePlusConfig:0000000000000018 $t
     /tmp/ccjSbJov.s:316    .text.SYSCFG_ITConfig:0000000000000018 $t
     /tmp/ccjSbJov.s:423    .text.SYSCFG_BypassParityCheckDisable:000000000000000c $t

NO UNDEFINED SYMBOLS
