ARM GAS  /tmp/ccooqhrY.s 			page 1


   1              		.syntax unified
   2              		.cpu cortex-m4
   3              		.eabi_attribute 27, 3
   4              		.fpu fpv4-sp-d16
   5              		.eabi_attribute 20, 1
   6              		.eabi_attribute 21, 1
   7              		.eabi_attribute 23, 3
   8              		.eabi_attribute 24, 1
   9              		.eabi_attribute 25, 1
  10              		.eabi_attribute 26, 1
  11              		.eabi_attribute 30, 2
  12              		.eabi_attribute 34, 1
  13              		.eabi_attribute 18, 4
  14              		.thumb
  15              		.file	"chsys.c"
  16              		.text
  17              	.Ltext0:
  18              		.cfi_sections	.debug_frame
  19              		.section	.text._idle_thread,"ax",%progbits
  20              		.align	2
  21              		.p2align 4,,15
  22              		.global	_idle_thread
  23              		.thumb
  24              		.thumb_func
  25              		.type	_idle_thread, %function
  26              	_idle_thread:
  27              	.LFB7:
  28              		.file 1 "../../../../os/kernel/src/chsys.c"
  29              		.loc 1 54 0
  30              		.cfi_startproc
  31              		@ Volatile: function does not return.
  32              		@ args = 0, pretend = 0, frame = 0
  33              		@ frame_needed = 0, uses_anonymous_args = 0
  34              		@ link register save eliminated.
  35              	.LVL0:
  36              		.loc 1 57 0
  37 0000 024B     		ldr	r3, .L4
  38 0002 034A     		ldr	r2, .L4+4
  39 0004 9B69     		ldr	r3, [r3, #24]
  40 0006 9A61     		str	r2, [r3, #24]
  41              	.L2:
  42 0008 FEE7     		b	.L2
  43              	.L5:
  44 000a 00BF     		.align	2
  45              	.L4:
  46 000c 00000000 		.word	rlist
  47 0010 00000000 		.word	.LC0
  48              		.cfi_endproc
  49              	.LFE7:
  50              		.size	_idle_thread, .-_idle_thread
  51 0014 AFF30080 		.section	.text.chSysInit,"ax",%progbits
  51      AFF30080 
  51      AFF30080 
  52              		.align	2
  53              		.p2align 4,,15
  54              		.global	chSysInit
  55              		.thumb
ARM GAS  /tmp/ccooqhrY.s 			page 2


  56              		.thumb_func
  57              		.type	chSysInit, %function
  58              	chSysInit:
  59              	.LFB8:
  60              		.loc 1 77 0
  61              		.cfi_startproc
  62              		@ args = 0, pretend = 0, frame = 0
  63              		@ frame_needed = 0, uses_anonymous_args = 0
  64 0000 30B5     		push	{r4, r5, lr}
  65              		.cfi_def_cfa_offset 12
  66              		.cfi_offset 4, -12
  67              		.cfi_offset 5, -8
  68              		.cfi_offset 14, -4
  69 0002 83B0     		sub	sp, sp, #12
  70              		.cfi_def_cfa_offset 24
  71              		.loc 1 83 0
  72 0004 FFF7FEFF 		bl	_port_init
  73              	.LVL1:
  74              		.loc 1 84 0
  75 0008 FFF7FEFF 		bl	_scheduler_init
  76              	.LVL2:
  77              		.loc 1 85 0
  78 000c FFF7FEFF 		bl	_vt_init
  79              	.LVL3:
  80              		.loc 1 87 0
  81 0010 FFF7FEFF 		bl	_core_init
  82              	.LVL4:
  83              		.loc 1 90 0
  84 0014 FFF7FEFF 		bl	_heap_init
  85              	.LVL5:
  86              		.loc 1 93 0
  87 0018 FFF7FEFF 		bl	_trace_init
  88              	.LVL6:
  89              		.loc 1 97 0
  90 001c 4021     		movs	r1, #64
  91 001e 0E48     		ldr	r0, .L7
  92 0020 0E4C     		ldr	r4, .L7+4
  93 0022 FFF7FEFF 		bl	_thread_init
  94              	.LVL7:
  95              		.loc 1 98 0
  96 0026 0125     		movs	r5, #1
  97              		.loc 1 102 0
  98 0028 0D4B     		ldr	r3, .L7+8
  99 002a C361     		str	r3, [r0, #28]
 100              		.loc 1 98 0
 101 002c 80F82050 		strb	r5, [r0, #32]
 102              		.loc 1 97 0
 103 0030 A061     		str	r0, [r4, #24]
 104              		.loc 1 104 0
 105 0032 FFF7FEFF 		bl	dbg_check_enable
 106              	.LVL8:
 107              	.LBB2:
 108 0036 0023     		movs	r3, #0
 109              	@ 104 "../../../../os/kernel/src/chsys.c" 1
 110 0038 83F31188 		msr     BASEPRI, r3                    
 111 003c 62B6     		cpsie   i
 112              	@ 0 "" 2
ARM GAS  /tmp/ccooqhrY.s 			page 3


 113              		.thumb
 114              	.LBE2:
 115              		.loc 1 108 0
 116 003e A269     		ldr	r2, [r4, #24]
 117 0040 0849     		ldr	r1, .L7+12
 118 0042 9161     		str	r1, [r2, #24]
 119              		.loc 1 114 0
 120 0044 0848     		ldr	r0, .L7+16
 121 0046 0093     		str	r3, [sp]
 122 0048 2A46     		mov	r2, r5
 123 004a 084B     		ldr	r3, .L7+20
 124 004c 4FF4A471 		mov	r1, #328
 125 0050 FFF7FEFF 		bl	chThdCreateStatic
 126              	.LVL9:
 127              		.loc 1 117 0
 128 0054 03B0     		add	sp, sp, #12
 129              		@ sp needed
 130 0056 30BD     		pop	{r4, r5, pc}
 131              	.L8:
 132              		.align	2
 133              	.L7:
 134 0058 00000000 		.word	.LANCHOR0
 135 005c 00000000 		.word	rlist
 136 0060 00000000 		.word	__main_thread_stack_base__
 137 0064 00000000 		.word	ch_debug
 138 0068 00000000 		.word	.LANCHOR1
 139 006c 00000000 		.word	_idle_thread
 140              		.cfi_endproc
 141              	.LFE8:
 142              		.size	chSysInit, .-chSysInit
 143              		.section	.text.chSysTimerHandlerI,"ax",%progbits
 144              		.align	2
 145              		.p2align 4,,15
 146              		.global	chSysTimerHandlerI
 147              		.thumb
 148              		.thumb_func
 149              		.type	chSysTimerHandlerI, %function
 150              	chSysTimerHandlerI:
 151              	.LFB9:
 152              		.loc 1 130 0
 153              		.cfi_startproc
 154              		@ args = 0, pretend = 0, frame = 0
 155              		@ frame_needed = 0, uses_anonymous_args = 0
 156 0000 F8B5     		push	{r3, r4, r5, r6, r7, lr}
 157              		.cfi_def_cfa_offset 24
 158              		.cfi_offset 3, -24
 159              		.cfi_offset 4, -20
 160              		.cfi_offset 5, -16
 161              		.cfi_offset 6, -12
 162              		.cfi_offset 7, -8
 163              		.cfi_offset 14, -4
 164              		.loc 1 132 0
 165 0002 FFF7FEFF 		bl	chDbgCheckClassI
 166              	.LVL10:
 167              		.loc 1 136 0
 168 0006 164B     		ldr	r3, .L17
 169 0008 9B69     		ldr	r3, [r3, #24]
ARM GAS  /tmp/ccooqhrY.s 			page 4


 170 000a 93F82320 		ldrb	r2, [r3, #35]	@ zero_extendqisi2
 171 000e 12B1     		cbz	r2, .L10
 172              		.loc 1 138 0
 173 0010 013A     		subs	r2, r2, #1
 174 0012 83F82320 		strb	r2, [r3, #35]
 175              	.L10:
 176              		.loc 1 141 0
 177 0016 5A6A     		ldr	r2, [r3, #36]
 178              		.loc 1 143 0
 179 0018 124D     		ldr	r5, .L17+4
 180              		.loc 1 141 0
 181 001a 0132     		adds	r2, r2, #1
 182 001c 5A62     		str	r2, [r3, #36]
 183              		.loc 1 143 0
 184 001e EB68     		ldr	r3, [r5, #12]
 185 0020 2C68     		ldr	r4, [r5]
 186 0022 0133     		adds	r3, r3, #1
 187 0024 AC42     		cmp	r4, r5
 188 0026 EB60     		str	r3, [r5, #12]
 189 0028 18D0     		beq	.L9
 190              	.LBB3:
 191              		.loc 1 143 0 is_stmt 0 discriminator 1
 192 002a A768     		ldr	r7, [r4, #8]
 193 002c 013F     		subs	r7, r7, #1
 194 002e A760     		str	r7, [r4, #8]
 195              	.LVL11:
 196 0030 A7B9     		cbnz	r7, .L9
 197              	.L13:
 198              	.LBB4:
 199              		.loc 1 143 0 discriminator 2
 200 0032 2368     		ldr	r3, [r4]
 201 0034 E668     		ldr	r6, [r4, #12]
 202              	.LVL12:
 203 0036 E760     		str	r7, [r4, #12]
 204 0038 5D60     		str	r5, [r3, #4]
 205 003a 2B60     		str	r3, [r5]
 206 003c FFF7FEFF 		bl	dbg_check_unlock_from_isr
 207              	.LVL13:
 208              	.LBB5:
 209 0040 0023     		movs	r3, #0
 210              	@ 143 "../../../../os/kernel/src/chsys.c" 1
 211 0042 83F31188 		msr     BASEPRI, r3
 212              	@ 0 "" 2
 213              		.thumb
 214              	.LBE5:
 215 0046 2069     		ldr	r0, [r4, #16]
 216 0048 B047     		blx	r6
 217              	.LVL14:
 218              	.LBB6:
 219 004a 2023     		movs	r3, #32
 220              	@ 143 "../../../../os/kernel/src/chsys.c" 1
 221 004c 83F31188 		msr     BASEPRI, r3
 222              	@ 0 "" 2
 223              		.thumb
 224              	.LBE6:
 225 0050 FFF7FEFF 		bl	dbg_check_lock_from_isr
 226              	.LVL15:
ARM GAS  /tmp/ccooqhrY.s 			page 5


 227              	.LBE4:
 228 0054 2C68     		ldr	r4, [r5]
 229              	.LVL16:
 230 0056 A368     		ldr	r3, [r4, #8]
 231 0058 002B     		cmp	r3, #0
 232 005a EAD0     		beq	.L13
 233              	.LVL17:
 234              	.L9:
 235 005c F8BD     		pop	{r3, r4, r5, r6, r7, pc}
 236              	.L18:
 237 005e 00BF     		.align	2
 238              	.L17:
 239 0060 00000000 		.word	rlist
 240 0064 00000000 		.word	vtlist
 241              	.LBE3:
 242              		.cfi_endproc
 243              	.LFE9:
 244              		.size	chSysTimerHandlerI, .-chSysTimerHandlerI
 245              		.global	_idle_thread_wa
 246 0068 AFF30080 		.section	.bss.mainthread.4882,"aw",%nobits
 246      AFF30080 
 247              		.align	2
 248              		.set	.LANCHOR0,. + 0
 249              		.type	mainthread.4882, %object
 250              		.size	mainthread.4882, 76
 251              	mainthread.4882:
 252 0000 00000000 		.space	76
 252      00000000 
 252      00000000 
 252      00000000 
 252      00000000 
 253              		.section	.rodata.str1.4,"aMS",%progbits,1
 254              		.align	2
 255              	.LC0:
 256 0000 69646C65 		.ascii	"idle\000"
 256      00
 257 0005 000000   		.section	.bss._idle_thread_wa,"aw",%nobits
 258              		.align	3
 259              		.set	.LANCHOR1,. + 0
 260              		.type	_idle_thread_wa, %object
 261              		.size	_idle_thread_wa, 328
 262              	_idle_thread_wa:
 263 0000 00000000 		.space	328
 263      00000000 
 263      00000000 
 263      00000000 
 263      00000000 
 264              		.text
 265              	.Letext0:
 266              		.file 2 "/usr/lib/gcc/arm-none-eabi/4.8/include/stddef.h"
 267              		.file 3 "/usr/include/newlib/machine/_default_types.h"
 268              		.file 4 "/usr/include/newlib/stdint.h"
 269              		.file 5 "../../../../os/ports/GCC/ARMCMx/chtypes.h"
 270              		.file 6 "../../../../os/kernel/include/chlists.h"
 271              		.file 7 "../../../../os/kernel/include/chthreads.h"
 272              		.file 8 "../../../../os/ports/GCC/ARMCMx/chcore_v7m.h"
 273              		.file 9 "../../../../os/kernel/include/chvt.h"
ARM GAS  /tmp/ccooqhrY.s 			page 6


 274              		.file 10 "../../../../os/kernel/include/chschd.h"
 275              		.file 11 "../../../../os/kernel/include/chmtx.h"
 276              		.file 12 "../../../../os/kernel/include/chregistry.h"
 277              		.file 13 "../../../../os/kernel/include/chmemcore.h"
 278              		.file 14 "../../../../os/kernel/include/chheap.h"
 279              		.file 15 "../../../../os/kernel/include/chdebug.h"
 280              		.section	.debug_info,"",%progbits
 281              	.Ldebug_info0:
 282 0000 79090000 		.4byte	0x979
 283 0004 0400     		.2byte	0x4
 284 0006 00000000 		.4byte	.Ldebug_abbrev0
 285 000a 04       		.byte	0x4
 286 000b 01       		.uleb128 0x1
 287 000c 8B040000 		.4byte	.LASF123
 288 0010 01       		.byte	0x1
 289 0011 FB020000 		.4byte	.LASF124
 290 0015 69050000 		.4byte	.LASF125
 291 0019 00000000 		.4byte	.Ldebug_ranges0+0
 292 001d 00000000 		.4byte	0
 293 0021 00000000 		.4byte	.Ldebug_line0
 294 0025 02       		.uleb128 0x2
 295 0026 04       		.byte	0x4
 296 0027 05       		.byte	0x5
 297 0028 696E7400 		.ascii	"int\000"
 298 002c 03       		.uleb128 0x3
 299 002d 1B000000 		.4byte	.LASF2
 300 0031 02       		.byte	0x2
 301 0032 D4       		.byte	0xd4
 302 0033 37000000 		.4byte	0x37
 303 0037 04       		.uleb128 0x4
 304 0038 04       		.byte	0x4
 305 0039 07       		.byte	0x7
 306 003a 97010000 		.4byte	.LASF0
 307 003e 04       		.uleb128 0x4
 308 003f 01       		.byte	0x1
 309 0040 06       		.byte	0x6
 310 0041 B8000000 		.4byte	.LASF1
 311 0045 03       		.uleb128 0x3
 312 0046 32000000 		.4byte	.LASF3
 313 004a 03       		.byte	0x3
 314 004b 1D       		.byte	0x1d
 315 004c 50000000 		.4byte	0x50
 316 0050 04       		.uleb128 0x4
 317 0051 01       		.byte	0x1
 318 0052 08       		.byte	0x8
 319 0053 65030000 		.4byte	.LASF4
 320 0057 04       		.uleb128 0x4
 321 0058 02       		.byte	0x2
 322 0059 05       		.byte	0x5
 323 005a 88030000 		.4byte	.LASF5
 324 005e 03       		.uleb128 0x3
 325 005f 1D040000 		.4byte	.LASF6
 326 0063 03       		.byte	0x3
 327 0064 2B       		.byte	0x2b
 328 0065 69000000 		.4byte	0x69
 329 0069 04       		.uleb128 0x4
 330 006a 02       		.byte	0x2
ARM GAS  /tmp/ccooqhrY.s 			page 7


 331 006b 07       		.byte	0x7
 332 006c 00020000 		.4byte	.LASF7
 333 0070 03       		.uleb128 0x3
 334 0071 5F040000 		.4byte	.LASF8
 335 0075 03       		.byte	0x3
 336 0076 3F       		.byte	0x3f
 337 0077 7B000000 		.4byte	0x7b
 338 007b 04       		.uleb128 0x4
 339 007c 04       		.byte	0x4
 340 007d 05       		.byte	0x5
 341 007e 15010000 		.4byte	.LASF9
 342 0082 03       		.uleb128 0x3
 343 0083 5B010000 		.4byte	.LASF10
 344 0087 03       		.byte	0x3
 345 0088 41       		.byte	0x41
 346 0089 8D000000 		.4byte	0x8d
 347 008d 04       		.uleb128 0x4
 348 008e 04       		.byte	0x4
 349 008f 07       		.byte	0x7
 350 0090 B9010000 		.4byte	.LASF11
 351 0094 04       		.uleb128 0x4
 352 0095 08       		.byte	0x8
 353 0096 05       		.byte	0x5
 354 0097 AA000000 		.4byte	.LASF12
 355 009b 03       		.uleb128 0x3
 356 009c 2A030000 		.4byte	.LASF13
 357 00a0 03       		.byte	0x3
 358 00a1 5B       		.byte	0x5b
 359 00a2 A6000000 		.4byte	0xa6
 360 00a6 04       		.uleb128 0x4
 361 00a7 08       		.byte	0x8
 362 00a8 07       		.byte	0x7
 363 00a9 64000000 		.4byte	.LASF14
 364 00ad 03       		.uleb128 0x3
 365 00ae 0F060000 		.4byte	.LASF15
 366 00b2 04       		.byte	0x4
 367 00b3 2A       		.byte	0x2a
 368 00b4 45000000 		.4byte	0x45
 369 00b8 03       		.uleb128 0x3
 370 00b9 27010000 		.4byte	.LASF16
 371 00bd 04       		.byte	0x4
 372 00be 36       		.byte	0x36
 373 00bf 5E000000 		.4byte	0x5e
 374 00c3 03       		.uleb128 0x3
 375 00c4 5D030000 		.4byte	.LASF17
 376 00c8 04       		.byte	0x4
 377 00c9 41       		.byte	0x41
 378 00ca 70000000 		.4byte	0x70
 379 00ce 03       		.uleb128 0x3
 380 00cf FB030000 		.4byte	.LASF18
 381 00d3 04       		.byte	0x4
 382 00d4 42       		.byte	0x42
 383 00d5 82000000 		.4byte	0x82
 384 00d9 03       		.uleb128 0x3
 385 00da 29000000 		.4byte	.LASF19
 386 00de 04       		.byte	0x4
 387 00df 4E       		.byte	0x4e
ARM GAS  /tmp/ccooqhrY.s 			page 8


 388 00e0 9B000000 		.4byte	0x9b
 389 00e4 04       		.uleb128 0x4
 390 00e5 01       		.byte	0x1
 391 00e6 02       		.byte	0x2
 392 00e7 57030000 		.4byte	.LASF20
 393 00eb 03       		.uleb128 0x3
 394 00ec 3E020000 		.4byte	.LASF21
 395 00f0 05       		.byte	0x5
 396 00f1 25       		.byte	0x25
 397 00f2 AD000000 		.4byte	0xad
 398 00f6 03       		.uleb128 0x3
 399 00f7 1E010000 		.4byte	.LASF22
 400 00fb 05       		.byte	0x5
 401 00fc 26       		.byte	0x26
 402 00fd AD000000 		.4byte	0xad
 403 0101 03       		.uleb128 0x3
 404 0102 35030000 		.4byte	.LASF23
 405 0106 05       		.byte	0x5
 406 0107 27       		.byte	0x27
 407 0108 AD000000 		.4byte	0xad
 408 010c 03       		.uleb128 0x3
 409 010d 0B010000 		.4byte	.LASF24
 410 0111 05       		.byte	0x5
 411 0112 28       		.byte	0x28
 412 0113 AD000000 		.4byte	0xad
 413 0117 03       		.uleb128 0x3
 414 0118 4F030000 		.4byte	.LASF25
 415 011c 05       		.byte	0x5
 416 011d 29       		.byte	0x29
 417 011e CE000000 		.4byte	0xce
 418 0122 03       		.uleb128 0x3
 419 0123 1F020000 		.4byte	.LASF26
 420 0127 05       		.byte	0x5
 421 0128 2A       		.byte	0x2a
 422 0129 C3000000 		.4byte	0xc3
 423 012d 03       		.uleb128 0x3
 424 012e 52020000 		.4byte	.LASF27
 425 0132 05       		.byte	0x5
 426 0133 2C       		.byte	0x2c
 427 0134 CE000000 		.4byte	0xce
 428 0138 03       		.uleb128 0x3
 429 0139 4A040000 		.4byte	.LASF28
 430 013d 05       		.byte	0x5
 431 013e 2E       		.byte	0x2e
 432 013f CE000000 		.4byte	0xce
 433 0143 03       		.uleb128 0x3
 434 0144 DC030000 		.4byte	.LASF29
 435 0148 06       		.byte	0x6
 436 0149 23       		.byte	0x23
 437 014a 4E010000 		.4byte	0x14e
 438 014e 05       		.uleb128 0x5
 439 014f DC030000 		.4byte	.LASF29
 440 0153 4C       		.byte	0x4c
 441 0154 07       		.byte	0x7
 442 0155 57       		.byte	0x57
 443 0156 57020000 		.4byte	0x257
 444 015a 06       		.uleb128 0x6
ARM GAS  /tmp/ccooqhrY.s 			page 9


 445 015b BE030000 		.4byte	.LASF30
 446 015f 07       		.byte	0x7
 447 0160 58       		.byte	0x58
 448 0161 78020000 		.4byte	0x278
 449 0165 00       		.byte	0
 450 0166 06       		.uleb128 0x6
 451 0167 48030000 		.4byte	.LASF31
 452 016b 07       		.byte	0x7
 453 016c 5A       		.byte	0x5a
 454 016d 78020000 		.4byte	0x278
 455 0171 04       		.byte	0x4
 456 0172 06       		.uleb128 0x6
 457 0173 86000000 		.4byte	.LASF32
 458 0177 07       		.byte	0x7
 459 0178 5C       		.byte	0x5c
 460 0179 17010000 		.4byte	0x117
 461 017d 08       		.byte	0x8
 462 017e 06       		.uleb128 0x6
 463 017f 7E060000 		.4byte	.LASF33
 464 0183 07       		.byte	0x7
 465 0184 5D       		.byte	0x5d
 466 0185 0D040000 		.4byte	0x40d
 467 0189 0C       		.byte	0xc
 468 018a 06       		.uleb128 0x6
 469 018b 3A010000 		.4byte	.LASF34
 470 018f 07       		.byte	0x7
 471 0190 5F       		.byte	0x5f
 472 0191 78020000 		.4byte	0x278
 473 0195 10       		.byte	0x10
 474 0196 06       		.uleb128 0x6
 475 0197 C6020000 		.4byte	.LASF35
 476 019b 07       		.byte	0x7
 477 019c 60       		.byte	0x60
 478 019d 78020000 		.4byte	0x278
 479 01a1 14       		.byte	0x14
 480 01a2 06       		.uleb128 0x6
 481 01a3 41060000 		.4byte	.LASF36
 482 01a7 07       		.byte	0x7
 483 01a8 67       		.byte	0x67
 484 01a9 C7050000 		.4byte	0x5c7
 485 01ad 18       		.byte	0x18
 486 01ae 06       		.uleb128 0x6
 487 01af 8C010000 		.4byte	.LASF37
 488 01b3 07       		.byte	0x7
 489 01b4 6D       		.byte	0x6d
 490 01b5 D9050000 		.4byte	0x5d9
 491 01b9 1C       		.byte	0x1c
 492 01ba 06       		.uleb128 0x6
 493 01bb 92030000 		.4byte	.LASF38
 494 01bf 07       		.byte	0x7
 495 01c0 72       		.byte	0x72
 496 01c1 F6000000 		.4byte	0xf6
 497 01c5 20       		.byte	0x20
 498 01c6 06       		.uleb128 0x6
 499 01c7 D4030000 		.4byte	.LASF39
 500 01cb 07       		.byte	0x7
 501 01cc 76       		.byte	0x76
ARM GAS  /tmp/ccooqhrY.s 			page 10


 502 01cd EB000000 		.4byte	0xeb
 503 01d1 21       		.byte	0x21
 504 01d2 06       		.uleb128 0x6
 505 01d3 F8050000 		.4byte	.LASF40
 506 01d7 07       		.byte	0x7
 507 01d8 7B       		.byte	0x7b
 508 01d9 01010000 		.4byte	0x101
 509 01dd 22       		.byte	0x22
 510 01de 06       		.uleb128 0x6
 511 01df 9A030000 		.4byte	.LASF41
 512 01e3 07       		.byte	0x7
 513 01e4 81       		.byte	0x81
 514 01e5 0C010000 		.4byte	0x10c
 515 01e9 23       		.byte	0x23
 516 01ea 06       		.uleb128 0x6
 517 01eb 72040000 		.4byte	.LASF42
 518 01ef 07       		.byte	0x7
 519 01f0 88       		.byte	0x88
 520 01f1 E4040000 		.4byte	0x4e4
 521 01f5 24       		.byte	0x24
 522 01f6 07       		.uleb128 0x7
 523 01f7 705F7500 		.ascii	"p_u\000"
 524 01fb 07       		.byte	0x7
 525 01fc AD       		.byte	0xad
 526 01fd 92050000 		.4byte	0x592
 527 0201 28       		.byte	0x28
 528 0202 06       		.uleb128 0x6
 529 0203 84060000 		.4byte	.LASF43
 530 0207 07       		.byte	0x7
 531 0208 B2       		.byte	0xb2
 532 0209 9E020000 		.4byte	0x29e
 533 020d 2C       		.byte	0x2c
 534 020e 06       		.uleb128 0x6
 535 020f 80040000 		.4byte	.LASF44
 536 0213 07       		.byte	0x7
 537 0214 B8       		.byte	0xb8
 538 0215 7E020000 		.4byte	0x27e
 539 0219 30       		.byte	0x30
 540 021a 06       		.uleb128 0x6
 541 021b 15000000 		.4byte	.LASF45
 542 021f 07       		.byte	0x7
 543 0220 BC       		.byte	0xbc
 544 0221 22010000 		.4byte	0x122
 545 0225 38       		.byte	0x38
 546 0226 06       		.uleb128 0x6
 547 0227 F0030000 		.4byte	.LASF46
 548 022b 07       		.byte	0x7
 549 022c C2       		.byte	0xc2
 550 022d 2D010000 		.4byte	0x12d
 551 0231 3C       		.byte	0x3c
 552 0232 06       		.uleb128 0x6
 553 0233 7E030000 		.4byte	.LASF47
 554 0237 07       		.byte	0x7
 555 0238 C9       		.byte	0xc9
 556 0239 DF050000 		.4byte	0x5df
 557 023d 40       		.byte	0x40
 558 023e 06       		.uleb128 0x6
ARM GAS  /tmp/ccooqhrY.s 			page 11


 559 023f 54040000 		.4byte	.LASF48
 560 0243 07       		.byte	0x7
 561 0244 CD       		.byte	0xcd
 562 0245 17010000 		.4byte	0x117
 563 0249 44       		.byte	0x44
 564 024a 06       		.uleb128 0x6
 565 024b FB000000 		.4byte	.LASF49
 566 024f 07       		.byte	0x7
 567 0250 D3       		.byte	0xd3
 568 0251 B4020000 		.4byte	0x2b4
 569 0255 48       		.byte	0x48
 570 0256 00       		.byte	0
 571 0257 08       		.uleb128 0x8
 572 0258 08       		.byte	0x8
 573 0259 06       		.byte	0x6
 574 025a 5A       		.byte	0x5a
 575 025b 78020000 		.4byte	0x278
 576 025f 06       		.uleb128 0x6
 577 0260 BE030000 		.4byte	.LASF30
 578 0264 06       		.byte	0x6
 579 0265 5B       		.byte	0x5b
 580 0266 78020000 		.4byte	0x278
 581 026a 00       		.byte	0
 582 026b 06       		.uleb128 0x6
 583 026c 48030000 		.4byte	.LASF31
 584 0270 06       		.byte	0x6
 585 0271 5D       		.byte	0x5d
 586 0272 78020000 		.4byte	0x278
 587 0276 04       		.byte	0x4
 588 0277 00       		.byte	0
 589 0278 09       		.uleb128 0x9
 590 0279 04       		.byte	0x4
 591 027a 43010000 		.4byte	0x143
 592 027e 03       		.uleb128 0x3
 593 027f D4020000 		.4byte	.LASF50
 594 0283 06       		.byte	0x6
 595 0284 5F       		.byte	0x5f
 596 0285 57020000 		.4byte	0x257
 597 0289 08       		.uleb128 0x8
 598 028a 04       		.byte	0x4
 599 028b 06       		.byte	0x6
 600 028c 64       		.byte	0x64
 601 028d 9E020000 		.4byte	0x29e
 602 0291 06       		.uleb128 0x6
 603 0292 BE030000 		.4byte	.LASF30
 604 0296 06       		.byte	0x6
 605 0297 66       		.byte	0x66
 606 0298 78020000 		.4byte	0x278
 607 029c 00       		.byte	0
 608 029d 00       		.byte	0
 609 029e 03       		.uleb128 0x3
 610 029f 46020000 		.4byte	.LASF51
 611 02a3 06       		.byte	0x6
 612 02a4 69       		.byte	0x69
 613 02a5 89020000 		.4byte	0x289
 614 02a9 03       		.uleb128 0x3
 615 02aa 66010000 		.4byte	.LASF52
ARM GAS  /tmp/ccooqhrY.s 			page 12


 616 02ae 08       		.byte	0x8
 617 02af DE       		.byte	0xde
 618 02b0 B4020000 		.4byte	0x2b4
 619 02b4 0A       		.uleb128 0xa
 620 02b5 04       		.byte	0x4
 621 02b6 03       		.uleb128 0x3
 622 02b7 64020000 		.4byte	.LASF53
 623 02bb 08       		.byte	0x8
 624 02bc E4       		.byte	0xe4
 625 02bd D9000000 		.4byte	0xd9
 626 02c1 0B       		.uleb128 0xb
 627 02c2 79040000 		.4byte	.LASF54
 628 02c6 64       		.byte	0x64
 629 02c7 08       		.byte	0x8
 630 02c8 0501     		.2byte	0x105
 631 02ca 0D040000 		.4byte	0x40d
 632 02ce 0C       		.uleb128 0xc
 633 02cf 73313600 		.ascii	"s16\000"
 634 02d3 08       		.byte	0x8
 635 02d4 0701     		.2byte	0x107
 636 02d6 A9020000 		.4byte	0x2a9
 637 02da 00       		.byte	0
 638 02db 0C       		.uleb128 0xc
 639 02dc 73313700 		.ascii	"s17\000"
 640 02e0 08       		.byte	0x8
 641 02e1 0801     		.2byte	0x108
 642 02e3 A9020000 		.4byte	0x2a9
 643 02e7 04       		.byte	0x4
 644 02e8 0C       		.uleb128 0xc
 645 02e9 73313800 		.ascii	"s18\000"
 646 02ed 08       		.byte	0x8
 647 02ee 0901     		.2byte	0x109
 648 02f0 A9020000 		.4byte	0x2a9
 649 02f4 08       		.byte	0x8
 650 02f5 0C       		.uleb128 0xc
 651 02f6 73313900 		.ascii	"s19\000"
 652 02fa 08       		.byte	0x8
 653 02fb 0A01     		.2byte	0x10a
 654 02fd A9020000 		.4byte	0x2a9
 655 0301 0C       		.byte	0xc
 656 0302 0C       		.uleb128 0xc
 657 0303 73323000 		.ascii	"s20\000"
 658 0307 08       		.byte	0x8
 659 0308 0B01     		.2byte	0x10b
 660 030a A9020000 		.4byte	0x2a9
 661 030e 10       		.byte	0x10
 662 030f 0C       		.uleb128 0xc
 663 0310 73323100 		.ascii	"s21\000"
 664 0314 08       		.byte	0x8
 665 0315 0C01     		.2byte	0x10c
 666 0317 A9020000 		.4byte	0x2a9
 667 031b 14       		.byte	0x14
 668 031c 0C       		.uleb128 0xc
 669 031d 73323200 		.ascii	"s22\000"
 670 0321 08       		.byte	0x8
 671 0322 0D01     		.2byte	0x10d
 672 0324 A9020000 		.4byte	0x2a9
ARM GAS  /tmp/ccooqhrY.s 			page 13


 673 0328 18       		.byte	0x18
 674 0329 0C       		.uleb128 0xc
 675 032a 73323300 		.ascii	"s23\000"
 676 032e 08       		.byte	0x8
 677 032f 0E01     		.2byte	0x10e
 678 0331 A9020000 		.4byte	0x2a9
 679 0335 1C       		.byte	0x1c
 680 0336 0C       		.uleb128 0xc
 681 0337 73323400 		.ascii	"s24\000"
 682 033b 08       		.byte	0x8
 683 033c 0F01     		.2byte	0x10f
 684 033e A9020000 		.4byte	0x2a9
 685 0342 20       		.byte	0x20
 686 0343 0C       		.uleb128 0xc
 687 0344 73323500 		.ascii	"s25\000"
 688 0348 08       		.byte	0x8
 689 0349 1001     		.2byte	0x110
 690 034b A9020000 		.4byte	0x2a9
 691 034f 24       		.byte	0x24
 692 0350 0C       		.uleb128 0xc
 693 0351 73323600 		.ascii	"s26\000"
 694 0355 08       		.byte	0x8
 695 0356 1101     		.2byte	0x111
 696 0358 A9020000 		.4byte	0x2a9
 697 035c 28       		.byte	0x28
 698 035d 0C       		.uleb128 0xc
 699 035e 73323700 		.ascii	"s27\000"
 700 0362 08       		.byte	0x8
 701 0363 1201     		.2byte	0x112
 702 0365 A9020000 		.4byte	0x2a9
 703 0369 2C       		.byte	0x2c
 704 036a 0C       		.uleb128 0xc
 705 036b 73323800 		.ascii	"s28\000"
 706 036f 08       		.byte	0x8
 707 0370 1301     		.2byte	0x113
 708 0372 A9020000 		.4byte	0x2a9
 709 0376 30       		.byte	0x30
 710 0377 0C       		.uleb128 0xc
 711 0378 73323900 		.ascii	"s29\000"
 712 037c 08       		.byte	0x8
 713 037d 1401     		.2byte	0x114
 714 037f A9020000 		.4byte	0x2a9
 715 0383 34       		.byte	0x34
 716 0384 0C       		.uleb128 0xc
 717 0385 73333000 		.ascii	"s30\000"
 718 0389 08       		.byte	0x8
 719 038a 1501     		.2byte	0x115
 720 038c A9020000 		.4byte	0x2a9
 721 0390 38       		.byte	0x38
 722 0391 0C       		.uleb128 0xc
 723 0392 73333100 		.ascii	"s31\000"
 724 0396 08       		.byte	0x8
 725 0397 1601     		.2byte	0x116
 726 0399 A9020000 		.4byte	0x2a9
 727 039d 3C       		.byte	0x3c
 728 039e 0C       		.uleb128 0xc
 729 039f 723400   		.ascii	"r4\000"
ARM GAS  /tmp/ccooqhrY.s 			page 14


 730 03a2 08       		.byte	0x8
 731 03a3 1801     		.2byte	0x118
 732 03a5 A9020000 		.4byte	0x2a9
 733 03a9 40       		.byte	0x40
 734 03aa 0C       		.uleb128 0xc
 735 03ab 723500   		.ascii	"r5\000"
 736 03ae 08       		.byte	0x8
 737 03af 1901     		.2byte	0x119
 738 03b1 A9020000 		.4byte	0x2a9
 739 03b5 44       		.byte	0x44
 740 03b6 0C       		.uleb128 0xc
 741 03b7 723600   		.ascii	"r6\000"
 742 03ba 08       		.byte	0x8
 743 03bb 1A01     		.2byte	0x11a
 744 03bd A9020000 		.4byte	0x2a9
 745 03c1 48       		.byte	0x48
 746 03c2 0C       		.uleb128 0xc
 747 03c3 723700   		.ascii	"r7\000"
 748 03c6 08       		.byte	0x8
 749 03c7 1B01     		.2byte	0x11b
 750 03c9 A9020000 		.4byte	0x2a9
 751 03cd 4C       		.byte	0x4c
 752 03ce 0C       		.uleb128 0xc
 753 03cf 723800   		.ascii	"r8\000"
 754 03d2 08       		.byte	0x8
 755 03d3 1C01     		.2byte	0x11c
 756 03d5 A9020000 		.4byte	0x2a9
 757 03d9 50       		.byte	0x50
 758 03da 0C       		.uleb128 0xc
 759 03db 723900   		.ascii	"r9\000"
 760 03de 08       		.byte	0x8
 761 03df 1D01     		.2byte	0x11d
 762 03e1 A9020000 		.4byte	0x2a9
 763 03e5 54       		.byte	0x54
 764 03e6 0C       		.uleb128 0xc
 765 03e7 72313000 		.ascii	"r10\000"
 766 03eb 08       		.byte	0x8
 767 03ec 1E01     		.2byte	0x11e
 768 03ee A9020000 		.4byte	0x2a9
 769 03f2 58       		.byte	0x58
 770 03f3 0C       		.uleb128 0xc
 771 03f4 72313100 		.ascii	"r11\000"
 772 03f8 08       		.byte	0x8
 773 03f9 1F01     		.2byte	0x11f
 774 03fb A9020000 		.4byte	0x2a9
 775 03ff 5C       		.byte	0x5c
 776 0400 0C       		.uleb128 0xc
 777 0401 6C7200   		.ascii	"lr\000"
 778 0404 08       		.byte	0x8
 779 0405 2001     		.2byte	0x120
 780 0407 A9020000 		.4byte	0x2a9
 781 040b 60       		.byte	0x60
 782 040c 00       		.byte	0
 783 040d 0B       		.uleb128 0xb
 784 040e F8010000 		.4byte	.LASF55
 785 0412 04       		.byte	0x4
 786 0413 08       		.byte	0x8
ARM GAS  /tmp/ccooqhrY.s 			page 15


 787 0414 2A01     		.2byte	0x12a
 788 0416 28040000 		.4byte	0x428
 789 041a 0C       		.uleb128 0xc
 790 041b 72313300 		.ascii	"r13\000"
 791 041f 08       		.byte	0x8
 792 0420 2B01     		.2byte	0x12b
 793 0422 28040000 		.4byte	0x428
 794 0426 00       		.byte	0
 795 0427 00       		.byte	0
 796 0428 09       		.uleb128 0x9
 797 0429 04       		.byte	0x4
 798 042a C1020000 		.4byte	0x2c1
 799 042e 04       		.uleb128 0x4
 800 042f 04       		.byte	0x4
 801 0430 07       		.byte	0x7
 802 0431 9D020000 		.4byte	.LASF56
 803 0435 03       		.uleb128 0x3
 804 0436 D4010000 		.4byte	.LASF57
 805 043a 09       		.byte	0x9
 806 043b 4F       		.byte	0x4f
 807 043c 40040000 		.4byte	0x440
 808 0440 09       		.uleb128 0x9
 809 0441 04       		.byte	0x4
 810 0442 46040000 		.4byte	0x446
 811 0446 0D       		.uleb128 0xd
 812 0447 51040000 		.4byte	0x451
 813 044b 0E       		.uleb128 0xe
 814 044c B4020000 		.4byte	0x2b4
 815 0450 00       		.byte	0
 816 0451 03       		.uleb128 0x3
 817 0452 EB010000 		.4byte	.LASF58
 818 0456 09       		.byte	0x9
 819 0457 54       		.byte	0x54
 820 0458 5C040000 		.4byte	0x45c
 821 045c 05       		.uleb128 0x5
 822 045d EB010000 		.4byte	.LASF58
 823 0461 14       		.byte	0x14
 824 0462 09       		.byte	0x9
 825 0463 5B       		.byte	0x5b
 826 0464 A5040000 		.4byte	0x4a5
 827 0468 06       		.uleb128 0x6
 828 0469 B1010000 		.4byte	.LASF59
 829 046d 09       		.byte	0x9
 830 046e 5C       		.byte	0x5c
 831 046f A5040000 		.4byte	0x4a5
 832 0473 00       		.byte	0
 833 0474 06       		.uleb128 0x6
 834 0475 6F010000 		.4byte	.LASF60
 835 0479 09       		.byte	0x9
 836 047a 5E       		.byte	0x5e
 837 047b A5040000 		.4byte	0x4a5
 838 047f 04       		.byte	0x4
 839 0480 06       		.uleb128 0x6
 840 0481 95020000 		.4byte	.LASF61
 841 0485 09       		.byte	0x9
 842 0486 60       		.byte	0x60
 843 0487 38010000 		.4byte	0x138
ARM GAS  /tmp/ccooqhrY.s 			page 16


 844 048b 08       		.byte	0x8
 845 048c 06       		.uleb128 0x6
 846 048d A6020000 		.4byte	.LASF62
 847 0491 09       		.byte	0x9
 848 0492 61       		.byte	0x61
 849 0493 35040000 		.4byte	0x435
 850 0497 0C       		.byte	0xc
 851 0498 06       		.uleb128 0x6
 852 0499 E6050000 		.4byte	.LASF63
 853 049d 09       		.byte	0x9
 854 049e 63       		.byte	0x63
 855 049f B4020000 		.4byte	0x2b4
 856 04a3 10       		.byte	0x10
 857 04a4 00       		.byte	0
 858 04a5 09       		.uleb128 0x9
 859 04a6 04       		.byte	0x4
 860 04a7 51040000 		.4byte	0x451
 861 04ab 08       		.uleb128 0x8
 862 04ac 10       		.byte	0x10
 863 04ad 09       		.byte	0x9
 864 04ae 6D       		.byte	0x6d
 865 04af E4040000 		.4byte	0x4e4
 866 04b3 06       		.uleb128 0x6
 867 04b4 B1010000 		.4byte	.LASF59
 868 04b8 09       		.byte	0x9
 869 04b9 6E       		.byte	0x6e
 870 04ba A5040000 		.4byte	0x4a5
 871 04be 00       		.byte	0
 872 04bf 06       		.uleb128 0x6
 873 04c0 6F010000 		.4byte	.LASF60
 874 04c4 09       		.byte	0x9
 875 04c5 70       		.byte	0x70
 876 04c6 A5040000 		.4byte	0x4a5
 877 04ca 04       		.byte	0x4
 878 04cb 06       		.uleb128 0x6
 879 04cc 95020000 		.4byte	.LASF61
 880 04d0 09       		.byte	0x9
 881 04d1 72       		.byte	0x72
 882 04d2 38010000 		.4byte	0x138
 883 04d6 08       		.byte	0x8
 884 04d7 06       		.uleb128 0x6
 885 04d8 48060000 		.4byte	.LASF64
 886 04dc 09       		.byte	0x9
 887 04dd 73       		.byte	0x73
 888 04de E4040000 		.4byte	0x4e4
 889 04e2 0C       		.byte	0xc
 890 04e3 00       		.byte	0
 891 04e4 0F       		.uleb128 0xf
 892 04e5 38010000 		.4byte	0x138
 893 04e9 03       		.uleb128 0x3
 894 04ea 6F060000 		.4byte	.LASF65
 895 04ee 09       		.byte	0x9
 896 04ef 74       		.byte	0x74
 897 04f0 AB040000 		.4byte	0x4ab
 898 04f4 08       		.uleb128 0x8
 899 04f5 1C       		.byte	0x1c
 900 04f6 0A       		.byte	0xa
ARM GAS  /tmp/ccooqhrY.s 			page 17


 901 04f7 57       		.byte	0x57
 902 04f8 45050000 		.4byte	0x545
 903 04fc 06       		.uleb128 0x6
 904 04fd 10040000 		.4byte	.LASF66
 905 0501 0A       		.byte	0xa
 906 0502 58       		.byte	0x58
 907 0503 7E020000 		.4byte	0x27e
 908 0507 00       		.byte	0
 909 0508 06       		.uleb128 0x6
 910 0509 B0030000 		.4byte	.LASF67
 911 050d 0A       		.byte	0xa
 912 050e 59       		.byte	0x59
 913 050f 17010000 		.4byte	0x117
 914 0513 08       		.byte	0x8
 915 0514 06       		.uleb128 0x6
 916 0515 CE020000 		.4byte	.LASF68
 917 0519 0A       		.byte	0xa
 918 051a 5B       		.byte	0x5b
 919 051b 0D040000 		.4byte	0x40d
 920 051f 0C       		.byte	0xc
 921 0520 06       		.uleb128 0x6
 922 0521 25020000 		.4byte	.LASF69
 923 0525 0A       		.byte	0xa
 924 0526 5E       		.byte	0x5e
 925 0527 78020000 		.4byte	0x278
 926 052b 10       		.byte	0x10
 927 052c 06       		.uleb128 0x6
 928 052d F3020000 		.4byte	.LASF70
 929 0531 0A       		.byte	0xa
 930 0532 5F       		.byte	0x5f
 931 0533 78020000 		.4byte	0x278
 932 0537 14       		.byte	0x14
 933 0538 06       		.uleb128 0x6
 934 0539 E9020000 		.4byte	.LASF71
 935 053d 0A       		.byte	0xa
 936 053e 62       		.byte	0x62
 937 053f 78020000 		.4byte	0x278
 938 0543 18       		.byte	0x18
 939 0544 00       		.byte	0
 940 0545 03       		.uleb128 0x3
 941 0546 FF050000 		.4byte	.LASF72
 942 054a 0A       		.byte	0xa
 943 054b 64       		.byte	0x64
 944 054c F4040000 		.4byte	0x4f4
 945 0550 05       		.uleb128 0x5
 946 0551 5E020000 		.4byte	.LASF73
 947 0555 10       		.byte	0x10
 948 0556 0B       		.byte	0xb
 949 0557 25       		.byte	0x25
 950 0558 81050000 		.4byte	0x581
 951 055c 06       		.uleb128 0x6
 952 055d 03010000 		.4byte	.LASF74
 953 0561 0B       		.byte	0xb
 954 0562 26       		.byte	0x26
 955 0563 7E020000 		.4byte	0x27e
 956 0567 00       		.byte	0
 957 0568 06       		.uleb128 0x6
ARM GAS  /tmp/ccooqhrY.s 			page 18


 958 0569 76060000 		.4byte	.LASF75
 959 056d 0B       		.byte	0xb
 960 056e 28       		.byte	0x28
 961 056f 78020000 		.4byte	0x278
 962 0573 08       		.byte	0x8
 963 0574 06       		.uleb128 0x6
 964 0575 43040000 		.4byte	.LASF76
 965 0579 0B       		.byte	0xb
 966 057a 2A       		.byte	0x2a
 967 057b 81050000 		.4byte	0x581
 968 057f 0C       		.byte	0xc
 969 0580 00       		.byte	0
 970 0581 09       		.uleb128 0x9
 971 0582 04       		.byte	0x4
 972 0583 50050000 		.4byte	0x550
 973 0587 03       		.uleb128 0x3
 974 0588 5E020000 		.4byte	.LASF73
 975 058c 0B       		.byte	0xb
 976 058d 2C       		.byte	0x2c
 977 058e 50050000 		.4byte	0x550
 978 0592 10       		.uleb128 0x10
 979 0593 04       		.byte	0x4
 980 0594 07       		.byte	0x7
 981 0595 8F       		.byte	0x8f
 982 0596 C7050000 		.4byte	0x5c7
 983 059a 11       		.uleb128 0x11
 984 059b 22000000 		.4byte	.LASF77
 985 059f 07       		.byte	0x7
 986 05a0 96       		.byte	0x96
 987 05a1 22010000 		.4byte	0x122
 988 05a5 11       		.uleb128 0x11
 989 05a6 52010000 		.4byte	.LASF78
 990 05aa 07       		.byte	0x7
 991 05ab 9D       		.byte	0x9d
 992 05ac 22010000 		.4byte	0x122
 993 05b0 11       		.uleb128 0x11
 994 05b1 3A060000 		.4byte	.LASF79
 995 05b5 07       		.byte	0x7
 996 05b6 A4       		.byte	0xa4
 997 05b7 B4020000 		.4byte	0x2b4
 998 05bb 11       		.uleb128 0x11
 999 05bc B7030000 		.4byte	.LASF80
 1000 05c0 07       		.byte	0x7
 1001 05c1 AB       		.byte	0xab
 1002 05c2 2D010000 		.4byte	0x12d
 1003 05c6 00       		.byte	0
 1004 05c7 09       		.uleb128 0x9
 1005 05c8 04       		.byte	0x4
 1006 05c9 CD050000 		.4byte	0x5cd
 1007 05cd 12       		.uleb128 0x12
 1008 05ce D2050000 		.4byte	0x5d2
 1009 05d2 04       		.uleb128 0x4
 1010 05d3 01       		.byte	0x1
 1011 05d4 08       		.byte	0x8
 1012 05d5 18040000 		.4byte	.LASF81
 1013 05d9 09       		.uleb128 0x9
 1014 05da 04       		.byte	0x4
ARM GAS  /tmp/ccooqhrY.s 			page 19


 1015 05db B6020000 		.4byte	0x2b6
 1016 05df 09       		.uleb128 0x9
 1017 05e0 04       		.byte	0x4
 1018 05e1 87050000 		.4byte	0x587
 1019 05e5 03       		.uleb128 0x3
 1020 05e6 00000000 		.4byte	.LASF82
 1021 05ea 07       		.byte	0x7
 1022 05eb DE       		.byte	0xde
 1023 05ec F0050000 		.4byte	0x5f0
 1024 05f0 09       		.uleb128 0x9
 1025 05f1 04       		.byte	0x4
 1026 05f2 F6050000 		.4byte	0x5f6
 1027 05f6 13       		.uleb128 0x13
 1028 05f7 22010000 		.4byte	0x122
 1029 05fb 05060000 		.4byte	0x605
 1030 05ff 0E       		.uleb128 0xe
 1031 0600 B4020000 		.4byte	0x2b4
 1032 0604 00       		.byte	0
 1033 0605 08       		.uleb128 0x8
 1034 0606 16       		.byte	0x16
 1035 0607 0C       		.byte	0xc
 1036 0608 25       		.byte	0x25
 1037 0609 E6060000 		.4byte	0x6e6
 1038 060d 06       		.uleb128 0x6
 1039 060e DD010000 		.4byte	.LASF83
 1040 0612 0C       		.byte	0xc
 1041 0613 26       		.byte	0x26
 1042 0614 E6060000 		.4byte	0x6e6
 1043 0618 00       		.byte	0
 1044 0619 06       		.uleb128 0x6
 1045 061a 81020000 		.4byte	.LASF84
 1046 061e 0C       		.byte	0xc
 1047 061f 27       		.byte	0x27
 1048 0620 AD000000 		.4byte	0xad
 1049 0624 04       		.byte	0x4
 1050 0625 06       		.uleb128 0x6
 1051 0626 E1020000 		.4byte	.LASF85
 1052 062a 0C       		.byte	0xc
 1053 062b 28       		.byte	0x28
 1054 062c AD000000 		.4byte	0xad
 1055 0630 05       		.byte	0x5
 1056 0631 06       		.uleb128 0x6
 1057 0632 64060000 		.4byte	.LASF86
 1058 0636 0C       		.byte	0xc
 1059 0637 29       		.byte	0x29
 1060 0638 B8000000 		.4byte	0xb8
 1061 063c 06       		.byte	0x6
 1062 063d 06       		.uleb128 0x6
 1063 063e 3D030000 		.4byte	.LASF87
 1064 0642 0C       		.byte	0xc
 1065 0643 2A       		.byte	0x2a
 1066 0644 AD000000 		.4byte	0xad
 1067 0648 08       		.byte	0x8
 1068 0649 06       		.uleb128 0x6
 1069 064a AE020000 		.4byte	.LASF88
 1070 064e 0C       		.byte	0xc
 1071 064f 2B       		.byte	0x2b
ARM GAS  /tmp/ccooqhrY.s 			page 20


 1072 0650 AD000000 		.4byte	0xad
 1073 0654 09       		.byte	0x9
 1074 0655 06       		.uleb128 0x6
 1075 0656 3C000000 		.4byte	.LASF89
 1076 065a 0C       		.byte	0xc
 1077 065b 2C       		.byte	0x2c
 1078 065c AD000000 		.4byte	0xad
 1079 0660 0A       		.byte	0xa
 1080 0661 06       		.uleb128 0x6
 1081 0662 04040000 		.4byte	.LASF90
 1082 0666 0C       		.byte	0xc
 1083 0667 2D       		.byte	0x2d
 1084 0668 AD000000 		.4byte	0xad
 1085 066c 0B       		.byte	0xb
 1086 066d 06       		.uleb128 0x6
 1087 066e ED050000 		.4byte	.LASF91
 1088 0672 0C       		.byte	0xc
 1089 0673 2E       		.byte	0x2e
 1090 0674 AD000000 		.4byte	0xad
 1091 0678 0C       		.byte	0xc
 1092 0679 06       		.uleb128 0x6
 1093 067a E3030000 		.4byte	.LASF92
 1094 067e 0C       		.byte	0xc
 1095 067f 2F       		.byte	0x2f
 1096 0680 AD000000 		.4byte	0xad
 1097 0684 0D       		.byte	0xd
 1098 0685 06       		.uleb128 0x6
 1099 0686 08000000 		.4byte	.LASF93
 1100 068a 0C       		.byte	0xc
 1101 068b 30       		.byte	0x30
 1102 068c AD000000 		.4byte	0xad
 1103 0690 0E       		.byte	0xe
 1104 0691 06       		.uleb128 0x6
 1105 0692 BA020000 		.4byte	.LASF94
 1106 0696 0C       		.byte	0xc
 1107 0697 31       		.byte	0x31
 1108 0698 AD000000 		.4byte	0xad
 1109 069c 0F       		.byte	0xf
 1110 069d 06       		.uleb128 0x6
 1111 069e C4000000 		.4byte	.LASF95
 1112 06a2 0C       		.byte	0xc
 1113 06a3 32       		.byte	0x32
 1114 06a4 AD000000 		.4byte	0xad
 1115 06a8 10       		.byte	0x10
 1116 06a9 06       		.uleb128 0x6
 1117 06aa 8D000000 		.4byte	.LASF96
 1118 06ae 0C       		.byte	0xc
 1119 06af 34       		.byte	0x34
 1120 06b0 AD000000 		.4byte	0xad
 1121 06b4 11       		.byte	0x11
 1122 06b5 06       		.uleb128 0x6
 1123 06b6 EE000000 		.4byte	.LASF97
 1124 06ba 0C       		.byte	0xc
 1125 06bb 35       		.byte	0x35
 1126 06bc AD000000 		.4byte	0xad
 1127 06c0 12       		.byte	0x12
 1128 06c1 06       		.uleb128 0x6
ARM GAS  /tmp/ccooqhrY.s 			page 21


 1129 06c2 89020000 		.4byte	.LASF98
 1130 06c6 0C       		.byte	0xc
 1131 06c7 36       		.byte	0x36
 1132 06c8 AD000000 		.4byte	0xad
 1133 06cc 13       		.byte	0x13
 1134 06cd 06       		.uleb128 0x6
 1135 06ce C5030000 		.4byte	.LASF99
 1136 06d2 0C       		.byte	0xc
 1137 06d3 37       		.byte	0x37
 1138 06d4 AD000000 		.4byte	0xad
 1139 06d8 14       		.byte	0x14
 1140 06d9 06       		.uleb128 0x6
 1141 06da A4030000 		.4byte	.LASF100
 1142 06de 0C       		.byte	0xc
 1143 06df 39       		.byte	0x39
 1144 06e0 AD000000 		.4byte	0xad
 1145 06e4 15       		.byte	0x15
 1146 06e5 00       		.byte	0
 1147 06e6 14       		.uleb128 0x14
 1148 06e7 D2050000 		.4byte	0x5d2
 1149 06eb F6060000 		.4byte	0x6f6
 1150 06ef 15       		.uleb128 0x15
 1151 06f0 2E040000 		.4byte	0x42e
 1152 06f4 03       		.byte	0x3
 1153 06f5 00       		.byte	0
 1154 06f6 03       		.uleb128 0x3
 1155 06f7 30010000 		.4byte	.LASF101
 1156 06fb 0C       		.byte	0xc
 1157 06fc 3A       		.byte	0x3a
 1158 06fd 05060000 		.4byte	0x605
 1159 0701 16       		.uleb128 0x16
 1160 0702 1D030000 		.4byte	.LASF102
 1161 0706 01       		.byte	0x1
 1162 0707 36       		.byte	0x36
 1163 0708 00000000 		.4byte	.LFB7
 1164 070c 14000000 		.4byte	.LFE7-.LFB7
 1165 0710 01       		.uleb128 0x1
 1166 0711 9C       		.byte	0x9c
 1167 0712 22070000 		.4byte	0x722
 1168 0716 17       		.uleb128 0x17
 1169 0717 7000     		.ascii	"p\000"
 1170 0719 01       		.byte	0x1
 1171 071a 36       		.byte	0x36
 1172 071b B4020000 		.4byte	0x2b4
 1173 071f 01       		.uleb128 0x1
 1174 0720 50       		.byte	0x50
 1175 0721 00       		.byte	0
 1176 0722 16       		.uleb128 0x16
 1177 0723 77010000 		.4byte	.LASF103
 1178 0727 01       		.byte	0x1
 1179 0728 4D       		.byte	0x4d
 1180 0729 00000000 		.4byte	.LFB8
 1181 072d 70000000 		.4byte	.LFE8-.LFB8
 1182 0731 01       		.uleb128 0x1
 1183 0732 9C       		.byte	0x9c
 1184 0733 FA070000 		.4byte	0x7fa
 1185 0737 18       		.uleb128 0x18
ARM GAS  /tmp/ccooqhrY.s 			page 22


 1186 0738 7B000000 		.4byte	.LASF104
 1187 073c 01       		.byte	0x1
 1188 073d 4E       		.byte	0x4e
 1189 073e 43010000 		.4byte	0x143
 1190 0742 05       		.uleb128 0x5
 1191 0743 03       		.byte	0x3
 1192 0744 00000000 		.4byte	mainthread.4882
 1193 0748 19       		.uleb128 0x19
 1194 0749 28040000 		.4byte	.LASF106
 1195 074d 01       		.byte	0x1
 1196 074e 50       		.byte	0x50
 1197 074f B6020000 		.4byte	0x2b6
 1198 0753 1A       		.uleb128 0x1a
 1199 0754 36000000 		.4byte	.LBB2
 1200 0758 08000000 		.4byte	.LBE2-.LBB2
 1201 075c 6E070000 		.4byte	0x76e
 1202 0760 1B       		.uleb128 0x1b
 1203 0761 746D7000 		.ascii	"tmp\000"
 1204 0765 01       		.byte	0x1
 1205 0766 68       		.byte	0x68
 1206 0767 CE000000 		.4byte	0xce
 1207 076b 01       		.uleb128 0x1
 1208 076c 53       		.byte	0x53
 1209 076d 00       		.byte	0
 1210 076e 1C       		.uleb128 0x1c
 1211 076f 08000000 		.4byte	.LVL1
 1212 0773 F0080000 		.4byte	0x8f0
 1213 0777 1C       		.uleb128 0x1c
 1214 0778 0C000000 		.4byte	.LVL2
 1215 077c F8080000 		.4byte	0x8f8
 1216 0780 1C       		.uleb128 0x1c
 1217 0781 10000000 		.4byte	.LVL3
 1218 0785 FF080000 		.4byte	0x8ff
 1219 0789 1C       		.uleb128 0x1c
 1220 078a 14000000 		.4byte	.LVL4
 1221 078e 06090000 		.4byte	0x906
 1222 0792 1C       		.uleb128 0x1c
 1223 0793 18000000 		.4byte	.LVL5
 1224 0797 0D090000 		.4byte	0x90d
 1225 079b 1C       		.uleb128 0x1c
 1226 079c 1C000000 		.4byte	.LVL6
 1227 07a0 14090000 		.4byte	0x914
 1228 07a4 1D       		.uleb128 0x1d
 1229 07a5 26000000 		.4byte	.LVL7
 1230 07a9 1B090000 		.4byte	0x91b
 1231 07ad C1070000 		.4byte	0x7c1
 1232 07b1 1E       		.uleb128 0x1e
 1233 07b2 01       		.uleb128 0x1
 1234 07b3 51       		.byte	0x51
 1235 07b4 02       		.uleb128 0x2
 1236 07b5 08       		.byte	0x8
 1237 07b6 40       		.byte	0x40
 1238 07b7 1E       		.uleb128 0x1e
 1239 07b8 01       		.uleb128 0x1
 1240 07b9 50       		.byte	0x50
 1241 07ba 05       		.uleb128 0x5
 1242 07bb 03       		.byte	0x3
ARM GAS  /tmp/ccooqhrY.s 			page 23


 1243 07bc 00000000 		.4byte	.LANCHOR0
 1244 07c0 00       		.byte	0
 1245 07c1 1C       		.uleb128 0x1c
 1246 07c2 36000000 		.4byte	.LVL8
 1247 07c6 36090000 		.4byte	0x936
 1248 07ca 1F       		.uleb128 0x1f
 1249 07cb 54000000 		.4byte	.LVL9
 1250 07cf 3D090000 		.4byte	0x93d
 1251 07d3 1E       		.uleb128 0x1e
 1252 07d4 01       		.uleb128 0x1
 1253 07d5 53       		.byte	0x53
 1254 07d6 05       		.uleb128 0x5
 1255 07d7 03       		.byte	0x3
 1256 07d8 00000000 		.4byte	_idle_thread
 1257 07dc 1E       		.uleb128 0x1e
 1258 07dd 01       		.uleb128 0x1
 1259 07de 52       		.byte	0x52
 1260 07df 02       		.uleb128 0x2
 1261 07e0 75       		.byte	0x75
 1262 07e1 00       		.sleb128 0
 1263 07e2 1E       		.uleb128 0x1e
 1264 07e3 01       		.uleb128 0x1
 1265 07e4 51       		.byte	0x51
 1266 07e5 03       		.uleb128 0x3
 1267 07e6 0A       		.byte	0xa
 1268 07e7 4801     		.2byte	0x148
 1269 07e9 1E       		.uleb128 0x1e
 1270 07ea 01       		.uleb128 0x1
 1271 07eb 50       		.byte	0x50
 1272 07ec 05       		.uleb128 0x5
 1273 07ed 03       		.byte	0x3
 1274 07ee 00000000 		.4byte	.LANCHOR1
 1275 07f2 1E       		.uleb128 0x1e
 1276 07f3 02       		.uleb128 0x2
 1277 07f4 7D       		.byte	0x7d
 1278 07f5 00       		.sleb128 0
 1279 07f6 01       		.uleb128 0x1
 1280 07f7 30       		.byte	0x30
 1281 07f8 00       		.byte	0
 1282 07f9 00       		.byte	0
 1283 07fa 16       		.uleb128 0x16
 1284 07fb 51000000 		.4byte	.LASF105
 1285 07ff 01       		.byte	0x1
 1286 0800 82       		.byte	0x82
 1287 0801 00000000 		.4byte	.LFB9
 1288 0805 68000000 		.4byte	.LFE9-.LFB9
 1289 0809 01       		.uleb128 0x1
 1290 080a 9C       		.byte	0x9c
 1291 080b 9E080000 		.4byte	0x89e
 1292 080f 1A       		.uleb128 0x1a
 1293 0810 2A000000 		.4byte	.LBB3
 1294 0814 3E000000 		.4byte	.LBE3-.LBB3
 1295 0818 94080000 		.4byte	0x894
 1296 081c 20       		.uleb128 0x20
 1297 081d 76747000 		.ascii	"vtp\000"
 1298 0821 01       		.byte	0x1
 1299 0822 8F       		.byte	0x8f
ARM GAS  /tmp/ccooqhrY.s 			page 24


 1300 0823 A5040000 		.4byte	0x4a5
 1301 0827 00000000 		.4byte	.LLST0
 1302 082b 21       		.uleb128 0x21
 1303 082c 32000000 		.4byte	.LBB4
 1304 0830 22000000 		.4byte	.LBE4-.LBB4
 1305 0834 20       		.uleb128 0x20
 1306 0835 666E00   		.ascii	"fn\000"
 1307 0838 01       		.byte	0x1
 1308 0839 8F       		.byte	0x8f
 1309 083a 35040000 		.4byte	0x435
 1310 083e 13000000 		.4byte	.LLST1
 1311 0842 1A       		.uleb128 0x1a
 1312 0843 40000000 		.4byte	.LBB5
 1313 0847 06000000 		.4byte	.LBE5-.LBB5
 1314 084b 5D080000 		.4byte	0x85d
 1315 084f 1B       		.uleb128 0x1b
 1316 0850 746D7000 		.ascii	"tmp\000"
 1317 0854 01       		.byte	0x1
 1318 0855 8F       		.byte	0x8f
 1319 0856 CE000000 		.4byte	0xce
 1320 085a 01       		.uleb128 0x1
 1321 085b 53       		.byte	0x53
 1322 085c 00       		.byte	0
 1323 085d 1A       		.uleb128 0x1a
 1324 085e 4A000000 		.4byte	.LBB6
 1325 0862 06000000 		.4byte	.LBE6-.LBB6
 1326 0866 78080000 		.4byte	0x878
 1327 086a 1B       		.uleb128 0x1b
 1328 086b 746D7000 		.ascii	"tmp\000"
 1329 086f 01       		.byte	0x1
 1330 0870 8F       		.byte	0x8f
 1331 0871 CE000000 		.4byte	0xce
 1332 0875 01       		.uleb128 0x1
 1333 0876 53       		.byte	0x53
 1334 0877 00       		.byte	0
 1335 0878 1C       		.uleb128 0x1c
 1336 0879 40000000 		.4byte	.LVL13
 1337 087d 67090000 		.4byte	0x967
 1338 0881 22       		.uleb128 0x22
 1339 0882 4A000000 		.4byte	.LVL14
 1340 0886 02       		.uleb128 0x2
 1341 0887 76       		.byte	0x76
 1342 0888 00       		.sleb128 0
 1343 0889 1C       		.uleb128 0x1c
 1344 088a 54000000 		.4byte	.LVL15
 1345 088e 6E090000 		.4byte	0x96e
 1346 0892 00       		.byte	0
 1347 0893 00       		.byte	0
 1348 0894 1C       		.uleb128 0x1c
 1349 0895 06000000 		.4byte	.LVL10
 1350 0899 75090000 		.4byte	0x975
 1351 089d 00       		.byte	0
 1352 089e 19       		.uleb128 0x19
 1353 089f 4A000000 		.4byte	.LASF107
 1354 08a3 09       		.byte	0x9
 1355 08a4 D2       		.byte	0xd2
 1356 08a5 E9040000 		.4byte	0x4e9
ARM GAS  /tmp/ccooqhrY.s 			page 25


 1357 08a9 19       		.uleb128 0x19
 1358 08aa 09060000 		.4byte	.LASF108
 1359 08ae 0A       		.byte	0xa
 1360 08af 68       		.byte	0x68
 1361 08b0 45050000 		.4byte	0x545
 1362 08b4 19       		.uleb128 0x19
 1363 08b5 CB010000 		.4byte	.LASF109
 1364 08b9 0C       		.byte	0xc
 1365 08ba 77       		.byte	0x77
 1366 08bb BF080000 		.4byte	0x8bf
 1367 08bf 12       		.uleb128 0x12
 1368 08c0 F6060000 		.4byte	0x6f6
 1369 08c4 14       		.uleb128 0x14
 1370 08c5 B6020000 		.4byte	0x2b6
 1371 08c9 D4080000 		.4byte	0x8d4
 1372 08cd 15       		.uleb128 0x15
 1373 08ce 2E040000 		.4byte	0x42e
 1374 08d2 28       		.byte	0x28
 1375 08d3 00       		.byte	0
 1376 08d4 23       		.uleb128 0x23
 1377 08d5 42010000 		.4byte	.LASF110
 1378 08d9 01       		.byte	0x1
 1379 08da 2A       		.byte	0x2a
 1380 08db C4080000 		.4byte	0x8c4
 1381 08df 05       		.uleb128 0x5
 1382 08e0 03       		.byte	0x3
 1383 08e1 00000000 		.4byte	_idle_thread_wa
 1384 08e5 19       		.uleb128 0x19
 1385 08e6 28040000 		.4byte	.LASF106
 1386 08ea 01       		.byte	0x1
 1387 08eb 50       		.byte	0x50
 1388 08ec B6020000 		.4byte	0x2b6
 1389 08f0 24       		.uleb128 0x24
 1390 08f1 17060000 		.4byte	.LASF111
 1391 08f5 08       		.byte	0x8
 1392 08f6 FB01     		.2byte	0x1fb
 1393 08f8 25       		.uleb128 0x25
 1394 08f9 9A000000 		.4byte	.LASF112
 1395 08fd 0A       		.byte	0xa
 1396 08fe 87       		.byte	0x87
 1397 08ff 25       		.uleb128 0x25
 1398 0900 69040000 		.4byte	.LASF113
 1399 0904 09       		.byte	0x9
 1400 0905 DA       		.byte	0xda
 1401 0906 25       		.uleb128 0x25
 1402 0907 73030000 		.4byte	.LASF114
 1403 090b 0D       		.byte	0xd
 1404 090c 4A       		.byte	0x4a
 1405 090d 25       		.uleb128 0x25
 1406 090e 81010000 		.4byte	.LASF115
 1407 0912 0E       		.byte	0xe
 1408 0913 4E       		.byte	0x4e
 1409 0914 25       		.uleb128 0x25
 1410 0915 13020000 		.4byte	.LASF116
 1411 0919 0F       		.byte	0xf
 1412 091a EA       		.byte	0xea
 1413 091b 26       		.uleb128 0x26
ARM GAS  /tmp/ccooqhrY.s 			page 26


 1414 091c A4010000 		.4byte	.LASF118
 1415 0920 07       		.byte	0x7
 1416 0921 6301     		.2byte	0x163
 1417 0923 78020000 		.4byte	0x278
 1418 0927 36090000 		.4byte	0x936
 1419 092b 0E       		.uleb128 0xe
 1420 092c 78020000 		.4byte	0x278
 1421 0930 0E       		.uleb128 0xe
 1422 0931 17010000 		.4byte	0x117
 1423 0935 00       		.byte	0
 1424 0936 25       		.uleb128 0x25
 1425 0937 53060000 		.4byte	.LASF117
 1426 093b 0F       		.byte	0xf
 1427 093c DF       		.byte	0xdf
 1428 093d 26       		.uleb128 0x26
 1429 093e 6F020000 		.4byte	.LASF119
 1430 0942 07       		.byte	0x7
 1431 0943 6901     		.2byte	0x169
 1432 0945 78020000 		.4byte	0x278
 1433 0949 67090000 		.4byte	0x967
 1434 094d 0E       		.uleb128 0xe
 1435 094e B4020000 		.4byte	0x2b4
 1436 0952 0E       		.uleb128 0xe
 1437 0953 2C000000 		.4byte	0x2c
 1438 0957 0E       		.uleb128 0xe
 1439 0958 17010000 		.4byte	0x117
 1440 095c 0E       		.uleb128 0xe
 1441 095d E5050000 		.4byte	0x5e5
 1442 0961 0E       		.uleb128 0xe
 1443 0962 B4020000 		.4byte	0x2b4
 1444 0966 00       		.byte	0
 1445 0967 25       		.uleb128 0x25
 1446 0968 D4000000 		.4byte	.LASF120
 1447 096c 0F       		.byte	0xf
 1448 096d E3       		.byte	0xe3
 1449 096e 25       		.uleb128 0x25
 1450 096f 22060000 		.4byte	.LASF121
 1451 0973 0F       		.byte	0xf
 1452 0974 E2       		.byte	0xe2
 1453 0975 25       		.uleb128 0x25
 1454 0976 2D020000 		.4byte	.LASF122
 1455 097a 0F       		.byte	0xf
 1456 097b E6       		.byte	0xe6
 1457 097c 00       		.byte	0
 1458              		.section	.debug_abbrev,"",%progbits
 1459              	.Ldebug_abbrev0:
 1460 0000 01       		.uleb128 0x1
 1461 0001 11       		.uleb128 0x11
 1462 0002 01       		.byte	0x1
 1463 0003 25       		.uleb128 0x25
 1464 0004 0E       		.uleb128 0xe
 1465 0005 13       		.uleb128 0x13
 1466 0006 0B       		.uleb128 0xb
 1467 0007 03       		.uleb128 0x3
 1468 0008 0E       		.uleb128 0xe
 1469 0009 1B       		.uleb128 0x1b
 1470 000a 0E       		.uleb128 0xe
ARM GAS  /tmp/ccooqhrY.s 			page 27


 1471 000b 55       		.uleb128 0x55
 1472 000c 17       		.uleb128 0x17
 1473 000d 11       		.uleb128 0x11
 1474 000e 01       		.uleb128 0x1
 1475 000f 10       		.uleb128 0x10
 1476 0010 17       		.uleb128 0x17
 1477 0011 00       		.byte	0
 1478 0012 00       		.byte	0
 1479 0013 02       		.uleb128 0x2
 1480 0014 24       		.uleb128 0x24
 1481 0015 00       		.byte	0
 1482 0016 0B       		.uleb128 0xb
 1483 0017 0B       		.uleb128 0xb
 1484 0018 3E       		.uleb128 0x3e
 1485 0019 0B       		.uleb128 0xb
 1486 001a 03       		.uleb128 0x3
 1487 001b 08       		.uleb128 0x8
 1488 001c 00       		.byte	0
 1489 001d 00       		.byte	0
 1490 001e 03       		.uleb128 0x3
 1491 001f 16       		.uleb128 0x16
 1492 0020 00       		.byte	0
 1493 0021 03       		.uleb128 0x3
 1494 0022 0E       		.uleb128 0xe
 1495 0023 3A       		.uleb128 0x3a
 1496 0024 0B       		.uleb128 0xb
 1497 0025 3B       		.uleb128 0x3b
 1498 0026 0B       		.uleb128 0xb
 1499 0027 49       		.uleb128 0x49
 1500 0028 13       		.uleb128 0x13
 1501 0029 00       		.byte	0
 1502 002a 00       		.byte	0
 1503 002b 04       		.uleb128 0x4
 1504 002c 24       		.uleb128 0x24
 1505 002d 00       		.byte	0
 1506 002e 0B       		.uleb128 0xb
 1507 002f 0B       		.uleb128 0xb
 1508 0030 3E       		.uleb128 0x3e
 1509 0031 0B       		.uleb128 0xb
 1510 0032 03       		.uleb128 0x3
 1511 0033 0E       		.uleb128 0xe
 1512 0034 00       		.byte	0
 1513 0035 00       		.byte	0
 1514 0036 05       		.uleb128 0x5
 1515 0037 13       		.uleb128 0x13
 1516 0038 01       		.byte	0x1
 1517 0039 03       		.uleb128 0x3
 1518 003a 0E       		.uleb128 0xe
 1519 003b 0B       		.uleb128 0xb
 1520 003c 0B       		.uleb128 0xb
 1521 003d 3A       		.uleb128 0x3a
 1522 003e 0B       		.uleb128 0xb
 1523 003f 3B       		.uleb128 0x3b
 1524 0040 0B       		.uleb128 0xb
 1525 0041 01       		.uleb128 0x1
 1526 0042 13       		.uleb128 0x13
 1527 0043 00       		.byte	0
ARM GAS  /tmp/ccooqhrY.s 			page 28


 1528 0044 00       		.byte	0
 1529 0045 06       		.uleb128 0x6
 1530 0046 0D       		.uleb128 0xd
 1531 0047 00       		.byte	0
 1532 0048 03       		.uleb128 0x3
 1533 0049 0E       		.uleb128 0xe
 1534 004a 3A       		.uleb128 0x3a
 1535 004b 0B       		.uleb128 0xb
 1536 004c 3B       		.uleb128 0x3b
 1537 004d 0B       		.uleb128 0xb
 1538 004e 49       		.uleb128 0x49
 1539 004f 13       		.uleb128 0x13
 1540 0050 38       		.uleb128 0x38
 1541 0051 0B       		.uleb128 0xb
 1542 0052 00       		.byte	0
 1543 0053 00       		.byte	0
 1544 0054 07       		.uleb128 0x7
 1545 0055 0D       		.uleb128 0xd
 1546 0056 00       		.byte	0
 1547 0057 03       		.uleb128 0x3
 1548 0058 08       		.uleb128 0x8
 1549 0059 3A       		.uleb128 0x3a
 1550 005a 0B       		.uleb128 0xb
 1551 005b 3B       		.uleb128 0x3b
 1552 005c 0B       		.uleb128 0xb
 1553 005d 49       		.uleb128 0x49
 1554 005e 13       		.uleb128 0x13
 1555 005f 38       		.uleb128 0x38
 1556 0060 0B       		.uleb128 0xb
 1557 0061 00       		.byte	0
 1558 0062 00       		.byte	0
 1559 0063 08       		.uleb128 0x8
 1560 0064 13       		.uleb128 0x13
 1561 0065 01       		.byte	0x1
 1562 0066 0B       		.uleb128 0xb
 1563 0067 0B       		.uleb128 0xb
 1564 0068 3A       		.uleb128 0x3a
 1565 0069 0B       		.uleb128 0xb
 1566 006a 3B       		.uleb128 0x3b
 1567 006b 0B       		.uleb128 0xb
 1568 006c 01       		.uleb128 0x1
 1569 006d 13       		.uleb128 0x13
 1570 006e 00       		.byte	0
 1571 006f 00       		.byte	0
 1572 0070 09       		.uleb128 0x9
 1573 0071 0F       		.uleb128 0xf
 1574 0072 00       		.byte	0
 1575 0073 0B       		.uleb128 0xb
 1576 0074 0B       		.uleb128 0xb
 1577 0075 49       		.uleb128 0x49
 1578 0076 13       		.uleb128 0x13
 1579 0077 00       		.byte	0
 1580 0078 00       		.byte	0
 1581 0079 0A       		.uleb128 0xa
 1582 007a 0F       		.uleb128 0xf
 1583 007b 00       		.byte	0
 1584 007c 0B       		.uleb128 0xb
ARM GAS  /tmp/ccooqhrY.s 			page 29


 1585 007d 0B       		.uleb128 0xb
 1586 007e 00       		.byte	0
 1587 007f 00       		.byte	0
 1588 0080 0B       		.uleb128 0xb
 1589 0081 13       		.uleb128 0x13
 1590 0082 01       		.byte	0x1
 1591 0083 03       		.uleb128 0x3
 1592 0084 0E       		.uleb128 0xe
 1593 0085 0B       		.uleb128 0xb
 1594 0086 0B       		.uleb128 0xb
 1595 0087 3A       		.uleb128 0x3a
 1596 0088 0B       		.uleb128 0xb
 1597 0089 3B       		.uleb128 0x3b
 1598 008a 05       		.uleb128 0x5
 1599 008b 01       		.uleb128 0x1
 1600 008c 13       		.uleb128 0x13
 1601 008d 00       		.byte	0
 1602 008e 00       		.byte	0
 1603 008f 0C       		.uleb128 0xc
 1604 0090 0D       		.uleb128 0xd
 1605 0091 00       		.byte	0
 1606 0092 03       		.uleb128 0x3
 1607 0093 08       		.uleb128 0x8
 1608 0094 3A       		.uleb128 0x3a
 1609 0095 0B       		.uleb128 0xb
 1610 0096 3B       		.uleb128 0x3b
 1611 0097 05       		.uleb128 0x5
 1612 0098 49       		.uleb128 0x49
 1613 0099 13       		.uleb128 0x13
 1614 009a 38       		.uleb128 0x38
 1615 009b 0B       		.uleb128 0xb
 1616 009c 00       		.byte	0
 1617 009d 00       		.byte	0
 1618 009e 0D       		.uleb128 0xd
 1619 009f 15       		.uleb128 0x15
 1620 00a0 01       		.byte	0x1
 1621 00a1 27       		.uleb128 0x27
 1622 00a2 19       		.uleb128 0x19
 1623 00a3 01       		.uleb128 0x1
 1624 00a4 13       		.uleb128 0x13
 1625 00a5 00       		.byte	0
 1626 00a6 00       		.byte	0
 1627 00a7 0E       		.uleb128 0xe
 1628 00a8 05       		.uleb128 0x5
 1629 00a9 00       		.byte	0
 1630 00aa 49       		.uleb128 0x49
 1631 00ab 13       		.uleb128 0x13
 1632 00ac 00       		.byte	0
 1633 00ad 00       		.byte	0
 1634 00ae 0F       		.uleb128 0xf
 1635 00af 35       		.uleb128 0x35
 1636 00b0 00       		.byte	0
 1637 00b1 49       		.uleb128 0x49
 1638 00b2 13       		.uleb128 0x13
 1639 00b3 00       		.byte	0
 1640 00b4 00       		.byte	0
 1641 00b5 10       		.uleb128 0x10
ARM GAS  /tmp/ccooqhrY.s 			page 30


 1642 00b6 17       		.uleb128 0x17
 1643 00b7 01       		.byte	0x1
 1644 00b8 0B       		.uleb128 0xb
 1645 00b9 0B       		.uleb128 0xb
 1646 00ba 3A       		.uleb128 0x3a
 1647 00bb 0B       		.uleb128 0xb
 1648 00bc 3B       		.uleb128 0x3b
 1649 00bd 0B       		.uleb128 0xb
 1650 00be 01       		.uleb128 0x1
 1651 00bf 13       		.uleb128 0x13
 1652 00c0 00       		.byte	0
 1653 00c1 00       		.byte	0
 1654 00c2 11       		.uleb128 0x11
 1655 00c3 0D       		.uleb128 0xd
 1656 00c4 00       		.byte	0
 1657 00c5 03       		.uleb128 0x3
 1658 00c6 0E       		.uleb128 0xe
 1659 00c7 3A       		.uleb128 0x3a
 1660 00c8 0B       		.uleb128 0xb
 1661 00c9 3B       		.uleb128 0x3b
 1662 00ca 0B       		.uleb128 0xb
 1663 00cb 49       		.uleb128 0x49
 1664 00cc 13       		.uleb128 0x13
 1665 00cd 00       		.byte	0
 1666 00ce 00       		.byte	0
 1667 00cf 12       		.uleb128 0x12
 1668 00d0 26       		.uleb128 0x26
 1669 00d1 00       		.byte	0
 1670 00d2 49       		.uleb128 0x49
 1671 00d3 13       		.uleb128 0x13
 1672 00d4 00       		.byte	0
 1673 00d5 00       		.byte	0
 1674 00d6 13       		.uleb128 0x13
 1675 00d7 15       		.uleb128 0x15
 1676 00d8 01       		.byte	0x1
 1677 00d9 27       		.uleb128 0x27
 1678 00da 19       		.uleb128 0x19
 1679 00db 49       		.uleb128 0x49
 1680 00dc 13       		.uleb128 0x13
 1681 00dd 01       		.uleb128 0x1
 1682 00de 13       		.uleb128 0x13
 1683 00df 00       		.byte	0
 1684 00e0 00       		.byte	0
 1685 00e1 14       		.uleb128 0x14
 1686 00e2 01       		.uleb128 0x1
 1687 00e3 01       		.byte	0x1
 1688 00e4 49       		.uleb128 0x49
 1689 00e5 13       		.uleb128 0x13
 1690 00e6 01       		.uleb128 0x1
 1691 00e7 13       		.uleb128 0x13
 1692 00e8 00       		.byte	0
 1693 00e9 00       		.byte	0
 1694 00ea 15       		.uleb128 0x15
 1695 00eb 21       		.uleb128 0x21
 1696 00ec 00       		.byte	0
 1697 00ed 49       		.uleb128 0x49
 1698 00ee 13       		.uleb128 0x13
ARM GAS  /tmp/ccooqhrY.s 			page 31


 1699 00ef 2F       		.uleb128 0x2f
 1700 00f0 0B       		.uleb128 0xb
 1701 00f1 00       		.byte	0
 1702 00f2 00       		.byte	0
 1703 00f3 16       		.uleb128 0x16
 1704 00f4 2E       		.uleb128 0x2e
 1705 00f5 01       		.byte	0x1
 1706 00f6 3F       		.uleb128 0x3f
 1707 00f7 19       		.uleb128 0x19
 1708 00f8 03       		.uleb128 0x3
 1709 00f9 0E       		.uleb128 0xe
 1710 00fa 3A       		.uleb128 0x3a
 1711 00fb 0B       		.uleb128 0xb
 1712 00fc 3B       		.uleb128 0x3b
 1713 00fd 0B       		.uleb128 0xb
 1714 00fe 27       		.uleb128 0x27
 1715 00ff 19       		.uleb128 0x19
 1716 0100 11       		.uleb128 0x11
 1717 0101 01       		.uleb128 0x1
 1718 0102 12       		.uleb128 0x12
 1719 0103 06       		.uleb128 0x6
 1720 0104 40       		.uleb128 0x40
 1721 0105 18       		.uleb128 0x18
 1722 0106 9742     		.uleb128 0x2117
 1723 0108 19       		.uleb128 0x19
 1724 0109 01       		.uleb128 0x1
 1725 010a 13       		.uleb128 0x13
 1726 010b 00       		.byte	0
 1727 010c 00       		.byte	0
 1728 010d 17       		.uleb128 0x17
 1729 010e 05       		.uleb128 0x5
 1730 010f 00       		.byte	0
 1731 0110 03       		.uleb128 0x3
 1732 0111 08       		.uleb128 0x8
 1733 0112 3A       		.uleb128 0x3a
 1734 0113 0B       		.uleb128 0xb
 1735 0114 3B       		.uleb128 0x3b
 1736 0115 0B       		.uleb128 0xb
 1737 0116 49       		.uleb128 0x49
 1738 0117 13       		.uleb128 0x13
 1739 0118 02       		.uleb128 0x2
 1740 0119 18       		.uleb128 0x18
 1741 011a 00       		.byte	0
 1742 011b 00       		.byte	0
 1743 011c 18       		.uleb128 0x18
 1744 011d 34       		.uleb128 0x34
 1745 011e 00       		.byte	0
 1746 011f 03       		.uleb128 0x3
 1747 0120 0E       		.uleb128 0xe
 1748 0121 3A       		.uleb128 0x3a
 1749 0122 0B       		.uleb128 0xb
 1750 0123 3B       		.uleb128 0x3b
 1751 0124 0B       		.uleb128 0xb
 1752 0125 49       		.uleb128 0x49
 1753 0126 13       		.uleb128 0x13
 1754 0127 02       		.uleb128 0x2
 1755 0128 18       		.uleb128 0x18
ARM GAS  /tmp/ccooqhrY.s 			page 32


 1756 0129 00       		.byte	0
 1757 012a 00       		.byte	0
 1758 012b 19       		.uleb128 0x19
 1759 012c 34       		.uleb128 0x34
 1760 012d 00       		.byte	0
 1761 012e 03       		.uleb128 0x3
 1762 012f 0E       		.uleb128 0xe
 1763 0130 3A       		.uleb128 0x3a
 1764 0131 0B       		.uleb128 0xb
 1765 0132 3B       		.uleb128 0x3b
 1766 0133 0B       		.uleb128 0xb
 1767 0134 49       		.uleb128 0x49
 1768 0135 13       		.uleb128 0x13
 1769 0136 3F       		.uleb128 0x3f
 1770 0137 19       		.uleb128 0x19
 1771 0138 3C       		.uleb128 0x3c
 1772 0139 19       		.uleb128 0x19
 1773 013a 00       		.byte	0
 1774 013b 00       		.byte	0
 1775 013c 1A       		.uleb128 0x1a
 1776 013d 0B       		.uleb128 0xb
 1777 013e 01       		.byte	0x1
 1778 013f 11       		.uleb128 0x11
 1779 0140 01       		.uleb128 0x1
 1780 0141 12       		.uleb128 0x12
 1781 0142 06       		.uleb128 0x6
 1782 0143 01       		.uleb128 0x1
 1783 0144 13       		.uleb128 0x13
 1784 0145 00       		.byte	0
 1785 0146 00       		.byte	0
 1786 0147 1B       		.uleb128 0x1b
 1787 0148 34       		.uleb128 0x34
 1788 0149 00       		.byte	0
 1789 014a 03       		.uleb128 0x3
 1790 014b 08       		.uleb128 0x8
 1791 014c 3A       		.uleb128 0x3a
 1792 014d 0B       		.uleb128 0xb
 1793 014e 3B       		.uleb128 0x3b
 1794 014f 0B       		.uleb128 0xb
 1795 0150 49       		.uleb128 0x49
 1796 0151 13       		.uleb128 0x13
 1797 0152 02       		.uleb128 0x2
 1798 0153 18       		.uleb128 0x18
 1799 0154 00       		.byte	0
 1800 0155 00       		.byte	0
 1801 0156 1C       		.uleb128 0x1c
 1802 0157 898201   		.uleb128 0x4109
 1803 015a 00       		.byte	0
 1804 015b 11       		.uleb128 0x11
 1805 015c 01       		.uleb128 0x1
 1806 015d 31       		.uleb128 0x31
 1807 015e 13       		.uleb128 0x13
 1808 015f 00       		.byte	0
 1809 0160 00       		.byte	0
 1810 0161 1D       		.uleb128 0x1d
 1811 0162 898201   		.uleb128 0x4109
 1812 0165 01       		.byte	0x1
ARM GAS  /tmp/ccooqhrY.s 			page 33


 1813 0166 11       		.uleb128 0x11
 1814 0167 01       		.uleb128 0x1
 1815 0168 31       		.uleb128 0x31
 1816 0169 13       		.uleb128 0x13
 1817 016a 01       		.uleb128 0x1
 1818 016b 13       		.uleb128 0x13
 1819 016c 00       		.byte	0
 1820 016d 00       		.byte	0
 1821 016e 1E       		.uleb128 0x1e
 1822 016f 8A8201   		.uleb128 0x410a
 1823 0172 00       		.byte	0
 1824 0173 02       		.uleb128 0x2
 1825 0174 18       		.uleb128 0x18
 1826 0175 9142     		.uleb128 0x2111
 1827 0177 18       		.uleb128 0x18
 1828 0178 00       		.byte	0
 1829 0179 00       		.byte	0
 1830 017a 1F       		.uleb128 0x1f
 1831 017b 898201   		.uleb128 0x4109
 1832 017e 01       		.byte	0x1
 1833 017f 11       		.uleb128 0x11
 1834 0180 01       		.uleb128 0x1
 1835 0181 31       		.uleb128 0x31
 1836 0182 13       		.uleb128 0x13
 1837 0183 00       		.byte	0
 1838 0184 00       		.byte	0
 1839 0185 20       		.uleb128 0x20
 1840 0186 34       		.uleb128 0x34
 1841 0187 00       		.byte	0
 1842 0188 03       		.uleb128 0x3
 1843 0189 08       		.uleb128 0x8
 1844 018a 3A       		.uleb128 0x3a
 1845 018b 0B       		.uleb128 0xb
 1846 018c 3B       		.uleb128 0x3b
 1847 018d 0B       		.uleb128 0xb
 1848 018e 49       		.uleb128 0x49
 1849 018f 13       		.uleb128 0x13
 1850 0190 02       		.uleb128 0x2
 1851 0191 17       		.uleb128 0x17
 1852 0192 00       		.byte	0
 1853 0193 00       		.byte	0
 1854 0194 21       		.uleb128 0x21
 1855 0195 0B       		.uleb128 0xb
 1856 0196 01       		.byte	0x1
 1857 0197 11       		.uleb128 0x11
 1858 0198 01       		.uleb128 0x1
 1859 0199 12       		.uleb128 0x12
 1860 019a 06       		.uleb128 0x6
 1861 019b 00       		.byte	0
 1862 019c 00       		.byte	0
 1863 019d 22       		.uleb128 0x22
 1864 019e 898201   		.uleb128 0x4109
 1865 01a1 00       		.byte	0
 1866 01a2 11       		.uleb128 0x11
 1867 01a3 01       		.uleb128 0x1
 1868 01a4 9342     		.uleb128 0x2113
 1869 01a6 18       		.uleb128 0x18
ARM GAS  /tmp/ccooqhrY.s 			page 34


 1870 01a7 00       		.byte	0
 1871 01a8 00       		.byte	0
 1872 01a9 23       		.uleb128 0x23
 1873 01aa 34       		.uleb128 0x34
 1874 01ab 00       		.byte	0
 1875 01ac 03       		.uleb128 0x3
 1876 01ad 0E       		.uleb128 0xe
 1877 01ae 3A       		.uleb128 0x3a
 1878 01af 0B       		.uleb128 0xb
 1879 01b0 3B       		.uleb128 0x3b
 1880 01b1 0B       		.uleb128 0xb
 1881 01b2 49       		.uleb128 0x49
 1882 01b3 13       		.uleb128 0x13
 1883 01b4 3F       		.uleb128 0x3f
 1884 01b5 19       		.uleb128 0x19
 1885 01b6 02       		.uleb128 0x2
 1886 01b7 18       		.uleb128 0x18
 1887 01b8 00       		.byte	0
 1888 01b9 00       		.byte	0
 1889 01ba 24       		.uleb128 0x24
 1890 01bb 2E       		.uleb128 0x2e
 1891 01bc 00       		.byte	0
 1892 01bd 3F       		.uleb128 0x3f
 1893 01be 19       		.uleb128 0x19
 1894 01bf 03       		.uleb128 0x3
 1895 01c0 0E       		.uleb128 0xe
 1896 01c1 3A       		.uleb128 0x3a
 1897 01c2 0B       		.uleb128 0xb
 1898 01c3 3B       		.uleb128 0x3b
 1899 01c4 05       		.uleb128 0x5
 1900 01c5 27       		.uleb128 0x27
 1901 01c6 19       		.uleb128 0x19
 1902 01c7 3C       		.uleb128 0x3c
 1903 01c8 19       		.uleb128 0x19
 1904 01c9 00       		.byte	0
 1905 01ca 00       		.byte	0
 1906 01cb 25       		.uleb128 0x25
 1907 01cc 2E       		.uleb128 0x2e
 1908 01cd 00       		.byte	0
 1909 01ce 3F       		.uleb128 0x3f
 1910 01cf 19       		.uleb128 0x19
 1911 01d0 03       		.uleb128 0x3
 1912 01d1 0E       		.uleb128 0xe
 1913 01d2 3A       		.uleb128 0x3a
 1914 01d3 0B       		.uleb128 0xb
 1915 01d4 3B       		.uleb128 0x3b
 1916 01d5 0B       		.uleb128 0xb
 1917 01d6 27       		.uleb128 0x27
 1918 01d7 19       		.uleb128 0x19
 1919 01d8 3C       		.uleb128 0x3c
 1920 01d9 19       		.uleb128 0x19
 1921 01da 00       		.byte	0
 1922 01db 00       		.byte	0
 1923 01dc 26       		.uleb128 0x26
 1924 01dd 2E       		.uleb128 0x2e
 1925 01de 01       		.byte	0x1
 1926 01df 3F       		.uleb128 0x3f
ARM GAS  /tmp/ccooqhrY.s 			page 35


 1927 01e0 19       		.uleb128 0x19
 1928 01e1 03       		.uleb128 0x3
 1929 01e2 0E       		.uleb128 0xe
 1930 01e3 3A       		.uleb128 0x3a
 1931 01e4 0B       		.uleb128 0xb
 1932 01e5 3B       		.uleb128 0x3b
 1933 01e6 05       		.uleb128 0x5
 1934 01e7 27       		.uleb128 0x27
 1935 01e8 19       		.uleb128 0x19
 1936 01e9 49       		.uleb128 0x49
 1937 01ea 13       		.uleb128 0x13
 1938 01eb 3C       		.uleb128 0x3c
 1939 01ec 19       		.uleb128 0x19
 1940 01ed 01       		.uleb128 0x1
 1941 01ee 13       		.uleb128 0x13
 1942 01ef 00       		.byte	0
 1943 01f0 00       		.byte	0
 1944 01f1 00       		.byte	0
 1945              		.section	.debug_loc,"",%progbits
 1946              	.Ldebug_loc0:
 1947              	.LLST0:
 1948 0000 30000000 		.4byte	.LVL11
 1949 0004 5C000000 		.4byte	.LVL17
 1950 0008 0100     		.2byte	0x1
 1951 000a 54       		.byte	0x54
 1952 000b 00000000 		.4byte	0
 1953 000f 00000000 		.4byte	0
 1954              	.LLST1:
 1955 0013 36000000 		.4byte	.LVL12
 1956 0017 5C000000 		.4byte	.LVL17
 1957 001b 0100     		.2byte	0x1
 1958 001d 56       		.byte	0x56
 1959 001e 00000000 		.4byte	0
 1960 0022 00000000 		.4byte	0
 1961              		.section	.debug_aranges,"",%progbits
 1962 0000 2C000000 		.4byte	0x2c
 1963 0004 0200     		.2byte	0x2
 1964 0006 00000000 		.4byte	.Ldebug_info0
 1965 000a 04       		.byte	0x4
 1966 000b 00       		.byte	0
 1967 000c 0000     		.2byte	0
 1968 000e 0000     		.2byte	0
 1969 0010 00000000 		.4byte	.LFB7
 1970 0014 14000000 		.4byte	.LFE7-.LFB7
 1971 0018 00000000 		.4byte	.LFB8
 1972 001c 70000000 		.4byte	.LFE8-.LFB8
 1973 0020 00000000 		.4byte	.LFB9
 1974 0024 68000000 		.4byte	.LFE9-.LFB9
 1975 0028 00000000 		.4byte	0
 1976 002c 00000000 		.4byte	0
 1977              		.section	.debug_ranges,"",%progbits
 1978              	.Ldebug_ranges0:
 1979 0000 00000000 		.4byte	.LFB7
 1980 0004 14000000 		.4byte	.LFE7
 1981 0008 00000000 		.4byte	.LFB8
 1982 000c 70000000 		.4byte	.LFE8
 1983 0010 00000000 		.4byte	.LFB9
ARM GAS  /tmp/ccooqhrY.s 			page 36


 1984 0014 68000000 		.4byte	.LFE9
 1985 0018 00000000 		.4byte	0
 1986 001c 00000000 		.4byte	0
 1987              		.section	.debug_line,"",%progbits
 1988              	.Ldebug_line0:
 1989 0000 E2010000 		.section	.debug_str,"MS",%progbits,1
 1989      02008B01 
 1989      00000201 
 1989      FB0E0D00 
 1989      01010101 
 1990              	.LASF82:
 1991 0000 7466756E 		.ascii	"tfunc_t\000"
 1991      635F7400 
 1992              	.LASF93:
 1993 0008 63665F6F 		.ascii	"cf_off_older\000"
 1993      66665F6F 
 1993      6C646572 
 1993      00
 1994              	.LASF45:
 1995 0015 705F6D73 		.ascii	"p_msg\000"
 1995      6700
 1996              	.LASF2:
 1997 001b 73697A65 		.ascii	"size_t\000"
 1997      5F7400
 1998              	.LASF77:
 1999 0022 7264796D 		.ascii	"rdymsg\000"
 1999      736700
 2000              	.LASF19:
 2001 0029 75696E74 		.ascii	"uint64_t\000"
 2001      36345F74 
 2001      00
 2002              	.LASF3:
 2003 0032 5F5F7569 		.ascii	"__uint8_t\000"
 2003      6E74385F 
 2003      7400
 2004              	.LASF89:
 2005 003c 63685F74 		.ascii	"ch_threadsize\000"
 2005      68726561 
 2005      6473697A 
 2005      6500
 2006              	.LASF107:
 2007 004a 76746C69 		.ascii	"vtlist\000"
 2007      737400
 2008              	.LASF105:
 2009 0051 63685379 		.ascii	"chSysTimerHandlerI\000"
 2009      7354696D 
 2009      65724861 
 2009      6E646C65 
 2009      724900
 2010              	.LASF14:
 2011 0064 6C6F6E67 		.ascii	"long long unsigned int\000"
 2011      206C6F6E 
 2011      6720756E 
 2011      7369676E 
 2011      65642069 
 2012              	.LASF104:
 2013 007b 6D61696E 		.ascii	"mainthread\000"
ARM GAS  /tmp/ccooqhrY.s 			page 37


 2013      74687265 
 2013      616400
 2014              	.LASF32:
 2015 0086 705F7072 		.ascii	"p_prio\000"
 2015      696F00
 2016              	.LASF96:
 2017 008d 63665F6F 		.ascii	"cf_off_state\000"
 2017      66665F73 
 2017      74617465 
 2017      00
 2018              	.LASF112:
 2019 009a 5F736368 		.ascii	"_scheduler_init\000"
 2019      6564756C 
 2019      65725F69 
 2019      6E697400 
 2020              	.LASF12:
 2021 00aa 6C6F6E67 		.ascii	"long long int\000"
 2021      206C6F6E 
 2021      6720696E 
 2021      7400
 2022              	.LASF1:
 2023 00b8 7369676E 		.ascii	"signed char\000"
 2023      65642063 
 2023      68617200 
 2024              	.LASF95:
 2025 00c4 63665F6F 		.ascii	"cf_off_stklimit\000"
 2025      66665F73 
 2025      746B6C69 
 2025      6D697400 
 2026              	.LASF120:
 2027 00d4 6462675F 		.ascii	"dbg_check_unlock_from_isr\000"
 2027      63686563 
 2027      6B5F756E 
 2027      6C6F636B 
 2027      5F66726F 
 2028              	.LASF97:
 2029 00ee 63665F6F 		.ascii	"cf_off_flags\000"
 2029      66665F66 
 2029      6C616773 
 2029      00
 2030              	.LASF49:
 2031 00fb 705F6D70 		.ascii	"p_mpool\000"
 2031      6F6F6C00 
 2032              	.LASF74:
 2033 0103 6D5F7175 		.ascii	"m_queue\000"
 2033      65756500 
 2034              	.LASF24:
 2035 010b 74736C69 		.ascii	"tslices_t\000"
 2035      6365735F 
 2035      7400
 2036              	.LASF9:
 2037 0115 6C6F6E67 		.ascii	"long int\000"
 2037      20696E74 
 2037      00
 2038              	.LASF22:
 2039 011e 74737461 		.ascii	"tstate_t\000"
 2039      74655F74 
ARM GAS  /tmp/ccooqhrY.s 			page 38


 2039      00
 2040              	.LASF16:
 2041 0127 75696E74 		.ascii	"uint16_t\000"
 2041      31365F74 
 2041      00
 2042              	.LASF101:
 2043 0130 63686465 		.ascii	"chdebug_t\000"
 2043      6275675F 
 2043      7400
 2044              	.LASF34:
 2045 013a 705F6E65 		.ascii	"p_newer\000"
 2045      77657200 
 2046              	.LASF110:
 2047 0142 5F69646C 		.ascii	"_idle_thread_wa\000"
 2047      655F7468 
 2047      72656164 
 2047      5F776100 
 2048              	.LASF78:
 2049 0152 65786974 		.ascii	"exitcode\000"
 2049      636F6465 
 2049      00
 2050              	.LASF10:
 2051 015b 5F5F7569 		.ascii	"__uint32_t\000"
 2051      6E743332 
 2051      5F7400
 2052              	.LASF52:
 2053 0166 72656761 		.ascii	"regarm_t\000"
 2053      726D5F74 
 2053      00
 2054              	.LASF60:
 2055 016f 76745F70 		.ascii	"vt_prev\000"
 2055      72657600 
 2056              	.LASF103:
 2057 0177 63685379 		.ascii	"chSysInit\000"
 2057      73496E69 
 2057      7400
 2058              	.LASF115:
 2059 0181 5F686561 		.ascii	"_heap_init\000"
 2059      705F696E 
 2059      697400
 2060              	.LASF37:
 2061 018c 705F7374 		.ascii	"p_stklimit\000"
 2061      6B6C696D 
 2061      697400
 2062              	.LASF0:
 2063 0197 756E7369 		.ascii	"unsigned int\000"
 2063      676E6564 
 2063      20696E74 
 2063      00
 2064              	.LASF118:
 2065 01a4 5F746872 		.ascii	"_thread_init\000"
 2065      6561645F 
 2065      696E6974 
 2065      00
 2066              	.LASF59:
 2067 01b1 76745F6E 		.ascii	"vt_next\000"
 2067      65787400 
ARM GAS  /tmp/ccooqhrY.s 			page 39


 2068              	.LASF11:
 2069 01b9 6C6F6E67 		.ascii	"long unsigned int\000"
 2069      20756E73 
 2069      69676E65 
 2069      6420696E 
 2069      7400
 2070              	.LASF109:
 2071 01cb 63685F64 		.ascii	"ch_debug\000"
 2071      65627567 
 2071      00
 2072              	.LASF57:
 2073 01d4 76746675 		.ascii	"vtfunc_t\000"
 2073      6E635F74 
 2073      00
 2074              	.LASF83:
 2075 01dd 63685F69 		.ascii	"ch_identifier\000"
 2075      64656E74 
 2075      69666965 
 2075      7200
 2076              	.LASF58:
 2077 01eb 56697274 		.ascii	"VirtualTimer\000"
 2077      75616C54 
 2077      696D6572 
 2077      00
 2078              	.LASF55:
 2079 01f8 636F6E74 		.ascii	"context\000"
 2079      65787400 
 2080              	.LASF7:
 2081 0200 73686F72 		.ascii	"short unsigned int\000"
 2081      7420756E 
 2081      7369676E 
 2081      65642069 
 2081      6E7400
 2082              	.LASF116:
 2083 0213 5F747261 		.ascii	"_trace_init\000"
 2083      63655F69 
 2083      6E697400 
 2084              	.LASF26:
 2085 021f 6D73675F 		.ascii	"msg_t\000"
 2085      7400
 2086              	.LASF69:
 2087 0225 725F6E65 		.ascii	"r_newer\000"
 2087      77657200 
 2088              	.LASF122:
 2089 022d 63684462 		.ascii	"chDbgCheckClassI\000"
 2089      67436865 
 2089      636B436C 
 2089      61737349 
 2089      00
 2090              	.LASF21:
 2091 023e 746D6F64 		.ascii	"tmode_t\000"
 2091      655F7400 
 2092              	.LASF51:
 2093 0246 54687265 		.ascii	"ThreadsList\000"
 2093      6164734C 
 2093      69737400 
 2094              	.LASF27:
ARM GAS  /tmp/ccooqhrY.s 			page 40


 2095 0252 6576656E 		.ascii	"eventmask_t\000"
 2095      746D6173 
 2095      6B5F7400 
 2096              	.LASF73:
 2097 025e 4D757465 		.ascii	"Mutex\000"
 2097      7800
 2098              	.LASF53:
 2099 0264 73746B61 		.ascii	"stkalign_t\000"
 2099      6C69676E 
 2099      5F7400
 2100              	.LASF119:
 2101 026f 63685468 		.ascii	"chThdCreateStatic\000"
 2101      64437265 
 2101      61746553 
 2101      74617469 
 2101      6300
 2102              	.LASF84:
 2103 0281 63685F7A 		.ascii	"ch_zero\000"
 2103      65726F00 
 2104              	.LASF98:
 2105 0289 63665F6F 		.ascii	"cf_off_refs\000"
 2105      66665F72 
 2105      65667300 
 2106              	.LASF61:
 2107 0295 76745F74 		.ascii	"vt_time\000"
 2107      696D6500 
 2108              	.LASF56:
 2109 029d 73697A65 		.ascii	"sizetype\000"
 2109      74797065 
 2109      00
 2110              	.LASF62:
 2111 02a6 76745F66 		.ascii	"vt_func\000"
 2111      756E6300 
 2112              	.LASF88:
 2113 02ae 63685F74 		.ascii	"ch_timesize\000"
 2113      696D6573 
 2113      697A6500 
 2114              	.LASF94:
 2115 02ba 63665F6F 		.ascii	"cf_off_name\000"
 2115      66665F6E 
 2115      616D6500 
 2116              	.LASF35:
 2117 02c6 705F6F6C 		.ascii	"p_older\000"
 2117      64657200 
 2118              	.LASF68:
 2119 02ce 725F6374 		.ascii	"r_ctx\000"
 2119      7800
 2120              	.LASF50:
 2121 02d4 54687265 		.ascii	"ThreadsQueue\000"
 2121      61647351 
 2121      75657565 
 2121      00
 2122              	.LASF85:
 2123 02e1 63685F73 		.ascii	"ch_size\000"
 2123      697A6500 
 2124              	.LASF71:
 2125 02e9 725F6375 		.ascii	"r_current\000"
ARM GAS  /tmp/ccooqhrY.s 			page 41


 2125      7272656E 
 2125      7400
 2126              	.LASF70:
 2127 02f3 725F6F6C 		.ascii	"r_older\000"
 2127      64657200 
 2128              	.LASF124:
 2129 02fb 2E2E2F2E 		.ascii	"../../../../os/kernel/src/chsys.c\000"
 2129      2E2F2E2E 
 2129      2F2E2E2F 
 2129      6F732F6B 
 2129      65726E65 
 2130              	.LASF102:
 2131 031d 5F69646C 		.ascii	"_idle_thread\000"
 2131      655F7468 
 2131      72656164 
 2131      00
 2132              	.LASF13:
 2133 032a 5F5F7569 		.ascii	"__uint64_t\000"
 2133      6E743634 
 2133      5F7400
 2134              	.LASF23:
 2135 0335 74726566 		.ascii	"trefs_t\000"
 2135      735F7400 
 2136              	.LASF87:
 2137 033d 63685F70 		.ascii	"ch_ptrsize\000"
 2137      74727369 
 2137      7A6500
 2138              	.LASF31:
 2139 0348 705F7072 		.ascii	"p_prev\000"
 2139      657600
 2140              	.LASF25:
 2141 034f 74707269 		.ascii	"tprio_t\000"
 2141      6F5F7400 
 2142              	.LASF20:
 2143 0357 5F426F6F 		.ascii	"_Bool\000"
 2143      6C00
 2144              	.LASF17:
 2145 035d 696E7433 		.ascii	"int32_t\000"
 2145      325F7400 
 2146              	.LASF4:
 2147 0365 756E7369 		.ascii	"unsigned char\000"
 2147      676E6564 
 2147      20636861 
 2147      7200
 2148              	.LASF114:
 2149 0373 5F636F72 		.ascii	"_core_init\000"
 2149      655F696E 
 2149      697400
 2150              	.LASF47:
 2151 037e 705F6D74 		.ascii	"p_mtxlist\000"
 2151      786C6973 
 2151      7400
 2152              	.LASF5:
 2153 0388 73686F72 		.ascii	"short int\000"
 2153      7420696E 
 2153      7400
 2154              	.LASF38:
ARM GAS  /tmp/ccooqhrY.s 			page 42


 2155 0392 705F7374 		.ascii	"p_state\000"
 2155      61746500 
 2156              	.LASF41:
 2157 039a 705F7072 		.ascii	"p_preempt\000"
 2157      65656D70 
 2157      7400
 2158              	.LASF100:
 2159 03a4 63665F6F 		.ascii	"cf_off_time\000"
 2159      66665F74 
 2159      696D6500 
 2160              	.LASF67:
 2161 03b0 725F7072 		.ascii	"r_prio\000"
 2161      696F00
 2162              	.LASF80:
 2163 03b7 65776D61 		.ascii	"ewmask\000"
 2163      736B00
 2164              	.LASF30:
 2165 03be 705F6E65 		.ascii	"p_next\000"
 2165      787400
 2166              	.LASF99:
 2167 03c5 63665F6F 		.ascii	"cf_off_preempt\000"
 2167      66665F70 
 2167      7265656D 
 2167      707400
 2168              	.LASF39:
 2169 03d4 705F666C 		.ascii	"p_flags\000"
 2169      61677300 
 2170              	.LASF29:
 2171 03dc 54687265 		.ascii	"Thread\000"
 2171      616400
 2172              	.LASF92:
 2173 03e3 63665F6F 		.ascii	"cf_off_newer\000"
 2173      66665F6E 
 2173      65776572 
 2173      00
 2174              	.LASF46:
 2175 03f0 705F6570 		.ascii	"p_epending\000"
 2175      656E6469 
 2175      6E6700
 2176              	.LASF18:
 2177 03fb 75696E74 		.ascii	"uint32_t\000"
 2177      33325F74 
 2177      00
 2178              	.LASF90:
 2179 0404 63665F6F 		.ascii	"cf_off_prio\000"
 2179      66665F70 
 2179      72696F00 
 2180              	.LASF66:
 2181 0410 725F7175 		.ascii	"r_queue\000"
 2181      65756500 
 2182              	.LASF81:
 2183 0418 63686172 		.ascii	"char\000"
 2183      00
 2184              	.LASF6:
 2185 041d 5F5F7569 		.ascii	"__uint16_t\000"
 2185      6E743136 
 2185      5F7400
ARM GAS  /tmp/ccooqhrY.s 			page 43


 2186              	.LASF106:
 2187 0428 5F5F6D61 		.ascii	"__main_thread_stack_base__\000"
 2187      696E5F74 
 2187      68726561 
 2187      645F7374 
 2187      61636B5F 
 2188              	.LASF76:
 2189 0443 6D5F6E65 		.ascii	"m_next\000"
 2189      787400
 2190              	.LASF28:
 2191 044a 73797374 		.ascii	"systime_t\000"
 2191      696D655F 
 2191      7400
 2192              	.LASF48:
 2193 0454 705F7265 		.ascii	"p_realprio\000"
 2193      616C7072 
 2193      696F00
 2194              	.LASF8:
 2195 045f 5F5F696E 		.ascii	"__int32_t\000"
 2195      7433325F 
 2195      7400
 2196              	.LASF113:
 2197 0469 5F76745F 		.ascii	"_vt_init\000"
 2197      696E6974 
 2197      00
 2198              	.LASF42:
 2199 0472 705F7469 		.ascii	"p_time\000"
 2199      6D6500
 2200              	.LASF54:
 2201 0479 696E7463 		.ascii	"intctx\000"
 2201      747800
 2202              	.LASF44:
 2203 0480 705F6D73 		.ascii	"p_msgqueue\000"
 2203      67717565 
 2203      756500
 2204              	.LASF123:
 2205 048b 474E5520 		.ascii	"GNU C 4.8.3 -mcpu=cortex-m4 -mfloat-abi=softfp -mfp"
 2205      4320342E 
 2205      382E3320 
 2205      2D6D6370 
 2205      753D636F 
 2206 04be 753D6670 		.ascii	"u=fpv4-sp-d16 -mno-thumb-interwork -mthumb -ggdb -O"
 2206      76342D73 
 2206      702D6431 
 2206      36202D6D 
 2206      6E6F2D74 
 2207 04f1 32202D66 		.ascii	"2 -fomit-frame-pointer -falign-functions=16 -fsingl"
 2207      6F6D6974 
 2207      2D667261 
 2207      6D652D70 
 2207      6F696E74 
 2208 0524 652D7072 		.ascii	"e-precision-constant -ffunction-sections -fdata-sec"
 2208      65636973 
 2208      696F6E2D 
 2208      636F6E73 
 2208      74616E74 
 2209 0557 74696F6E 		.ascii	"tions -fno-common\000"
ARM GAS  /tmp/ccooqhrY.s 			page 44


 2209      73202D66 
 2209      6E6F2D63 
 2209      6F6D6D6F 
 2209      6E00
 2210              	.LASF125:
 2211 0569 2F686F6D 		.ascii	"/home/jordyaw/Documents/referensi/coba/ChibiOS_2.5."
 2211      652F6A6F 
 2211      72647961 
 2211      772F446F 
 2211      63756D65 
 2212 059c 32782F74 		.ascii	"2x/testhal/STM32F30x/WSC Juara Bismillah/program sc"
 2212      65737468 
 2212      616C2F53 
 2212      544D3332 
 2212      46333078 
 2213 05cf 616E6E69 		.ascii	"anning data controller\000"
 2213      6E672064 
 2213      61746120 
 2213      636F6E74 
 2213      726F6C6C 
 2214              	.LASF63:
 2215 05e6 76745F70 		.ascii	"vt_par\000"
 2215      617200
 2216              	.LASF91:
 2217 05ed 63665F6F 		.ascii	"cf_off_ctx\000"
 2217      66665F63 
 2217      747800
 2218              	.LASF40:
 2219 05f8 705F7265 		.ascii	"p_refs\000"
 2219      667300
 2220              	.LASF72:
 2221 05ff 52656164 		.ascii	"ReadyList\000"
 2221      794C6973 
 2221      7400
 2222              	.LASF108:
 2223 0609 726C6973 		.ascii	"rlist\000"
 2223      7400
 2224              	.LASF15:
 2225 060f 75696E74 		.ascii	"uint8_t\000"
 2225      385F7400 
 2226              	.LASF111:
 2227 0617 5F706F72 		.ascii	"_port_init\000"
 2227      745F696E 
 2227      697400
 2228              	.LASF121:
 2229 0622 6462675F 		.ascii	"dbg_check_lock_from_isr\000"
 2229      63686563 
 2229      6B5F6C6F 
 2229      636B5F66 
 2229      726F6D5F 
 2230              	.LASF79:
 2231 063a 77746F62 		.ascii	"wtobjp\000"
 2231      6A7000
 2232              	.LASF36:
 2233 0641 705F6E61 		.ascii	"p_name\000"
 2233      6D6500
 2234              	.LASF64:
ARM GAS  /tmp/ccooqhrY.s 			page 45


 2235 0648 76745F73 		.ascii	"vt_systime\000"
 2235      79737469 
 2235      6D6500
 2236              	.LASF117:
 2237 0653 6462675F 		.ascii	"dbg_check_enable\000"
 2237      63686563 
 2237      6B5F656E 
 2237      61626C65 
 2237      00
 2238              	.LASF86:
 2239 0664 63685F76 		.ascii	"ch_version\000"
 2239      65727369 
 2239      6F6E00
 2240              	.LASF65:
 2241 066f 56544C69 		.ascii	"VTList\000"
 2241      737400
 2242              	.LASF75:
 2243 0676 6D5F6F77 		.ascii	"m_owner\000"
 2243      6E657200 
 2244              	.LASF33:
 2245 067e 705F6374 		.ascii	"p_ctx\000"
 2245      7800
 2246              	.LASF43:
 2247 0684 705F7761 		.ascii	"p_waiting\000"
 2247      6974696E 
 2247      6700
 2248              		.ident	"GCC: (4.8.3-18ubuntu2+12) 4.8.3"
ARM GAS  /tmp/ccooqhrY.s 			page 46


DEFINED SYMBOLS
                            *ABS*:0000000000000000 chsys.c
     /tmp/ccooqhrY.s:20     .text._idle_thread:0000000000000000 $t
     /tmp/ccooqhrY.s:26     .text._idle_thread:0000000000000000 _idle_thread
     /tmp/ccooqhrY.s:46     .text._idle_thread:000000000000000c $d
     /tmp/ccooqhrY.s:52     .text.chSysInit:0000000000000000 $t
     /tmp/ccooqhrY.s:58     .text.chSysInit:0000000000000000 chSysInit
     /tmp/ccooqhrY.s:134    .text.chSysInit:0000000000000058 $d
     /tmp/ccooqhrY.s:144    .text.chSysTimerHandlerI:0000000000000000 $t
     /tmp/ccooqhrY.s:150    .text.chSysTimerHandlerI:0000000000000000 chSysTimerHandlerI
     /tmp/ccooqhrY.s:239    .text.chSysTimerHandlerI:0000000000000060 $d
     /tmp/ccooqhrY.s:262    .bss._idle_thread_wa:0000000000000000 _idle_thread_wa
     /tmp/ccooqhrY.s:247    .bss.mainthread.4882:0000000000000000 $d
     /tmp/ccooqhrY.s:251    .bss.mainthread.4882:0000000000000000 mainthread.4882
     /tmp/ccooqhrY.s:254    .rodata.str1.4:0000000000000000 $d
     /tmp/ccooqhrY.s:258    .bss._idle_thread_wa:0000000000000000 $d
                     .debug_frame:0000000000000010 $d
     /tmp/ccooqhrY.s:51     .text._idle_thread:0000000000000014 $t
     /tmp/ccooqhrY.s:246    .text.chSysTimerHandlerI:0000000000000068 $t

UNDEFINED SYMBOLS
rlist
_port_init
_scheduler_init
_vt_init
_core_init
_heap_init
_trace_init
_thread_init
dbg_check_enable
chThdCreateStatic
__main_thread_stack_base__
ch_debug
chDbgCheckClassI
dbg_check_unlock_from_isr
dbg_check_lock_from_isr
vtlist
