ARM GAS  /tmp/ccbeXUQ4.s 			page 1


   1              		.syntax unified
   2              		.cpu cortex-m4
   3              		.eabi_attribute 27, 3
   4              		.fpu fpv4-sp-d16
   5              		.eabi_attribute 20, 1
   6              		.eabi_attribute 21, 1
   7              		.eabi_attribute 23, 3
   8              		.eabi_attribute 24, 1
   9              		.eabi_attribute 25, 1
  10              		.eabi_attribute 26, 1
  11              		.eabi_attribute 30, 2
  12              		.eabi_attribute 34, 1
  13              		.eabi_attribute 18, 4
  14              		.thumb
  15              		.file	"memstreams.c"
  16              		.text
  17              	.Ltext0:
  18              		.cfi_sections	.debug_frame
  19              		.section	.text.put,"ax",%progbits
  20              		.align	2
  21              		.p2align 4,,15
  22              		.thumb
  23              		.thumb_func
  24              		.type	put, %function
  25              	put:
  26              	.LFB9:
  27              		.file 1 "../../../../os/various/memstreams.c"
  28              		.loc 1 66 0
  29              		.cfi_startproc
  30              		@ args = 0, pretend = 0, frame = 0
  31              		@ frame_needed = 0, uses_anonymous_args = 0
  32              		@ link register save eliminated.
  33              	.LVL0:
  34              		.loc 1 69 0
  35 0000 C368     		ldr	r3, [r0, #12]
  36 0002 8268     		ldr	r2, [r0, #8]
  37 0004 9A42     		cmp	r2, r3
  38 0006 06D0     		beq	.L3
  39              		.loc 1 71 0
  40 0008 4268     		ldr	r2, [r0, #4]
  41 000a D154     		strb	r1, [r2, r3]
  42              		.loc 1 72 0
  43 000c C368     		ldr	r3, [r0, #12]
  44 000e 0133     		adds	r3, r3, #1
  45 0010 C360     		str	r3, [r0, #12]
  46              		.loc 1 73 0
  47 0012 0020     		movs	r0, #0
  48              	.LVL1:
  49 0014 7047     		bx	lr
  50              	.LVL2:
  51              	.L3:
  52              		.loc 1 70 0
  53 0016 6FF00100 		mvn	r0, #1
  54              	.LVL3:
  55              		.loc 1 74 0
  56 001a 7047     		bx	lr
  57              		.cfi_endproc
ARM GAS  /tmp/ccbeXUQ4.s 			page 2


  58              	.LFE9:
  59              		.size	put, .-put
  60 001c AFF30080 		.section	.text.get,"ax",%progbits
  61              		.align	2
  62              		.p2align 4,,15
  63              		.thumb
  64              		.thumb_func
  65              		.type	get, %function
  66              	get:
  67              	.LFB10:
  68              		.loc 1 76 0
  69              		.cfi_startproc
  70              		@ args = 0, pretend = 0, frame = 0
  71              		@ frame_needed = 0, uses_anonymous_args = 0
  72              		@ link register save eliminated.
  73              	.LVL4:
  74              		.loc 1 80 0
  75 0000 0269     		ldr	r2, [r0, #16]
  76 0002 C168     		ldr	r1, [r0, #12]
  77 0004 9142     		cmp	r1, r2
  78              		.loc 1 76 0
  79 0006 0346     		mov	r3, r0
  80              	.LVL5:
  81              		.loc 1 80 0
  82 0008 04D0     		beq	.L7
  83              		.loc 1 82 0
  84 000a 4168     		ldr	r1, [r0, #4]
  85 000c 885C     		ldrb	r0, [r1, r2]	@ zero_extendqisi2
  86              	.LVL6:
  87              		.loc 1 83 0
  88 000e 0132     		adds	r2, r2, #1
  89              	.LVL7:
  90 0010 1A61     		str	r2, [r3, #16]
  91              	.LVL8:
  92              		.loc 1 84 0
  93 0012 7047     		bx	lr
  94              	.LVL9:
  95              	.L7:
  96              		.loc 1 81 0
  97 0014 6FF00100 		mvn	r0, #1
  98              	.LVL10:
  99              		.loc 1 85 0
 100 0018 7047     		bx	lr
 101              		.cfi_endproc
 102              	.LFE10:
 103              		.size	get, .-get
 104 001a 00BFAFF3 		.section	.text.reads,"ax",%progbits
 104      0080
 105              		.align	2
 106              		.p2align 4,,15
 107              		.thumb
 108              		.thumb_func
 109              		.type	reads, %function
 110              	reads:
 111              	.LFB8:
 112              		.loc 1 56 0
 113              		.cfi_startproc
ARM GAS  /tmp/ccbeXUQ4.s 			page 3


 114              		@ args = 0, pretend = 0, frame = 0
 115              		@ frame_needed = 0, uses_anonymous_args = 0
 116              	.LVL11:
 117 0000 38B5     		push	{r3, r4, r5, lr}
 118              		.cfi_def_cfa_offset 16
 119              		.cfi_offset 3, -16
 120              		.cfi_offset 4, -12
 121              		.cfi_offset 5, -8
 122              		.cfi_offset 14, -4
 123              		.loc 1 56 0
 124 0002 0446     		mov	r4, r0
 125              	.LVL12:
 126              		.loc 1 61 0
 127 0004 0846     		mov	r0, r1
 128              	.LVL13:
 129              		.loc 1 59 0
 130 0006 2369     		ldr	r3, [r4, #16]
 131 0008 E568     		ldr	r5, [r4, #12]
 132              		.loc 1 61 0
 133 000a 6168     		ldr	r1, [r4, #4]
 134              	.LVL14:
 135              		.loc 1 59 0
 136 000c ED1A     		subs	r5, r5, r3
 137 000e AA42     		cmp	r2, r5
 138 0010 38BF     		it	cc
 139 0012 1546     		movcc	r5, r2
 140              	.LVL15:
 141              		.loc 1 61 0
 142 0014 1944     		add	r1, r1, r3
 143 0016 2A46     		mov	r2, r5
 144 0018 FFF7FEFF 		bl	memcpy
 145              	.LVL16:
 146              		.loc 1 62 0
 147 001c 2369     		ldr	r3, [r4, #16]
 148 001e 2B44     		add	r3, r3, r5
 149 0020 2361     		str	r3, [r4, #16]
 150              		.loc 1 64 0
 151 0022 2846     		mov	r0, r5
 152 0024 38BD     		pop	{r3, r4, r5, pc}
 153              		.cfi_endproc
 154              	.LFE8:
 155              		.size	reads, .-reads
 156 0026 00BFAFF3 		.section	.text.writes,"ax",%progbits
 156      0080AFF3 
 156      0080
 157              		.align	2
 158              		.p2align 4,,15
 159              		.thumb
 160              		.thumb_func
 161              		.type	writes, %function
 162              	writes:
 163              	.LFB7:
 164              		.loc 1 46 0
 165              		.cfi_startproc
 166              		@ args = 0, pretend = 0, frame = 0
 167              		@ frame_needed = 0, uses_anonymous_args = 0
 168              	.LVL17:
ARM GAS  /tmp/ccbeXUQ4.s 			page 4


 169 0000 38B5     		push	{r3, r4, r5, lr}
 170              		.cfi_def_cfa_offset 16
 171              		.cfi_offset 3, -16
 172              		.cfi_offset 4, -12
 173              		.cfi_offset 5, -8
 174              		.cfi_offset 14, -4
 175              		.loc 1 49 0
 176 0002 C368     		ldr	r3, [r0, #12]
 177 0004 8568     		ldr	r5, [r0, #8]
 178              		.loc 1 46 0
 179 0006 0446     		mov	r4, r0
 180              	.LVL18:
 181              		.loc 1 49 0
 182 0008 ED1A     		subs	r5, r5, r3
 183              		.loc 1 51 0
 184 000a 4068     		ldr	r0, [r0, #4]
 185              	.LVL19:
 186 000c AA42     		cmp	r2, r5
 187 000e 38BF     		it	cc
 188 0010 1546     		movcc	r5, r2
 189              	.LVL20:
 190 0012 1844     		add	r0, r0, r3
 191 0014 2A46     		mov	r2, r5
 192 0016 FFF7FEFF 		bl	memcpy
 193              	.LVL21:
 194              		.loc 1 52 0
 195 001a E368     		ldr	r3, [r4, #12]
 196 001c 2B44     		add	r3, r3, r5
 197 001e E360     		str	r3, [r4, #12]
 198              		.loc 1 54 0
 199 0020 2846     		mov	r0, r5
 200 0022 38BD     		pop	{r3, r4, r5, pc}
 201              		.cfi_endproc
 202              	.LFE7:
 203              		.size	writes, .-writes
 204 0024 AFF30080 		.section	.text.msObjectInit,"ax",%progbits
 204      AFF30080 
 204      AFF30080 
 205              		.align	2
 206              		.p2align 4,,15
 207              		.global	msObjectInit
 208              		.thumb
 209              		.thumb_func
 210              		.type	msObjectInit, %function
 211              	msObjectInit:
 212              	.LFB11:
 213              		.loc 1 104 0
 214              		.cfi_startproc
 215              		@ args = 0, pretend = 0, frame = 0
 216              		@ frame_needed = 0, uses_anonymous_args = 0
 217              		@ link register save eliminated.
 218              	.LVL22:
 219 0000 10B4     		push	{r4}
 220              		.cfi_def_cfa_offset 4
 221              		.cfi_offset 4, -4
 222              		.loc 1 107 0
 223 0002 4160     		str	r1, [r0, #4]
ARM GAS  /tmp/ccbeXUQ4.s 			page 5


 224              		.loc 1 106 0
 225 0004 044C     		ldr	r4, .L11
 226 0006 0460     		str	r4, [r0]
 227              		.loc 1 110 0
 228 0008 0021     		movs	r1, #0
 229              	.LVL23:
 230              		.loc 1 108 0
 231 000a 8260     		str	r2, [r0, #8]
 232              		.loc 1 109 0
 233 000c C360     		str	r3, [r0, #12]
 234              		.loc 1 110 0
 235 000e 0161     		str	r1, [r0, #16]
 236              		.loc 1 111 0
 237 0010 5DF8044B 		ldr	r4, [sp], #4
 238 0014 7047     		bx	lr
 239              	.L12:
 240 0016 00BF     		.align	2
 241              	.L11:
 242 0018 00000000 		.word	.LANCHOR0
 243              		.cfi_endproc
 244              	.LFE11:
 245              		.size	msObjectInit, .-msObjectInit
 246 001c AFF30080 		.section	.rodata.vmt,"a",%progbits
 247              		.align	2
 248              		.set	.LANCHOR0,. + 0
 249              		.type	vmt, %object
 250              		.size	vmt, 16
 251              	vmt:
 252 0000 00000000 		.word	writes
 253 0004 00000000 		.word	reads
 254 0008 00000000 		.word	put
 255 000c 00000000 		.word	get
 256              		.text
 257              	.Letext0:
 258              		.file 2 "/usr/lib/gcc/arm-none-eabi/4.8/include/stddef.h"
 259              		.file 3 "/usr/include/newlib/machine/_default_types.h"
 260              		.file 4 "/usr/include/newlib/stdint.h"
 261              		.file 5 "../../../../os/ports/GCC/ARMCMx/chtypes.h"
 262              		.file 6 "../../../../os/various/memstreams.h"
 263              		.section	.debug_info,"",%progbits
 264              	.Ldebug_info0:
 265 0000 B6030000 		.4byte	0x3b6
 266 0004 0400     		.2byte	0x4
 267 0006 00000000 		.4byte	.Ldebug_abbrev0
 268 000a 04       		.byte	0x4
 269 000b 01       		.uleb128 0x1
 270 000c 47000000 		.4byte	.LASF26
 271 0010 01       		.byte	0x1
 272 0011 3D020000 		.4byte	.LASF27
 273 0015 58010000 		.4byte	.LASF28
 274 0019 00000000 		.4byte	.Ldebug_ranges0+0
 275 001d 00000000 		.4byte	0
 276 0021 00000000 		.4byte	.Ldebug_line0
 277 0025 02       		.uleb128 0x2
 278 0026 04       		.byte	0x4
 279 0027 05       		.byte	0x5
 280 0028 696E7400 		.ascii	"int\000"
ARM GAS  /tmp/ccbeXUQ4.s 			page 6


 281 002c 03       		.uleb128 0x3
 282 002d 0A000000 		.4byte	.LASF2
 283 0031 02       		.byte	0x2
 284 0032 D4       		.byte	0xd4
 285 0033 37000000 		.4byte	0x37
 286 0037 04       		.uleb128 0x4
 287 0038 04       		.byte	0x4
 288 0039 07       		.byte	0x7
 289 003a D5010000 		.4byte	.LASF0
 290 003e 04       		.uleb128 0x4
 291 003f 01       		.byte	0x1
 292 0040 06       		.byte	0x6
 293 0041 35000000 		.4byte	.LASF1
 294 0045 03       		.uleb128 0x3
 295 0046 00000000 		.4byte	.LASF3
 296 004a 03       		.byte	0x3
 297 004b 1D       		.byte	0x1d
 298 004c 50000000 		.4byte	0x50
 299 0050 04       		.uleb128 0x4
 300 0051 01       		.byte	0x1
 301 0052 08       		.byte	0x8
 302 0053 38010000 		.4byte	.LASF4
 303 0057 04       		.uleb128 0x4
 304 0058 02       		.byte	0x2
 305 0059 05       		.byte	0x5
 306 005a 68020000 		.4byte	.LASF5
 307 005e 04       		.uleb128 0x4
 308 005f 02       		.byte	0x2
 309 0060 07       		.byte	0x7
 310 0061 1B000000 		.4byte	.LASF6
 311 0065 03       		.uleb128 0x3
 312 0066 11000000 		.4byte	.LASF7
 313 006a 03       		.byte	0x3
 314 006b 3F       		.byte	0x3f
 315 006c 70000000 		.4byte	0x70
 316 0070 04       		.uleb128 0x4
 317 0071 04       		.byte	0x4
 318 0072 05       		.byte	0x5
 319 0073 80020000 		.4byte	.LASF8
 320 0077 04       		.uleb128 0x4
 321 0078 04       		.byte	0x4
 322 0079 07       		.byte	0x7
 323 007a 07020000 		.4byte	.LASF9
 324 007e 04       		.uleb128 0x4
 325 007f 08       		.byte	0x8
 326 0080 05       		.byte	0x5
 327 0081 2A020000 		.4byte	.LASF10
 328 0085 04       		.uleb128 0x4
 329 0086 08       		.byte	0x8
 330 0087 07       		.byte	0x7
 331 0088 E2010000 		.4byte	.LASF11
 332 008c 04       		.uleb128 0x4
 333 008d 04       		.byte	0x4
 334 008e 07       		.byte	0x7
 335 008f 21020000 		.4byte	.LASF12
 336 0093 05       		.uleb128 0x5
 337 0094 04       		.byte	0x4
ARM GAS  /tmp/ccbeXUQ4.s 			page 7


 338 0095 04       		.uleb128 0x4
 339 0096 01       		.byte	0x1
 340 0097 08       		.byte	0x8
 341 0098 38020000 		.4byte	.LASF13
 342 009c 03       		.uleb128 0x3
 343 009d F9010000 		.4byte	.LASF14
 344 00a1 04       		.byte	0x4
 345 00a2 2A       		.byte	0x2a
 346 00a3 45000000 		.4byte	0x45
 347 00a7 03       		.uleb128 0x3
 348 00a8 19020000 		.4byte	.LASF15
 349 00ac 04       		.byte	0x4
 350 00ad 41       		.byte	0x41
 351 00ae 65000000 		.4byte	0x65
 352 00b2 04       		.uleb128 0x4
 353 00b3 01       		.byte	0x1
 354 00b4 02       		.byte	0x2
 355 00b5 9B020000 		.4byte	.LASF16
 356 00b9 03       		.uleb128 0x3
 357 00ba 01020000 		.4byte	.LASF17
 358 00be 05       		.byte	0x5
 359 00bf 2A       		.byte	0x2a
 360 00c0 A7000000 		.4byte	0xa7
 361 00c4 06       		.uleb128 0x6
 362 00c5 04       		.byte	0x4
 363 00c6 CA000000 		.4byte	0xca
 364 00ca 07       		.uleb128 0x7
 365 00cb B9000000 		.4byte	0xb9
 366 00cf D9000000 		.4byte	0xd9
 367 00d3 08       		.uleb128 0x8
 368 00d4 93000000 		.4byte	0x93
 369 00d8 00       		.byte	0
 370 00d9 06       		.uleb128 0x6
 371 00da 04       		.byte	0x4
 372 00db 9C000000 		.4byte	0x9c
 373 00df 07       		.uleb128 0x7
 374 00e0 2C000000 		.4byte	0x2c
 375 00e4 F8000000 		.4byte	0xf8
 376 00e8 08       		.uleb128 0x8
 377 00e9 93000000 		.4byte	0x93
 378 00ed 08       		.uleb128 0x8
 379 00ee F8000000 		.4byte	0xf8
 380 00f2 08       		.uleb128 0x8
 381 00f3 2C000000 		.4byte	0x2c
 382 00f7 00       		.byte	0
 383 00f8 06       		.uleb128 0x6
 384 00f9 04       		.byte	0x4
 385 00fa FE000000 		.4byte	0xfe
 386 00fe 09       		.uleb128 0x9
 387 00ff 9C000000 		.4byte	0x9c
 388 0103 06       		.uleb128 0x6
 389 0104 04       		.byte	0x4
 390 0105 DF000000 		.4byte	0xdf
 391 0109 07       		.uleb128 0x7
 392 010a 2C000000 		.4byte	0x2c
 393 010e 22010000 		.4byte	0x122
 394 0112 08       		.uleb128 0x8
ARM GAS  /tmp/ccbeXUQ4.s 			page 8


 395 0113 93000000 		.4byte	0x93
 396 0117 08       		.uleb128 0x8
 397 0118 D9000000 		.4byte	0xd9
 398 011c 08       		.uleb128 0x8
 399 011d 2C000000 		.4byte	0x2c
 400 0121 00       		.byte	0
 401 0122 06       		.uleb128 0x6
 402 0123 04       		.byte	0x4
 403 0124 09010000 		.4byte	0x109
 404 0128 07       		.uleb128 0x7
 405 0129 B9000000 		.4byte	0xb9
 406 012d 3C010000 		.4byte	0x13c
 407 0131 08       		.uleb128 0x8
 408 0132 93000000 		.4byte	0x93
 409 0136 08       		.uleb128 0x8
 410 0137 9C000000 		.4byte	0x9c
 411 013b 00       		.byte	0
 412 013c 06       		.uleb128 0x6
 413 013d 04       		.byte	0x4
 414 013e 28010000 		.4byte	0x128
 415 0142 0A       		.uleb128 0xa
 416 0143 2B010000 		.4byte	.LASF29
 417 0147 10       		.byte	0x10
 418 0148 06       		.byte	0x6
 419 0149 3D       		.byte	0x3d
 420 014a 7F010000 		.4byte	0x17f
 421 014e 0B       		.uleb128 0xb
 422 014f 25010000 		.4byte	.LASF18
 423 0153 06       		.byte	0x6
 424 0154 3E       		.byte	0x3e
 425 0155 03010000 		.4byte	0x103
 426 0159 00       		.byte	0
 427 015a 0B       		.uleb128 0xb
 428 015b 53010000 		.4byte	.LASF19
 429 015f 06       		.byte	0x6
 430 0160 3E       		.byte	0x3e
 431 0161 22010000 		.4byte	0x122
 432 0165 04       		.byte	0x4
 433 0166 0C       		.uleb128 0xc
 434 0167 70757400 		.ascii	"put\000"
 435 016b 06       		.byte	0x6
 436 016c 3E       		.byte	0x3e
 437 016d 3C010000 		.4byte	0x13c
 438 0171 08       		.byte	0x8
 439 0172 0C       		.uleb128 0xc
 440 0173 67657400 		.ascii	"get\000"
 441 0177 06       		.byte	0x6
 442 0178 3E       		.byte	0x3e
 443 0179 C4000000 		.4byte	0xc4
 444 017d 0C       		.byte	0xc
 445 017e 00       		.byte	0
 446 017f 0D       		.uleb128 0xd
 447 0180 14       		.byte	0x14
 448 0181 06       		.byte	0x6
 449 0182 46       		.byte	0x46
 450 0183 C4010000 		.4byte	0x1c4
 451 0187 0C       		.uleb128 0xc
ARM GAS  /tmp/ccbeXUQ4.s 			page 9


 452 0188 766D7400 		.ascii	"vmt\000"
 453 018c 06       		.byte	0x6
 454 018d 48       		.byte	0x48
 455 018e C4010000 		.4byte	0x1c4
 456 0192 00       		.byte	0
 457 0193 0B       		.uleb128 0xb
 458 0194 72020000 		.4byte	.LASF20
 459 0198 06       		.byte	0x6
 460 0199 49       		.byte	0x49
 461 019a D9000000 		.4byte	0xd9
 462 019e 04       		.byte	0x4
 463 019f 0B       		.uleb128 0xb
 464 01a0 96020000 		.4byte	.LASF21
 465 01a4 06       		.byte	0x6
 466 01a5 49       		.byte	0x49
 467 01a6 2C000000 		.4byte	0x2c
 468 01aa 08       		.byte	0x8
 469 01ab 0C       		.uleb128 0xc
 470 01ac 656F7300 		.ascii	"eos\000"
 471 01b0 06       		.byte	0x6
 472 01b1 49       		.byte	0x49
 473 01b2 2C000000 		.4byte	0x2c
 474 01b6 0C       		.byte	0xc
 475 01b7 0B       		.uleb128 0xb
 476 01b8 61020000 		.4byte	.LASF22
 477 01bc 06       		.byte	0x6
 478 01bd 49       		.byte	0x49
 479 01be 2C000000 		.4byte	0x2c
 480 01c2 10       		.byte	0x10
 481 01c3 00       		.byte	0
 482 01c4 06       		.uleb128 0x6
 483 01c5 04       		.byte	0x4
 484 01c6 CA010000 		.4byte	0x1ca
 485 01ca 09       		.uleb128 0x9
 486 01cb 42010000 		.4byte	0x142
 487 01cf 03       		.uleb128 0x3
 488 01d0 89020000 		.4byte	.LASF23
 489 01d4 06       		.byte	0x6
 490 01d5 4A       		.byte	0x4a
 491 01d6 7F010000 		.4byte	0x17f
 492 01da 0E       		.uleb128 0xe
 493 01db 70757400 		.ascii	"put\000"
 494 01df 01       		.byte	0x1
 495 01e0 42       		.byte	0x42
 496 01e1 B9000000 		.4byte	0xb9
 497 01e5 00000000 		.4byte	.LFB9
 498 01e9 1C000000 		.4byte	.LFE9-.LFB9
 499 01ed 01       		.uleb128 0x1
 500 01ee 9C       		.byte	0x9c
 501 01ef 1C020000 		.4byte	0x21c
 502 01f3 0F       		.uleb128 0xf
 503 01f4 697000   		.ascii	"ip\000"
 504 01f7 01       		.byte	0x1
 505 01f8 42       		.byte	0x42
 506 01f9 93000000 		.4byte	0x93
 507 01fd 00000000 		.4byte	.LLST0
 508 0201 10       		.uleb128 0x10
ARM GAS  /tmp/ccbeXUQ4.s 			page 10


 509 0202 6200     		.ascii	"b\000"
 510 0204 01       		.byte	0x1
 511 0205 42       		.byte	0x42
 512 0206 9C000000 		.4byte	0x9c
 513 020a 01       		.uleb128 0x1
 514 020b 51       		.byte	0x51
 515 020c 11       		.uleb128 0x11
 516 020d 6D737000 		.ascii	"msp\000"
 517 0211 01       		.byte	0x1
 518 0212 43       		.byte	0x43
 519 0213 1C020000 		.4byte	0x21c
 520 0217 00000000 		.4byte	.LLST0
 521 021b 00       		.byte	0
 522 021c 06       		.uleb128 0x6
 523 021d 04       		.byte	0x4
 524 021e CF010000 		.4byte	0x1cf
 525 0222 0E       		.uleb128 0xe
 526 0223 67657400 		.ascii	"get\000"
 527 0227 01       		.byte	0x1
 528 0228 4C       		.byte	0x4c
 529 0229 B9000000 		.4byte	0xb9
 530 022d 00000000 		.4byte	.LFB10
 531 0231 1A000000 		.4byte	.LFE10-.LFB10
 532 0235 01       		.uleb128 0x1
 533 0236 9C       		.byte	0x9c
 534 0237 66020000 		.4byte	0x266
 535 023b 0F       		.uleb128 0xf
 536 023c 697000   		.ascii	"ip\000"
 537 023f 01       		.byte	0x1
 538 0240 4C       		.byte	0x4c
 539 0241 93000000 		.4byte	0x93
 540 0245 3A000000 		.4byte	.LLST2
 541 0249 11       		.uleb128 0x11
 542 024a 6200     		.ascii	"b\000"
 543 024c 01       		.byte	0x1
 544 024d 4D       		.byte	0x4d
 545 024e 9C000000 		.4byte	0x9c
 546 0252 6E000000 		.4byte	.LLST3
 547 0256 11       		.uleb128 0x11
 548 0257 6D737000 		.ascii	"msp\000"
 549 025b 01       		.byte	0x1
 550 025c 4E       		.byte	0x4e
 551 025d 1C020000 		.4byte	0x21c
 552 0261 A0000000 		.4byte	.LLST4
 553 0265 00       		.byte	0
 554 0266 12       		.uleb128 0x12
 555 0267 41000000 		.4byte	.LASF24
 556 026b 01       		.byte	0x1
 557 026c 38       		.byte	0x38
 558 026d 2C000000 		.4byte	0x2c
 559 0271 00000000 		.4byte	.LFB8
 560 0275 26000000 		.4byte	.LFE8-.LFB8
 561 0279 01       		.uleb128 0x1
 562 027a 9C       		.byte	0x9c
 563 027b CF020000 		.4byte	0x2cf
 564 027f 0F       		.uleb128 0xf
 565 0280 697000   		.ascii	"ip\000"
ARM GAS  /tmp/ccbeXUQ4.s 			page 11


 566 0283 01       		.byte	0x1
 567 0284 38       		.byte	0x38
 568 0285 93000000 		.4byte	0x93
 569 0289 D4000000 		.4byte	.LLST5
 570 028d 0F       		.uleb128 0xf
 571 028e 627000   		.ascii	"bp\000"
 572 0291 01       		.byte	0x1
 573 0292 38       		.byte	0x38
 574 0293 D9000000 		.4byte	0xd9
 575 0297 F2000000 		.4byte	.LLST6
 576 029b 0F       		.uleb128 0xf
 577 029c 6E00     		.ascii	"n\000"
 578 029e 01       		.byte	0x1
 579 029f 38       		.byte	0x38
 580 02a0 2C000000 		.4byte	0x2c
 581 02a4 1E010000 		.4byte	.LLST7
 582 02a8 11       		.uleb128 0x11
 583 02a9 6D737000 		.ascii	"msp\000"
 584 02ad 01       		.byte	0x1
 585 02ae 39       		.byte	0x39
 586 02af 1C020000 		.4byte	0x21c
 587 02b3 3C010000 		.4byte	.LLST8
 588 02b7 13       		.uleb128 0x13
 589 02b8 1C000000 		.4byte	.LVL16
 590 02bc 95030000 		.4byte	0x395
 591 02c0 14       		.uleb128 0x14
 592 02c1 01       		.uleb128 0x1
 593 02c2 52       		.byte	0x52
 594 02c3 02       		.uleb128 0x2
 595 02c4 75       		.byte	0x75
 596 02c5 00       		.sleb128 0
 597 02c6 14       		.uleb128 0x14
 598 02c7 01       		.uleb128 0x1
 599 02c8 50       		.byte	0x50
 600 02c9 03       		.uleb128 0x3
 601 02ca F3       		.byte	0xf3
 602 02cb 01       		.uleb128 0x1
 603 02cc 51       		.byte	0x51
 604 02cd 00       		.byte	0
 605 02ce 00       		.byte	0
 606 02cf 12       		.uleb128 0x12
 607 02d0 2E000000 		.4byte	.LASF25
 608 02d4 01       		.byte	0x1
 609 02d5 2E       		.byte	0x2e
 610 02d6 2C000000 		.4byte	0x2c
 611 02da 00000000 		.4byte	.LFB7
 612 02de 24000000 		.4byte	.LFE7-.LFB7
 613 02e2 01       		.uleb128 0x1
 614 02e3 9C       		.byte	0x9c
 615 02e4 38030000 		.4byte	0x338
 616 02e8 0F       		.uleb128 0xf
 617 02e9 697000   		.ascii	"ip\000"
 618 02ec 01       		.byte	0x1
 619 02ed 2E       		.byte	0x2e
 620 02ee 93000000 		.4byte	0x93
 621 02f2 5A010000 		.4byte	.LLST9
 622 02f6 0F       		.uleb128 0xf
ARM GAS  /tmp/ccbeXUQ4.s 			page 12


 623 02f7 627000   		.ascii	"bp\000"
 624 02fa 01       		.byte	0x1
 625 02fb 2E       		.byte	0x2e
 626 02fc F8000000 		.4byte	0xf8
 627 0300 78010000 		.4byte	.LLST10
 628 0304 0F       		.uleb128 0xf
 629 0305 6E00     		.ascii	"n\000"
 630 0307 01       		.byte	0x1
 631 0308 2E       		.byte	0x2e
 632 0309 2C000000 		.4byte	0x2c
 633 030d 99010000 		.4byte	.LLST11
 634 0311 11       		.uleb128 0x11
 635 0312 6D737000 		.ascii	"msp\000"
 636 0316 01       		.byte	0x1
 637 0317 2F       		.byte	0x2f
 638 0318 1C020000 		.4byte	0x21c
 639 031c B7010000 		.4byte	.LLST12
 640 0320 13       		.uleb128 0x13
 641 0321 1A000000 		.4byte	.LVL21
 642 0325 95030000 		.4byte	0x395
 643 0329 14       		.uleb128 0x14
 644 032a 01       		.uleb128 0x1
 645 032b 52       		.byte	0x52
 646 032c 02       		.uleb128 0x2
 647 032d 75       		.byte	0x75
 648 032e 00       		.sleb128 0
 649 032f 14       		.uleb128 0x14
 650 0330 01       		.uleb128 0x1
 651 0331 51       		.byte	0x51
 652 0332 03       		.uleb128 0x3
 653 0333 F3       		.byte	0xf3
 654 0334 01       		.uleb128 0x1
 655 0335 51       		.byte	0x51
 656 0336 00       		.byte	0
 657 0337 00       		.byte	0
 658 0338 15       		.uleb128 0x15
 659 0339 46010000 		.4byte	.LASF30
 660 033d 01       		.byte	0x1
 661 033e 67       		.byte	0x67
 662 033f 00000000 		.4byte	.LFB11
 663 0343 1C000000 		.4byte	.LFE11-.LFB11
 664 0347 01       		.uleb128 0x1
 665 0348 9C       		.byte	0x9c
 666 0349 84030000 		.4byte	0x384
 667 034d 10       		.uleb128 0x10
 668 034e 6D737000 		.ascii	"msp\000"
 669 0352 01       		.byte	0x1
 670 0353 67       		.byte	0x67
 671 0354 1C020000 		.4byte	0x21c
 672 0358 01       		.uleb128 0x1
 673 0359 50       		.byte	0x50
 674 035a 16       		.uleb128 0x16
 675 035b 72020000 		.4byte	.LASF20
 676 035f 01       		.byte	0x1
 677 0360 67       		.byte	0x67
 678 0361 D9000000 		.4byte	0xd9
 679 0365 D5010000 		.4byte	.LLST13
ARM GAS  /tmp/ccbeXUQ4.s 			page 13


 680 0369 17       		.uleb128 0x17
 681 036a 96020000 		.4byte	.LASF21
 682 036e 01       		.byte	0x1
 683 036f 68       		.byte	0x68
 684 0370 2C000000 		.4byte	0x2c
 685 0374 01       		.uleb128 0x1
 686 0375 52       		.byte	0x52
 687 0376 10       		.uleb128 0x10
 688 0377 656F7300 		.ascii	"eos\000"
 689 037b 01       		.byte	0x1
 690 037c 68       		.byte	0x68
 691 037d 2C000000 		.4byte	0x2c
 692 0381 01       		.uleb128 0x1
 693 0382 53       		.byte	0x53
 694 0383 00       		.byte	0
 695 0384 18       		.uleb128 0x18
 696 0385 766D7400 		.ascii	"vmt\000"
 697 0389 01       		.byte	0x1
 698 038a 57       		.byte	0x57
 699 038b CA010000 		.4byte	0x1ca
 700 038f 05       		.uleb128 0x5
 701 0390 03       		.byte	0x3
 702 0391 00000000 		.4byte	vmt
 703 0395 19       		.uleb128 0x19
 704 0396 79020000 		.4byte	.LASF31
 705 039a 93000000 		.4byte	0x93
 706 039e B2030000 		.4byte	0x3b2
 707 03a2 08       		.uleb128 0x8
 708 03a3 93000000 		.4byte	0x93
 709 03a7 08       		.uleb128 0x8
 710 03a8 B2030000 		.4byte	0x3b2
 711 03ac 08       		.uleb128 0x8
 712 03ad 8C000000 		.4byte	0x8c
 713 03b1 00       		.byte	0
 714 03b2 06       		.uleb128 0x6
 715 03b3 04       		.byte	0x4
 716 03b4 B8030000 		.4byte	0x3b8
 717 03b8 1A       		.uleb128 0x1a
 718 03b9 00       		.byte	0
 719              		.section	.debug_abbrev,"",%progbits
 720              	.Ldebug_abbrev0:
 721 0000 01       		.uleb128 0x1
 722 0001 11       		.uleb128 0x11
 723 0002 01       		.byte	0x1
 724 0003 25       		.uleb128 0x25
 725 0004 0E       		.uleb128 0xe
 726 0005 13       		.uleb128 0x13
 727 0006 0B       		.uleb128 0xb
 728 0007 03       		.uleb128 0x3
 729 0008 0E       		.uleb128 0xe
 730 0009 1B       		.uleb128 0x1b
 731 000a 0E       		.uleb128 0xe
 732 000b 55       		.uleb128 0x55
 733 000c 17       		.uleb128 0x17
 734 000d 11       		.uleb128 0x11
 735 000e 01       		.uleb128 0x1
 736 000f 10       		.uleb128 0x10
ARM GAS  /tmp/ccbeXUQ4.s 			page 14


 737 0010 17       		.uleb128 0x17
 738 0011 00       		.byte	0
 739 0012 00       		.byte	0
 740 0013 02       		.uleb128 0x2
 741 0014 24       		.uleb128 0x24
 742 0015 00       		.byte	0
 743 0016 0B       		.uleb128 0xb
 744 0017 0B       		.uleb128 0xb
 745 0018 3E       		.uleb128 0x3e
 746 0019 0B       		.uleb128 0xb
 747 001a 03       		.uleb128 0x3
 748 001b 08       		.uleb128 0x8
 749 001c 00       		.byte	0
 750 001d 00       		.byte	0
 751 001e 03       		.uleb128 0x3
 752 001f 16       		.uleb128 0x16
 753 0020 00       		.byte	0
 754 0021 03       		.uleb128 0x3
 755 0022 0E       		.uleb128 0xe
 756 0023 3A       		.uleb128 0x3a
 757 0024 0B       		.uleb128 0xb
 758 0025 3B       		.uleb128 0x3b
 759 0026 0B       		.uleb128 0xb
 760 0027 49       		.uleb128 0x49
 761 0028 13       		.uleb128 0x13
 762 0029 00       		.byte	0
 763 002a 00       		.byte	0
 764 002b 04       		.uleb128 0x4
 765 002c 24       		.uleb128 0x24
 766 002d 00       		.byte	0
 767 002e 0B       		.uleb128 0xb
 768 002f 0B       		.uleb128 0xb
 769 0030 3E       		.uleb128 0x3e
 770 0031 0B       		.uleb128 0xb
 771 0032 03       		.uleb128 0x3
 772 0033 0E       		.uleb128 0xe
 773 0034 00       		.byte	0
 774 0035 00       		.byte	0
 775 0036 05       		.uleb128 0x5
 776 0037 0F       		.uleb128 0xf
 777 0038 00       		.byte	0
 778 0039 0B       		.uleb128 0xb
 779 003a 0B       		.uleb128 0xb
 780 003b 00       		.byte	0
 781 003c 00       		.byte	0
 782 003d 06       		.uleb128 0x6
 783 003e 0F       		.uleb128 0xf
 784 003f 00       		.byte	0
 785 0040 0B       		.uleb128 0xb
 786 0041 0B       		.uleb128 0xb
 787 0042 49       		.uleb128 0x49
 788 0043 13       		.uleb128 0x13
 789 0044 00       		.byte	0
 790 0045 00       		.byte	0
 791 0046 07       		.uleb128 0x7
 792 0047 15       		.uleb128 0x15
 793 0048 01       		.byte	0x1
ARM GAS  /tmp/ccbeXUQ4.s 			page 15


 794 0049 27       		.uleb128 0x27
 795 004a 19       		.uleb128 0x19
 796 004b 49       		.uleb128 0x49
 797 004c 13       		.uleb128 0x13
 798 004d 01       		.uleb128 0x1
 799 004e 13       		.uleb128 0x13
 800 004f 00       		.byte	0
 801 0050 00       		.byte	0
 802 0051 08       		.uleb128 0x8
 803 0052 05       		.uleb128 0x5
 804 0053 00       		.byte	0
 805 0054 49       		.uleb128 0x49
 806 0055 13       		.uleb128 0x13
 807 0056 00       		.byte	0
 808 0057 00       		.byte	0
 809 0058 09       		.uleb128 0x9
 810 0059 26       		.uleb128 0x26
 811 005a 00       		.byte	0
 812 005b 49       		.uleb128 0x49
 813 005c 13       		.uleb128 0x13
 814 005d 00       		.byte	0
 815 005e 00       		.byte	0
 816 005f 0A       		.uleb128 0xa
 817 0060 13       		.uleb128 0x13
 818 0061 01       		.byte	0x1
 819 0062 03       		.uleb128 0x3
 820 0063 0E       		.uleb128 0xe
 821 0064 0B       		.uleb128 0xb
 822 0065 0B       		.uleb128 0xb
 823 0066 3A       		.uleb128 0x3a
 824 0067 0B       		.uleb128 0xb
 825 0068 3B       		.uleb128 0x3b
 826 0069 0B       		.uleb128 0xb
 827 006a 01       		.uleb128 0x1
 828 006b 13       		.uleb128 0x13
 829 006c 00       		.byte	0
 830 006d 00       		.byte	0
 831 006e 0B       		.uleb128 0xb
 832 006f 0D       		.uleb128 0xd
 833 0070 00       		.byte	0
 834 0071 03       		.uleb128 0x3
 835 0072 0E       		.uleb128 0xe
 836 0073 3A       		.uleb128 0x3a
 837 0074 0B       		.uleb128 0xb
 838 0075 3B       		.uleb128 0x3b
 839 0076 0B       		.uleb128 0xb
 840 0077 49       		.uleb128 0x49
 841 0078 13       		.uleb128 0x13
 842 0079 38       		.uleb128 0x38
 843 007a 0B       		.uleb128 0xb
 844 007b 00       		.byte	0
 845 007c 00       		.byte	0
 846 007d 0C       		.uleb128 0xc
 847 007e 0D       		.uleb128 0xd
 848 007f 00       		.byte	0
 849 0080 03       		.uleb128 0x3
 850 0081 08       		.uleb128 0x8
ARM GAS  /tmp/ccbeXUQ4.s 			page 16


 851 0082 3A       		.uleb128 0x3a
 852 0083 0B       		.uleb128 0xb
 853 0084 3B       		.uleb128 0x3b
 854 0085 0B       		.uleb128 0xb
 855 0086 49       		.uleb128 0x49
 856 0087 13       		.uleb128 0x13
 857 0088 38       		.uleb128 0x38
 858 0089 0B       		.uleb128 0xb
 859 008a 00       		.byte	0
 860 008b 00       		.byte	0
 861 008c 0D       		.uleb128 0xd
 862 008d 13       		.uleb128 0x13
 863 008e 01       		.byte	0x1
 864 008f 0B       		.uleb128 0xb
 865 0090 0B       		.uleb128 0xb
 866 0091 3A       		.uleb128 0x3a
 867 0092 0B       		.uleb128 0xb
 868 0093 3B       		.uleb128 0x3b
 869 0094 0B       		.uleb128 0xb
 870 0095 01       		.uleb128 0x1
 871 0096 13       		.uleb128 0x13
 872 0097 00       		.byte	0
 873 0098 00       		.byte	0
 874 0099 0E       		.uleb128 0xe
 875 009a 2E       		.uleb128 0x2e
 876 009b 01       		.byte	0x1
 877 009c 03       		.uleb128 0x3
 878 009d 08       		.uleb128 0x8
 879 009e 3A       		.uleb128 0x3a
 880 009f 0B       		.uleb128 0xb
 881 00a0 3B       		.uleb128 0x3b
 882 00a1 0B       		.uleb128 0xb
 883 00a2 27       		.uleb128 0x27
 884 00a3 19       		.uleb128 0x19
 885 00a4 49       		.uleb128 0x49
 886 00a5 13       		.uleb128 0x13
 887 00a6 11       		.uleb128 0x11
 888 00a7 01       		.uleb128 0x1
 889 00a8 12       		.uleb128 0x12
 890 00a9 06       		.uleb128 0x6
 891 00aa 40       		.uleb128 0x40
 892 00ab 18       		.uleb128 0x18
 893 00ac 9742     		.uleb128 0x2117
 894 00ae 19       		.uleb128 0x19
 895 00af 01       		.uleb128 0x1
 896 00b0 13       		.uleb128 0x13
 897 00b1 00       		.byte	0
 898 00b2 00       		.byte	0
 899 00b3 0F       		.uleb128 0xf
 900 00b4 05       		.uleb128 0x5
 901 00b5 00       		.byte	0
 902 00b6 03       		.uleb128 0x3
 903 00b7 08       		.uleb128 0x8
 904 00b8 3A       		.uleb128 0x3a
 905 00b9 0B       		.uleb128 0xb
 906 00ba 3B       		.uleb128 0x3b
 907 00bb 0B       		.uleb128 0xb
ARM GAS  /tmp/ccbeXUQ4.s 			page 17


 908 00bc 49       		.uleb128 0x49
 909 00bd 13       		.uleb128 0x13
 910 00be 02       		.uleb128 0x2
 911 00bf 17       		.uleb128 0x17
 912 00c0 00       		.byte	0
 913 00c1 00       		.byte	0
 914 00c2 10       		.uleb128 0x10
 915 00c3 05       		.uleb128 0x5
 916 00c4 00       		.byte	0
 917 00c5 03       		.uleb128 0x3
 918 00c6 08       		.uleb128 0x8
 919 00c7 3A       		.uleb128 0x3a
 920 00c8 0B       		.uleb128 0xb
 921 00c9 3B       		.uleb128 0x3b
 922 00ca 0B       		.uleb128 0xb
 923 00cb 49       		.uleb128 0x49
 924 00cc 13       		.uleb128 0x13
 925 00cd 02       		.uleb128 0x2
 926 00ce 18       		.uleb128 0x18
 927 00cf 00       		.byte	0
 928 00d0 00       		.byte	0
 929 00d1 11       		.uleb128 0x11
 930 00d2 34       		.uleb128 0x34
 931 00d3 00       		.byte	0
 932 00d4 03       		.uleb128 0x3
 933 00d5 08       		.uleb128 0x8
 934 00d6 3A       		.uleb128 0x3a
 935 00d7 0B       		.uleb128 0xb
 936 00d8 3B       		.uleb128 0x3b
 937 00d9 0B       		.uleb128 0xb
 938 00da 49       		.uleb128 0x49
 939 00db 13       		.uleb128 0x13
 940 00dc 02       		.uleb128 0x2
 941 00dd 17       		.uleb128 0x17
 942 00de 00       		.byte	0
 943 00df 00       		.byte	0
 944 00e0 12       		.uleb128 0x12
 945 00e1 2E       		.uleb128 0x2e
 946 00e2 01       		.byte	0x1
 947 00e3 03       		.uleb128 0x3
 948 00e4 0E       		.uleb128 0xe
 949 00e5 3A       		.uleb128 0x3a
 950 00e6 0B       		.uleb128 0xb
 951 00e7 3B       		.uleb128 0x3b
 952 00e8 0B       		.uleb128 0xb
 953 00e9 27       		.uleb128 0x27
 954 00ea 19       		.uleb128 0x19
 955 00eb 49       		.uleb128 0x49
 956 00ec 13       		.uleb128 0x13
 957 00ed 11       		.uleb128 0x11
 958 00ee 01       		.uleb128 0x1
 959 00ef 12       		.uleb128 0x12
 960 00f0 06       		.uleb128 0x6
 961 00f1 40       		.uleb128 0x40
 962 00f2 18       		.uleb128 0x18
 963 00f3 9742     		.uleb128 0x2117
 964 00f5 19       		.uleb128 0x19
ARM GAS  /tmp/ccbeXUQ4.s 			page 18


 965 00f6 01       		.uleb128 0x1
 966 00f7 13       		.uleb128 0x13
 967 00f8 00       		.byte	0
 968 00f9 00       		.byte	0
 969 00fa 13       		.uleb128 0x13
 970 00fb 898201   		.uleb128 0x4109
 971 00fe 01       		.byte	0x1
 972 00ff 11       		.uleb128 0x11
 973 0100 01       		.uleb128 0x1
 974 0101 31       		.uleb128 0x31
 975 0102 13       		.uleb128 0x13
 976 0103 00       		.byte	0
 977 0104 00       		.byte	0
 978 0105 14       		.uleb128 0x14
 979 0106 8A8201   		.uleb128 0x410a
 980 0109 00       		.byte	0
 981 010a 02       		.uleb128 0x2
 982 010b 18       		.uleb128 0x18
 983 010c 9142     		.uleb128 0x2111
 984 010e 18       		.uleb128 0x18
 985 010f 00       		.byte	0
 986 0110 00       		.byte	0
 987 0111 15       		.uleb128 0x15
 988 0112 2E       		.uleb128 0x2e
 989 0113 01       		.byte	0x1
 990 0114 3F       		.uleb128 0x3f
 991 0115 19       		.uleb128 0x19
 992 0116 03       		.uleb128 0x3
 993 0117 0E       		.uleb128 0xe
 994 0118 3A       		.uleb128 0x3a
 995 0119 0B       		.uleb128 0xb
 996 011a 3B       		.uleb128 0x3b
 997 011b 0B       		.uleb128 0xb
 998 011c 27       		.uleb128 0x27
 999 011d 19       		.uleb128 0x19
 1000 011e 11       		.uleb128 0x11
 1001 011f 01       		.uleb128 0x1
 1002 0120 12       		.uleb128 0x12
 1003 0121 06       		.uleb128 0x6
 1004 0122 40       		.uleb128 0x40
 1005 0123 18       		.uleb128 0x18
 1006 0124 9742     		.uleb128 0x2117
 1007 0126 19       		.uleb128 0x19
 1008 0127 01       		.uleb128 0x1
 1009 0128 13       		.uleb128 0x13
 1010 0129 00       		.byte	0
 1011 012a 00       		.byte	0
 1012 012b 16       		.uleb128 0x16
 1013 012c 05       		.uleb128 0x5
 1014 012d 00       		.byte	0
 1015 012e 03       		.uleb128 0x3
 1016 012f 0E       		.uleb128 0xe
 1017 0130 3A       		.uleb128 0x3a
 1018 0131 0B       		.uleb128 0xb
 1019 0132 3B       		.uleb128 0x3b
 1020 0133 0B       		.uleb128 0xb
 1021 0134 49       		.uleb128 0x49
ARM GAS  /tmp/ccbeXUQ4.s 			page 19


 1022 0135 13       		.uleb128 0x13
 1023 0136 02       		.uleb128 0x2
 1024 0137 17       		.uleb128 0x17
 1025 0138 00       		.byte	0
 1026 0139 00       		.byte	0
 1027 013a 17       		.uleb128 0x17
 1028 013b 05       		.uleb128 0x5
 1029 013c 00       		.byte	0
 1030 013d 03       		.uleb128 0x3
 1031 013e 0E       		.uleb128 0xe
 1032 013f 3A       		.uleb128 0x3a
 1033 0140 0B       		.uleb128 0xb
 1034 0141 3B       		.uleb128 0x3b
 1035 0142 0B       		.uleb128 0xb
 1036 0143 49       		.uleb128 0x49
 1037 0144 13       		.uleb128 0x13
 1038 0145 02       		.uleb128 0x2
 1039 0146 18       		.uleb128 0x18
 1040 0147 00       		.byte	0
 1041 0148 00       		.byte	0
 1042 0149 18       		.uleb128 0x18
 1043 014a 34       		.uleb128 0x34
 1044 014b 00       		.byte	0
 1045 014c 03       		.uleb128 0x3
 1046 014d 08       		.uleb128 0x8
 1047 014e 3A       		.uleb128 0x3a
 1048 014f 0B       		.uleb128 0xb
 1049 0150 3B       		.uleb128 0x3b
 1050 0151 0B       		.uleb128 0xb
 1051 0152 49       		.uleb128 0x49
 1052 0153 13       		.uleb128 0x13
 1053 0154 02       		.uleb128 0x2
 1054 0155 18       		.uleb128 0x18
 1055 0156 00       		.byte	0
 1056 0157 00       		.byte	0
 1057 0158 19       		.uleb128 0x19
 1058 0159 2E       		.uleb128 0x2e
 1059 015a 01       		.byte	0x1
 1060 015b 3F       		.uleb128 0x3f
 1061 015c 19       		.uleb128 0x19
 1062 015d 03       		.uleb128 0x3
 1063 015e 0E       		.uleb128 0xe
 1064 015f 27       		.uleb128 0x27
 1065 0160 19       		.uleb128 0x19
 1066 0161 49       		.uleb128 0x49
 1067 0162 13       		.uleb128 0x13
 1068 0163 34       		.uleb128 0x34
 1069 0164 19       		.uleb128 0x19
 1070 0165 3C       		.uleb128 0x3c
 1071 0166 19       		.uleb128 0x19
 1072 0167 01       		.uleb128 0x1
 1073 0168 13       		.uleb128 0x13
 1074 0169 00       		.byte	0
 1075 016a 00       		.byte	0
 1076 016b 1A       		.uleb128 0x1a
 1077 016c 26       		.uleb128 0x26
 1078 016d 00       		.byte	0
ARM GAS  /tmp/ccbeXUQ4.s 			page 20


 1079 016e 00       		.byte	0
 1080 016f 00       		.byte	0
 1081 0170 00       		.byte	0
 1082              		.section	.debug_loc,"",%progbits
 1083              	.Ldebug_loc0:
 1084              	.LLST0:
 1085 0000 00000000 		.4byte	.LVL0
 1086 0004 14000000 		.4byte	.LVL1
 1087 0008 0100     		.2byte	0x1
 1088 000a 50       		.byte	0x50
 1089 000b 14000000 		.4byte	.LVL1
 1090 000f 16000000 		.4byte	.LVL2
 1091 0013 0400     		.2byte	0x4
 1092 0015 F3       		.byte	0xf3
 1093 0016 01       		.uleb128 0x1
 1094 0017 50       		.byte	0x50
 1095 0018 9F       		.byte	0x9f
 1096 0019 16000000 		.4byte	.LVL2
 1097 001d 1A000000 		.4byte	.LVL3
 1098 0021 0100     		.2byte	0x1
 1099 0023 50       		.byte	0x50
 1100 0024 1A000000 		.4byte	.LVL3
 1101 0028 1C000000 		.4byte	.LFE9
 1102 002c 0400     		.2byte	0x4
 1103 002e F3       		.byte	0xf3
 1104 002f 01       		.uleb128 0x1
 1105 0030 50       		.byte	0x50
 1106 0031 9F       		.byte	0x9f
 1107 0032 00000000 		.4byte	0
 1108 0036 00000000 		.4byte	0
 1109              	.LLST2:
 1110 003a 00000000 		.4byte	.LVL4
 1111 003e 0E000000 		.4byte	.LVL6
 1112 0042 0100     		.2byte	0x1
 1113 0044 50       		.byte	0x50
 1114 0045 0E000000 		.4byte	.LVL6
 1115 0049 14000000 		.4byte	.LVL9
 1116 004d 0100     		.2byte	0x1
 1117 004f 53       		.byte	0x53
 1118 0050 14000000 		.4byte	.LVL9
 1119 0054 18000000 		.4byte	.LVL10
 1120 0058 0100     		.2byte	0x1
 1121 005a 50       		.byte	0x50
 1122 005b 18000000 		.4byte	.LVL10
 1123 005f 1A000000 		.4byte	.LFE10
 1124 0063 0100     		.2byte	0x1
 1125 0065 53       		.byte	0x53
 1126 0066 00000000 		.4byte	0
 1127 006a 00000000 		.4byte	0
 1128              	.LLST3:
 1129 006e 0E000000 		.4byte	.LVL6
 1130 0072 10000000 		.4byte	.LVL7
 1131 0076 0500     		.2byte	0x5
 1132 0078 71       		.byte	0x71
 1133 0079 00       		.sleb128 0
 1134 007a 72       		.byte	0x72
 1135 007b 00       		.sleb128 0
ARM GAS  /tmp/ccbeXUQ4.s 			page 21


 1136 007c 22       		.byte	0x22
 1137 007d 10000000 		.4byte	.LVL7
 1138 0081 12000000 		.4byte	.LVL8
 1139 0085 0600     		.2byte	0x6
 1140 0087 71       		.byte	0x71
 1141 0088 00       		.sleb128 0
 1142 0089 73       		.byte	0x73
 1143 008a 10       		.sleb128 16
 1144 008b 06       		.byte	0x6
 1145 008c 22       		.byte	0x22
 1146 008d 12000000 		.4byte	.LVL8
 1147 0091 14000000 		.4byte	.LVL9
 1148 0095 0100     		.2byte	0x1
 1149 0097 50       		.byte	0x50
 1150 0098 00000000 		.4byte	0
 1151 009c 00000000 		.4byte	0
 1152              	.LLST4:
 1153 00a0 08000000 		.4byte	.LVL5
 1154 00a4 0E000000 		.4byte	.LVL6
 1155 00a8 0100     		.2byte	0x1
 1156 00aa 50       		.byte	0x50
 1157 00ab 0E000000 		.4byte	.LVL6
 1158 00af 14000000 		.4byte	.LVL9
 1159 00b3 0100     		.2byte	0x1
 1160 00b5 53       		.byte	0x53
 1161 00b6 14000000 		.4byte	.LVL9
 1162 00ba 18000000 		.4byte	.LVL10
 1163 00be 0100     		.2byte	0x1
 1164 00c0 50       		.byte	0x50
 1165 00c1 18000000 		.4byte	.LVL10
 1166 00c5 1A000000 		.4byte	.LFE10
 1167 00c9 0100     		.2byte	0x1
 1168 00cb 53       		.byte	0x53
 1169 00cc 00000000 		.4byte	0
 1170 00d0 00000000 		.4byte	0
 1171              	.LLST5:
 1172 00d4 00000000 		.4byte	.LVL11
 1173 00d8 06000000 		.4byte	.LVL13
 1174 00dc 0100     		.2byte	0x1
 1175 00de 50       		.byte	0x50
 1176 00df 06000000 		.4byte	.LVL13
 1177 00e3 26000000 		.4byte	.LFE8
 1178 00e7 0100     		.2byte	0x1
 1179 00e9 54       		.byte	0x54
 1180 00ea 00000000 		.4byte	0
 1181 00ee 00000000 		.4byte	0
 1182              	.LLST6:
 1183 00f2 00000000 		.4byte	.LVL11
 1184 00f6 0C000000 		.4byte	.LVL14
 1185 00fa 0100     		.2byte	0x1
 1186 00fc 51       		.byte	0x51
 1187 00fd 0C000000 		.4byte	.LVL14
 1188 0101 1B000000 		.4byte	.LVL16-1
 1189 0105 0100     		.2byte	0x1
 1190 0107 50       		.byte	0x50
 1191 0108 1B000000 		.4byte	.LVL16-1
 1192 010c 26000000 		.4byte	.LFE8
ARM GAS  /tmp/ccbeXUQ4.s 			page 22


 1193 0110 0400     		.2byte	0x4
 1194 0112 F3       		.byte	0xf3
 1195 0113 01       		.uleb128 0x1
 1196 0114 51       		.byte	0x51
 1197 0115 9F       		.byte	0x9f
 1198 0116 00000000 		.4byte	0
 1199 011a 00000000 		.4byte	0
 1200              	.LLST7:
 1201 011e 00000000 		.4byte	.LVL11
 1202 0122 14000000 		.4byte	.LVL15
 1203 0126 0100     		.2byte	0x1
 1204 0128 52       		.byte	0x52
 1205 0129 14000000 		.4byte	.LVL15
 1206 012d 26000000 		.4byte	.LFE8
 1207 0131 0100     		.2byte	0x1
 1208 0133 55       		.byte	0x55
 1209 0134 00000000 		.4byte	0
 1210 0138 00000000 		.4byte	0
 1211              	.LLST8:
 1212 013c 04000000 		.4byte	.LVL12
 1213 0140 06000000 		.4byte	.LVL13
 1214 0144 0100     		.2byte	0x1
 1215 0146 50       		.byte	0x50
 1216 0147 06000000 		.4byte	.LVL13
 1217 014b 26000000 		.4byte	.LFE8
 1218 014f 0100     		.2byte	0x1
 1219 0151 54       		.byte	0x54
 1220 0152 00000000 		.4byte	0
 1221 0156 00000000 		.4byte	0
 1222              	.LLST9:
 1223 015a 00000000 		.4byte	.LVL17
 1224 015e 0C000000 		.4byte	.LVL19
 1225 0162 0100     		.2byte	0x1
 1226 0164 50       		.byte	0x50
 1227 0165 0C000000 		.4byte	.LVL19
 1228 0169 24000000 		.4byte	.LFE7
 1229 016d 0100     		.2byte	0x1
 1230 016f 54       		.byte	0x54
 1231 0170 00000000 		.4byte	0
 1232 0174 00000000 		.4byte	0
 1233              	.LLST10:
 1234 0178 00000000 		.4byte	.LVL17
 1235 017c 19000000 		.4byte	.LVL21-1
 1236 0180 0100     		.2byte	0x1
 1237 0182 51       		.byte	0x51
 1238 0183 19000000 		.4byte	.LVL21-1
 1239 0187 24000000 		.4byte	.LFE7
 1240 018b 0400     		.2byte	0x4
 1241 018d F3       		.byte	0xf3
 1242 018e 01       		.uleb128 0x1
 1243 018f 51       		.byte	0x51
 1244 0190 9F       		.byte	0x9f
 1245 0191 00000000 		.4byte	0
 1246 0195 00000000 		.4byte	0
 1247              	.LLST11:
 1248 0199 00000000 		.4byte	.LVL17
 1249 019d 12000000 		.4byte	.LVL20
ARM GAS  /tmp/ccbeXUQ4.s 			page 23


 1250 01a1 0100     		.2byte	0x1
 1251 01a3 52       		.byte	0x52
 1252 01a4 12000000 		.4byte	.LVL20
 1253 01a8 24000000 		.4byte	.LFE7
 1254 01ac 0100     		.2byte	0x1
 1255 01ae 55       		.byte	0x55
 1256 01af 00000000 		.4byte	0
 1257 01b3 00000000 		.4byte	0
 1258              	.LLST12:
 1259 01b7 08000000 		.4byte	.LVL18
 1260 01bb 0C000000 		.4byte	.LVL19
 1261 01bf 0100     		.2byte	0x1
 1262 01c1 50       		.byte	0x50
 1263 01c2 0C000000 		.4byte	.LVL19
 1264 01c6 24000000 		.4byte	.LFE7
 1265 01ca 0100     		.2byte	0x1
 1266 01cc 54       		.byte	0x54
 1267 01cd 00000000 		.4byte	0
 1268 01d1 00000000 		.4byte	0
 1269              	.LLST13:
 1270 01d5 00000000 		.4byte	.LVL22
 1271 01d9 0A000000 		.4byte	.LVL23
 1272 01dd 0100     		.2byte	0x1
 1273 01df 51       		.byte	0x51
 1274 01e0 0A000000 		.4byte	.LVL23
 1275 01e4 1C000000 		.4byte	.LFE11
 1276 01e8 0200     		.2byte	0x2
 1277 01ea 70       		.byte	0x70
 1278 01eb 04       		.sleb128 4
 1279 01ec 00000000 		.4byte	0
 1280 01f0 00000000 		.4byte	0
 1281              		.section	.debug_aranges,"",%progbits
 1282 0000 3C000000 		.4byte	0x3c
 1283 0004 0200     		.2byte	0x2
 1284 0006 00000000 		.4byte	.Ldebug_info0
 1285 000a 04       		.byte	0x4
 1286 000b 00       		.byte	0
 1287 000c 0000     		.2byte	0
 1288 000e 0000     		.2byte	0
 1289 0010 00000000 		.4byte	.LFB9
 1290 0014 1C000000 		.4byte	.LFE9-.LFB9
 1291 0018 00000000 		.4byte	.LFB10
 1292 001c 1A000000 		.4byte	.LFE10-.LFB10
 1293 0020 00000000 		.4byte	.LFB8
 1294 0024 26000000 		.4byte	.LFE8-.LFB8
 1295 0028 00000000 		.4byte	.LFB7
 1296 002c 24000000 		.4byte	.LFE7-.LFB7
 1297 0030 00000000 		.4byte	.LFB11
 1298 0034 1C000000 		.4byte	.LFE11-.LFB11
 1299 0038 00000000 		.4byte	0
 1300 003c 00000000 		.4byte	0
 1301              		.section	.debug_ranges,"",%progbits
 1302              	.Ldebug_ranges0:
 1303 0000 00000000 		.4byte	.LFB9
 1304 0004 1C000000 		.4byte	.LFE9
 1305 0008 00000000 		.4byte	.LFB10
 1306 000c 1A000000 		.4byte	.LFE10
ARM GAS  /tmp/ccbeXUQ4.s 			page 24


 1307 0010 00000000 		.4byte	.LFB8
 1308 0014 26000000 		.4byte	.LFE8
 1309 0018 00000000 		.4byte	.LFB7
 1310 001c 24000000 		.4byte	.LFE7
 1311 0020 00000000 		.4byte	.LFB11
 1312 0024 1C000000 		.4byte	.LFE11
 1313 0028 00000000 		.4byte	0
 1314 002c 00000000 		.4byte	0
 1315              		.section	.debug_line,"",%progbits
 1316              	.Ldebug_line0:
 1317 0000 71010000 		.section	.debug_str,"MS",%progbits,1
 1317      0200FA00 
 1317      00000201 
 1317      FB0E0D00 
 1317      01010101 
 1318              	.LASF3:
 1319 0000 5F5F7569 		.ascii	"__uint8_t\000"
 1319      6E74385F 
 1319      7400
 1320              	.LASF2:
 1321 000a 73697A65 		.ascii	"size_t\000"
 1321      5F7400
 1322              	.LASF7:
 1323 0011 5F5F696E 		.ascii	"__int32_t\000"
 1323      7433325F 
 1323      7400
 1324              	.LASF6:
 1325 001b 73686F72 		.ascii	"short unsigned int\000"
 1325      7420756E 
 1325      7369676E 
 1325      65642069 
 1325      6E7400
 1326              	.LASF25:
 1327 002e 77726974 		.ascii	"writes\000"
 1327      657300
 1328              	.LASF1:
 1329 0035 7369676E 		.ascii	"signed char\000"
 1329      65642063 
 1329      68617200 
 1330              	.LASF24:
 1331 0041 72656164 		.ascii	"reads\000"
 1331      7300
 1332              	.LASF26:
 1333 0047 474E5520 		.ascii	"GNU C 4.8.3 -mcpu=cortex-m4 -mfloat-abi=softfp -mfp"
 1333      4320342E 
 1333      382E3320 
 1333      2D6D6370 
 1333      753D636F 
 1334 007a 753D6670 		.ascii	"u=fpv4-sp-d16 -mno-thumb-interwork -mthumb -ggdb -O"
 1334      76342D73 
 1334      702D6431 
 1334      36202D6D 
 1334      6E6F2D74 
 1335 00ad 32202D66 		.ascii	"2 -fomit-frame-pointer -falign-functions=16 -fsingl"
 1335      6F6D6974 
 1335      2D667261 
 1335      6D652D70 
ARM GAS  /tmp/ccbeXUQ4.s 			page 25


 1335      6F696E74 
 1336 00e0 652D7072 		.ascii	"e-precision-constant -ffunction-sections -fdata-sec"
 1336      65636973 
 1336      696F6E2D 
 1336      636F6E73 
 1336      74616E74 
 1337 0113 74696F6E 		.ascii	"tions -fno-common\000"
 1337      73202D66 
 1337      6E6F2D63 
 1337      6F6D6D6F 
 1337      6E00
 1338              	.LASF18:
 1339 0125 77726974 		.ascii	"write\000"
 1339      6500
 1340              	.LASF29:
 1341 012b 4D656D53 		.ascii	"MemStreamVMT\000"
 1341      74726561 
 1341      6D564D54 
 1341      00
 1342              	.LASF4:
 1343 0138 756E7369 		.ascii	"unsigned char\000"
 1343      676E6564 
 1343      20636861 
 1343      7200
 1344              	.LASF30:
 1345 0146 6D734F62 		.ascii	"msObjectInit\000"
 1345      6A656374 
 1345      496E6974 
 1345      00
 1346              	.LASF19:
 1347 0153 72656164 		.ascii	"read\000"
 1347      00
 1348              	.LASF28:
 1349 0158 2F686F6D 		.ascii	"/home/jordyaw/Documents/referensi/coba/ChibiOS_2.5."
 1349      652F6A6F 
 1349      72647961 
 1349      772F446F 
 1349      63756D65 
 1350 018b 32782F74 		.ascii	"2x/testhal/STM32F30x/WSC Juara Bismillah/program sc"
 1350      65737468 
 1350      616C2F53 
 1350      544D3332 
 1350      46333078 
 1351 01be 616E6E69 		.ascii	"anning data controller\000"
 1351      6E672064 
 1351      61746120 
 1351      636F6E74 
 1351      726F6C6C 
 1352              	.LASF0:
 1353 01d5 756E7369 		.ascii	"unsigned int\000"
 1353      676E6564 
 1353      20696E74 
 1353      00
 1354              	.LASF11:
 1355 01e2 6C6F6E67 		.ascii	"long long unsigned int\000"
 1355      206C6F6E 
 1355      6720756E 
ARM GAS  /tmp/ccbeXUQ4.s 			page 26


 1355      7369676E 
 1355      65642069 
 1356              	.LASF14:
 1357 01f9 75696E74 		.ascii	"uint8_t\000"
 1357      385F7400 
 1358              	.LASF17:
 1359 0201 6D73675F 		.ascii	"msg_t\000"
 1359      7400
 1360              	.LASF9:
 1361 0207 6C6F6E67 		.ascii	"long unsigned int\000"
 1361      20756E73 
 1361      69676E65 
 1361      6420696E 
 1361      7400
 1362              	.LASF15:
 1363 0219 696E7433 		.ascii	"int32_t\000"
 1363      325F7400 
 1364              	.LASF12:
 1365 0221 73697A65 		.ascii	"sizetype\000"
 1365      74797065 
 1365      00
 1366              	.LASF10:
 1367 022a 6C6F6E67 		.ascii	"long long int\000"
 1367      206C6F6E 
 1367      6720696E 
 1367      7400
 1368              	.LASF13:
 1369 0238 63686172 		.ascii	"char\000"
 1369      00
 1370              	.LASF27:
 1371 023d 2E2E2F2E 		.ascii	"../../../../os/various/memstreams.c\000"
 1371      2E2F2E2E 
 1371      2F2E2E2F 
 1371      6F732F76 
 1371      6172696F 
 1372              	.LASF22:
 1373 0261 6F666673 		.ascii	"offset\000"
 1373      657400
 1374              	.LASF5:
 1375 0268 73686F72 		.ascii	"short int\000"
 1375      7420696E 
 1375      7400
 1376              	.LASF20:
 1377 0272 62756666 		.ascii	"buffer\000"
 1377      657200
 1378              	.LASF31:
 1379 0279 6D656D63 		.ascii	"memcpy\000"
 1379      707900
 1380              	.LASF8:
 1381 0280 6C6F6E67 		.ascii	"long int\000"
 1381      20696E74 
 1381      00
 1382              	.LASF23:
 1383 0289 4D656D6F 		.ascii	"MemoryStream\000"
 1383      72795374 
 1383      7265616D 
 1383      00
ARM GAS  /tmp/ccbeXUQ4.s 			page 27


 1384              	.LASF21:
 1385 0296 73697A65 		.ascii	"size\000"
 1385      00
 1386              	.LASF16:
 1387 029b 5F426F6F 		.ascii	"_Bool\000"
 1387      6C00
 1388              		.ident	"GCC: (4.8.3-18ubuntu2+12) 4.8.3"
ARM GAS  /tmp/ccbeXUQ4.s 			page 28


DEFINED SYMBOLS
                            *ABS*:0000000000000000 memstreams.c
     /tmp/ccbeXUQ4.s:20     .text.put:0000000000000000 $t
     /tmp/ccbeXUQ4.s:25     .text.put:0000000000000000 put
     /tmp/ccbeXUQ4.s:61     .text.get:0000000000000000 $t
     /tmp/ccbeXUQ4.s:66     .text.get:0000000000000000 get
     /tmp/ccbeXUQ4.s:105    .text.reads:0000000000000000 $t
     /tmp/ccbeXUQ4.s:110    .text.reads:0000000000000000 reads
     /tmp/ccbeXUQ4.s:157    .text.writes:0000000000000000 $t
     /tmp/ccbeXUQ4.s:162    .text.writes:0000000000000000 writes
     /tmp/ccbeXUQ4.s:205    .text.msObjectInit:0000000000000000 $t
     /tmp/ccbeXUQ4.s:211    .text.msObjectInit:0000000000000000 msObjectInit
     /tmp/ccbeXUQ4.s:242    .text.msObjectInit:0000000000000018 $d
     /tmp/ccbeXUQ4.s:247    .rodata.vmt:0000000000000000 $d
     /tmp/ccbeXUQ4.s:251    .rodata.vmt:0000000000000000 vmt
                     .debug_frame:0000000000000010 $d
     /tmp/ccbeXUQ4.s:246    .text.msObjectInit:000000000000001c $t

UNDEFINED SYMBOLS
memcpy
