ARM GAS  /tmp/ccs9jDTV.s 			page 1


   1              		.syntax unified
   2              		.cpu cortex-m4
   3              		.eabi_attribute 27, 3
   4              		.fpu fpv4-sp-d16
   5              		.eabi_attribute 20, 1
   6              		.eabi_attribute 21, 1
   7              		.eabi_attribute 23, 3
   8              		.eabi_attribute 24, 1
   9              		.eabi_attribute 25, 1
  10              		.eabi_attribute 26, 1
  11              		.eabi_attribute 30, 2
  12              		.eabi_attribute 34, 1
  13              		.eabi_attribute 18, 4
  14              		.thumb
  15              		.file	"nvic.c"
  16              		.text
  17              	.Ltext0:
  18              		.cfi_sections	.debug_frame
  19              		.section	.text.nvicEnableVector,"ax",%progbits
  20              		.align	2
  21              		.p2align 4,,15
  22              		.global	nvicEnableVector
  23              		.thumb
  24              		.thumb_func
  25              		.type	nvicEnableVector, %function
  26              	nvicEnableVector:
  27              	.LFB7:
  28              		.file 1 "../../../../os/ports/common/ARMCMx/nvic.c"
  29              		.loc 1 39 0
  30              		.cfi_startproc
  31              		@ args = 0, pretend = 0, frame = 0
  32              		@ frame_needed = 0, uses_anonymous_args = 0
  33              		@ link register save eliminated.
  34              	.LVL0:
  35 0000 20F00302 		bic	r2, r0, #3
  36 0004 02F16042 		add	r2, r2, #-536870912
  37 0008 02F56142 		add	r2, r2, #57600
  38 000c F0B4     		push	{r4, r5, r6, r7}
  39              		.cfi_def_cfa_offset 16
  40              		.cfi_offset 4, -16
  41              		.cfi_offset 5, -12
  42              		.cfi_offset 6, -8
  43              		.cfi_offset 7, -4
  44              		.loc 1 43 0
  45 000e 4309     		lsrs	r3, r0, #5
  46              		.loc 1 40 0
  47 0010 00F00304 		and	r4, r0, #3
  48              		.loc 1 42 0
  49 0014 D2F80053 		ldr	r5, [r2, #768]
  50              		.loc 1 40 0
  51 0018 E400     		lsls	r4, r4, #3
  52              	.LVL1:
  53              		.loc 1 42 0
  54 001a FF26     		movs	r6, #255
  55 001c 9B00     		lsls	r3, r3, #2
  56 001e A640     		lsls	r6, r6, r4
  57 0020 03F16043 		add	r3, r3, #-536870912
ARM GAS  /tmp/ccs9jDTV.s 			page 2


  58 0024 25EA0605 		bic	r5, r5, r6
  59 0028 03F56143 		add	r3, r3, #57600
  60              		.loc 1 43 0
  61 002c 0127     		movs	r7, #1
  62              		.loc 1 42 0
  63 002e A140     		lsls	r1, r1, r4
  64              	.LVL2:
  65              		.loc 1 43 0
  66 0030 00F01F00 		and	r0, r0, #31
  67              	.LVL3:
  68 0034 07FA00F0 		lsl	r0, r7, r0
  69              		.loc 1 42 0
  70 0038 45EA0104 		orr	r4, r5, r1
  71              	.LVL4:
  72 003c C2F80043 		str	r4, [r2, #768]
  73              		.loc 1 43 0
  74 0040 C3F88001 		str	r0, [r3, #384]
  75              		.loc 1 45 0
  76 0044 F0BC     		pop	{r4, r5, r6, r7}
  77              		.loc 1 44 0
  78 0046 1860     		str	r0, [r3]
  79              		.loc 1 45 0
  80 0048 7047     		bx	lr
  81              		.cfi_endproc
  82              	.LFE7:
  83              		.size	nvicEnableVector, .-nvicEnableVector
  84 004a 00BFAFF3 		.section	.text.nvicDisableVector,"ax",%progbits
  84      0080
  85              		.align	2
  86              		.p2align 4,,15
  87              		.global	nvicDisableVector
  88              		.thumb
  89              		.thumb_func
  90              		.type	nvicDisableVector, %function
  91              	nvicDisableVector:
  92              	.LFB8:
  93              		.loc 1 53 0
  94              		.cfi_startproc
  95              		@ args = 0, pretend = 0, frame = 0
  96              		@ frame_needed = 0, uses_anonymous_args = 0
  97              		@ link register save eliminated.
  98              	.LVL5:
  99              		.loc 1 56 0
 100 0000 4109     		lsrs	r1, r0, #5
 101              		.loc 1 53 0
 102 0002 30B4     		push	{r4, r5}
 103              		.cfi_def_cfa_offset 8
 104              		.cfi_offset 4, -8
 105              		.cfi_offset 5, -4
 106              		.loc 1 56 0
 107 0004 2031     		adds	r1, r1, #32
 108 0006 00F01F04 		and	r4, r0, #31
 109 000a 0125     		movs	r5, #1
 110 000c 0C4A     		ldr	r2, .L3
 111 000e 20F00303 		bic	r3, r0, #3
 112 0012 05FA04F4 		lsl	r4, r5, r4
 113 0016 03F16043 		add	r3, r3, #-536870912
ARM GAS  /tmp/ccs9jDTV.s 			page 3


 114 001a 42F82140 		str	r4, [r2, r1, lsl #2]
 115 001e 03F56143 		add	r3, r3, #57600
 116              		.loc 1 54 0
 117 0022 00F00300 		and	r0, r0, #3
 118              	.LVL6:
 119              		.loc 1 57 0
 120 0026 D3F80023 		ldr	r2, [r3, #768]
 121              		.loc 1 54 0
 122 002a C000     		lsls	r0, r0, #3
 123              	.LVL7:
 124              		.loc 1 57 0
 125 002c FF21     		movs	r1, #255
 126 002e 01FA00F0 		lsl	r0, r1, r0
 127              	.LVL8:
 128 0032 22EA0000 		bic	r0, r2, r0
 129 0036 C3F80003 		str	r0, [r3, #768]
 130              		.loc 1 58 0
 131 003a 30BC     		pop	{r4, r5}
 132 003c 7047     		bx	lr
 133              	.L4:
 134 003e 00BF     		.align	2
 135              	.L3:
 136 0040 00E100E0 		.word	-536813312
 137              		.cfi_endproc
 138              	.LFE8:
 139              		.size	nvicDisableVector, .-nvicDisableVector
 140 0044 AFF30080 		.section	.text.nvicSetSystemHandlerPriority,"ax",%progbits
 140      AFF30080 
 140      AFF30080 
 141              		.align	2
 142              		.p2align 4,,15
 143              		.global	nvicSetSystemHandlerPriority
 144              		.thumb
 145              		.thumb_func
 146              		.type	nvicSetSystemHandlerPriority, %function
 147              	nvicSetSystemHandlerPriority:
 148              	.LFB9:
 149              		.loc 1 67 0
 150              		.cfi_startproc
 151              		@ args = 0, pretend = 0, frame = 0
 152              		@ frame_needed = 0, uses_anonymous_args = 0
 153              		@ link register save eliminated.
 154              	.LVL9:
 155 0000 20F00303 		bic	r3, r0, #3
 156 0004 03F16043 		add	r3, r3, #-536870912
 157 0008 03F56D43 		add	r3, r3, #60672
 158              		.loc 1 68 0
 159 000c 00F00300 		and	r0, r0, #3
 160              	.LVL10:
 161              		.loc 1 67 0
 162 0010 10B4     		push	{r4}
 163              		.cfi_def_cfa_offset 4
 164              		.cfi_offset 4, -4
 165              		.loc 1 68 0
 166 0012 C000     		lsls	r0, r0, #3
 167              	.LVL11:
 168              		.loc 1 70 0
ARM GAS  /tmp/ccs9jDTV.s 			page 4


 169 0014 9A69     		ldr	r2, [r3, #24]
 170              		.loc 1 71 0
 171 0016 FF24     		movs	r4, #255
 172 0018 8440     		lsls	r4, r4, r0
 173              		.loc 1 70 0
 174 001a 22EA0402 		bic	r2, r2, r4
 175              		.loc 1 71 0
 176 001e 8140     		lsls	r1, r1, r0
 177              	.LVL12:
 178 0020 0A43     		orrs	r2, r2, r1
 179              		.loc 1 70 0
 180 0022 9A61     		str	r2, [r3, #24]
 181              		.loc 1 72 0
 182 0024 5DF8044B 		ldr	r4, [sp], #4
 183 0028 7047     		bx	lr
 184              		.cfi_endproc
 185              	.LFE9:
 186              		.size	nvicSetSystemHandlerPriority, .-nvicSetSystemHandlerPriority
 187 002a 00BFAFF3 		.text
 187      0080
 188              	.Letext0:
 189              		.file 2 "/usr/include/newlib/machine/_default_types.h"
 190              		.file 3 "/usr/include/newlib/stdint.h"
 191              		.file 4 "../../../../os/ports/common/ARMCMx/nvic.h"
 192              		.section	.debug_info,"",%progbits
 193              	.Ldebug_info0:
 194 0000 02040000 		.4byte	0x402
 195 0004 0400     		.2byte	0x4
 196 0006 00000000 		.4byte	.Ldebug_abbrev0
 197 000a 04       		.byte	0x4
 198 000b 01       		.uleb128 0x1
 199 000c 76010000 		.4byte	.LASF47
 200 0010 01       		.byte	0x1
 201 0011 1F010000 		.4byte	.LASF48
 202 0015 00000000 		.4byte	.LASF49
 203 0019 00000000 		.4byte	.Ldebug_ranges0+0
 204 001d 00000000 		.4byte	0
 205 0021 00000000 		.4byte	.Ldebug_line0
 206 0025 02       		.uleb128 0x2
 207 0026 04       		.byte	0x4
 208 0027 05       		.byte	0x5
 209 0028 696E7400 		.ascii	"int\000"
 210 002c 03       		.uleb128 0x3
 211 002d 04       		.byte	0x4
 212 002e 07       		.byte	0x7
 213 002f 54020000 		.4byte	.LASF0
 214 0033 03       		.uleb128 0x3
 215 0034 01       		.byte	0x1
 216 0035 06       		.byte	0x6
 217 0036 F1020000 		.4byte	.LASF1
 218 003a 03       		.uleb128 0x3
 219 003b 01       		.byte	0x1
 220 003c 08       		.byte	0x8
 221 003d C9000000 		.4byte	.LASF2
 222 0041 03       		.uleb128 0x3
 223 0042 02       		.byte	0x2
 224 0043 05       		.byte	0x5
ARM GAS  /tmp/ccs9jDTV.s 			page 5


 225 0044 B2000000 		.4byte	.LASF3
 226 0048 03       		.uleb128 0x3
 227 0049 02       		.byte	0x2
 228 004a 07       		.byte	0x7
 229 004b 07010000 		.4byte	.LASF4
 230 004f 03       		.uleb128 0x3
 231 0050 04       		.byte	0x4
 232 0051 05       		.byte	0x5
 233 0052 E3020000 		.4byte	.LASF5
 234 0056 04       		.uleb128 0x4
 235 0057 6B010000 		.4byte	.LASF9
 236 005b 02       		.byte	0x2
 237 005c 41       		.byte	0x41
 238 005d 61000000 		.4byte	0x61
 239 0061 03       		.uleb128 0x3
 240 0062 04       		.byte	0x4
 241 0063 07       		.byte	0x7
 242 0064 4E010000 		.4byte	.LASF6
 243 0068 03       		.uleb128 0x3
 244 0069 08       		.byte	0x8
 245 006a 05       		.byte	0x5
 246 006b AB020000 		.4byte	.LASF7
 247 006f 03       		.uleb128 0x3
 248 0070 08       		.byte	0x8
 249 0071 07       		.byte	0x7
 250 0072 6B020000 		.4byte	.LASF8
 251 0076 04       		.uleb128 0x4
 252 0077 DA020000 		.4byte	.LASF10
 253 007b 03       		.byte	0x3
 254 007c 42       		.byte	0x42
 255 007d 56000000 		.4byte	0x56
 256 0081 03       		.uleb128 0x3
 257 0082 01       		.byte	0x1
 258 0083 02       		.byte	0x2
 259 0084 8C000000 		.4byte	.LASF11
 260 0088 04       		.uleb128 0x4
 261 0089 C1000000 		.4byte	.LASF12
 262 008d 04       		.byte	0x4
 263 008e 33       		.byte	0x33
 264 008f 93000000 		.4byte	0x93
 265 0093 05       		.uleb128 0x5
 266 0094 76000000 		.4byte	0x76
 267 0098 06       		.uleb128 0x6
 268 0099 040E     		.2byte	0xe04
 269 009b 04       		.byte	0x4
 270 009c 63       		.byte	0x63
 271 009d 47010000 		.4byte	0x147
 272 00a1 07       		.uleb128 0x7
 273 00a2 C4020000 		.4byte	.LASF13
 274 00a6 04       		.byte	0x4
 275 00a7 64       		.byte	0x64
 276 00a8 5E010000 		.4byte	0x15e
 277 00ac 00       		.byte	0
 278 00ad 07       		.uleb128 0x7
 279 00ae D7000000 		.4byte	.LASF14
 280 00b2 04       		.byte	0x4
 281 00b3 65       		.byte	0x65
ARM GAS  /tmp/ccs9jDTV.s 			page 6


 282 00b4 73010000 		.4byte	0x173
 283 00b8 20       		.byte	0x20
 284 00b9 07       		.uleb128 0x7
 285 00ba BC000000 		.4byte	.LASF15
 286 00be 04       		.byte	0x4
 287 00bf 66       		.byte	0x66
 288 00c0 78010000 		.4byte	0x178
 289 00c4 80       		.byte	0x80
 290 00c5 07       		.uleb128 0x7
 291 00c6 DF000000 		.4byte	.LASF16
 292 00ca 04       		.byte	0x4
 293 00cb 67       		.byte	0x67
 294 00cc 7D010000 		.4byte	0x17d
 295 00d0 A0       		.byte	0xa0
 296 00d1 08       		.uleb128 0x8
 297 00d2 61020000 		.4byte	.LASF17
 298 00d6 04       		.byte	0x4
 299 00d7 68       		.byte	0x68
 300 00d8 82010000 		.4byte	0x182
 301 00dc 0001     		.2byte	0x100
 302 00de 08       		.uleb128 0x8
 303 00df E7000000 		.4byte	.LASF18
 304 00e3 04       		.byte	0x4
 305 00e4 69       		.byte	0x69
 306 00e5 87010000 		.4byte	0x187
 307 00e9 2001     		.2byte	0x120
 308 00eb 08       		.uleb128 0x8
 309 00ec 82000000 		.4byte	.LASF19
 310 00f0 04       		.byte	0x4
 311 00f1 6A       		.byte	0x6a
 312 00f2 8C010000 		.4byte	0x18c
 313 00f6 8001     		.2byte	0x180
 314 00f8 08       		.uleb128 0x8
 315 00f9 EF000000 		.4byte	.LASF20
 316 00fd 04       		.byte	0x4
 317 00fe 6B       		.byte	0x6b
 318 00ff 91010000 		.4byte	0x191
 319 0103 A001     		.2byte	0x1a0
 320 0105 08       		.uleb128 0x8
 321 0106 1A030000 		.4byte	.LASF21
 322 010a 04       		.byte	0x4
 323 010b 6C       		.byte	0x6c
 324 010c 96010000 		.4byte	0x196
 325 0110 0002     		.2byte	0x200
 326 0112 08       		.uleb128 0x8
 327 0113 F7000000 		.4byte	.LASF22
 328 0117 04       		.byte	0x4
 329 0118 6D       		.byte	0x6d
 330 0119 AB010000 		.4byte	0x1ab
 331 011d 2002     		.2byte	0x220
 332 011f 09       		.uleb128 0x9
 333 0120 49505200 		.ascii	"IPR\000"
 334 0124 04       		.byte	0x4
 335 0125 6E       		.byte	0x6e
 336 0126 C0010000 		.4byte	0x1c0
 337 012a 0003     		.2byte	0x300
 338 012c 08       		.uleb128 0x8
ARM GAS  /tmp/ccs9jDTV.s 			page 7


 339 012d FF000000 		.4byte	.LASF23
 340 0131 04       		.byte	0x4
 341 0132 6F       		.byte	0x6f
 342 0133 D6010000 		.4byte	0x1d6
 343 0137 F003     		.2byte	0x3f0
 344 0139 08       		.uleb128 0x8
 345 013a 66010000 		.4byte	.LASF24
 346 013e 04       		.byte	0x4
 347 013f 70       		.byte	0x70
 348 0140 88000000 		.4byte	0x88
 349 0144 000E     		.2byte	0xe00
 350 0146 00       		.byte	0
 351 0147 0A       		.uleb128 0xa
 352 0148 88000000 		.4byte	0x88
 353 014c 57010000 		.4byte	0x157
 354 0150 0B       		.uleb128 0xb
 355 0151 57010000 		.4byte	0x157
 356 0155 07       		.byte	0x7
 357 0156 00       		.byte	0
 358 0157 03       		.uleb128 0x3
 359 0158 04       		.byte	0x4
 360 0159 07       		.byte	0x7
 361 015a A2020000 		.4byte	.LASF25
 362 015e 05       		.uleb128 0x5
 363 015f 47010000 		.4byte	0x147
 364 0163 0A       		.uleb128 0xa
 365 0164 88000000 		.4byte	0x88
 366 0168 73010000 		.4byte	0x173
 367 016c 0B       		.uleb128 0xb
 368 016d 57010000 		.4byte	0x157
 369 0171 17       		.byte	0x17
 370 0172 00       		.byte	0
 371 0173 05       		.uleb128 0x5
 372 0174 63010000 		.4byte	0x163
 373 0178 05       		.uleb128 0x5
 374 0179 47010000 		.4byte	0x147
 375 017d 05       		.uleb128 0x5
 376 017e 63010000 		.4byte	0x163
 377 0182 05       		.uleb128 0x5
 378 0183 47010000 		.4byte	0x147
 379 0187 05       		.uleb128 0x5
 380 0188 63010000 		.4byte	0x163
 381 018c 05       		.uleb128 0x5
 382 018d 47010000 		.4byte	0x147
 383 0191 05       		.uleb128 0x5
 384 0192 63010000 		.4byte	0x163
 385 0196 05       		.uleb128 0x5
 386 0197 47010000 		.4byte	0x147
 387 019b 0A       		.uleb128 0xa
 388 019c 88000000 		.4byte	0x88
 389 01a0 AB010000 		.4byte	0x1ab
 390 01a4 0B       		.uleb128 0xb
 391 01a5 57010000 		.4byte	0x157
 392 01a9 37       		.byte	0x37
 393 01aa 00       		.byte	0
 394 01ab 05       		.uleb128 0x5
 395 01ac 9B010000 		.4byte	0x19b
ARM GAS  /tmp/ccs9jDTV.s 			page 8


 396 01b0 0A       		.uleb128 0xa
 397 01b1 88000000 		.4byte	0x88
 398 01b5 C0010000 		.4byte	0x1c0
 399 01b9 0B       		.uleb128 0xb
 400 01ba 57010000 		.4byte	0x157
 401 01be 3B       		.byte	0x3b
 402 01bf 00       		.byte	0
 403 01c0 05       		.uleb128 0x5
 404 01c1 B0010000 		.4byte	0x1b0
 405 01c5 0A       		.uleb128 0xa
 406 01c6 88000000 		.4byte	0x88
 407 01ca D6010000 		.4byte	0x1d6
 408 01ce 0C       		.uleb128 0xc
 409 01cf 57010000 		.4byte	0x157
 410 01d3 8302     		.2byte	0x283
 411 01d5 00       		.byte	0
 412 01d6 05       		.uleb128 0x5
 413 01d7 C5010000 		.4byte	0x1c5
 414 01db 04       		.uleb128 0x4
 415 01dc A4000000 		.4byte	.LASF26
 416 01e0 04       		.byte	0x4
 417 01e1 71       		.byte	0x71
 418 01e2 98000000 		.4byte	0x98
 419 01e6 0D       		.uleb128 0xd
 420 01e7 8C       		.byte	0x8c
 421 01e8 04       		.byte	0x4
 422 01e9 82       		.byte	0x82
 423 01ea EB020000 		.4byte	0x2eb
 424 01ee 07       		.uleb128 0x7
 425 01ef B9020000 		.4byte	.LASF27
 426 01f3 04       		.byte	0x4
 427 01f4 83       		.byte	0x83
 428 01f5 88000000 		.4byte	0x88
 429 01f9 00       		.byte	0
 430 01fa 07       		.uleb128 0x7
 431 01fb 82020000 		.4byte	.LASF28
 432 01ff 04       		.byte	0x4
 433 0200 84       		.byte	0x84
 434 0201 88000000 		.4byte	0x88
 435 0205 04       		.byte	0x4
 436 0206 07       		.uleb128 0x7
 437 0207 AD000000 		.4byte	.LASF29
 438 020b 04       		.byte	0x4
 439 020c 85       		.byte	0x85
 440 020d 88000000 		.4byte	0x88
 441 0211 08       		.byte	0x8
 442 0212 07       		.uleb128 0x7
 443 0213 8F020000 		.4byte	.LASF30
 444 0217 04       		.byte	0x4
 445 0218 86       		.byte	0x86
 446 0219 88000000 		.4byte	0x88
 447 021d 0C       		.byte	0xc
 448 021e 0E       		.uleb128 0xe
 449 021f 53435200 		.ascii	"SCR\000"
 450 0223 04       		.byte	0x4
 451 0224 87       		.byte	0x87
 452 0225 88000000 		.4byte	0x88
ARM GAS  /tmp/ccs9jDTV.s 			page 9


 453 0229 10       		.byte	0x10
 454 022a 0E       		.uleb128 0xe
 455 022b 43435200 		.ascii	"CCR\000"
 456 022f 04       		.byte	0x4
 457 0230 88       		.byte	0x88
 458 0231 88000000 		.4byte	0x88
 459 0235 14       		.byte	0x14
 460 0236 07       		.uleb128 0x7
 461 0237 EC020000 		.4byte	.LASF31
 462 023b 04       		.byte	0x4
 463 023c 89       		.byte	0x89
 464 023d FB020000 		.4byte	0x2fb
 465 0241 18       		.byte	0x18
 466 0242 07       		.uleb128 0x7
 467 0243 D4020000 		.4byte	.LASF32
 468 0247 04       		.byte	0x4
 469 0248 8A       		.byte	0x8a
 470 0249 88000000 		.4byte	0x88
 471 024d 24       		.byte	0x24
 472 024e 07       		.uleb128 0x7
 473 024f 1A010000 		.4byte	.LASF33
 474 0253 04       		.byte	0x4
 475 0254 8B       		.byte	0x8b
 476 0255 88000000 		.4byte	0x88
 477 0259 28       		.byte	0x28
 478 025a 07       		.uleb128 0x7
 479 025b 49010000 		.4byte	.LASF34
 480 025f 04       		.byte	0x4
 481 0260 8C       		.byte	0x8c
 482 0261 88000000 		.4byte	0x88
 483 0265 2C       		.byte	0x2c
 484 0266 07       		.uleb128 0x7
 485 0267 66020000 		.4byte	.LASF35
 486 026b 04       		.byte	0x4
 487 026c 8D       		.byte	0x8d
 488 026d 88000000 		.4byte	0x88
 489 0271 30       		.byte	0x30
 490 0272 07       		.uleb128 0x7
 491 0273 CE020000 		.4byte	.LASF36
 492 0277 04       		.byte	0x4
 493 0278 8E       		.byte	0x8e
 494 0279 88000000 		.4byte	0x88
 495 027d 34       		.byte	0x34
 496 027e 07       		.uleb128 0x7
 497 027f 95020000 		.4byte	.LASF37
 498 0283 04       		.byte	0x4
 499 0284 8F       		.byte	0x8f
 500 0285 88000000 		.4byte	0x88
 501 0289 38       		.byte	0x38
 502 028a 07       		.uleb128 0x7
 503 028b C9020000 		.4byte	.LASF38
 504 028f 04       		.byte	0x4
 505 0290 90       		.byte	0x90
 506 0291 88000000 		.4byte	0x88
 507 0295 3C       		.byte	0x3c
 508 0296 0E       		.uleb128 0xe
 509 0297 50465200 		.ascii	"PFR\000"
ARM GAS  /tmp/ccs9jDTV.s 			page 10


 510 029b 04       		.byte	0x4
 511 029c 91       		.byte	0x91
 512 029d 10030000 		.4byte	0x310
 513 02a1 40       		.byte	0x40
 514 02a2 0E       		.uleb128 0xe
 515 02a3 44465200 		.ascii	"DFR\000"
 516 02a7 04       		.byte	0x4
 517 02a8 92       		.byte	0x92
 518 02a9 88000000 		.4byte	0x88
 519 02ad 48       		.byte	0x48
 520 02ae 0E       		.uleb128 0xe
 521 02af 41445200 		.ascii	"ADR\000"
 522 02b3 04       		.byte	0x4
 523 02b4 93       		.byte	0x93
 524 02b5 88000000 		.4byte	0x88
 525 02b9 4C       		.byte	0x4c
 526 02ba 07       		.uleb128 0x7
 527 02bb 87000000 		.4byte	.LASF39
 528 02bf 04       		.byte	0x4
 529 02c0 94       		.byte	0x94
 530 02c1 25030000 		.4byte	0x325
 531 02c5 50       		.byte	0x50
 532 02c6 0E       		.uleb128 0xe
 533 02c7 53415200 		.ascii	"SAR\000"
 534 02cb 04       		.byte	0x4
 535 02cc 95       		.byte	0x95
 536 02cd 3A030000 		.4byte	0x33a
 537 02d1 60       		.byte	0x60
 538 02d2 07       		.uleb128 0x7
 539 02d3 D7000000 		.4byte	.LASF14
 540 02d7 04       		.byte	0x4
 541 02d8 96       		.byte	0x96
 542 02d9 3F030000 		.4byte	0x33f
 543 02dd 74       		.byte	0x74
 544 02de 07       		.uleb128 0x7
 545 02df 60010000 		.4byte	.LASF40
 546 02e3 04       		.byte	0x4
 547 02e4 97       		.byte	0x97
 548 02e5 88000000 		.4byte	0x88
 549 02e9 88       		.byte	0x88
 550 02ea 00       		.byte	0
 551 02eb 0A       		.uleb128 0xa
 552 02ec 88000000 		.4byte	0x88
 553 02f0 FB020000 		.4byte	0x2fb
 554 02f4 0B       		.uleb128 0xb
 555 02f5 57010000 		.4byte	0x157
 556 02f9 02       		.byte	0x2
 557 02fa 00       		.byte	0
 558 02fb 05       		.uleb128 0x5
 559 02fc EB020000 		.4byte	0x2eb
 560 0300 0A       		.uleb128 0xa
 561 0301 88000000 		.4byte	0x88
 562 0305 10030000 		.4byte	0x310
 563 0309 0B       		.uleb128 0xb
 564 030a 57010000 		.4byte	0x157
 565 030e 01       		.byte	0x1
 566 030f 00       		.byte	0
ARM GAS  /tmp/ccs9jDTV.s 			page 11


 567 0310 05       		.uleb128 0x5
 568 0311 00030000 		.4byte	0x300
 569 0315 0A       		.uleb128 0xa
 570 0316 88000000 		.4byte	0x88
 571 031a 25030000 		.4byte	0x325
 572 031e 0B       		.uleb128 0xb
 573 031f 57010000 		.4byte	0x157
 574 0323 03       		.byte	0x3
 575 0324 00       		.byte	0
 576 0325 05       		.uleb128 0x5
 577 0326 15030000 		.4byte	0x315
 578 032a 0A       		.uleb128 0xa
 579 032b 88000000 		.4byte	0x88
 580 032f 3A030000 		.4byte	0x33a
 581 0333 0B       		.uleb128 0xb
 582 0334 57010000 		.4byte	0x157
 583 0338 04       		.byte	0x4
 584 0339 00       		.byte	0
 585 033a 05       		.uleb128 0x5
 586 033b 2A030000 		.4byte	0x32a
 587 033f 05       		.uleb128 0x5
 588 0340 2A030000 		.4byte	0x32a
 589 0344 04       		.uleb128 0x4
 590 0345 87020000 		.4byte	.LASF41
 591 0349 04       		.byte	0x4
 592 034a 98       		.byte	0x98
 593 034b E6010000 		.4byte	0x1e6
 594 034f 03       		.uleb128 0x3
 595 0350 01       		.byte	0x1
 596 0351 08       		.byte	0x8
 597 0352 BF020000 		.4byte	.LASF42
 598 0356 0F       		.uleb128 0xf
 599 0357 1F030000 		.4byte	.LASF44
 600 035b 01       		.byte	0x1
 601 035c 27       		.byte	0x27
 602 035d 00000000 		.4byte	.LFB7
 603 0361 4A000000 		.4byte	.LFE7-.LFB7
 604 0365 01       		.uleb128 0x1
 605 0366 9C       		.byte	0x9c
 606 0367 96030000 		.4byte	0x396
 607 036b 10       		.uleb128 0x10
 608 036c 6E00     		.ascii	"n\000"
 609 036e 01       		.byte	0x1
 610 036f 27       		.byte	0x27
 611 0370 76000000 		.4byte	0x76
 612 0374 00000000 		.4byte	.LLST0
 613 0378 11       		.uleb128 0x11
 614 0379 7D000000 		.4byte	.LASF43
 615 037d 01       		.byte	0x1
 616 037e 27       		.byte	0x27
 617 037f 76000000 		.4byte	0x76
 618 0383 21000000 		.4byte	.LLST1
 619 0387 12       		.uleb128 0x12
 620 0388 736800   		.ascii	"sh\000"
 621 038b 01       		.byte	0x1
 622 038c 28       		.byte	0x28
 623 038d 2C000000 		.4byte	0x2c
ARM GAS  /tmp/ccs9jDTV.s 			page 12


 624 0391 42000000 		.4byte	.LLST2
 625 0395 00       		.byte	0
 626 0396 0F       		.uleb128 0xf
 627 0397 92000000 		.4byte	.LASF45
 628 039b 01       		.byte	0x1
 629 039c 35       		.byte	0x35
 630 039d 00000000 		.4byte	.LFB8
 631 03a1 44000000 		.4byte	.LFE8-.LFB8
 632 03a5 01       		.uleb128 0x1
 633 03a6 9C       		.byte	0x9c
 634 03a7 C7030000 		.4byte	0x3c7
 635 03ab 10       		.uleb128 0x10
 636 03ac 6E00     		.ascii	"n\000"
 637 03ae 01       		.byte	0x1
 638 03af 35       		.byte	0x35
 639 03b0 76000000 		.4byte	0x76
 640 03b4 78000000 		.4byte	.LLST3
 641 03b8 12       		.uleb128 0x12
 642 03b9 736800   		.ascii	"sh\000"
 643 03bc 01       		.byte	0x1
 644 03bd 36       		.byte	0x36
 645 03be 2C000000 		.4byte	0x2c
 646 03c2 99000000 		.4byte	.LLST4
 647 03c6 00       		.byte	0
 648 03c7 13       		.uleb128 0x13
 649 03c8 FD020000 		.4byte	.LASF50
 650 03cc 01       		.byte	0x1
 651 03cd 43       		.byte	0x43
 652 03ce 00000000 		.4byte	.LFB9
 653 03d2 2A000000 		.4byte	.LFE9-.LFB9
 654 03d6 01       		.uleb128 0x1
 655 03d7 9C       		.byte	0x9c
 656 03d8 11       		.uleb128 0x11
 657 03d9 9A020000 		.4byte	.LASF46
 658 03dd 01       		.byte	0x1
 659 03de 43       		.byte	0x43
 660 03df 76000000 		.4byte	0x76
 661 03e3 E1000000 		.4byte	.LLST5
 662 03e7 11       		.uleb128 0x11
 663 03e8 7D000000 		.4byte	.LASF43
 664 03ec 01       		.byte	0x1
 665 03ed 43       		.byte	0x43
 666 03ee 76000000 		.4byte	0x76
 667 03f2 02010000 		.4byte	.LLST6
 668 03f6 12       		.uleb128 0x12
 669 03f7 736800   		.ascii	"sh\000"
 670 03fa 01       		.byte	0x1
 671 03fb 44       		.byte	0x44
 672 03fc 2C000000 		.4byte	0x2c
 673 0400 23010000 		.4byte	.LLST7
 674 0404 00       		.byte	0
 675 0405 00       		.byte	0
 676              		.section	.debug_abbrev,"",%progbits
 677              	.Ldebug_abbrev0:
 678 0000 01       		.uleb128 0x1
 679 0001 11       		.uleb128 0x11
 680 0002 01       		.byte	0x1
ARM GAS  /tmp/ccs9jDTV.s 			page 13


 681 0003 25       		.uleb128 0x25
 682 0004 0E       		.uleb128 0xe
 683 0005 13       		.uleb128 0x13
 684 0006 0B       		.uleb128 0xb
 685 0007 03       		.uleb128 0x3
 686 0008 0E       		.uleb128 0xe
 687 0009 1B       		.uleb128 0x1b
 688 000a 0E       		.uleb128 0xe
 689 000b 55       		.uleb128 0x55
 690 000c 17       		.uleb128 0x17
 691 000d 11       		.uleb128 0x11
 692 000e 01       		.uleb128 0x1
 693 000f 10       		.uleb128 0x10
 694 0010 17       		.uleb128 0x17
 695 0011 00       		.byte	0
 696 0012 00       		.byte	0
 697 0013 02       		.uleb128 0x2
 698 0014 24       		.uleb128 0x24
 699 0015 00       		.byte	0
 700 0016 0B       		.uleb128 0xb
 701 0017 0B       		.uleb128 0xb
 702 0018 3E       		.uleb128 0x3e
 703 0019 0B       		.uleb128 0xb
 704 001a 03       		.uleb128 0x3
 705 001b 08       		.uleb128 0x8
 706 001c 00       		.byte	0
 707 001d 00       		.byte	0
 708 001e 03       		.uleb128 0x3
 709 001f 24       		.uleb128 0x24
 710 0020 00       		.byte	0
 711 0021 0B       		.uleb128 0xb
 712 0022 0B       		.uleb128 0xb
 713 0023 3E       		.uleb128 0x3e
 714 0024 0B       		.uleb128 0xb
 715 0025 03       		.uleb128 0x3
 716 0026 0E       		.uleb128 0xe
 717 0027 00       		.byte	0
 718 0028 00       		.byte	0
 719 0029 04       		.uleb128 0x4
 720 002a 16       		.uleb128 0x16
 721 002b 00       		.byte	0
 722 002c 03       		.uleb128 0x3
 723 002d 0E       		.uleb128 0xe
 724 002e 3A       		.uleb128 0x3a
 725 002f 0B       		.uleb128 0xb
 726 0030 3B       		.uleb128 0x3b
 727 0031 0B       		.uleb128 0xb
 728 0032 49       		.uleb128 0x49
 729 0033 13       		.uleb128 0x13
 730 0034 00       		.byte	0
 731 0035 00       		.byte	0
 732 0036 05       		.uleb128 0x5
 733 0037 35       		.uleb128 0x35
 734 0038 00       		.byte	0
 735 0039 49       		.uleb128 0x49
 736 003a 13       		.uleb128 0x13
 737 003b 00       		.byte	0
ARM GAS  /tmp/ccs9jDTV.s 			page 14


 738 003c 00       		.byte	0
 739 003d 06       		.uleb128 0x6
 740 003e 13       		.uleb128 0x13
 741 003f 01       		.byte	0x1
 742 0040 0B       		.uleb128 0xb
 743 0041 05       		.uleb128 0x5
 744 0042 3A       		.uleb128 0x3a
 745 0043 0B       		.uleb128 0xb
 746 0044 3B       		.uleb128 0x3b
 747 0045 0B       		.uleb128 0xb
 748 0046 01       		.uleb128 0x1
 749 0047 13       		.uleb128 0x13
 750 0048 00       		.byte	0
 751 0049 00       		.byte	0
 752 004a 07       		.uleb128 0x7
 753 004b 0D       		.uleb128 0xd
 754 004c 00       		.byte	0
 755 004d 03       		.uleb128 0x3
 756 004e 0E       		.uleb128 0xe
 757 004f 3A       		.uleb128 0x3a
 758 0050 0B       		.uleb128 0xb
 759 0051 3B       		.uleb128 0x3b
 760 0052 0B       		.uleb128 0xb
 761 0053 49       		.uleb128 0x49
 762 0054 13       		.uleb128 0x13
 763 0055 38       		.uleb128 0x38
 764 0056 0B       		.uleb128 0xb
 765 0057 00       		.byte	0
 766 0058 00       		.byte	0
 767 0059 08       		.uleb128 0x8
 768 005a 0D       		.uleb128 0xd
 769 005b 00       		.byte	0
 770 005c 03       		.uleb128 0x3
 771 005d 0E       		.uleb128 0xe
 772 005e 3A       		.uleb128 0x3a
 773 005f 0B       		.uleb128 0xb
 774 0060 3B       		.uleb128 0x3b
 775 0061 0B       		.uleb128 0xb
 776 0062 49       		.uleb128 0x49
 777 0063 13       		.uleb128 0x13
 778 0064 38       		.uleb128 0x38
 779 0065 05       		.uleb128 0x5
 780 0066 00       		.byte	0
 781 0067 00       		.byte	0
 782 0068 09       		.uleb128 0x9
 783 0069 0D       		.uleb128 0xd
 784 006a 00       		.byte	0
 785 006b 03       		.uleb128 0x3
 786 006c 08       		.uleb128 0x8
 787 006d 3A       		.uleb128 0x3a
 788 006e 0B       		.uleb128 0xb
 789 006f 3B       		.uleb128 0x3b
 790 0070 0B       		.uleb128 0xb
 791 0071 49       		.uleb128 0x49
 792 0072 13       		.uleb128 0x13
 793 0073 38       		.uleb128 0x38
 794 0074 05       		.uleb128 0x5
ARM GAS  /tmp/ccs9jDTV.s 			page 15


 795 0075 00       		.byte	0
 796 0076 00       		.byte	0
 797 0077 0A       		.uleb128 0xa
 798 0078 01       		.uleb128 0x1
 799 0079 01       		.byte	0x1
 800 007a 49       		.uleb128 0x49
 801 007b 13       		.uleb128 0x13
 802 007c 01       		.uleb128 0x1
 803 007d 13       		.uleb128 0x13
 804 007e 00       		.byte	0
 805 007f 00       		.byte	0
 806 0080 0B       		.uleb128 0xb
 807 0081 21       		.uleb128 0x21
 808 0082 00       		.byte	0
 809 0083 49       		.uleb128 0x49
 810 0084 13       		.uleb128 0x13
 811 0085 2F       		.uleb128 0x2f
 812 0086 0B       		.uleb128 0xb
 813 0087 00       		.byte	0
 814 0088 00       		.byte	0
 815 0089 0C       		.uleb128 0xc
 816 008a 21       		.uleb128 0x21
 817 008b 00       		.byte	0
 818 008c 49       		.uleb128 0x49
 819 008d 13       		.uleb128 0x13
 820 008e 2F       		.uleb128 0x2f
 821 008f 05       		.uleb128 0x5
 822 0090 00       		.byte	0
 823 0091 00       		.byte	0
 824 0092 0D       		.uleb128 0xd
 825 0093 13       		.uleb128 0x13
 826 0094 01       		.byte	0x1
 827 0095 0B       		.uleb128 0xb
 828 0096 0B       		.uleb128 0xb
 829 0097 3A       		.uleb128 0x3a
 830 0098 0B       		.uleb128 0xb
 831 0099 3B       		.uleb128 0x3b
 832 009a 0B       		.uleb128 0xb
 833 009b 01       		.uleb128 0x1
 834 009c 13       		.uleb128 0x13
 835 009d 00       		.byte	0
 836 009e 00       		.byte	0
 837 009f 0E       		.uleb128 0xe
 838 00a0 0D       		.uleb128 0xd
 839 00a1 00       		.byte	0
 840 00a2 03       		.uleb128 0x3
 841 00a3 08       		.uleb128 0x8
 842 00a4 3A       		.uleb128 0x3a
 843 00a5 0B       		.uleb128 0xb
 844 00a6 3B       		.uleb128 0x3b
 845 00a7 0B       		.uleb128 0xb
 846 00a8 49       		.uleb128 0x49
 847 00a9 13       		.uleb128 0x13
 848 00aa 38       		.uleb128 0x38
 849 00ab 0B       		.uleb128 0xb
 850 00ac 00       		.byte	0
 851 00ad 00       		.byte	0
ARM GAS  /tmp/ccs9jDTV.s 			page 16


 852 00ae 0F       		.uleb128 0xf
 853 00af 2E       		.uleb128 0x2e
 854 00b0 01       		.byte	0x1
 855 00b1 3F       		.uleb128 0x3f
 856 00b2 19       		.uleb128 0x19
 857 00b3 03       		.uleb128 0x3
 858 00b4 0E       		.uleb128 0xe
 859 00b5 3A       		.uleb128 0x3a
 860 00b6 0B       		.uleb128 0xb
 861 00b7 3B       		.uleb128 0x3b
 862 00b8 0B       		.uleb128 0xb
 863 00b9 27       		.uleb128 0x27
 864 00ba 19       		.uleb128 0x19
 865 00bb 11       		.uleb128 0x11
 866 00bc 01       		.uleb128 0x1
 867 00bd 12       		.uleb128 0x12
 868 00be 06       		.uleb128 0x6
 869 00bf 40       		.uleb128 0x40
 870 00c0 18       		.uleb128 0x18
 871 00c1 9742     		.uleb128 0x2117
 872 00c3 19       		.uleb128 0x19
 873 00c4 01       		.uleb128 0x1
 874 00c5 13       		.uleb128 0x13
 875 00c6 00       		.byte	0
 876 00c7 00       		.byte	0
 877 00c8 10       		.uleb128 0x10
 878 00c9 05       		.uleb128 0x5
 879 00ca 00       		.byte	0
 880 00cb 03       		.uleb128 0x3
 881 00cc 08       		.uleb128 0x8
 882 00cd 3A       		.uleb128 0x3a
 883 00ce 0B       		.uleb128 0xb
 884 00cf 3B       		.uleb128 0x3b
 885 00d0 0B       		.uleb128 0xb
 886 00d1 49       		.uleb128 0x49
 887 00d2 13       		.uleb128 0x13
 888 00d3 02       		.uleb128 0x2
 889 00d4 17       		.uleb128 0x17
 890 00d5 00       		.byte	0
 891 00d6 00       		.byte	0
 892 00d7 11       		.uleb128 0x11
 893 00d8 05       		.uleb128 0x5
 894 00d9 00       		.byte	0
 895 00da 03       		.uleb128 0x3
 896 00db 0E       		.uleb128 0xe
 897 00dc 3A       		.uleb128 0x3a
 898 00dd 0B       		.uleb128 0xb
 899 00de 3B       		.uleb128 0x3b
 900 00df 0B       		.uleb128 0xb
 901 00e0 49       		.uleb128 0x49
 902 00e1 13       		.uleb128 0x13
 903 00e2 02       		.uleb128 0x2
 904 00e3 17       		.uleb128 0x17
 905 00e4 00       		.byte	0
 906 00e5 00       		.byte	0
 907 00e6 12       		.uleb128 0x12
 908 00e7 34       		.uleb128 0x34
ARM GAS  /tmp/ccs9jDTV.s 			page 17


 909 00e8 00       		.byte	0
 910 00e9 03       		.uleb128 0x3
 911 00ea 08       		.uleb128 0x8
 912 00eb 3A       		.uleb128 0x3a
 913 00ec 0B       		.uleb128 0xb
 914 00ed 3B       		.uleb128 0x3b
 915 00ee 0B       		.uleb128 0xb
 916 00ef 49       		.uleb128 0x49
 917 00f0 13       		.uleb128 0x13
 918 00f1 02       		.uleb128 0x2
 919 00f2 17       		.uleb128 0x17
 920 00f3 00       		.byte	0
 921 00f4 00       		.byte	0
 922 00f5 13       		.uleb128 0x13
 923 00f6 2E       		.uleb128 0x2e
 924 00f7 01       		.byte	0x1
 925 00f8 3F       		.uleb128 0x3f
 926 00f9 19       		.uleb128 0x19
 927 00fa 03       		.uleb128 0x3
 928 00fb 0E       		.uleb128 0xe
 929 00fc 3A       		.uleb128 0x3a
 930 00fd 0B       		.uleb128 0xb
 931 00fe 3B       		.uleb128 0x3b
 932 00ff 0B       		.uleb128 0xb
 933 0100 27       		.uleb128 0x27
 934 0101 19       		.uleb128 0x19
 935 0102 11       		.uleb128 0x11
 936 0103 01       		.uleb128 0x1
 937 0104 12       		.uleb128 0x12
 938 0105 06       		.uleb128 0x6
 939 0106 40       		.uleb128 0x40
 940 0107 18       		.uleb128 0x18
 941 0108 9742     		.uleb128 0x2117
 942 010a 19       		.uleb128 0x19
 943 010b 00       		.byte	0
 944 010c 00       		.byte	0
 945 010d 00       		.byte	0
 946              		.section	.debug_loc,"",%progbits
 947              	.Ldebug_loc0:
 948              	.LLST0:
 949 0000 00000000 		.4byte	.LVL0
 950 0004 34000000 		.4byte	.LVL3
 951 0008 0100     		.2byte	0x1
 952 000a 50       		.byte	0x50
 953 000b 34000000 		.4byte	.LVL3
 954 000f 4A000000 		.4byte	.LFE7
 955 0013 0400     		.2byte	0x4
 956 0015 F3       		.byte	0xf3
 957 0016 01       		.uleb128 0x1
 958 0017 50       		.byte	0x50
 959 0018 9F       		.byte	0x9f
 960 0019 00000000 		.4byte	0
 961 001d 00000000 		.4byte	0
 962              	.LLST1:
 963 0021 00000000 		.4byte	.LVL0
 964 0025 30000000 		.4byte	.LVL2
 965 0029 0100     		.2byte	0x1
ARM GAS  /tmp/ccs9jDTV.s 			page 18


 966 002b 51       		.byte	0x51
 967 002c 30000000 		.4byte	.LVL2
 968 0030 4A000000 		.4byte	.LFE7
 969 0034 0400     		.2byte	0x4
 970 0036 F3       		.byte	0xf3
 971 0037 01       		.uleb128 0x1
 972 0038 51       		.byte	0x51
 973 0039 9F       		.byte	0x9f
 974 003a 00000000 		.4byte	0
 975 003e 00000000 		.4byte	0
 976              	.LLST2:
 977 0042 00000000 		.4byte	.LVL0
 978 0046 1A000000 		.4byte	.LVL1
 979 004a 0700     		.2byte	0x7
 980 004c 70       		.byte	0x70
 981 004d 00       		.sleb128 0
 982 004e 33       		.byte	0x33
 983 004f 1A       		.byte	0x1a
 984 0050 33       		.byte	0x33
 985 0051 24       		.byte	0x24
 986 0052 9F       		.byte	0x9f
 987 0053 1A000000 		.4byte	.LVL1
 988 0057 3C000000 		.4byte	.LVL4
 989 005b 0100     		.2byte	0x1
 990 005d 54       		.byte	0x54
 991 005e 3C000000 		.4byte	.LVL4
 992 0062 4A000000 		.4byte	.LFE7
 993 0066 0800     		.2byte	0x8
 994 0068 F3       		.byte	0xf3
 995 0069 01       		.uleb128 0x1
 996 006a 50       		.byte	0x50
 997 006b 33       		.byte	0x33
 998 006c 1A       		.byte	0x1a
 999 006d 33       		.byte	0x33
 1000 006e 24       		.byte	0x24
 1001 006f 9F       		.byte	0x9f
 1002 0070 00000000 		.4byte	0
 1003 0074 00000000 		.4byte	0
 1004              	.LLST3:
 1005 0078 00000000 		.4byte	.LVL5
 1006 007c 26000000 		.4byte	.LVL6
 1007 0080 0100     		.2byte	0x1
 1008 0082 50       		.byte	0x50
 1009 0083 26000000 		.4byte	.LVL6
 1010 0087 44000000 		.4byte	.LFE8
 1011 008b 0400     		.2byte	0x4
 1012 008d F3       		.byte	0xf3
 1013 008e 01       		.uleb128 0x1
 1014 008f 50       		.byte	0x50
 1015 0090 9F       		.byte	0x9f
 1016 0091 00000000 		.4byte	0
 1017 0095 00000000 		.4byte	0
 1018              	.LLST4:
 1019 0099 00000000 		.4byte	.LVL5
 1020 009d 26000000 		.4byte	.LVL6
 1021 00a1 0700     		.2byte	0x7
 1022 00a3 70       		.byte	0x70
ARM GAS  /tmp/ccs9jDTV.s 			page 19


 1023 00a4 00       		.sleb128 0
 1024 00a5 33       		.byte	0x33
 1025 00a6 1A       		.byte	0x1a
 1026 00a7 33       		.byte	0x33
 1027 00a8 24       		.byte	0x24
 1028 00a9 9F       		.byte	0x9f
 1029 00aa 26000000 		.4byte	.LVL6
 1030 00ae 2C000000 		.4byte	.LVL7
 1031 00b2 0800     		.2byte	0x8
 1032 00b4 F3       		.byte	0xf3
 1033 00b5 01       		.uleb128 0x1
 1034 00b6 50       		.byte	0x50
 1035 00b7 33       		.byte	0x33
 1036 00b8 1A       		.byte	0x1a
 1037 00b9 33       		.byte	0x33
 1038 00ba 24       		.byte	0x24
 1039 00bb 9F       		.byte	0x9f
 1040 00bc 2C000000 		.4byte	.LVL7
 1041 00c0 32000000 		.4byte	.LVL8
 1042 00c4 0100     		.2byte	0x1
 1043 00c6 50       		.byte	0x50
 1044 00c7 32000000 		.4byte	.LVL8
 1045 00cb 44000000 		.4byte	.LFE8
 1046 00cf 0800     		.2byte	0x8
 1047 00d1 F3       		.byte	0xf3
 1048 00d2 01       		.uleb128 0x1
 1049 00d3 50       		.byte	0x50
 1050 00d4 33       		.byte	0x33
 1051 00d5 1A       		.byte	0x1a
 1052 00d6 33       		.byte	0x33
 1053 00d7 24       		.byte	0x24
 1054 00d8 9F       		.byte	0x9f
 1055 00d9 00000000 		.4byte	0
 1056 00dd 00000000 		.4byte	0
 1057              	.LLST5:
 1058 00e1 00000000 		.4byte	.LVL9
 1059 00e5 10000000 		.4byte	.LVL10
 1060 00e9 0100     		.2byte	0x1
 1061 00eb 50       		.byte	0x50
 1062 00ec 10000000 		.4byte	.LVL10
 1063 00f0 2A000000 		.4byte	.LFE9
 1064 00f4 0400     		.2byte	0x4
 1065 00f6 F3       		.byte	0xf3
 1066 00f7 01       		.uleb128 0x1
 1067 00f8 50       		.byte	0x50
 1068 00f9 9F       		.byte	0x9f
 1069 00fa 00000000 		.4byte	0
 1070 00fe 00000000 		.4byte	0
 1071              	.LLST6:
 1072 0102 00000000 		.4byte	.LVL9
 1073 0106 20000000 		.4byte	.LVL12
 1074 010a 0100     		.2byte	0x1
 1075 010c 51       		.byte	0x51
 1076 010d 20000000 		.4byte	.LVL12
 1077 0111 2A000000 		.4byte	.LFE9
 1078 0115 0400     		.2byte	0x4
 1079 0117 F3       		.byte	0xf3
ARM GAS  /tmp/ccs9jDTV.s 			page 20


 1080 0118 01       		.uleb128 0x1
 1081 0119 51       		.byte	0x51
 1082 011a 9F       		.byte	0x9f
 1083 011b 00000000 		.4byte	0
 1084 011f 00000000 		.4byte	0
 1085              	.LLST7:
 1086 0123 00000000 		.4byte	.LVL9
 1087 0127 10000000 		.4byte	.LVL10
 1088 012b 0700     		.2byte	0x7
 1089 012d 70       		.byte	0x70
 1090 012e 00       		.sleb128 0
 1091 012f 33       		.byte	0x33
 1092 0130 1A       		.byte	0x1a
 1093 0131 33       		.byte	0x33
 1094 0132 24       		.byte	0x24
 1095 0133 9F       		.byte	0x9f
 1096 0134 10000000 		.4byte	.LVL10
 1097 0138 14000000 		.4byte	.LVL11
 1098 013c 0800     		.2byte	0x8
 1099 013e F3       		.byte	0xf3
 1100 013f 01       		.uleb128 0x1
 1101 0140 50       		.byte	0x50
 1102 0141 33       		.byte	0x33
 1103 0142 1A       		.byte	0x1a
 1104 0143 33       		.byte	0x33
 1105 0144 24       		.byte	0x24
 1106 0145 9F       		.byte	0x9f
 1107 0146 14000000 		.4byte	.LVL11
 1108 014a 2A000000 		.4byte	.LFE9
 1109 014e 0100     		.2byte	0x1
 1110 0150 50       		.byte	0x50
 1111 0151 00000000 		.4byte	0
 1112 0155 00000000 		.4byte	0
 1113              		.section	.debug_aranges,"",%progbits
 1114 0000 2C000000 		.4byte	0x2c
 1115 0004 0200     		.2byte	0x2
 1116 0006 00000000 		.4byte	.Ldebug_info0
 1117 000a 04       		.byte	0x4
 1118 000b 00       		.byte	0
 1119 000c 0000     		.2byte	0
 1120 000e 0000     		.2byte	0
 1121 0010 00000000 		.4byte	.LFB7
 1122 0014 4A000000 		.4byte	.LFE7-.LFB7
 1123 0018 00000000 		.4byte	.LFB8
 1124 001c 44000000 		.4byte	.LFE8-.LFB8
 1125 0020 00000000 		.4byte	.LFB9
 1126 0024 2A000000 		.4byte	.LFE9-.LFB9
 1127 0028 00000000 		.4byte	0
 1128 002c 00000000 		.4byte	0
 1129              		.section	.debug_ranges,"",%progbits
 1130              	.Ldebug_ranges0:
 1131 0000 00000000 		.4byte	.LFB7
 1132 0004 4A000000 		.4byte	.LFE7
 1133 0008 00000000 		.4byte	.LFB8
 1134 000c 44000000 		.4byte	.LFE8
 1135 0010 00000000 		.4byte	.LFB9
 1136 0014 2A000000 		.4byte	.LFE9
ARM GAS  /tmp/ccs9jDTV.s 			page 21


 1137 0018 00000000 		.4byte	0
 1138 001c 00000000 		.4byte	0
 1139              		.section	.debug_line,"",%progbits
 1140              	.Ldebug_line0:
 1141 0000 EC000000 		.section	.debug_str,"MS",%progbits,1
 1141      02009A00 
 1141      00000201 
 1141      FB0E0D00 
 1141      01010101 
 1142              	.LASF49:
 1143 0000 2F686F6D 		.ascii	"/home/jordyaw/Documents/referensi/coba/ChibiOS_2.5."
 1143      652F6A6F 
 1143      72647961 
 1143      772F446F 
 1143      63756D65 
 1144 0033 32782F74 		.ascii	"2x/testhal/STM32F30x/WSC Juara Bismillah/program sc"
 1144      65737468 
 1144      616C2F53 
 1144      544D3332 
 1144      46333078 
 1145 0066 616E6E69 		.ascii	"anning data controller\000"
 1145      6E672064 
 1145      61746120 
 1145      636F6E74 
 1145      726F6C6C 
 1146              	.LASF43:
 1147 007d 7072696F 		.ascii	"prio\000"
 1147      00
 1148              	.LASF19:
 1149 0082 49435052 		.ascii	"ICPR\000"
 1149      00
 1150              	.LASF39:
 1151 0087 4D4D4652 		.ascii	"MMFR\000"
 1151      00
 1152              	.LASF11:
 1153 008c 5F426F6F 		.ascii	"_Bool\000"
 1153      6C00
 1154              	.LASF45:
 1155 0092 6E766963 		.ascii	"nvicDisableVector\000"
 1155      44697361 
 1155      626C6556 
 1155      6563746F 
 1155      7200
 1156              	.LASF26:
 1157 00a4 434D785F 		.ascii	"CMx_NVIC\000"
 1157      4E564943 
 1157      00
 1158              	.LASF29:
 1159 00ad 56544F52 		.ascii	"VTOR\000"
 1159      00
 1160              	.LASF3:
 1161 00b2 73686F72 		.ascii	"short int\000"
 1161      7420696E 
 1161      7400
 1162              	.LASF15:
 1163 00bc 49434552 		.ascii	"ICER\000"
 1163      00
ARM GAS  /tmp/ccs9jDTV.s 			page 22


 1164              	.LASF12:
 1165 00c1 494F5245 		.ascii	"IOREG32\000"
 1165      47333200 
 1166              	.LASF2:
 1167 00c9 756E7369 		.ascii	"unsigned char\000"
 1167      676E6564 
 1167      20636861 
 1167      7200
 1168              	.LASF14:
 1169 00d7 756E7573 		.ascii	"unused1\000"
 1169      65643100 
 1170              	.LASF16:
 1171 00df 756E7573 		.ascii	"unused2\000"
 1171      65643200 
 1172              	.LASF18:
 1173 00e7 756E7573 		.ascii	"unused3\000"
 1173      65643300 
 1174              	.LASF20:
 1175 00ef 756E7573 		.ascii	"unused4\000"
 1175      65643400 
 1176              	.LASF22:
 1177 00f7 756E7573 		.ascii	"unused5\000"
 1177      65643500 
 1178              	.LASF23:
 1179 00ff 756E7573 		.ascii	"unused6\000"
 1179      65643600 
 1180              	.LASF4:
 1181 0107 73686F72 		.ascii	"short unsigned int\000"
 1181      7420756E 
 1181      7369676E 
 1181      65642069 
 1181      6E7400
 1182              	.LASF33:
 1183 011a 43465352 		.ascii	"CFSR\000"
 1183      00
 1184              	.LASF48:
 1185 011f 2E2E2F2E 		.ascii	"../../../../os/ports/common/ARMCMx/nvic.c\000"
 1185      2E2F2E2E 
 1185      2F2E2E2F 
 1185      6F732F70 
 1185      6F727473 
 1186              	.LASF34:
 1187 0149 48465352 		.ascii	"HFSR\000"
 1187      00
 1188              	.LASF6:
 1189 014e 6C6F6E67 		.ascii	"long unsigned int\000"
 1189      20756E73 
 1189      69676E65 
 1189      6420696E 
 1189      7400
 1190              	.LASF40:
 1191 0160 43504143 		.ascii	"CPACR\000"
 1191      5200
 1192              	.LASF24:
 1193 0166 53544952 		.ascii	"STIR\000"
 1193      00
 1194              	.LASF9:
ARM GAS  /tmp/ccs9jDTV.s 			page 23


 1195 016b 5F5F7569 		.ascii	"__uint32_t\000"
 1195      6E743332 
 1195      5F7400
 1196              	.LASF47:
 1197 0176 474E5520 		.ascii	"GNU C 4.8.3 -mcpu=cortex-m4 -mfloat-abi=softfp -mfp"
 1197      4320342E 
 1197      382E3320 
 1197      2D6D6370 
 1197      753D636F 
 1198 01a9 753D6670 		.ascii	"u=fpv4-sp-d16 -mno-thumb-interwork -mthumb -ggdb -O"
 1198      76342D73 
 1198      702D6431 
 1198      36202D6D 
 1198      6E6F2D74 
 1199 01dc 32202D66 		.ascii	"2 -fomit-frame-pointer -falign-functions=16 -fsingl"
 1199      6F6D6974 
 1199      2D667261 
 1199      6D652D70 
 1199      6F696E74 
 1200 020f 652D7072 		.ascii	"e-precision-constant -ffunction-sections -fdata-sec"
 1200      65636973 
 1200      696F6E2D 
 1200      636F6E73 
 1200      74616E74 
 1201 0242 74696F6E 		.ascii	"tions -fno-common\000"
 1201      73202D66 
 1201      6E6F2D63 
 1201      6F6D6D6F 
 1201      6E00
 1202              	.LASF0:
 1203 0254 756E7369 		.ascii	"unsigned int\000"
 1203      676E6564 
 1203      20696E74 
 1203      00
 1204              	.LASF17:
 1205 0261 49535052 		.ascii	"ISPR\000"
 1205      00
 1206              	.LASF35:
 1207 0266 44465352 		.ascii	"DFSR\000"
 1207      00
 1208              	.LASF8:
 1209 026b 6C6F6E67 		.ascii	"long long unsigned int\000"
 1209      206C6F6E 
 1209      6720756E 
 1209      7369676E 
 1209      65642069 
 1210              	.LASF28:
 1211 0282 49435352 		.ascii	"ICSR\000"
 1211      00
 1212              	.LASF41:
 1213 0287 434D785F 		.ascii	"CMx_SCB\000"
 1213      53434200 
 1214              	.LASF30:
 1215 028f 41495243 		.ascii	"AIRCR\000"
 1215      5200
 1216              	.LASF37:
 1217 0295 42464152 		.ascii	"BFAR\000"
ARM GAS  /tmp/ccs9jDTV.s 			page 24


 1217      00
 1218              	.LASF46:
 1219 029a 68616E64 		.ascii	"handler\000"
 1219      6C657200 
 1220              	.LASF25:
 1221 02a2 73697A65 		.ascii	"sizetype\000"
 1221      74797065 
 1221      00
 1222              	.LASF7:
 1223 02ab 6C6F6E67 		.ascii	"long long int\000"
 1223      206C6F6E 
 1223      6720696E 
 1223      7400
 1224              	.LASF27:
 1225 02b9 43505549 		.ascii	"CPUID\000"
 1225      4400
 1226              	.LASF42:
 1227 02bf 63686172 		.ascii	"char\000"
 1227      00
 1228              	.LASF13:
 1229 02c4 49534552 		.ascii	"ISER\000"
 1229      00
 1230              	.LASF38:
 1231 02c9 41465352 		.ascii	"AFSR\000"
 1231      00
 1232              	.LASF36:
 1233 02ce 4D4D4641 		.ascii	"MMFAR\000"
 1233      5200
 1234              	.LASF32:
 1235 02d4 53484353 		.ascii	"SHCSR\000"
 1235      5200
 1236              	.LASF10:
 1237 02da 75696E74 		.ascii	"uint32_t\000"
 1237      33325F74 
 1237      00
 1238              	.LASF5:
 1239 02e3 6C6F6E67 		.ascii	"long int\000"
 1239      20696E74 
 1239      00
 1240              	.LASF31:
 1241 02ec 53485052 		.ascii	"SHPR\000"
 1241      00
 1242              	.LASF1:
 1243 02f1 7369676E 		.ascii	"signed char\000"
 1243      65642063 
 1243      68617200 
 1244              	.LASF50:
 1245 02fd 6E766963 		.ascii	"nvicSetSystemHandlerPriority\000"
 1245      53657453 
 1245      79737465 
 1245      6D48616E 
 1245      646C6572 
 1246              	.LASF21:
 1247 031a 49414252 		.ascii	"IABR\000"
 1247      00
 1248              	.LASF44:
 1249 031f 6E766963 		.ascii	"nvicEnableVector\000"
ARM GAS  /tmp/ccs9jDTV.s 			page 25


 1249      456E6162 
 1249      6C655665 
 1249      63746F72 
 1249      00
 1250              		.ident	"GCC: (4.8.3-18ubuntu2+12) 4.8.3"
ARM GAS  /tmp/ccs9jDTV.s 			page 26


DEFINED SYMBOLS
                            *ABS*:0000000000000000 nvic.c
     /tmp/ccs9jDTV.s:20     .text.nvicEnableVector:0000000000000000 $t
     /tmp/ccs9jDTV.s:26     .text.nvicEnableVector:0000000000000000 nvicEnableVector
     /tmp/ccs9jDTV.s:85     .text.nvicDisableVector:0000000000000000 $t
     /tmp/ccs9jDTV.s:91     .text.nvicDisableVector:0000000000000000 nvicDisableVector
     /tmp/ccs9jDTV.s:136    .text.nvicDisableVector:0000000000000040 $d
     /tmp/ccs9jDTV.s:141    .text.nvicSetSystemHandlerPriority:0000000000000000 $t
     /tmp/ccs9jDTV.s:147    .text.nvicSetSystemHandlerPriority:0000000000000000 nvicSetSystemHandlerPriority
                     .debug_frame:0000000000000010 $d
     /tmp/ccs9jDTV.s:140    .text.nvicDisableVector:0000000000000044 $t

NO UNDEFINED SYMBOLS
