ARM GAS  /tmp/ccL6Rx67.s 			page 1


   1              		.syntax unified
   2              		.cpu cortex-m4
   3              		.eabi_attribute 27, 3
   4              		.fpu fpv4-sp-d16
   5              		.eabi_attribute 20, 1
   6              		.eabi_attribute 21, 1
   7              		.eabi_attribute 23, 3
   8              		.eabi_attribute 24, 1
   9              		.eabi_attribute 25, 1
  10              		.eabi_attribute 26, 1
  11              		.eabi_attribute 30, 2
  12              		.eabi_attribute 34, 1
  13              		.eabi_attribute 18, 4
  14              		.thumb
  15              		.file	"pwm.c"
  16              		.text
  17              	.Ltext0:
  18              		.cfi_sections	.debug_frame
  19              		.section	.text.pwmInit,"ax",%progbits
  20              		.align	2
  21              		.p2align 4,,15
  22              		.global	pwmInit
  23              		.thumb
  24              		.thumb_func
  25              		.type	pwmInit, %function
  26              	pwmInit:
  27              	.LFB118:
  28              		.file 1 "../../../../os/hal/src/pwm.c"
  29              		.loc 1 61 0
  30              		.cfi_startproc
  31              		@ args = 0, pretend = 0, frame = 0
  32              		@ frame_needed = 0, uses_anonymous_args = 0
  33              		@ link register save eliminated.
  34              		.loc 1 63 0
  35 0000 FFF7FEBF 		b	pwm_lld_init
  36              	.LVL0:
  37              		.cfi_endproc
  38              	.LFE118:
  39              		.size	pwmInit, .-pwmInit
  40 0004 AFF30080 		.section	.text.pwmObjectInit,"ax",%progbits
  40      AFF30080 
  40      AFF30080 
  41              		.align	2
  42              		.p2align 4,,15
  43              		.global	pwmObjectInit
  44              		.thumb
  45              		.thumb_func
  46              		.type	pwmObjectInit, %function
  47              	pwmObjectInit:
  48              	.LFB119:
  49              		.loc 1 73 0
  50              		.cfi_startproc
  51              		@ args = 0, pretend = 0, frame = 0
  52              		@ frame_needed = 0, uses_anonymous_args = 0
  53              		@ link register save eliminated.
  54              	.LVL1:
  55              		.loc 1 75 0
ARM GAS  /tmp/ccL6Rx67.s 			page 2


  56 0000 0122     		movs	r2, #1
  57              		.loc 1 76 0
  58 0002 0023     		movs	r3, #0
  59              		.loc 1 75 0
  60 0004 0270     		strb	r2, [r0]
  61              		.loc 1 76 0
  62 0006 4360     		str	r3, [r0, #4]
  63 0008 7047     		bx	lr
  64              		.cfi_endproc
  65              	.LFE119:
  66              		.size	pwmObjectInit, .-pwmObjectInit
  67 000a 00BFAFF3 		.section	.text.pwmStart,"ax",%progbits
  67      0080
  68              		.align	2
  69              		.p2align 4,,15
  70              		.global	pwmStart
  71              		.thumb
  72              		.thumb_func
  73              		.type	pwmStart, %function
  74              	pwmStart:
  75              	.LFB120:
  76              		.loc 1 92 0
  77              		.cfi_startproc
  78              		@ args = 0, pretend = 0, frame = 0
  79              		@ frame_needed = 0, uses_anonymous_args = 0
  80              	.LVL2:
  81 0000 38B5     		push	{r3, r4, r5, lr}
  82              		.cfi_def_cfa_offset 16
  83              		.cfi_offset 3, -16
  84              		.cfi_offset 4, -12
  85              		.cfi_offset 5, -8
  86              		.cfi_offset 14, -4
  87              		.loc 1 94 0
  88 0002 0446     		mov	r4, r0
  89              		.loc 1 92 0
  90 0004 0D46     		mov	r5, r1
  91              		.loc 1 94 0
  92 0006 D0B1     		cbz	r0, .L4
  93              		.loc 1 94 0 is_stmt 0 discriminator 2
  94 0008 C9B1     		cbz	r1, .L4
  95              	.LVL3:
  96              	.L5:
  97              	.LBB2:
  98              		.loc 1 96 0 is_stmt 1
  99 000a 2023     		movs	r3, #32
 100              	@ 96 "../../../../os/hal/src/pwm.c" 1
 101 000c 83F31188 		msr     BASEPRI, r3
 102              	@ 0 "" 2
 103              		.thumb
 104              	.LBE2:
 105 0010 FFF7FEFF 		bl	dbg_check_lock
 106              	.LVL4:
 107              		.loc 1 97 0
 108 0014 2378     		ldrb	r3, [r4]	@ zero_extendqisi2
 109 0016 013B     		subs	r3, r3, #1
 110 0018 012B     		cmp	r3, #1
 111 001a 02D9     		bls	.L6
ARM GAS  /tmp/ccL6Rx67.s 			page 3


 112              		.loc 1 97 0 is_stmt 0 discriminator 1
 113 001c 0A48     		ldr	r0, .L11
 114 001e FFF7FEFF 		bl	chDbgPanic
 115              	.LVL5:
 116              	.L6:
 117              		.loc 1 100 0 is_stmt 1
 118 0022 AB88     		ldrh	r3, [r5, #4]
 119 0024 2381     		strh	r3, [r4, #8]	@ movhi
 120              		.loc 1 101 0
 121 0026 2046     		mov	r0, r4
 122              		.loc 1 99 0
 123 0028 6560     		str	r5, [r4, #4]
 124              		.loc 1 101 0
 125 002a FFF7FEFF 		bl	pwm_lld_start
 126              	.LVL6:
 127              		.loc 1 102 0
 128 002e 0223     		movs	r3, #2
 129 0030 2370     		strb	r3, [r4]
 130              		.loc 1 103 0
 131 0032 FFF7FEFF 		bl	dbg_check_unlock
 132              	.LVL7:
 133              	.LBB3:
 134 0036 0023     		movs	r3, #0
 135              	@ 103 "../../../../os/hal/src/pwm.c" 1
 136 0038 83F31188 		msr     BASEPRI, r3
 137              	@ 0 "" 2
 138              		.thumb
 139 003c 38BD     		pop	{r3, r4, r5, pc}
 140              	.LVL8:
 141              	.L4:
 142              	.LBE3:
 143              		.loc 1 94 0 discriminator 1
 144 003e 0348     		ldr	r0, .L11+4
 145              	.LVL9:
 146 0040 FFF7FEFF 		bl	chDbgPanic
 147              	.LVL10:
 148 0044 E1E7     		b	.L5
 149              	.L12:
 150 0046 00BF     		.align	2
 151              	.L11:
 152 0048 10000000 		.word	.LC1
 153 004c 00000000 		.word	.LC0
 154              		.cfi_endproc
 155              	.LFE120:
 156              		.size	pwmStart, .-pwmStart
 157              		.section	.text.pwmStop,"ax",%progbits
 158              		.align	2
 159              		.p2align 4,,15
 160              		.global	pwmStop
 161              		.thumb
 162              		.thumb_func
 163              		.type	pwmStop, %function
 164              	pwmStop:
 165              	.LFB121:
 166              		.loc 1 113 0
 167              		.cfi_startproc
 168              		@ args = 0, pretend = 0, frame = 0
ARM GAS  /tmp/ccL6Rx67.s 			page 4


 169              		@ frame_needed = 0, uses_anonymous_args = 0
 170              	.LVL11:
 171 0000 10B5     		push	{r4, lr}
 172              		.cfi_def_cfa_offset 8
 173              		.cfi_offset 4, -8
 174              		.cfi_offset 14, -4
 175              		.loc 1 115 0
 176 0002 0446     		mov	r4, r0
 177 0004 B0B1     		cbz	r0, .L16
 178              	.LVL12:
 179              	.L14:
 180              	.LBB4:
 181              		.loc 1 117 0
 182 0006 2023     		movs	r3, #32
 183              	@ 117 "../../../../os/hal/src/pwm.c" 1
 184 0008 83F31188 		msr     BASEPRI, r3
 185              	@ 0 "" 2
 186              		.thumb
 187              	.LBE4:
 188 000c FFF7FEFF 		bl	dbg_check_lock
 189              	.LVL13:
 190              		.loc 1 118 0
 191 0010 2378     		ldrb	r3, [r4]	@ zero_extendqisi2
 192 0012 013B     		subs	r3, r3, #1
 193 0014 012B     		cmp	r3, #1
 194 0016 02D9     		bls	.L15
 195              		.loc 1 118 0 is_stmt 0 discriminator 1
 196 0018 0848     		ldr	r0, .L17
 197 001a FFF7FEFF 		bl	chDbgPanic
 198              	.LVL14:
 199              	.L15:
 200              		.loc 1 120 0 is_stmt 1
 201 001e 2046     		mov	r0, r4
 202 0020 FFF7FEFF 		bl	pwm_lld_stop
 203              	.LVL15:
 204              		.loc 1 121 0
 205 0024 0123     		movs	r3, #1
 206 0026 2370     		strb	r3, [r4]
 207              		.loc 1 122 0
 208 0028 FFF7FEFF 		bl	dbg_check_unlock
 209              	.LVL16:
 210              	.LBB5:
 211 002c 0023     		movs	r3, #0
 212              	@ 122 "../../../../os/hal/src/pwm.c" 1
 213 002e 83F31188 		msr     BASEPRI, r3
 214              	@ 0 "" 2
 215              		.thumb
 216 0032 10BD     		pop	{r4, pc}
 217              	.LVL17:
 218              	.L16:
 219              	.LBE5:
 220              		.loc 1 115 0 discriminator 1
 221 0034 0248     		ldr	r0, .L17+4
 222              	.LVL18:
 223 0036 FFF7FEFF 		bl	chDbgPanic
 224              	.LVL19:
 225 003a E4E7     		b	.L14
ARM GAS  /tmp/ccL6Rx67.s 			page 5


 226              	.L18:
 227              		.align	2
 228              	.L17:
 229 003c 2C000000 		.word	.LC3
 230 0040 20000000 		.word	.LC2
 231              		.cfi_endproc
 232              	.LFE121:
 233              		.size	pwmStop, .-pwmStop
 234 0044 AFF30080 		.section	.text.pwmChangePeriod,"ax",%progbits
 234      AFF30080 
 234      AFF30080 
 235              		.align	2
 236              		.p2align 4,,15
 237              		.global	pwmChangePeriod
 238              		.thumb
 239              		.thumb_func
 240              		.type	pwmChangePeriod, %function
 241              	pwmChangePeriod:
 242              	.LFB122:
 243              		.loc 1 140 0
 244              		.cfi_startproc
 245              		@ args = 0, pretend = 0, frame = 0
 246              		@ frame_needed = 0, uses_anonymous_args = 0
 247              	.LVL20:
 248 0000 38B5     		push	{r3, r4, r5, lr}
 249              		.cfi_def_cfa_offset 16
 250              		.cfi_offset 3, -16
 251              		.cfi_offset 4, -12
 252              		.cfi_offset 5, -8
 253              		.cfi_offset 14, -4
 254              		.loc 1 142 0
 255 0002 0446     		mov	r4, r0
 256              		.loc 1 140 0
 257 0004 0D46     		mov	r5, r1
 258              		.loc 1 142 0
 259 0006 A8B1     		cbz	r0, .L25
 260              	.LVL21:
 261              	.L20:
 262              	.LBB6:
 263              		.loc 1 144 0
 264 0008 2023     		movs	r3, #32
 265              	@ 144 "../../../../os/hal/src/pwm.c" 1
 266 000a 83F31188 		msr     BASEPRI, r3
 267              	@ 0 "" 2
 268              		.thumb
 269              	.LBE6:
 270 000e FFF7FEFF 		bl	dbg_check_lock
 271              	.LVL22:
 272              		.loc 1 145 0
 273 0012 2378     		ldrb	r3, [r4]	@ zero_extendqisi2
 274 0014 022B     		cmp	r3, #2
 275 0016 02D0     		beq	.L21
 276              		.loc 1 145 0 is_stmt 0 discriminator 1
 277 0018 0848     		ldr	r0, .L26
 278 001a FFF7FEFF 		bl	chDbgPanic
 279              	.LVL23:
 280              	.L21:
ARM GAS  /tmp/ccL6Rx67.s 			page 6


 281              		.loc 1 147 0 is_stmt 1
 282 001e 2369     		ldr	r3, [r4, #16]
 283 0020 2581     		strh	r5, [r4, #8]	@ movhi
 284 0022 6A1E     		subs	r2, r5, #1
 285 0024 92B2     		uxth	r2, r2
 286 0026 DA62     		str	r2, [r3, #44]
 287              		.loc 1 148 0
 288 0028 FFF7FEFF 		bl	dbg_check_unlock
 289              	.LVL24:
 290              	.LBB7:
 291 002c 0023     		movs	r3, #0
 292              	@ 148 "../../../../os/hal/src/pwm.c" 1
 293 002e 83F31188 		msr     BASEPRI, r3
 294              	@ 0 "" 2
 295              		.thumb
 296 0032 38BD     		pop	{r3, r4, r5, pc}
 297              	.LVL25:
 298              	.L25:
 299              	.LBE7:
 300              		.loc 1 142 0 discriminator 1
 301 0034 0248     		ldr	r0, .L26+4
 302              	.LVL26:
 303 0036 FFF7FEFF 		bl	chDbgPanic
 304              	.LVL27:
 305 003a E5E7     		b	.L20
 306              	.L27:
 307              		.align	2
 308              	.L26:
 309 003c 50000000 		.word	.LC5
 310 0040 3C000000 		.word	.LC4
 311              		.cfi_endproc
 312              	.LFE122:
 313              		.size	pwmChangePeriod, .-pwmChangePeriod
 314 0044 AFF30080 		.section	.text.pwmEnableChannel,"ax",%progbits
 314      AFF30080 
 314      AFF30080 
 315              		.align	2
 316              		.p2align 4,,15
 317              		.global	pwmEnableChannel
 318              		.thumb
 319              		.thumb_func
 320              		.type	pwmEnableChannel, %function
 321              	pwmEnableChannel:
 322              	.LFB123:
 323              		.loc 1 167 0
 324              		.cfi_startproc
 325              		@ args = 0, pretend = 0, frame = 0
 326              		@ frame_needed = 0, uses_anonymous_args = 0
 327              	.LVL28:
 328 0000 70B5     		push	{r4, r5, r6, lr}
 329              		.cfi_def_cfa_offset 16
 330              		.cfi_offset 4, -16
 331              		.cfi_offset 5, -12
 332              		.cfi_offset 6, -8
 333              		.cfi_offset 14, -4
 334              		.loc 1 169 0
 335 0002 0446     		mov	r4, r0
ARM GAS  /tmp/ccL6Rx67.s 			page 7


 336              		.loc 1 167 0
 337 0004 0D46     		mov	r5, r1
 338 0006 1646     		mov	r6, r2
 339              		.loc 1 169 0
 340 0008 B8B1     		cbz	r0, .L29
 341              		.loc 1 169 0 is_stmt 0 discriminator 2
 342 000a 0329     		cmp	r1, #3
 343 000c 15D8     		bhi	.L29
 344              	.LVL29:
 345              	.L30:
 346              	.LBB8:
 347              		.loc 1 172 0 is_stmt 1
 348 000e 2023     		movs	r3, #32
 349              	@ 172 "../../../../os/hal/src/pwm.c" 1
 350 0010 83F31188 		msr     BASEPRI, r3
 351              	@ 0 "" 2
 352              		.thumb
 353              	.LBE8:
 354 0014 FFF7FEFF 		bl	dbg_check_lock
 355              	.LVL30:
 356              		.loc 1 173 0
 357 0018 2378     		ldrb	r3, [r4]	@ zero_extendqisi2
 358 001a 022B     		cmp	r3, #2
 359 001c 02D0     		beq	.L31
 360              		.loc 1 173 0 is_stmt 0 discriminator 1
 361 001e 0948     		ldr	r0, .L38
 362 0020 FFF7FEFF 		bl	chDbgPanic
 363              	.LVL31:
 364              	.L31:
 365              		.loc 1 175 0 is_stmt 1
 366 0024 2046     		mov	r0, r4
 367 0026 2946     		mov	r1, r5
 368 0028 3246     		mov	r2, r6
 369 002a FFF7FEFF 		bl	pwm_lld_enable_channel
 370              	.LVL32:
 371              		.loc 1 176 0
 372 002e FFF7FEFF 		bl	dbg_check_unlock
 373              	.LVL33:
 374              	.LBB9:
 375 0032 0023     		movs	r3, #0
 376              	@ 176 "../../../../os/hal/src/pwm.c" 1
 377 0034 83F31188 		msr     BASEPRI, r3
 378              	@ 0 "" 2
 379              		.thumb
 380 0038 70BD     		pop	{r4, r5, r6, pc}
 381              	.LVL34:
 382              	.L29:
 383              	.LBE9:
 384              		.loc 1 169 0 discriminator 1
 385 003a 0348     		ldr	r0, .L38+4
 386              	.LVL35:
 387 003c FFF7FEFF 		bl	chDbgPanic
 388              	.LVL36:
 389 0040 E5E7     		b	.L30
 390              	.L39:
 391 0042 00BF     		.align	2
 392              	.L38:
ARM GAS  /tmp/ccL6Rx67.s 			page 8


 393 0044 80000000 		.word	.LC7
 394 0048 68000000 		.word	.LC6
 395              		.cfi_endproc
 396              	.LFE123:
 397              		.size	pwmEnableChannel, .-pwmEnableChannel
 398 004c AFF30080 		.section	.text.pwmDisableChannel,"ax",%progbits
 399              		.align	2
 400              		.p2align 4,,15
 401              		.global	pwmDisableChannel
 402              		.thumb
 403              		.thumb_func
 404              		.type	pwmDisableChannel, %function
 405              	pwmDisableChannel:
 406              	.LFB124:
 407              		.loc 1 193 0
 408              		.cfi_startproc
 409              		@ args = 0, pretend = 0, frame = 0
 410              		@ frame_needed = 0, uses_anonymous_args = 0
 411              	.LVL37:
 412 0000 38B5     		push	{r3, r4, r5, lr}
 413              		.cfi_def_cfa_offset 16
 414              		.cfi_offset 3, -16
 415              		.cfi_offset 4, -12
 416              		.cfi_offset 5, -8
 417              		.cfi_offset 14, -4
 418              		.loc 1 195 0
 419 0002 0446     		mov	r4, r0
 420              		.loc 1 193 0
 421 0004 0D46     		mov	r5, r1
 422              		.loc 1 195 0
 423 0006 B0B1     		cbz	r0, .L41
 424              		.loc 1 195 0 is_stmt 0 discriminator 2
 425 0008 0329     		cmp	r1, #3
 426 000a 14D8     		bhi	.L41
 427              	.LVL38:
 428              	.L42:
 429              	.LBB10:
 430              		.loc 1 198 0 is_stmt 1
 431 000c 2023     		movs	r3, #32
 432              	@ 198 "../../../../os/hal/src/pwm.c" 1
 433 000e 83F31188 		msr     BASEPRI, r3
 434              	@ 0 "" 2
 435              		.thumb
 436              	.LBE10:
 437 0012 FFF7FEFF 		bl	dbg_check_lock
 438              	.LVL39:
 439              		.loc 1 199 0
 440 0016 2378     		ldrb	r3, [r4]	@ zero_extendqisi2
 441 0018 022B     		cmp	r3, #2
 442 001a 02D0     		beq	.L43
 443              		.loc 1 199 0 is_stmt 0 discriminator 1
 444 001c 0848     		ldr	r0, .L50
 445 001e FFF7FEFF 		bl	chDbgPanic
 446              	.LVL40:
 447              	.L43:
 448              		.loc 1 201 0 is_stmt 1
 449 0022 2046     		mov	r0, r4
ARM GAS  /tmp/ccL6Rx67.s 			page 9


 450 0024 2946     		mov	r1, r5
 451 0026 FFF7FEFF 		bl	pwm_lld_disable_channel
 452              	.LVL41:
 453              		.loc 1 202 0
 454 002a FFF7FEFF 		bl	dbg_check_unlock
 455              	.LVL42:
 456              	.LBB11:
 457 002e 0023     		movs	r3, #0
 458              	@ 202 "../../../../os/hal/src/pwm.c" 1
 459 0030 83F31188 		msr     BASEPRI, r3
 460              	@ 0 "" 2
 461              		.thumb
 462 0034 38BD     		pop	{r3, r4, r5, pc}
 463              	.LVL43:
 464              	.L41:
 465              	.LBE11:
 466              		.loc 1 195 0 discriminator 1
 467 0036 0348     		ldr	r0, .L50+4
 468              	.LVL44:
 469 0038 FFF7FEFF 		bl	chDbgPanic
 470              	.LVL45:
 471 003c E6E7     		b	.L42
 472              	.L51:
 473 003e 00BF     		.align	2
 474              	.L50:
 475 0040 98000000 		.word	.LC8
 476 0044 68000000 		.word	.LC6
 477              		.cfi_endproc
 478              	.LFE124:
 479              		.size	pwmDisableChannel, .-pwmDisableChannel
 480 0048 AFF30080 		.section	.rodata.str1.4,"aMS",%progbits,1
 480      AFF30080 
 481              		.align	2
 482              	.LC0:
 483 0000 2270776D 		.ascii	"\"pwmStart\"()\000"
 483      53746172 
 483      74222829 
 483      00
 484 000d 000000   		.space	3
 485              	.LC1:
 486 0010 70776D53 		.ascii	"pwmStart(), #1\000"
 486      74617274 
 486      28292C20 
 486      233100
 487 001f 00       		.space	1
 488              	.LC2:
 489 0020 2270776D 		.ascii	"\"pwmStop\"()\000"
 489      53746F70 
 489      22282900 
 490              	.LC3:
 491 002c 70776D53 		.ascii	"pwmStop(), #1\000"
 491      746F7028 
 491      292C2023 
 491      3100
 492 003a 0000     		.space	2
 493              	.LC4:
 494 003c 2270776D 		.ascii	"\"pwmChangePeriod\"()\000"
ARM GAS  /tmp/ccL6Rx67.s 			page 10


 494      4368616E 
 494      67655065 
 494      72696F64 
 494      22282900 
 495              	.LC5:
 496 0050 70776D43 		.ascii	"pwmChangePeriod(), #1\000"
 496      68616E67 
 496      65506572 
 496      696F6428 
 496      292C2023 
 497 0066 0000     		.space	2
 498              	.LC6:
 499 0068 2270776D 		.ascii	"\"pwmEnableChannel\"()\000"
 499      456E6162 
 499      6C654368 
 499      616E6E65 
 499      6C222829 
 500 007d 000000   		.space	3
 501              	.LC7:
 502 0080 70776D45 		.ascii	"pwmEnableChannel(), #1\000"
 502      6E61626C 
 502      65436861 
 502      6E6E656C 
 502      28292C20 
 503 0097 00       		.space	1
 504              	.LC8:
 505 0098 70776D44 		.ascii	"pwmDisableChannel(), #1\000"
 505      69736162 
 505      6C654368 
 505      616E6E65 
 505      6C28292C 
 506              		.text
 507              	.Letext0:
 508              		.file 2 "/usr/include/newlib/machine/_default_types.h"
 509              		.file 3 "/usr/include/newlib/stdint.h"
 510              		.file 4 "../../../../os/hal/platforms/STM32/stm32.h"
 511              		.file 5 "../../../../os/hal/include/pwm.h"
 512              		.file 6 "../../../../os/hal/platforms/STM32/pwm_lld.h"
 513              		.file 7 "../../../../os/kernel/include/chdebug.h"
 514              		.file 8 "../../../../os/ports/common/ARMCMx/CMSIS/include/core_cm4.h"
 515              		.section	.debug_info,"",%progbits
 516              	.Ldebug_info0:
 517 0000 78080000 		.4byte	0x878
 518 0004 0400     		.2byte	0x4
 519 0006 00000000 		.4byte	.Ldebug_abbrev0
 520 000a 04       		.byte	0x4
 521 000b 01       		.uleb128 0x1
 522 000c 98010000 		.4byte	.LASF79
 523 0010 01       		.byte	0x1
 524 0011 91030000 		.4byte	.LASF80
 525 0015 B7030000 		.4byte	.LASF81
 526 0019 00000000 		.4byte	.Ldebug_ranges0+0
 527 001d 00000000 		.4byte	0
 528 0021 00000000 		.4byte	.Ldebug_line0
 529 0025 02       		.uleb128 0x2
 530 0026 04       		.byte	0x4
 531 0027 05       		.byte	0x5
ARM GAS  /tmp/ccL6Rx67.s 			page 11


 532 0028 696E7400 		.ascii	"int\000"
 533 002c 03       		.uleb128 0x3
 534 002d 04       		.byte	0x4
 535 002e 07       		.byte	0x7
 536 002f D4020000 		.4byte	.LASF0
 537 0033 03       		.uleb128 0x3
 538 0034 01       		.byte	0x1
 539 0035 06       		.byte	0x6
 540 0036 99020000 		.4byte	.LASF1
 541 003a 04       		.uleb128 0x4
 542 003b 2B010000 		.4byte	.LASF4
 543 003f 02       		.byte	0x2
 544 0040 1D       		.byte	0x1d
 545 0041 45000000 		.4byte	0x45
 546 0045 03       		.uleb128 0x3
 547 0046 01       		.byte	0x1
 548 0047 08       		.byte	0x8
 549 0048 73010000 		.4byte	.LASF2
 550 004c 03       		.uleb128 0x3
 551 004d 02       		.byte	0x2
 552 004e 05       		.byte	0x5
 553 004f 23000000 		.4byte	.LASF3
 554 0053 04       		.uleb128 0x4
 555 0054 74000000 		.4byte	.LASF5
 556 0058 02       		.byte	0x2
 557 0059 2B       		.byte	0x2b
 558 005a 5E000000 		.4byte	0x5e
 559 005e 03       		.uleb128 0x3
 560 005f 02       		.byte	0x2
 561 0060 07       		.byte	0x7
 562 0061 18030000 		.4byte	.LASF6
 563 0065 04       		.uleb128 0x4
 564 0066 34040000 		.4byte	.LASF7
 565 006a 02       		.byte	0x2
 566 006b 3F       		.byte	0x3f
 567 006c 70000000 		.4byte	0x70
 568 0070 03       		.uleb128 0x3
 569 0071 04       		.byte	0x4
 570 0072 05       		.byte	0x5
 571 0073 13010000 		.4byte	.LASF8
 572 0077 04       		.uleb128 0x4
 573 0078 64000000 		.4byte	.LASF9
 574 007c 02       		.byte	0x2
 575 007d 41       		.byte	0x41
 576 007e 82000000 		.4byte	0x82
 577 0082 03       		.uleb128 0x3
 578 0083 04       		.byte	0x4
 579 0084 07       		.byte	0x7
 580 0085 79030000 		.4byte	.LASF10
 581 0089 03       		.uleb128 0x3
 582 008a 08       		.byte	0x8
 583 008b 05       		.byte	0x5
 584 008c 05010000 		.4byte	.LASF11
 585 0090 03       		.uleb128 0x3
 586 0091 08       		.byte	0x8
 587 0092 07       		.byte	0x7
 588 0093 B4020000 		.4byte	.LASF12
ARM GAS  /tmp/ccL6Rx67.s 			page 12


 589 0097 04       		.uleb128 0x4
 590 0098 A5000000 		.4byte	.LASF13
 591 009c 03       		.byte	0x3
 592 009d 2A       		.byte	0x2a
 593 009e 3A000000 		.4byte	0x3a
 594 00a2 04       		.uleb128 0x4
 595 00a3 E1020000 		.4byte	.LASF14
 596 00a7 03       		.byte	0x3
 597 00a8 36       		.byte	0x36
 598 00a9 53000000 		.4byte	0x53
 599 00ad 04       		.uleb128 0x4
 600 00ae 53030000 		.4byte	.LASF15
 601 00b2 03       		.byte	0x3
 602 00b3 41       		.byte	0x41
 603 00b4 65000000 		.4byte	0x65
 604 00b8 04       		.uleb128 0x4
 605 00b9 CB020000 		.4byte	.LASF16
 606 00bd 03       		.byte	0x3
 607 00be 42       		.byte	0x42
 608 00bf 77000000 		.4byte	0x77
 609 00c3 03       		.uleb128 0x3
 610 00c4 01       		.byte	0x1
 611 00c5 02       		.byte	0x2
 612 00c6 5B030000 		.4byte	.LASF17
 613 00ca 05       		.uleb128 0x5
 614 00cb B8000000 		.4byte	0xb8
 615 00cf 03       		.uleb128 0x3
 616 00d0 04       		.byte	0x4
 617 00d1 07       		.byte	0x7
 618 00d2 36000000 		.4byte	.LASF18
 619 00d6 06       		.uleb128 0x6
 620 00d7 04       		.byte	0x4
 621 00d8 DC000000 		.4byte	0xdc
 622 00dc 07       		.uleb128 0x7
 623 00dd E1000000 		.4byte	0xe1
 624 00e1 03       		.uleb128 0x3
 625 00e2 01       		.byte	0x1
 626 00e3 08       		.byte	0x8
 627 00e4 38030000 		.4byte	.LASF19
 628 00e8 08       		.uleb128 0x8
 629 00e9 B8000000 		.4byte	0xb8
 630 00ed F8000000 		.4byte	0xf8
 631 00f1 09       		.uleb128 0x9
 632 00f2 CF000000 		.4byte	0xcf
 633 00f6 03       		.byte	0x3
 634 00f7 00       		.byte	0
 635 00f8 05       		.uleb128 0x5
 636 00f9 A2000000 		.4byte	0xa2
 637 00fd 05       		.uleb128 0x5
 638 00fe AD000000 		.4byte	0xad
 639 0102 0A       		.uleb128 0xa
 640 0103 54       		.byte	0x54
 641 0104 04       		.byte	0x4
 642 0105 60       		.byte	0x60
 643 0106 95020000 		.4byte	0x295
 644 010a 0B       		.uleb128 0xb
 645 010b 43523100 		.ascii	"CR1\000"
ARM GAS  /tmp/ccL6Rx67.s 			page 13


 646 010f 04       		.byte	0x4
 647 0110 61       		.byte	0x61
 648 0111 F8000000 		.4byte	0xf8
 649 0115 00       		.byte	0
 650 0116 0C       		.uleb128 0xc
 651 0117 9D000000 		.4byte	.LASF20
 652 011b 04       		.byte	0x4
 653 011c 62       		.byte	0x62
 654 011d A2000000 		.4byte	0xa2
 655 0121 02       		.byte	0x2
 656 0122 0B       		.uleb128 0xb
 657 0123 43523200 		.ascii	"CR2\000"
 658 0127 04       		.byte	0x4
 659 0128 63       		.byte	0x63
 660 0129 F8000000 		.4byte	0xf8
 661 012d 04       		.byte	0x4
 662 012e 0C       		.uleb128 0xc
 663 012f 8B040000 		.4byte	.LASF21
 664 0133 04       		.byte	0x4
 665 0134 64       		.byte	0x64
 666 0135 A2000000 		.4byte	0xa2
 667 0139 06       		.byte	0x6
 668 013a 0C       		.uleb128 0xc
 669 013b 63010000 		.4byte	.LASF22
 670 013f 04       		.byte	0x4
 671 0140 65       		.byte	0x65
 672 0141 F8000000 		.4byte	0xf8
 673 0145 08       		.byte	0x8
 674 0146 0C       		.uleb128 0xc
 675 0147 AD000000 		.4byte	.LASF23
 676 014b 04       		.byte	0x4
 677 014c 66       		.byte	0x66
 678 014d A2000000 		.4byte	0xa2
 679 0151 0A       		.byte	0xa
 680 0152 0C       		.uleb128 0xc
 681 0153 EF020000 		.4byte	.LASF24
 682 0157 04       		.byte	0x4
 683 0158 67       		.byte	0x67
 684 0159 F8000000 		.4byte	0xf8
 685 015d 0C       		.byte	0xc
 686 015e 0C       		.uleb128 0xc
 687 015f B5000000 		.4byte	.LASF25
 688 0163 04       		.byte	0x4
 689 0164 68       		.byte	0x68
 690 0165 A2000000 		.4byte	0xa2
 691 0169 0E       		.byte	0xe
 692 016a 0B       		.uleb128 0xb
 693 016b 535200   		.ascii	"SR\000"
 694 016e 04       		.byte	0x4
 695 016f 69       		.byte	0x69
 696 0170 F8000000 		.4byte	0xf8
 697 0174 10       		.byte	0x10
 698 0175 0C       		.uleb128 0xc
 699 0176 AC040000 		.4byte	.LASF26
 700 017a 04       		.byte	0x4
 701 017b 6A       		.byte	0x6a
 702 017c A2000000 		.4byte	0xa2
ARM GAS  /tmp/ccL6Rx67.s 			page 14


 703 0180 12       		.byte	0x12
 704 0181 0B       		.uleb128 0xb
 705 0182 45475200 		.ascii	"EGR\000"
 706 0186 04       		.byte	0x4
 707 0187 6B       		.byte	0x6b
 708 0188 F8000000 		.4byte	0xf8
 709 018c 14       		.byte	0x14
 710 018d 0C       		.uleb128 0xc
 711 018e CE000000 		.4byte	.LASF27
 712 0192 04       		.byte	0x4
 713 0193 6C       		.byte	0x6c
 714 0194 A2000000 		.4byte	0xa2
 715 0198 16       		.byte	0x16
 716 0199 0C       		.uleb128 0xc
 717 019a 35010000 		.4byte	.LASF28
 718 019e 04       		.byte	0x4
 719 019f 6D       		.byte	0x6d
 720 01a0 F8000000 		.4byte	0xf8
 721 01a4 18       		.byte	0x18
 722 01a5 0C       		.uleb128 0xc
 723 01a6 D6000000 		.4byte	.LASF29
 724 01aa 04       		.byte	0x4
 725 01ab 6E       		.byte	0x6e
 726 01ac A2000000 		.4byte	0xa2
 727 01b0 1A       		.byte	0x1a
 728 01b1 0C       		.uleb128 0xc
 729 01b2 1D000000 		.4byte	.LASF30
 730 01b6 04       		.byte	0x4
 731 01b7 6F       		.byte	0x6f
 732 01b8 F8000000 		.4byte	0xf8
 733 01bc 1C       		.byte	0x1c
 734 01bd 0C       		.uleb128 0xc
 735 01be DE000000 		.4byte	.LASF31
 736 01c2 04       		.byte	0x4
 737 01c3 70       		.byte	0x70
 738 01c4 A2000000 		.4byte	0xa2
 739 01c8 1E       		.byte	0x1e
 740 01c9 0C       		.uleb128 0xc
 741 01ca 00000000 		.4byte	.LASF32
 742 01ce 04       		.byte	0x4
 743 01cf 71       		.byte	0x71
 744 01d0 F8000000 		.4byte	0xf8
 745 01d4 20       		.byte	0x20
 746 01d5 0C       		.uleb128 0xc
 747 01d6 E6000000 		.4byte	.LASF33
 748 01da 04       		.byte	0x4
 749 01db 72       		.byte	0x72
 750 01dc A2000000 		.4byte	0xa2
 751 01e0 22       		.byte	0x22
 752 01e1 0B       		.uleb128 0xb
 753 01e2 434E5400 		.ascii	"CNT\000"
 754 01e6 04       		.byte	0x4
 755 01e7 73       		.byte	0x73
 756 01e8 CA000000 		.4byte	0xca
 757 01ec 24       		.byte	0x24
 758 01ed 0B       		.uleb128 0xb
 759 01ee 50534300 		.ascii	"PSC\000"
ARM GAS  /tmp/ccL6Rx67.s 			page 15


 760 01f2 04       		.byte	0x4
 761 01f3 74       		.byte	0x74
 762 01f4 F8000000 		.4byte	0xf8
 763 01f8 28       		.byte	0x28
 764 01f9 0C       		.uleb128 0xc
 765 01fa EE000000 		.4byte	.LASF34
 766 01fe 04       		.byte	0x4
 767 01ff 75       		.byte	0x75
 768 0200 A2000000 		.4byte	0xa2
 769 0204 2A       		.byte	0x2a
 770 0205 0B       		.uleb128 0xb
 771 0206 41525200 		.ascii	"ARR\000"
 772 020a 04       		.byte	0x4
 773 020b 76       		.byte	0x76
 774 020c CA000000 		.4byte	0xca
 775 0210 2C       		.byte	0x2c
 776 0211 0B       		.uleb128 0xb
 777 0212 52435200 		.ascii	"RCR\000"
 778 0216 04       		.byte	0x4
 779 0217 77       		.byte	0x77
 780 0218 F8000000 		.4byte	0xf8
 781 021c 30       		.byte	0x30
 782 021d 0C       		.uleb128 0xc
 783 021e AE030000 		.4byte	.LASF35
 784 0222 04       		.byte	0x4
 785 0223 78       		.byte	0x78
 786 0224 A2000000 		.4byte	0xa2
 787 0228 32       		.byte	0x32
 788 0229 0B       		.uleb128 0xb
 789 022a 43435200 		.ascii	"CCR\000"
 790 022e 04       		.byte	0x4
 791 022f 79       		.byte	0x79
 792 0230 95020000 		.4byte	0x295
 793 0234 34       		.byte	0x34
 794 0235 0C       		.uleb128 0xc
 795 0236 EA020000 		.4byte	.LASF36
 796 023a 04       		.byte	0x4
 797 023b 7A       		.byte	0x7a
 798 023c F8000000 		.4byte	0xf8
 799 0240 44       		.byte	0x44
 800 0241 0C       		.uleb128 0xc
 801 0242 F4020000 		.4byte	.LASF37
 802 0246 04       		.byte	0x4
 803 0247 7B       		.byte	0x7b
 804 0248 A2000000 		.4byte	0xa2
 805 024c 46       		.byte	0x46
 806 024d 0B       		.uleb128 0xb
 807 024e 44435200 		.ascii	"DCR\000"
 808 0252 04       		.byte	0x4
 809 0253 7C       		.byte	0x7c
 810 0254 F8000000 		.4byte	0xf8
 811 0258 48       		.byte	0x48
 812 0259 0C       		.uleb128 0xc
 813 025a FD020000 		.4byte	.LASF38
 814 025e 04       		.byte	0x4
 815 025f 7D       		.byte	0x7d
 816 0260 A2000000 		.4byte	0xa2
ARM GAS  /tmp/ccL6Rx67.s 			page 16


 817 0264 4A       		.byte	0x4a
 818 0265 0C       		.uleb128 0xc
 819 0266 12000000 		.4byte	.LASF39
 820 026a 04       		.byte	0x4
 821 026b 7E       		.byte	0x7e
 822 026c F8000000 		.4byte	0xf8
 823 0270 4C       		.byte	0x4c
 824 0271 0C       		.uleb128 0xc
 825 0272 06030000 		.4byte	.LASF40
 826 0276 04       		.byte	0x4
 827 0277 7F       		.byte	0x7f
 828 0278 A2000000 		.4byte	0xa2
 829 027c 4E       		.byte	0x4e
 830 027d 0B       		.uleb128 0xb
 831 027e 4F5200   		.ascii	"OR\000"
 832 0281 04       		.byte	0x4
 833 0282 80       		.byte	0x80
 834 0283 F8000000 		.4byte	0xf8
 835 0287 50       		.byte	0x50
 836 0288 0C       		.uleb128 0xc
 837 0289 0F030000 		.4byte	.LASF41
 838 028d 04       		.byte	0x4
 839 028e 81       		.byte	0x81
 840 028f A2000000 		.4byte	0xa2
 841 0293 52       		.byte	0x52
 842 0294 00       		.byte	0
 843 0295 05       		.uleb128 0x5
 844 0296 E8000000 		.4byte	0xe8
 845 029a 04       		.uleb128 0x4
 846 029b 3D030000 		.4byte	.LASF42
 847 029f 04       		.byte	0x4
 848 02a0 82       		.byte	0x82
 849 02a1 02010000 		.4byte	0x102
 850 02a5 06       		.uleb128 0x6
 851 02a6 04       		.byte	0x4
 852 02a7 9A020000 		.4byte	0x29a
 853 02ab 0D       		.uleb128 0xd
 854 02ac 01       		.byte	0x1
 855 02ad 05       		.byte	0x5
 856 02ae 4E       		.byte	0x4e
 857 02af C6020000 		.4byte	0x2c6
 858 02b3 0E       		.uleb128 0xe
 859 02b4 68010000 		.4byte	.LASF43
 860 02b8 00       		.sleb128 0
 861 02b9 0E       		.uleb128 0xe
 862 02ba 48040000 		.4byte	.LASF44
 863 02be 01       		.sleb128 1
 864 02bf 0E       		.uleb128 0xe
 865 02c0 3E040000 		.4byte	.LASF45
 866 02c4 02       		.sleb128 2
 867 02c5 00       		.byte	0
 868 02c6 04       		.uleb128 0x4
 869 02c7 93040000 		.4byte	.LASF46
 870 02cb 05       		.byte	0x5
 871 02cc 52       		.byte	0x52
 872 02cd AB020000 		.4byte	0x2ab
 873 02d1 04       		.uleb128 0x4
ARM GAS  /tmp/ccL6Rx67.s 			page 17


 874 02d2 49030000 		.4byte	.LASF47
 875 02d6 05       		.byte	0x5
 876 02d7 57       		.byte	0x57
 877 02d8 DC020000 		.4byte	0x2dc
 878 02dc 0F       		.uleb128 0xf
 879 02dd 49030000 		.4byte	.LASF47
 880 02e1 14       		.byte	0x14
 881 02e2 06       		.byte	0x6
 882 02e3 6701     		.2byte	0x167
 883 02e5 2B030000 		.4byte	0x32b
 884 02e9 10       		.uleb128 0x10
 885 02ea 17000000 		.4byte	.LASF48
 886 02ee 06       		.byte	0x6
 887 02ef 6B01     		.2byte	0x16b
 888 02f1 C6020000 		.4byte	0x2c6
 889 02f5 00       		.byte	0
 890 02f6 10       		.uleb128 0x10
 891 02f7 88000000 		.4byte	.LASF49
 892 02fb 06       		.byte	0x6
 893 02fc 6F01     		.2byte	0x16f
 894 02fe 08040000 		.4byte	0x408
 895 0302 04       		.byte	0x4
 896 0303 10       		.uleb128 0x10
 897 0304 24010000 		.4byte	.LASF50
 898 0308 06       		.byte	0x6
 899 0309 7301     		.2byte	0x173
 900 030b 65030000 		.4byte	0x365
 901 030f 08       		.byte	0x8
 902 0310 10       		.uleb128 0x10
 903 0311 8B030000 		.4byte	.LASF51
 904 0315 06       		.byte	0x6
 905 0316 7B01     		.2byte	0x17b
 906 0318 B8000000 		.4byte	0xb8
 907 031c 0C       		.byte	0xc
 908 031d 11       		.uleb128 0x11
 909 031e 74696D00 		.ascii	"tim\000"
 910 0322 06       		.byte	0x6
 911 0323 7F01     		.2byte	0x17f
 912 0325 A5020000 		.4byte	0x2a5
 913 0329 10       		.byte	0x10
 914 032a 00       		.byte	0
 915 032b 04       		.uleb128 0x4
 916 032c 9E040000 		.4byte	.LASF52
 917 0330 05       		.byte	0x5
 918 0331 5E       		.byte	0x5e
 919 0332 36030000 		.4byte	0x336
 920 0336 06       		.uleb128 0x6
 921 0337 04       		.byte	0x4
 922 0338 3C030000 		.4byte	0x33c
 923 033c 12       		.uleb128 0x12
 924 033d 47030000 		.4byte	0x347
 925 0341 13       		.uleb128 0x13
 926 0342 47030000 		.4byte	0x347
 927 0346 00       		.byte	0
 928 0347 06       		.uleb128 0x6
 929 0348 04       		.byte	0x4
 930 0349 D1020000 		.4byte	0x2d1
ARM GAS  /tmp/ccL6Rx67.s 			page 18


 931 034d 14       		.uleb128 0x14
 932 034e 74040000 		.4byte	.LASF53
 933 0352 06       		.byte	0x6
 934 0353 1E01     		.2byte	0x11e
 935 0355 B8000000 		.4byte	0xb8
 936 0359 14       		.uleb128 0x14
 937 035a 57000000 		.4byte	.LASF54
 938 035e 06       		.byte	0x6
 939 035f 2301     		.2byte	0x123
 940 0361 97000000 		.4byte	0x97
 941 0365 14       		.uleb128 0x14
 942 0366 2D000000 		.4byte	.LASF55
 943 036a 06       		.byte	0x6
 944 036b 2801     		.2byte	0x128
 945 036d A2000000 		.4byte	0xa2
 946 0371 15       		.uleb128 0x15
 947 0372 08       		.byte	0x8
 948 0373 06       		.byte	0x6
 949 0374 2D01     		.2byte	0x12d
 950 0376 95030000 		.4byte	0x395
 951 037a 10       		.uleb128 0x10
 952 037b 6F000000 		.4byte	.LASF56
 953 037f 06       		.byte	0x6
 954 0380 3101     		.2byte	0x131
 955 0382 4D030000 		.4byte	0x34d
 956 0386 00       		.byte	0
 957 0387 10       		.uleb128 0x10
 958 0388 B4040000 		.4byte	.LASF57
 959 038c 06       		.byte	0x6
 960 038d 3701     		.2byte	0x137
 961 038f 2B030000 		.4byte	0x32b
 962 0393 04       		.byte	0x4
 963 0394 00       		.byte	0
 964 0395 14       		.uleb128 0x14
 965 0396 63040000 		.4byte	.LASF58
 966 039a 06       		.byte	0x6
 967 039b 3901     		.2byte	0x139
 968 039d 71030000 		.4byte	0x371
 969 03a1 15       		.uleb128 0x15
 970 03a2 30       		.byte	0x30
 971 03a3 06       		.byte	0x6
 972 03a4 3E01     		.2byte	0x13e
 973 03a6 EC030000 		.4byte	0x3ec
 974 03aa 10       		.uleb128 0x10
 975 03ab 59040000 		.4byte	.LASF59
 976 03af 06       		.byte	0x6
 977 03b0 4401     		.2byte	0x144
 978 03b2 B8000000 		.4byte	0xb8
 979 03b6 00       		.byte	0
 980 03b7 10       		.uleb128 0x10
 981 03b8 24010000 		.4byte	.LASF50
 982 03bc 06       		.byte	0x6
 983 03bd 4A01     		.2byte	0x14a
 984 03bf 65030000 		.4byte	0x365
 985 03c3 04       		.byte	0x4
 986 03c4 10       		.uleb128 0x10
 987 03c5 B4040000 		.4byte	.LASF57
ARM GAS  /tmp/ccL6Rx67.s 			page 19


 988 03c9 06       		.byte	0x6
 989 03ca 5001     		.2byte	0x150
 990 03cc 2B030000 		.4byte	0x32b
 991 03d0 08       		.byte	0x8
 992 03d1 10       		.uleb128 0x10
 993 03d2 7F000000 		.4byte	.LASF60
 994 03d6 06       		.byte	0x6
 995 03d7 5401     		.2byte	0x154
 996 03d9 EC030000 		.4byte	0x3ec
 997 03dd 0C       		.byte	0xc
 998 03de 11       		.uleb128 0x11
 999 03df 63723200 		.ascii	"cr2\000"
 1000 03e3 06       		.byte	0x6
 1001 03e4 5A01     		.2byte	0x15a
 1002 03e6 A2000000 		.4byte	0xa2
 1003 03ea 2C       		.byte	0x2c
 1004 03eb 00       		.byte	0
 1005 03ec 08       		.uleb128 0x8
 1006 03ed 95030000 		.4byte	0x395
 1007 03f1 FC030000 		.4byte	0x3fc
 1008 03f5 09       		.uleb128 0x9
 1009 03f6 CF000000 		.4byte	0xcf
 1010 03fa 03       		.byte	0x3
 1011 03fb 00       		.byte	0
 1012 03fc 14       		.uleb128 0x14
 1013 03fd 49010000 		.4byte	.LASF61
 1014 0401 06       		.byte	0x6
 1015 0402 6201     		.2byte	0x162
 1016 0404 A1030000 		.4byte	0x3a1
 1017 0408 06       		.uleb128 0x6
 1018 0409 04       		.byte	0x4
 1019 040a 0E040000 		.4byte	0x40e
 1020 040e 07       		.uleb128 0x7
 1021 040f FC030000 		.4byte	0x3fc
 1022 0413 16       		.uleb128 0x16
 1023 0414 1C010000 		.4byte	.LASF62
 1024 0418 01       		.byte	0x1
 1025 0419 3D       		.byte	0x3d
 1026 041a 00000000 		.4byte	.LFB118
 1027 041e 04000000 		.4byte	.LFE118-.LFB118
 1028 0422 01       		.uleb128 0x1
 1029 0423 9C       		.byte	0x9c
 1030 0424 32040000 		.4byte	0x432
 1031 0428 17       		.uleb128 0x17
 1032 0429 04000000 		.4byte	.LVL0
 1033 042d 01080000 		.4byte	0x801
 1034 0431 00       		.byte	0
 1035 0432 16       		.uleb128 0x16
 1036 0433 8F000000 		.4byte	.LASF63
 1037 0437 01       		.byte	0x1
 1038 0438 49       		.byte	0x49
 1039 0439 00000000 		.4byte	.LFB119
 1040 043d 0A000000 		.4byte	.LFE119-.LFB119
 1041 0441 01       		.uleb128 0x1
 1042 0442 9C       		.byte	0x9c
 1043 0443 55040000 		.4byte	0x455
 1044 0447 18       		.uleb128 0x18
ARM GAS  /tmp/ccL6Rx67.s 			page 20


 1045 0448 5E010000 		.4byte	.LASF65
 1046 044c 01       		.byte	0x1
 1047 044d 49       		.byte	0x49
 1048 044e 47030000 		.4byte	0x347
 1049 0452 01       		.uleb128 0x1
 1050 0453 50       		.byte	0x50
 1051 0454 00       		.byte	0
 1052 0455 16       		.uleb128 0x16
 1053 0456 FC000000 		.4byte	.LASF64
 1054 045a 01       		.byte	0x1
 1055 045b 5C       		.byte	0x5c
 1056 045c 00000000 		.4byte	.LFB120
 1057 0460 50000000 		.4byte	.LFE120-.LFB120
 1058 0464 01       		.uleb128 0x1
 1059 0465 9C       		.byte	0x9c
 1060 0466 0F050000 		.4byte	0x50f
 1061 046a 19       		.uleb128 0x19
 1062 046b 5E010000 		.4byte	.LASF65
 1063 046f 01       		.byte	0x1
 1064 0470 5C       		.byte	0x5c
 1065 0471 47030000 		.4byte	0x347
 1066 0475 00000000 		.4byte	.LLST0
 1067 0479 19       		.uleb128 0x19
 1068 047a 88000000 		.4byte	.LASF49
 1069 047e 01       		.byte	0x1
 1070 047f 5C       		.byte	0x5c
 1071 0480 08040000 		.4byte	0x408
 1072 0484 34000000 		.4byte	.LLST1
 1073 0488 1A       		.uleb128 0x1a
 1074 0489 0A000000 		.4byte	.LBB2
 1075 048d 06000000 		.4byte	.LBE2-.LBB2
 1076 0491 A3040000 		.4byte	0x4a3
 1077 0495 1B       		.uleb128 0x1b
 1078 0496 746D7000 		.ascii	"tmp\000"
 1079 049a 01       		.byte	0x1
 1080 049b 60       		.byte	0x60
 1081 049c B8000000 		.4byte	0xb8
 1082 04a0 01       		.uleb128 0x1
 1083 04a1 53       		.byte	0x53
 1084 04a2 00       		.byte	0
 1085 04a3 1A       		.uleb128 0x1a
 1086 04a4 36000000 		.4byte	.LBB3
 1087 04a8 08000000 		.4byte	.LBE3-.LBB3
 1088 04ac BE040000 		.4byte	0x4be
 1089 04b0 1B       		.uleb128 0x1b
 1090 04b1 746D7000 		.ascii	"tmp\000"
 1091 04b5 01       		.byte	0x1
 1092 04b6 67       		.byte	0x67
 1093 04b7 B8000000 		.4byte	0xb8
 1094 04bb 01       		.uleb128 0x1
 1095 04bc 53       		.byte	0x53
 1096 04bd 00       		.byte	0
 1097 04be 1C       		.uleb128 0x1c
 1098 04bf 14000000 		.4byte	.LVL4
 1099 04c3 09080000 		.4byte	0x809
 1100 04c7 1D       		.uleb128 0x1d
 1101 04c8 22000000 		.4byte	.LVL5
ARM GAS  /tmp/ccL6Rx67.s 			page 21


 1102 04cc 10080000 		.4byte	0x810
 1103 04d0 DE040000 		.4byte	0x4de
 1104 04d4 1E       		.uleb128 0x1e
 1105 04d5 01       		.uleb128 0x1
 1106 04d6 50       		.byte	0x50
 1107 04d7 05       		.uleb128 0x5
 1108 04d8 03       		.byte	0x3
 1109 04d9 10000000 		.4byte	.LC1
 1110 04dd 00       		.byte	0
 1111 04de 1D       		.uleb128 0x1d
 1112 04df 2E000000 		.4byte	.LVL6
 1113 04e3 21080000 		.4byte	0x821
 1114 04e7 F2040000 		.4byte	0x4f2
 1115 04eb 1E       		.uleb128 0x1e
 1116 04ec 01       		.uleb128 0x1
 1117 04ed 50       		.byte	0x50
 1118 04ee 02       		.uleb128 0x2
 1119 04ef 74       		.byte	0x74
 1120 04f0 00       		.sleb128 0
 1121 04f1 00       		.byte	0
 1122 04f2 1C       		.uleb128 0x1c
 1123 04f3 36000000 		.4byte	.LVL7
 1124 04f7 33080000 		.4byte	0x833
 1125 04fb 1F       		.uleb128 0x1f
 1126 04fc 44000000 		.4byte	.LVL10
 1127 0500 10080000 		.4byte	0x810
 1128 0504 1E       		.uleb128 0x1e
 1129 0505 01       		.uleb128 0x1
 1130 0506 50       		.byte	0x50
 1131 0507 05       		.uleb128 0x5
 1132 0508 03       		.byte	0x3
 1133 0509 00000000 		.4byte	.LC0
 1134 050d 00       		.byte	0
 1135 050e 00       		.byte	0
 1136 050f 16       		.uleb128 0x16
 1137 0510 51040000 		.4byte	.LASF66
 1138 0514 01       		.byte	0x1
 1139 0515 71       		.byte	0x71
 1140 0516 00000000 		.4byte	.LFB121
 1141 051a 44000000 		.4byte	.LFE121-.LFB121
 1142 051e 01       		.uleb128 0x1
 1143 051f 9C       		.byte	0x9c
 1144 0520 BA050000 		.4byte	0x5ba
 1145 0524 19       		.uleb128 0x19
 1146 0525 5E010000 		.4byte	.LASF65
 1147 0529 01       		.byte	0x1
 1148 052a 71       		.byte	0x71
 1149 052b 47030000 		.4byte	0x347
 1150 052f 68000000 		.4byte	.LLST2
 1151 0533 1A       		.uleb128 0x1a
 1152 0534 06000000 		.4byte	.LBB4
 1153 0538 06000000 		.4byte	.LBE4-.LBB4
 1154 053c 4E050000 		.4byte	0x54e
 1155 0540 1B       		.uleb128 0x1b
 1156 0541 746D7000 		.ascii	"tmp\000"
 1157 0545 01       		.byte	0x1
 1158 0546 75       		.byte	0x75
ARM GAS  /tmp/ccL6Rx67.s 			page 22


 1159 0547 B8000000 		.4byte	0xb8
 1160 054b 01       		.uleb128 0x1
 1161 054c 53       		.byte	0x53
 1162 054d 00       		.byte	0
 1163 054e 1A       		.uleb128 0x1a
 1164 054f 2C000000 		.4byte	.LBB5
 1165 0553 08000000 		.4byte	.LBE5-.LBB5
 1166 0557 69050000 		.4byte	0x569
 1167 055b 1B       		.uleb128 0x1b
 1168 055c 746D7000 		.ascii	"tmp\000"
 1169 0560 01       		.byte	0x1
 1170 0561 7A       		.byte	0x7a
 1171 0562 B8000000 		.4byte	0xb8
 1172 0566 01       		.uleb128 0x1
 1173 0567 53       		.byte	0x53
 1174 0568 00       		.byte	0
 1175 0569 1C       		.uleb128 0x1c
 1176 056a 10000000 		.4byte	.LVL13
 1177 056e 09080000 		.4byte	0x809
 1178 0572 1D       		.uleb128 0x1d
 1179 0573 1E000000 		.4byte	.LVL14
 1180 0577 10080000 		.4byte	0x810
 1181 057b 89050000 		.4byte	0x589
 1182 057f 1E       		.uleb128 0x1e
 1183 0580 01       		.uleb128 0x1
 1184 0581 50       		.byte	0x50
 1185 0582 05       		.uleb128 0x5
 1186 0583 03       		.byte	0x3
 1187 0584 2C000000 		.4byte	.LC3
 1188 0588 00       		.byte	0
 1189 0589 1D       		.uleb128 0x1d
 1190 058a 24000000 		.4byte	.LVL15
 1191 058e 3A080000 		.4byte	0x83a
 1192 0592 9D050000 		.4byte	0x59d
 1193 0596 1E       		.uleb128 0x1e
 1194 0597 01       		.uleb128 0x1
 1195 0598 50       		.byte	0x50
 1196 0599 02       		.uleb128 0x2
 1197 059a 74       		.byte	0x74
 1198 059b 00       		.sleb128 0
 1199 059c 00       		.byte	0
 1200 059d 1C       		.uleb128 0x1c
 1201 059e 2C000000 		.4byte	.LVL16
 1202 05a2 33080000 		.4byte	0x833
 1203 05a6 1F       		.uleb128 0x1f
 1204 05a7 3A000000 		.4byte	.LVL19
 1205 05ab 10080000 		.4byte	0x810
 1206 05af 1E       		.uleb128 0x1e
 1207 05b0 01       		.uleb128 0x1
 1208 05b1 50       		.byte	0x50
 1209 05b2 05       		.uleb128 0x5
 1210 05b3 03       		.byte	0x3
 1211 05b4 20000000 		.4byte	.LC2
 1212 05b8 00       		.byte	0
 1213 05b9 00       		.byte	0
 1214 05ba 16       		.uleb128 0x16
 1215 05bb 69030000 		.4byte	.LASF67
ARM GAS  /tmp/ccL6Rx67.s 			page 23


 1216 05bf 01       		.byte	0x1
 1217 05c0 8C       		.byte	0x8c
 1218 05c1 00000000 		.4byte	.LFB122
 1219 05c5 44000000 		.4byte	.LFE122-.LFB122
 1220 05c9 01       		.uleb128 0x1
 1221 05ca 9C       		.byte	0x9c
 1222 05cb 60060000 		.4byte	0x660
 1223 05cf 19       		.uleb128 0x19
 1224 05d0 5E010000 		.4byte	.LASF65
 1225 05d4 01       		.byte	0x1
 1226 05d5 8C       		.byte	0x8c
 1227 05d6 47030000 		.4byte	0x347
 1228 05da 9C000000 		.4byte	.LLST3
 1229 05de 19       		.uleb128 0x19
 1230 05df 24010000 		.4byte	.LASF50
 1231 05e3 01       		.byte	0x1
 1232 05e4 8C       		.byte	0x8c
 1233 05e5 65030000 		.4byte	0x365
 1234 05e9 D0000000 		.4byte	.LLST4
 1235 05ed 1A       		.uleb128 0x1a
 1236 05ee 08000000 		.4byte	.LBB6
 1237 05f2 06000000 		.4byte	.LBE6-.LBB6
 1238 05f6 08060000 		.4byte	0x608
 1239 05fa 1B       		.uleb128 0x1b
 1240 05fb 746D7000 		.ascii	"tmp\000"
 1241 05ff 01       		.byte	0x1
 1242 0600 90       		.byte	0x90
 1243 0601 B8000000 		.4byte	0xb8
 1244 0605 01       		.uleb128 0x1
 1245 0606 53       		.byte	0x53
 1246 0607 00       		.byte	0
 1247 0608 1A       		.uleb128 0x1a
 1248 0609 2C000000 		.4byte	.LBB7
 1249 060d 08000000 		.4byte	.LBE7-.LBB7
 1250 0611 23060000 		.4byte	0x623
 1251 0615 1B       		.uleb128 0x1b
 1252 0616 746D7000 		.ascii	"tmp\000"
 1253 061a 01       		.byte	0x1
 1254 061b 94       		.byte	0x94
 1255 061c B8000000 		.4byte	0xb8
 1256 0620 01       		.uleb128 0x1
 1257 0621 53       		.byte	0x53
 1258 0622 00       		.byte	0
 1259 0623 1C       		.uleb128 0x1c
 1260 0624 12000000 		.4byte	.LVL22
 1261 0628 09080000 		.4byte	0x809
 1262 062c 1D       		.uleb128 0x1d
 1263 062d 1E000000 		.4byte	.LVL23
 1264 0631 10080000 		.4byte	0x810
 1265 0635 43060000 		.4byte	0x643
 1266 0639 1E       		.uleb128 0x1e
 1267 063a 01       		.uleb128 0x1
 1268 063b 50       		.byte	0x50
 1269 063c 05       		.uleb128 0x5
 1270 063d 03       		.byte	0x3
 1271 063e 50000000 		.4byte	.LC5
 1272 0642 00       		.byte	0
ARM GAS  /tmp/ccL6Rx67.s 			page 24


 1273 0643 1C       		.uleb128 0x1c
 1274 0644 2C000000 		.4byte	.LVL24
 1275 0648 33080000 		.4byte	0x833
 1276 064c 1F       		.uleb128 0x1f
 1277 064d 3A000000 		.4byte	.LVL27
 1278 0651 10080000 		.4byte	0x810
 1279 0655 1E       		.uleb128 0x1e
 1280 0656 01       		.uleb128 0x1
 1281 0657 50       		.byte	0x50
 1282 0658 05       		.uleb128 0x5
 1283 0659 03       		.byte	0x3
 1284 065a 3C000000 		.4byte	.LC4
 1285 065e 00       		.byte	0
 1286 065f 00       		.byte	0
 1287 0660 16       		.uleb128 0x16
 1288 0661 BD000000 		.4byte	.LASF68
 1289 0665 01       		.byte	0x1
 1290 0666 A5       		.byte	0xa5
 1291 0667 00000000 		.4byte	.LFB123
 1292 066b 4C000000 		.4byte	.LFE123-.LFB123
 1293 066f 01       		.uleb128 0x1
 1294 0670 9C       		.byte	0x9c
 1295 0671 35070000 		.4byte	0x735
 1296 0675 19       		.uleb128 0x19
 1297 0676 5E010000 		.4byte	.LASF65
 1298 067a 01       		.byte	0x1
 1299 067b A5       		.byte	0xa5
 1300 067c 47030000 		.4byte	0x347
 1301 0680 0A010000 		.4byte	.LLST5
 1302 0684 19       		.uleb128 0x19
 1303 0685 61030000 		.4byte	.LASF69
 1304 0689 01       		.byte	0x1
 1305 068a A6       		.byte	0xa6
 1306 068b 59030000 		.4byte	0x359
 1307 068f 3E010000 		.4byte	.LLST6
 1308 0693 19       		.uleb128 0x19
 1309 0694 F6000000 		.4byte	.LASF70
 1310 0698 01       		.byte	0x1
 1311 0699 A7       		.byte	0xa7
 1312 069a 65030000 		.4byte	0x365
 1313 069e 78010000 		.4byte	.LLST7
 1314 06a2 1A       		.uleb128 0x1a
 1315 06a3 0E000000 		.4byte	.LBB8
 1316 06a7 06000000 		.4byte	.LBE8-.LBB8
 1317 06ab BD060000 		.4byte	0x6bd
 1318 06af 1B       		.uleb128 0x1b
 1319 06b0 746D7000 		.ascii	"tmp\000"
 1320 06b4 01       		.byte	0x1
 1321 06b5 AC       		.byte	0xac
 1322 06b6 B8000000 		.4byte	0xb8
 1323 06ba 01       		.uleb128 0x1
 1324 06bb 53       		.byte	0x53
 1325 06bc 00       		.byte	0
 1326 06bd 1A       		.uleb128 0x1a
 1327 06be 32000000 		.4byte	.LBB9
 1328 06c2 08000000 		.4byte	.LBE9-.LBB9
 1329 06c6 D8060000 		.4byte	0x6d8
ARM GAS  /tmp/ccL6Rx67.s 			page 25


 1330 06ca 1B       		.uleb128 0x1b
 1331 06cb 746D7000 		.ascii	"tmp\000"
 1332 06cf 01       		.byte	0x1
 1333 06d0 B0       		.byte	0xb0
 1334 06d1 B8000000 		.4byte	0xb8
 1335 06d5 01       		.uleb128 0x1
 1336 06d6 53       		.byte	0x53
 1337 06d7 00       		.byte	0
 1338 06d8 1C       		.uleb128 0x1c
 1339 06d9 18000000 		.4byte	.LVL30
 1340 06dd 09080000 		.4byte	0x809
 1341 06e1 1D       		.uleb128 0x1d
 1342 06e2 24000000 		.4byte	.LVL31
 1343 06e6 10080000 		.4byte	0x810
 1344 06ea F8060000 		.4byte	0x6f8
 1345 06ee 1E       		.uleb128 0x1e
 1346 06ef 01       		.uleb128 0x1
 1347 06f0 50       		.byte	0x50
 1348 06f1 05       		.uleb128 0x5
 1349 06f2 03       		.byte	0x3
 1350 06f3 80000000 		.4byte	.LC7
 1351 06f7 00       		.byte	0
 1352 06f8 1D       		.uleb128 0x1d
 1353 06f9 2E000000 		.4byte	.LVL32
 1354 06fd 4C080000 		.4byte	0x84c
 1355 0701 18070000 		.4byte	0x718
 1356 0705 1E       		.uleb128 0x1e
 1357 0706 01       		.uleb128 0x1
 1358 0707 52       		.byte	0x52
 1359 0708 02       		.uleb128 0x2
 1360 0709 76       		.byte	0x76
 1361 070a 00       		.sleb128 0
 1362 070b 1E       		.uleb128 0x1e
 1363 070c 01       		.uleb128 0x1
 1364 070d 51       		.byte	0x51
 1365 070e 02       		.uleb128 0x2
 1366 070f 75       		.byte	0x75
 1367 0710 00       		.sleb128 0
 1368 0711 1E       		.uleb128 0x1e
 1369 0712 01       		.uleb128 0x1
 1370 0713 50       		.byte	0x50
 1371 0714 02       		.uleb128 0x2
 1372 0715 74       		.byte	0x74
 1373 0716 00       		.sleb128 0
 1374 0717 00       		.byte	0
 1375 0718 1C       		.uleb128 0x1c
 1376 0719 32000000 		.4byte	.LVL33
 1377 071d 33080000 		.4byte	0x833
 1378 0721 1F       		.uleb128 0x1f
 1379 0722 40000000 		.4byte	.LVL36
 1380 0726 10080000 		.4byte	0x810
 1381 072a 1E       		.uleb128 0x1e
 1382 072b 01       		.uleb128 0x1
 1383 072c 50       		.byte	0x50
 1384 072d 05       		.uleb128 0x5
 1385 072e 03       		.byte	0x3
 1386 072f 68000000 		.4byte	.LC6
ARM GAS  /tmp/ccL6Rx67.s 			page 26


 1387 0733 00       		.byte	0
 1388 0734 00       		.byte	0
 1389 0735 16       		.uleb128 0x16
 1390 0736 87020000 		.4byte	.LASF71
 1391 073a 01       		.byte	0x1
 1392 073b C1       		.byte	0xc1
 1393 073c 00000000 		.4byte	.LFB124
 1394 0740 48000000 		.4byte	.LFE124-.LFB124
 1395 0744 01       		.uleb128 0x1
 1396 0745 9C       		.byte	0x9c
 1397 0746 F5070000 		.4byte	0x7f5
 1398 074a 19       		.uleb128 0x19
 1399 074b 5E010000 		.4byte	.LASF65
 1400 074f 01       		.byte	0x1
 1401 0750 C1       		.byte	0xc1
 1402 0751 47030000 		.4byte	0x347
 1403 0755 B2010000 		.4byte	.LLST8
 1404 0759 19       		.uleb128 0x19
 1405 075a 61030000 		.4byte	.LASF69
 1406 075e 01       		.byte	0x1
 1407 075f C1       		.byte	0xc1
 1408 0760 59030000 		.4byte	0x359
 1409 0764 E6010000 		.4byte	.LLST9
 1410 0768 1A       		.uleb128 0x1a
 1411 0769 0C000000 		.4byte	.LBB10
 1412 076d 06000000 		.4byte	.LBE10-.LBB10
 1413 0771 83070000 		.4byte	0x783
 1414 0775 1B       		.uleb128 0x1b
 1415 0776 746D7000 		.ascii	"tmp\000"
 1416 077a 01       		.byte	0x1
 1417 077b C6       		.byte	0xc6
 1418 077c B8000000 		.4byte	0xb8
 1419 0780 01       		.uleb128 0x1
 1420 0781 53       		.byte	0x53
 1421 0782 00       		.byte	0
 1422 0783 1A       		.uleb128 0x1a
 1423 0784 2E000000 		.4byte	.LBB11
 1424 0788 08000000 		.4byte	.LBE11-.LBB11
 1425 078c 9E070000 		.4byte	0x79e
 1426 0790 1B       		.uleb128 0x1b
 1427 0791 746D7000 		.ascii	"tmp\000"
 1428 0795 01       		.byte	0x1
 1429 0796 CA       		.byte	0xca
 1430 0797 B8000000 		.4byte	0xb8
 1431 079b 01       		.uleb128 0x1
 1432 079c 53       		.byte	0x53
 1433 079d 00       		.byte	0
 1434 079e 1C       		.uleb128 0x1c
 1435 079f 16000000 		.4byte	.LVL39
 1436 07a3 09080000 		.4byte	0x809
 1437 07a7 1D       		.uleb128 0x1d
 1438 07a8 22000000 		.4byte	.LVL40
 1439 07ac 10080000 		.4byte	0x810
 1440 07b0 BE070000 		.4byte	0x7be
 1441 07b4 1E       		.uleb128 0x1e
 1442 07b5 01       		.uleb128 0x1
 1443 07b6 50       		.byte	0x50
ARM GAS  /tmp/ccL6Rx67.s 			page 27


 1444 07b7 05       		.uleb128 0x5
 1445 07b8 03       		.byte	0x3
 1446 07b9 98000000 		.4byte	.LC8
 1447 07bd 00       		.byte	0
 1448 07be 1D       		.uleb128 0x1d
 1449 07bf 2A000000 		.4byte	.LVL41
 1450 07c3 68080000 		.4byte	0x868
 1451 07c7 D8070000 		.4byte	0x7d8
 1452 07cb 1E       		.uleb128 0x1e
 1453 07cc 01       		.uleb128 0x1
 1454 07cd 51       		.byte	0x51
 1455 07ce 02       		.uleb128 0x2
 1456 07cf 75       		.byte	0x75
 1457 07d0 00       		.sleb128 0
 1458 07d1 1E       		.uleb128 0x1e
 1459 07d2 01       		.uleb128 0x1
 1460 07d3 50       		.byte	0x50
 1461 07d4 02       		.uleb128 0x2
 1462 07d5 74       		.byte	0x74
 1463 07d6 00       		.sleb128 0
 1464 07d7 00       		.byte	0
 1465 07d8 1C       		.uleb128 0x1c
 1466 07d9 2E000000 		.4byte	.LVL42
 1467 07dd 33080000 		.4byte	0x833
 1468 07e1 1F       		.uleb128 0x1f
 1469 07e2 3C000000 		.4byte	.LVL45
 1470 07e6 10080000 		.4byte	0x810
 1471 07ea 1E       		.uleb128 0x1e
 1472 07eb 01       		.uleb128 0x1
 1473 07ec 50       		.byte	0x50
 1474 07ed 05       		.uleb128 0x5
 1475 07ee 03       		.byte	0x3
 1476 07ef 68000000 		.4byte	.LC6
 1477 07f3 00       		.byte	0
 1478 07f4 00       		.byte	0
 1479 07f5 20       		.uleb128 0x20
 1480 07f6 7E040000 		.4byte	.LASF82
 1481 07fa 08       		.byte	0x8
 1482 07fb 9806     		.2byte	0x698
 1483 07fd FD000000 		.4byte	0xfd
 1484 0801 21       		.uleb128 0x21
 1485 0802 2B030000 		.4byte	.LASF72
 1486 0806 06       		.byte	0x6
 1487 0807 C901     		.2byte	0x1c9
 1488 0809 22       		.uleb128 0x22
 1489 080a A5020000 		.4byte	.LASF73
 1490 080e 07       		.byte	0x7
 1491 080f E0       		.byte	0xe0
 1492 0810 23       		.uleb128 0x23
 1493 0811 53010000 		.4byte	.LASF74
 1494 0815 07       		.byte	0x7
 1495 0816 EF       		.byte	0xef
 1496 0817 21080000 		.4byte	0x821
 1497 081b 13       		.uleb128 0x13
 1498 081c D6000000 		.4byte	0xd6
 1499 0820 00       		.byte	0
 1500 0821 24       		.uleb128 0x24
ARM GAS  /tmp/ccL6Rx67.s 			page 28


 1501 0822 3B010000 		.4byte	.LASF75
 1502 0826 06       		.byte	0x6
 1503 0827 CA01     		.2byte	0x1ca
 1504 0829 33080000 		.4byte	0x833
 1505 082d 13       		.uleb128 0x13
 1506 082e 47030000 		.4byte	0x347
 1507 0832 00       		.byte	0
 1508 0833 22       		.uleb128 0x22
 1509 0834 76020000 		.4byte	.LASF76
 1510 0838 07       		.byte	0x7
 1511 0839 E1       		.byte	0xe1
 1512 083a 24       		.uleb128 0x24
 1513 083b 05000000 		.4byte	.LASF77
 1514 083f 06       		.byte	0x6
 1515 0840 CB01     		.2byte	0x1cb
 1516 0842 4C080000 		.4byte	0x84c
 1517 0846 13       		.uleb128 0x13
 1518 0847 47030000 		.4byte	0x347
 1519 084b 00       		.byte	0
 1520 084c 24       		.uleb128 0x24
 1521 084d 81010000 		.4byte	.LASF78
 1522 0851 06       		.byte	0x6
 1523 0852 CC01     		.2byte	0x1cc
 1524 0854 68080000 		.4byte	0x868
 1525 0858 13       		.uleb128 0x13
 1526 0859 47030000 		.4byte	0x347
 1527 085d 13       		.uleb128 0x13
 1528 085e 59030000 		.4byte	0x359
 1529 0862 13       		.uleb128 0x13
 1530 0863 65030000 		.4byte	0x365
 1531 0867 00       		.byte	0
 1532 0868 25       		.uleb128 0x25
 1533 0869 3F000000 		.4byte	.LASF83
 1534 086d 06       		.byte	0x6
 1535 086e CF01     		.2byte	0x1cf
 1536 0870 13       		.uleb128 0x13
 1537 0871 47030000 		.4byte	0x347
 1538 0875 13       		.uleb128 0x13
 1539 0876 59030000 		.4byte	0x359
 1540 087a 00       		.byte	0
 1541 087b 00       		.byte	0
 1542              		.section	.debug_abbrev,"",%progbits
 1543              	.Ldebug_abbrev0:
 1544 0000 01       		.uleb128 0x1
 1545 0001 11       		.uleb128 0x11
 1546 0002 01       		.byte	0x1
 1547 0003 25       		.uleb128 0x25
 1548 0004 0E       		.uleb128 0xe
 1549 0005 13       		.uleb128 0x13
 1550 0006 0B       		.uleb128 0xb
 1551 0007 03       		.uleb128 0x3
 1552 0008 0E       		.uleb128 0xe
 1553 0009 1B       		.uleb128 0x1b
 1554 000a 0E       		.uleb128 0xe
 1555 000b 55       		.uleb128 0x55
 1556 000c 17       		.uleb128 0x17
 1557 000d 11       		.uleb128 0x11
ARM GAS  /tmp/ccL6Rx67.s 			page 29


 1558 000e 01       		.uleb128 0x1
 1559 000f 10       		.uleb128 0x10
 1560 0010 17       		.uleb128 0x17
 1561 0011 00       		.byte	0
 1562 0012 00       		.byte	0
 1563 0013 02       		.uleb128 0x2
 1564 0014 24       		.uleb128 0x24
 1565 0015 00       		.byte	0
 1566 0016 0B       		.uleb128 0xb
 1567 0017 0B       		.uleb128 0xb
 1568 0018 3E       		.uleb128 0x3e
 1569 0019 0B       		.uleb128 0xb
 1570 001a 03       		.uleb128 0x3
 1571 001b 08       		.uleb128 0x8
 1572 001c 00       		.byte	0
 1573 001d 00       		.byte	0
 1574 001e 03       		.uleb128 0x3
 1575 001f 24       		.uleb128 0x24
 1576 0020 00       		.byte	0
 1577 0021 0B       		.uleb128 0xb
 1578 0022 0B       		.uleb128 0xb
 1579 0023 3E       		.uleb128 0x3e
 1580 0024 0B       		.uleb128 0xb
 1581 0025 03       		.uleb128 0x3
 1582 0026 0E       		.uleb128 0xe
 1583 0027 00       		.byte	0
 1584 0028 00       		.byte	0
 1585 0029 04       		.uleb128 0x4
 1586 002a 16       		.uleb128 0x16
 1587 002b 00       		.byte	0
 1588 002c 03       		.uleb128 0x3
 1589 002d 0E       		.uleb128 0xe
 1590 002e 3A       		.uleb128 0x3a
 1591 002f 0B       		.uleb128 0xb
 1592 0030 3B       		.uleb128 0x3b
 1593 0031 0B       		.uleb128 0xb
 1594 0032 49       		.uleb128 0x49
 1595 0033 13       		.uleb128 0x13
 1596 0034 00       		.byte	0
 1597 0035 00       		.byte	0
 1598 0036 05       		.uleb128 0x5
 1599 0037 35       		.uleb128 0x35
 1600 0038 00       		.byte	0
 1601 0039 49       		.uleb128 0x49
 1602 003a 13       		.uleb128 0x13
 1603 003b 00       		.byte	0
 1604 003c 00       		.byte	0
 1605 003d 06       		.uleb128 0x6
 1606 003e 0F       		.uleb128 0xf
 1607 003f 00       		.byte	0
 1608 0040 0B       		.uleb128 0xb
 1609 0041 0B       		.uleb128 0xb
 1610 0042 49       		.uleb128 0x49
 1611 0043 13       		.uleb128 0x13
 1612 0044 00       		.byte	0
 1613 0045 00       		.byte	0
 1614 0046 07       		.uleb128 0x7
ARM GAS  /tmp/ccL6Rx67.s 			page 30


 1615 0047 26       		.uleb128 0x26
 1616 0048 00       		.byte	0
 1617 0049 49       		.uleb128 0x49
 1618 004a 13       		.uleb128 0x13
 1619 004b 00       		.byte	0
 1620 004c 00       		.byte	0
 1621 004d 08       		.uleb128 0x8
 1622 004e 01       		.uleb128 0x1
 1623 004f 01       		.byte	0x1
 1624 0050 49       		.uleb128 0x49
 1625 0051 13       		.uleb128 0x13
 1626 0052 01       		.uleb128 0x1
 1627 0053 13       		.uleb128 0x13
 1628 0054 00       		.byte	0
 1629 0055 00       		.byte	0
 1630 0056 09       		.uleb128 0x9
 1631 0057 21       		.uleb128 0x21
 1632 0058 00       		.byte	0
 1633 0059 49       		.uleb128 0x49
 1634 005a 13       		.uleb128 0x13
 1635 005b 2F       		.uleb128 0x2f
 1636 005c 0B       		.uleb128 0xb
 1637 005d 00       		.byte	0
 1638 005e 00       		.byte	0
 1639 005f 0A       		.uleb128 0xa
 1640 0060 13       		.uleb128 0x13
 1641 0061 01       		.byte	0x1
 1642 0062 0B       		.uleb128 0xb
 1643 0063 0B       		.uleb128 0xb
 1644 0064 3A       		.uleb128 0x3a
 1645 0065 0B       		.uleb128 0xb
 1646 0066 3B       		.uleb128 0x3b
 1647 0067 0B       		.uleb128 0xb
 1648 0068 01       		.uleb128 0x1
 1649 0069 13       		.uleb128 0x13
 1650 006a 00       		.byte	0
 1651 006b 00       		.byte	0
 1652 006c 0B       		.uleb128 0xb
 1653 006d 0D       		.uleb128 0xd
 1654 006e 00       		.byte	0
 1655 006f 03       		.uleb128 0x3
 1656 0070 08       		.uleb128 0x8
 1657 0071 3A       		.uleb128 0x3a
 1658 0072 0B       		.uleb128 0xb
 1659 0073 3B       		.uleb128 0x3b
 1660 0074 0B       		.uleb128 0xb
 1661 0075 49       		.uleb128 0x49
 1662 0076 13       		.uleb128 0x13
 1663 0077 38       		.uleb128 0x38
 1664 0078 0B       		.uleb128 0xb
 1665 0079 00       		.byte	0
 1666 007a 00       		.byte	0
 1667 007b 0C       		.uleb128 0xc
 1668 007c 0D       		.uleb128 0xd
 1669 007d 00       		.byte	0
 1670 007e 03       		.uleb128 0x3
 1671 007f 0E       		.uleb128 0xe
ARM GAS  /tmp/ccL6Rx67.s 			page 31


 1672 0080 3A       		.uleb128 0x3a
 1673 0081 0B       		.uleb128 0xb
 1674 0082 3B       		.uleb128 0x3b
 1675 0083 0B       		.uleb128 0xb
 1676 0084 49       		.uleb128 0x49
 1677 0085 13       		.uleb128 0x13
 1678 0086 38       		.uleb128 0x38
 1679 0087 0B       		.uleb128 0xb
 1680 0088 00       		.byte	0
 1681 0089 00       		.byte	0
 1682 008a 0D       		.uleb128 0xd
 1683 008b 04       		.uleb128 0x4
 1684 008c 01       		.byte	0x1
 1685 008d 0B       		.uleb128 0xb
 1686 008e 0B       		.uleb128 0xb
 1687 008f 3A       		.uleb128 0x3a
 1688 0090 0B       		.uleb128 0xb
 1689 0091 3B       		.uleb128 0x3b
 1690 0092 0B       		.uleb128 0xb
 1691 0093 01       		.uleb128 0x1
 1692 0094 13       		.uleb128 0x13
 1693 0095 00       		.byte	0
 1694 0096 00       		.byte	0
 1695 0097 0E       		.uleb128 0xe
 1696 0098 28       		.uleb128 0x28
 1697 0099 00       		.byte	0
 1698 009a 03       		.uleb128 0x3
 1699 009b 0E       		.uleb128 0xe
 1700 009c 1C       		.uleb128 0x1c
 1701 009d 0D       		.uleb128 0xd
 1702 009e 00       		.byte	0
 1703 009f 00       		.byte	0
 1704 00a0 0F       		.uleb128 0xf
 1705 00a1 13       		.uleb128 0x13
 1706 00a2 01       		.byte	0x1
 1707 00a3 03       		.uleb128 0x3
 1708 00a4 0E       		.uleb128 0xe
 1709 00a5 0B       		.uleb128 0xb
 1710 00a6 0B       		.uleb128 0xb
 1711 00a7 3A       		.uleb128 0x3a
 1712 00a8 0B       		.uleb128 0xb
 1713 00a9 3B       		.uleb128 0x3b
 1714 00aa 05       		.uleb128 0x5
 1715 00ab 01       		.uleb128 0x1
 1716 00ac 13       		.uleb128 0x13
 1717 00ad 00       		.byte	0
 1718 00ae 00       		.byte	0
 1719 00af 10       		.uleb128 0x10
 1720 00b0 0D       		.uleb128 0xd
 1721 00b1 00       		.byte	0
 1722 00b2 03       		.uleb128 0x3
 1723 00b3 0E       		.uleb128 0xe
 1724 00b4 3A       		.uleb128 0x3a
 1725 00b5 0B       		.uleb128 0xb
 1726 00b6 3B       		.uleb128 0x3b
 1727 00b7 05       		.uleb128 0x5
 1728 00b8 49       		.uleb128 0x49
ARM GAS  /tmp/ccL6Rx67.s 			page 32


 1729 00b9 13       		.uleb128 0x13
 1730 00ba 38       		.uleb128 0x38
 1731 00bb 0B       		.uleb128 0xb
 1732 00bc 00       		.byte	0
 1733 00bd 00       		.byte	0
 1734 00be 11       		.uleb128 0x11
 1735 00bf 0D       		.uleb128 0xd
 1736 00c0 00       		.byte	0
 1737 00c1 03       		.uleb128 0x3
 1738 00c2 08       		.uleb128 0x8
 1739 00c3 3A       		.uleb128 0x3a
 1740 00c4 0B       		.uleb128 0xb
 1741 00c5 3B       		.uleb128 0x3b
 1742 00c6 05       		.uleb128 0x5
 1743 00c7 49       		.uleb128 0x49
 1744 00c8 13       		.uleb128 0x13
 1745 00c9 38       		.uleb128 0x38
 1746 00ca 0B       		.uleb128 0xb
 1747 00cb 00       		.byte	0
 1748 00cc 00       		.byte	0
 1749 00cd 12       		.uleb128 0x12
 1750 00ce 15       		.uleb128 0x15
 1751 00cf 01       		.byte	0x1
 1752 00d0 27       		.uleb128 0x27
 1753 00d1 19       		.uleb128 0x19
 1754 00d2 01       		.uleb128 0x1
 1755 00d3 13       		.uleb128 0x13
 1756 00d4 00       		.byte	0
 1757 00d5 00       		.byte	0
 1758 00d6 13       		.uleb128 0x13
 1759 00d7 05       		.uleb128 0x5
 1760 00d8 00       		.byte	0
 1761 00d9 49       		.uleb128 0x49
 1762 00da 13       		.uleb128 0x13
 1763 00db 00       		.byte	0
 1764 00dc 00       		.byte	0
 1765 00dd 14       		.uleb128 0x14
 1766 00de 16       		.uleb128 0x16
 1767 00df 00       		.byte	0
 1768 00e0 03       		.uleb128 0x3
 1769 00e1 0E       		.uleb128 0xe
 1770 00e2 3A       		.uleb128 0x3a
 1771 00e3 0B       		.uleb128 0xb
 1772 00e4 3B       		.uleb128 0x3b
 1773 00e5 05       		.uleb128 0x5
 1774 00e6 49       		.uleb128 0x49
 1775 00e7 13       		.uleb128 0x13
 1776 00e8 00       		.byte	0
 1777 00e9 00       		.byte	0
 1778 00ea 15       		.uleb128 0x15
 1779 00eb 13       		.uleb128 0x13
 1780 00ec 01       		.byte	0x1
 1781 00ed 0B       		.uleb128 0xb
 1782 00ee 0B       		.uleb128 0xb
 1783 00ef 3A       		.uleb128 0x3a
 1784 00f0 0B       		.uleb128 0xb
 1785 00f1 3B       		.uleb128 0x3b
ARM GAS  /tmp/ccL6Rx67.s 			page 33


 1786 00f2 05       		.uleb128 0x5
 1787 00f3 01       		.uleb128 0x1
 1788 00f4 13       		.uleb128 0x13
 1789 00f5 00       		.byte	0
 1790 00f6 00       		.byte	0
 1791 00f7 16       		.uleb128 0x16
 1792 00f8 2E       		.uleb128 0x2e
 1793 00f9 01       		.byte	0x1
 1794 00fa 3F       		.uleb128 0x3f
 1795 00fb 19       		.uleb128 0x19
 1796 00fc 03       		.uleb128 0x3
 1797 00fd 0E       		.uleb128 0xe
 1798 00fe 3A       		.uleb128 0x3a
 1799 00ff 0B       		.uleb128 0xb
 1800 0100 3B       		.uleb128 0x3b
 1801 0101 0B       		.uleb128 0xb
 1802 0102 27       		.uleb128 0x27
 1803 0103 19       		.uleb128 0x19
 1804 0104 11       		.uleb128 0x11
 1805 0105 01       		.uleb128 0x1
 1806 0106 12       		.uleb128 0x12
 1807 0107 06       		.uleb128 0x6
 1808 0108 40       		.uleb128 0x40
 1809 0109 18       		.uleb128 0x18
 1810 010a 9742     		.uleb128 0x2117
 1811 010c 19       		.uleb128 0x19
 1812 010d 01       		.uleb128 0x1
 1813 010e 13       		.uleb128 0x13
 1814 010f 00       		.byte	0
 1815 0110 00       		.byte	0
 1816 0111 17       		.uleb128 0x17
 1817 0112 898201   		.uleb128 0x4109
 1818 0115 00       		.byte	0
 1819 0116 11       		.uleb128 0x11
 1820 0117 01       		.uleb128 0x1
 1821 0118 9542     		.uleb128 0x2115
 1822 011a 19       		.uleb128 0x19
 1823 011b 31       		.uleb128 0x31
 1824 011c 13       		.uleb128 0x13
 1825 011d 00       		.byte	0
 1826 011e 00       		.byte	0
 1827 011f 18       		.uleb128 0x18
 1828 0120 05       		.uleb128 0x5
 1829 0121 00       		.byte	0
 1830 0122 03       		.uleb128 0x3
 1831 0123 0E       		.uleb128 0xe
 1832 0124 3A       		.uleb128 0x3a
 1833 0125 0B       		.uleb128 0xb
 1834 0126 3B       		.uleb128 0x3b
 1835 0127 0B       		.uleb128 0xb
 1836 0128 49       		.uleb128 0x49
 1837 0129 13       		.uleb128 0x13
 1838 012a 02       		.uleb128 0x2
 1839 012b 18       		.uleb128 0x18
 1840 012c 00       		.byte	0
 1841 012d 00       		.byte	0
 1842 012e 19       		.uleb128 0x19
ARM GAS  /tmp/ccL6Rx67.s 			page 34


 1843 012f 05       		.uleb128 0x5
 1844 0130 00       		.byte	0
 1845 0131 03       		.uleb128 0x3
 1846 0132 0E       		.uleb128 0xe
 1847 0133 3A       		.uleb128 0x3a
 1848 0134 0B       		.uleb128 0xb
 1849 0135 3B       		.uleb128 0x3b
 1850 0136 0B       		.uleb128 0xb
 1851 0137 49       		.uleb128 0x49
 1852 0138 13       		.uleb128 0x13
 1853 0139 02       		.uleb128 0x2
 1854 013a 17       		.uleb128 0x17
 1855 013b 00       		.byte	0
 1856 013c 00       		.byte	0
 1857 013d 1A       		.uleb128 0x1a
 1858 013e 0B       		.uleb128 0xb
 1859 013f 01       		.byte	0x1
 1860 0140 11       		.uleb128 0x11
 1861 0141 01       		.uleb128 0x1
 1862 0142 12       		.uleb128 0x12
 1863 0143 06       		.uleb128 0x6
 1864 0144 01       		.uleb128 0x1
 1865 0145 13       		.uleb128 0x13
 1866 0146 00       		.byte	0
 1867 0147 00       		.byte	0
 1868 0148 1B       		.uleb128 0x1b
 1869 0149 34       		.uleb128 0x34
 1870 014a 00       		.byte	0
 1871 014b 03       		.uleb128 0x3
 1872 014c 08       		.uleb128 0x8
 1873 014d 3A       		.uleb128 0x3a
 1874 014e 0B       		.uleb128 0xb
 1875 014f 3B       		.uleb128 0x3b
 1876 0150 0B       		.uleb128 0xb
 1877 0151 49       		.uleb128 0x49
 1878 0152 13       		.uleb128 0x13
 1879 0153 02       		.uleb128 0x2
 1880 0154 18       		.uleb128 0x18
 1881 0155 00       		.byte	0
 1882 0156 00       		.byte	0
 1883 0157 1C       		.uleb128 0x1c
 1884 0158 898201   		.uleb128 0x4109
 1885 015b 00       		.byte	0
 1886 015c 11       		.uleb128 0x11
 1887 015d 01       		.uleb128 0x1
 1888 015e 31       		.uleb128 0x31
 1889 015f 13       		.uleb128 0x13
 1890 0160 00       		.byte	0
 1891 0161 00       		.byte	0
 1892 0162 1D       		.uleb128 0x1d
 1893 0163 898201   		.uleb128 0x4109
 1894 0166 01       		.byte	0x1
 1895 0167 11       		.uleb128 0x11
 1896 0168 01       		.uleb128 0x1
 1897 0169 31       		.uleb128 0x31
 1898 016a 13       		.uleb128 0x13
 1899 016b 01       		.uleb128 0x1
ARM GAS  /tmp/ccL6Rx67.s 			page 35


 1900 016c 13       		.uleb128 0x13
 1901 016d 00       		.byte	0
 1902 016e 00       		.byte	0
 1903 016f 1E       		.uleb128 0x1e
 1904 0170 8A8201   		.uleb128 0x410a
 1905 0173 00       		.byte	0
 1906 0174 02       		.uleb128 0x2
 1907 0175 18       		.uleb128 0x18
 1908 0176 9142     		.uleb128 0x2111
 1909 0178 18       		.uleb128 0x18
 1910 0179 00       		.byte	0
 1911 017a 00       		.byte	0
 1912 017b 1F       		.uleb128 0x1f
 1913 017c 898201   		.uleb128 0x4109
 1914 017f 01       		.byte	0x1
 1915 0180 11       		.uleb128 0x11
 1916 0181 01       		.uleb128 0x1
 1917 0182 31       		.uleb128 0x31
 1918 0183 13       		.uleb128 0x13
 1919 0184 00       		.byte	0
 1920 0185 00       		.byte	0
 1921 0186 20       		.uleb128 0x20
 1922 0187 34       		.uleb128 0x34
 1923 0188 00       		.byte	0
 1924 0189 03       		.uleb128 0x3
 1925 018a 0E       		.uleb128 0xe
 1926 018b 3A       		.uleb128 0x3a
 1927 018c 0B       		.uleb128 0xb
 1928 018d 3B       		.uleb128 0x3b
 1929 018e 05       		.uleb128 0x5
 1930 018f 49       		.uleb128 0x49
 1931 0190 13       		.uleb128 0x13
 1932 0191 3F       		.uleb128 0x3f
 1933 0192 19       		.uleb128 0x19
 1934 0193 3C       		.uleb128 0x3c
 1935 0194 19       		.uleb128 0x19
 1936 0195 00       		.byte	0
 1937 0196 00       		.byte	0
 1938 0197 21       		.uleb128 0x21
 1939 0198 2E       		.uleb128 0x2e
 1940 0199 00       		.byte	0
 1941 019a 3F       		.uleb128 0x3f
 1942 019b 19       		.uleb128 0x19
 1943 019c 03       		.uleb128 0x3
 1944 019d 0E       		.uleb128 0xe
 1945 019e 3A       		.uleb128 0x3a
 1946 019f 0B       		.uleb128 0xb
 1947 01a0 3B       		.uleb128 0x3b
 1948 01a1 05       		.uleb128 0x5
 1949 01a2 27       		.uleb128 0x27
 1950 01a3 19       		.uleb128 0x19
 1951 01a4 3C       		.uleb128 0x3c
 1952 01a5 19       		.uleb128 0x19
 1953 01a6 00       		.byte	0
 1954 01a7 00       		.byte	0
 1955 01a8 22       		.uleb128 0x22
 1956 01a9 2E       		.uleb128 0x2e
ARM GAS  /tmp/ccL6Rx67.s 			page 36


 1957 01aa 00       		.byte	0
 1958 01ab 3F       		.uleb128 0x3f
 1959 01ac 19       		.uleb128 0x19
 1960 01ad 03       		.uleb128 0x3
 1961 01ae 0E       		.uleb128 0xe
 1962 01af 3A       		.uleb128 0x3a
 1963 01b0 0B       		.uleb128 0xb
 1964 01b1 3B       		.uleb128 0x3b
 1965 01b2 0B       		.uleb128 0xb
 1966 01b3 27       		.uleb128 0x27
 1967 01b4 19       		.uleb128 0x19
 1968 01b5 3C       		.uleb128 0x3c
 1969 01b6 19       		.uleb128 0x19
 1970 01b7 00       		.byte	0
 1971 01b8 00       		.byte	0
 1972 01b9 23       		.uleb128 0x23
 1973 01ba 2E       		.uleb128 0x2e
 1974 01bb 01       		.byte	0x1
 1975 01bc 3F       		.uleb128 0x3f
 1976 01bd 19       		.uleb128 0x19
 1977 01be 03       		.uleb128 0x3
 1978 01bf 0E       		.uleb128 0xe
 1979 01c0 3A       		.uleb128 0x3a
 1980 01c1 0B       		.uleb128 0xb
 1981 01c2 3B       		.uleb128 0x3b
 1982 01c3 0B       		.uleb128 0xb
 1983 01c4 27       		.uleb128 0x27
 1984 01c5 19       		.uleb128 0x19
 1985 01c6 3C       		.uleb128 0x3c
 1986 01c7 19       		.uleb128 0x19
 1987 01c8 01       		.uleb128 0x1
 1988 01c9 13       		.uleb128 0x13
 1989 01ca 00       		.byte	0
 1990 01cb 00       		.byte	0
 1991 01cc 24       		.uleb128 0x24
 1992 01cd 2E       		.uleb128 0x2e
 1993 01ce 01       		.byte	0x1
 1994 01cf 3F       		.uleb128 0x3f
 1995 01d0 19       		.uleb128 0x19
 1996 01d1 03       		.uleb128 0x3
 1997 01d2 0E       		.uleb128 0xe
 1998 01d3 3A       		.uleb128 0x3a
 1999 01d4 0B       		.uleb128 0xb
 2000 01d5 3B       		.uleb128 0x3b
 2001 01d6 05       		.uleb128 0x5
 2002 01d7 27       		.uleb128 0x27
 2003 01d8 19       		.uleb128 0x19
 2004 01d9 3C       		.uleb128 0x3c
 2005 01da 19       		.uleb128 0x19
 2006 01db 01       		.uleb128 0x1
 2007 01dc 13       		.uleb128 0x13
 2008 01dd 00       		.byte	0
 2009 01de 00       		.byte	0
 2010 01df 25       		.uleb128 0x25
 2011 01e0 2E       		.uleb128 0x2e
 2012 01e1 01       		.byte	0x1
 2013 01e2 3F       		.uleb128 0x3f
ARM GAS  /tmp/ccL6Rx67.s 			page 37


 2014 01e3 19       		.uleb128 0x19
 2015 01e4 03       		.uleb128 0x3
 2016 01e5 0E       		.uleb128 0xe
 2017 01e6 3A       		.uleb128 0x3a
 2018 01e7 0B       		.uleb128 0xb
 2019 01e8 3B       		.uleb128 0x3b
 2020 01e9 05       		.uleb128 0x5
 2021 01ea 27       		.uleb128 0x27
 2022 01eb 19       		.uleb128 0x19
 2023 01ec 3C       		.uleb128 0x3c
 2024 01ed 19       		.uleb128 0x19
 2025 01ee 00       		.byte	0
 2026 01ef 00       		.byte	0
 2027 01f0 00       		.byte	0
 2028              		.section	.debug_loc,"",%progbits
 2029              	.Ldebug_loc0:
 2030              	.LLST0:
 2031 0000 00000000 		.4byte	.LVL2
 2032 0004 0A000000 		.4byte	.LVL3
 2033 0008 0100     		.2byte	0x1
 2034 000a 50       		.byte	0x50
 2035 000b 0A000000 		.4byte	.LVL3
 2036 000f 3E000000 		.4byte	.LVL8
 2037 0013 0100     		.2byte	0x1
 2038 0015 54       		.byte	0x54
 2039 0016 3E000000 		.4byte	.LVL8
 2040 001a 40000000 		.4byte	.LVL9
 2041 001e 0100     		.2byte	0x1
 2042 0020 50       		.byte	0x50
 2043 0021 40000000 		.4byte	.LVL9
 2044 0025 50000000 		.4byte	.LFE120
 2045 0029 0100     		.2byte	0x1
 2046 002b 54       		.byte	0x54
 2047 002c 00000000 		.4byte	0
 2048 0030 00000000 		.4byte	0
 2049              	.LLST1:
 2050 0034 00000000 		.4byte	.LVL2
 2051 0038 0A000000 		.4byte	.LVL3
 2052 003c 0100     		.2byte	0x1
 2053 003e 51       		.byte	0x51
 2054 003f 0A000000 		.4byte	.LVL3
 2055 0043 3E000000 		.4byte	.LVL8
 2056 0047 0100     		.2byte	0x1
 2057 0049 55       		.byte	0x55
 2058 004a 3E000000 		.4byte	.LVL8
 2059 004e 43000000 		.4byte	.LVL10-1
 2060 0052 0100     		.2byte	0x1
 2061 0054 51       		.byte	0x51
 2062 0055 43000000 		.4byte	.LVL10-1
 2063 0059 50000000 		.4byte	.LFE120
 2064 005d 0100     		.2byte	0x1
 2065 005f 55       		.byte	0x55
 2066 0060 00000000 		.4byte	0
 2067 0064 00000000 		.4byte	0
 2068              	.LLST2:
 2069 0068 00000000 		.4byte	.LVL11
 2070 006c 06000000 		.4byte	.LVL12
ARM GAS  /tmp/ccL6Rx67.s 			page 38


 2071 0070 0100     		.2byte	0x1
 2072 0072 50       		.byte	0x50
 2073 0073 06000000 		.4byte	.LVL12
 2074 0077 34000000 		.4byte	.LVL17
 2075 007b 0100     		.2byte	0x1
 2076 007d 54       		.byte	0x54
 2077 007e 34000000 		.4byte	.LVL17
 2078 0082 36000000 		.4byte	.LVL18
 2079 0086 0100     		.2byte	0x1
 2080 0088 50       		.byte	0x50
 2081 0089 36000000 		.4byte	.LVL18
 2082 008d 44000000 		.4byte	.LFE121
 2083 0091 0100     		.2byte	0x1
 2084 0093 54       		.byte	0x54
 2085 0094 00000000 		.4byte	0
 2086 0098 00000000 		.4byte	0
 2087              	.LLST3:
 2088 009c 00000000 		.4byte	.LVL20
 2089 00a0 08000000 		.4byte	.LVL21
 2090 00a4 0100     		.2byte	0x1
 2091 00a6 50       		.byte	0x50
 2092 00a7 08000000 		.4byte	.LVL21
 2093 00ab 34000000 		.4byte	.LVL25
 2094 00af 0100     		.2byte	0x1
 2095 00b1 54       		.byte	0x54
 2096 00b2 34000000 		.4byte	.LVL25
 2097 00b6 36000000 		.4byte	.LVL26
 2098 00ba 0100     		.2byte	0x1
 2099 00bc 50       		.byte	0x50
 2100 00bd 36000000 		.4byte	.LVL26
 2101 00c1 44000000 		.4byte	.LFE122
 2102 00c5 0100     		.2byte	0x1
 2103 00c7 54       		.byte	0x54
 2104 00c8 00000000 		.4byte	0
 2105 00cc 00000000 		.4byte	0
 2106              	.LLST4:
 2107 00d0 00000000 		.4byte	.LVL20
 2108 00d4 08000000 		.4byte	.LVL21
 2109 00d8 0100     		.2byte	0x1
 2110 00da 51       		.byte	0x51
 2111 00db 08000000 		.4byte	.LVL21
 2112 00df 34000000 		.4byte	.LVL25
 2113 00e3 0400     		.2byte	0x4
 2114 00e5 F3       		.byte	0xf3
 2115 00e6 01       		.uleb128 0x1
 2116 00e7 51       		.byte	0x51
 2117 00e8 9F       		.byte	0x9f
 2118 00e9 34000000 		.4byte	.LVL25
 2119 00ed 39000000 		.4byte	.LVL27-1
 2120 00f1 0100     		.2byte	0x1
 2121 00f3 51       		.byte	0x51
 2122 00f4 39000000 		.4byte	.LVL27-1
 2123 00f8 44000000 		.4byte	.LFE122
 2124 00fc 0400     		.2byte	0x4
 2125 00fe F3       		.byte	0xf3
 2126 00ff 01       		.uleb128 0x1
 2127 0100 51       		.byte	0x51
ARM GAS  /tmp/ccL6Rx67.s 			page 39


 2128 0101 9F       		.byte	0x9f
 2129 0102 00000000 		.4byte	0
 2130 0106 00000000 		.4byte	0
 2131              	.LLST5:
 2132 010a 00000000 		.4byte	.LVL28
 2133 010e 0E000000 		.4byte	.LVL29
 2134 0112 0100     		.2byte	0x1
 2135 0114 50       		.byte	0x50
 2136 0115 0E000000 		.4byte	.LVL29
 2137 0119 3A000000 		.4byte	.LVL34
 2138 011d 0100     		.2byte	0x1
 2139 011f 54       		.byte	0x54
 2140 0120 3A000000 		.4byte	.LVL34
 2141 0124 3C000000 		.4byte	.LVL35
 2142 0128 0100     		.2byte	0x1
 2143 012a 50       		.byte	0x50
 2144 012b 3C000000 		.4byte	.LVL35
 2145 012f 4C000000 		.4byte	.LFE123
 2146 0133 0100     		.2byte	0x1
 2147 0135 54       		.byte	0x54
 2148 0136 00000000 		.4byte	0
 2149 013a 00000000 		.4byte	0
 2150              	.LLST6:
 2151 013e 00000000 		.4byte	.LVL28
 2152 0142 0E000000 		.4byte	.LVL29
 2153 0146 0100     		.2byte	0x1
 2154 0148 51       		.byte	0x51
 2155 0149 0E000000 		.4byte	.LVL29
 2156 014d 3A000000 		.4byte	.LVL34
 2157 0151 0400     		.2byte	0x4
 2158 0153 F3       		.byte	0xf3
 2159 0154 01       		.uleb128 0x1
 2160 0155 51       		.byte	0x51
 2161 0156 9F       		.byte	0x9f
 2162 0157 3A000000 		.4byte	.LVL34
 2163 015b 3F000000 		.4byte	.LVL36-1
 2164 015f 0100     		.2byte	0x1
 2165 0161 51       		.byte	0x51
 2166 0162 3F000000 		.4byte	.LVL36-1
 2167 0166 4C000000 		.4byte	.LFE123
 2168 016a 0400     		.2byte	0x4
 2169 016c F3       		.byte	0xf3
 2170 016d 01       		.uleb128 0x1
 2171 016e 51       		.byte	0x51
 2172 016f 9F       		.byte	0x9f
 2173 0170 00000000 		.4byte	0
 2174 0174 00000000 		.4byte	0
 2175              	.LLST7:
 2176 0178 00000000 		.4byte	.LVL28
 2177 017c 0E000000 		.4byte	.LVL29
 2178 0180 0100     		.2byte	0x1
 2179 0182 52       		.byte	0x52
 2180 0183 0E000000 		.4byte	.LVL29
 2181 0187 3A000000 		.4byte	.LVL34
 2182 018b 0400     		.2byte	0x4
 2183 018d F3       		.byte	0xf3
 2184 018e 01       		.uleb128 0x1
ARM GAS  /tmp/ccL6Rx67.s 			page 40


 2185 018f 52       		.byte	0x52
 2186 0190 9F       		.byte	0x9f
 2187 0191 3A000000 		.4byte	.LVL34
 2188 0195 3F000000 		.4byte	.LVL36-1
 2189 0199 0100     		.2byte	0x1
 2190 019b 52       		.byte	0x52
 2191 019c 3F000000 		.4byte	.LVL36-1
 2192 01a0 4C000000 		.4byte	.LFE123
 2193 01a4 0400     		.2byte	0x4
 2194 01a6 F3       		.byte	0xf3
 2195 01a7 01       		.uleb128 0x1
 2196 01a8 52       		.byte	0x52
 2197 01a9 9F       		.byte	0x9f
 2198 01aa 00000000 		.4byte	0
 2199 01ae 00000000 		.4byte	0
 2200              	.LLST8:
 2201 01b2 00000000 		.4byte	.LVL37
 2202 01b6 0C000000 		.4byte	.LVL38
 2203 01ba 0100     		.2byte	0x1
 2204 01bc 50       		.byte	0x50
 2205 01bd 0C000000 		.4byte	.LVL38
 2206 01c1 36000000 		.4byte	.LVL43
 2207 01c5 0100     		.2byte	0x1
 2208 01c7 54       		.byte	0x54
 2209 01c8 36000000 		.4byte	.LVL43
 2210 01cc 38000000 		.4byte	.LVL44
 2211 01d0 0100     		.2byte	0x1
 2212 01d2 50       		.byte	0x50
 2213 01d3 38000000 		.4byte	.LVL44
 2214 01d7 48000000 		.4byte	.LFE124
 2215 01db 0100     		.2byte	0x1
 2216 01dd 54       		.byte	0x54
 2217 01de 00000000 		.4byte	0
 2218 01e2 00000000 		.4byte	0
 2219              	.LLST9:
 2220 01e6 00000000 		.4byte	.LVL37
 2221 01ea 0C000000 		.4byte	.LVL38
 2222 01ee 0100     		.2byte	0x1
 2223 01f0 51       		.byte	0x51
 2224 01f1 0C000000 		.4byte	.LVL38
 2225 01f5 36000000 		.4byte	.LVL43
 2226 01f9 0400     		.2byte	0x4
 2227 01fb F3       		.byte	0xf3
 2228 01fc 01       		.uleb128 0x1
 2229 01fd 51       		.byte	0x51
 2230 01fe 9F       		.byte	0x9f
 2231 01ff 36000000 		.4byte	.LVL43
 2232 0203 3B000000 		.4byte	.LVL45-1
 2233 0207 0100     		.2byte	0x1
 2234 0209 51       		.byte	0x51
 2235 020a 3B000000 		.4byte	.LVL45-1
 2236 020e 48000000 		.4byte	.LFE124
 2237 0212 0400     		.2byte	0x4
 2238 0214 F3       		.byte	0xf3
 2239 0215 01       		.uleb128 0x1
 2240 0216 51       		.byte	0x51
 2241 0217 9F       		.byte	0x9f
ARM GAS  /tmp/ccL6Rx67.s 			page 41


 2242 0218 00000000 		.4byte	0
 2243 021c 00000000 		.4byte	0
 2244              		.section	.debug_aranges,"",%progbits
 2245 0000 4C000000 		.4byte	0x4c
 2246 0004 0200     		.2byte	0x2
 2247 0006 00000000 		.4byte	.Ldebug_info0
 2248 000a 04       		.byte	0x4
 2249 000b 00       		.byte	0
 2250 000c 0000     		.2byte	0
 2251 000e 0000     		.2byte	0
 2252 0010 00000000 		.4byte	.LFB118
 2253 0014 04000000 		.4byte	.LFE118-.LFB118
 2254 0018 00000000 		.4byte	.LFB119
 2255 001c 0A000000 		.4byte	.LFE119-.LFB119
 2256 0020 00000000 		.4byte	.LFB120
 2257 0024 50000000 		.4byte	.LFE120-.LFB120
 2258 0028 00000000 		.4byte	.LFB121
 2259 002c 44000000 		.4byte	.LFE121-.LFB121
 2260 0030 00000000 		.4byte	.LFB122
 2261 0034 44000000 		.4byte	.LFE122-.LFB122
 2262 0038 00000000 		.4byte	.LFB123
 2263 003c 4C000000 		.4byte	.LFE123-.LFB123
 2264 0040 00000000 		.4byte	.LFB124
 2265 0044 48000000 		.4byte	.LFE124-.LFB124
 2266 0048 00000000 		.4byte	0
 2267 004c 00000000 		.4byte	0
 2268              		.section	.debug_ranges,"",%progbits
 2269              	.Ldebug_ranges0:
 2270 0000 00000000 		.4byte	.LFB118
 2271 0004 04000000 		.4byte	.LFE118
 2272 0008 00000000 		.4byte	.LFB119
 2273 000c 0A000000 		.4byte	.LFE119
 2274 0010 00000000 		.4byte	.LFB120
 2275 0014 50000000 		.4byte	.LFE120
 2276 0018 00000000 		.4byte	.LFB121
 2277 001c 44000000 		.4byte	.LFE121
 2278 0020 00000000 		.4byte	.LFB122
 2279 0024 44000000 		.4byte	.LFE122
 2280 0028 00000000 		.4byte	.LFB123
 2281 002c 4C000000 		.4byte	.LFE123
 2282 0030 00000000 		.4byte	.LFB124
 2283 0034 48000000 		.4byte	.LFE124
 2284 0038 00000000 		.4byte	0
 2285 003c 00000000 		.4byte	0
 2286              		.section	.debug_line,"",%progbits
 2287              	.Ldebug_line0:
 2288 0000 47020000 		.section	.debug_str,"MS",%progbits,1
 2288      02004C01 
 2288      00000201 
 2288      FB0E0D00 
 2288      01010101 
 2289              	.LASF32:
 2290 0000 43434552 		.ascii	"CCER\000"
 2290      00
 2291              	.LASF77:
 2292 0005 70776D5F 		.ascii	"pwm_lld_stop\000"
 2292      6C6C645F 
ARM GAS  /tmp/ccL6Rx67.s 			page 42


 2292      73746F70 
 2292      00
 2293              	.LASF39:
 2294 0012 444D4152 		.ascii	"DMAR\000"
 2294      00
 2295              	.LASF48:
 2296 0017 73746174 		.ascii	"state\000"
 2296      6500
 2297              	.LASF30:
 2298 001d 43434D52 		.ascii	"CCMR2\000"
 2298      3200
 2299              	.LASF3:
 2300 0023 73686F72 		.ascii	"short int\000"
 2300      7420696E 
 2300      7400
 2301              	.LASF55:
 2302 002d 70776D63 		.ascii	"pwmcnt_t\000"
 2302      6E745F74 
 2302      00
 2303              	.LASF18:
 2304 0036 73697A65 		.ascii	"sizetype\000"
 2304      74797065 
 2304      00
 2305              	.LASF83:
 2306 003f 70776D5F 		.ascii	"pwm_lld_disable_channel\000"
 2306      6C6C645F 
 2306      64697361 
 2306      626C655F 
 2306      6368616E 
 2307              	.LASF54:
 2308 0057 70776D63 		.ascii	"pwmchannel_t\000"
 2308      68616E6E 
 2308      656C5F74 
 2308      00
 2309              	.LASF9:
 2310 0064 5F5F7569 		.ascii	"__uint32_t\000"
 2310      6E743332 
 2310      5F7400
 2311              	.LASF56:
 2312 006f 6D6F6465 		.ascii	"mode\000"
 2312      00
 2313              	.LASF5:
 2314 0074 5F5F7569 		.ascii	"__uint16_t\000"
 2314      6E743136 
 2314      5F7400
 2315              	.LASF60:
 2316 007f 6368616E 		.ascii	"channels\000"
 2316      6E656C73 
 2316      00
 2317              	.LASF49:
 2318 0088 636F6E66 		.ascii	"config\000"
 2318      696700
 2319              	.LASF63:
 2320 008f 70776D4F 		.ascii	"pwmObjectInit\000"
 2320      626A6563 
 2320      74496E69 
 2320      7400
ARM GAS  /tmp/ccL6Rx67.s 			page 43


 2321              	.LASF20:
 2322 009d 5F726573 		.ascii	"_resvd0\000"
 2322      76643000 
 2323              	.LASF13:
 2324 00a5 75696E74 		.ascii	"uint8_t\000"
 2324      385F7400 
 2325              	.LASF23:
 2326 00ad 5F726573 		.ascii	"_resvd2\000"
 2326      76643200 
 2327              	.LASF25:
 2328 00b5 5F726573 		.ascii	"_resvd3\000"
 2328      76643300 
 2329              	.LASF68:
 2330 00bd 70776D45 		.ascii	"pwmEnableChannel\000"
 2330      6E61626C 
 2330      65436861 
 2330      6E6E656C 
 2330      00
 2331              	.LASF27:
 2332 00ce 5F726573 		.ascii	"_resvd5\000"
 2332      76643500 
 2333              	.LASF29:
 2334 00d6 5F726573 		.ascii	"_resvd6\000"
 2334      76643600 
 2335              	.LASF31:
 2336 00de 5F726573 		.ascii	"_resvd7\000"
 2336      76643700 
 2337              	.LASF33:
 2338 00e6 5F726573 		.ascii	"_resvd8\000"
 2338      76643800 
 2339              	.LASF34:
 2340 00ee 5F726573 		.ascii	"_resvd9\000"
 2340      76643900 
 2341              	.LASF70:
 2342 00f6 77696474 		.ascii	"width\000"
 2342      6800
 2343              	.LASF64:
 2344 00fc 70776D53 		.ascii	"pwmStart\000"
 2344      74617274 
 2344      00
 2345              	.LASF11:
 2346 0105 6C6F6E67 		.ascii	"long long int\000"
 2346      206C6F6E 
 2346      6720696E 
 2346      7400
 2347              	.LASF8:
 2348 0113 6C6F6E67 		.ascii	"long int\000"
 2348      20696E74 
 2348      00
 2349              	.LASF62:
 2350 011c 70776D49 		.ascii	"pwmInit\000"
 2350      6E697400 
 2351              	.LASF50:
 2352 0124 70657269 		.ascii	"period\000"
 2352      6F6400
 2353              	.LASF4:
 2354 012b 5F5F7569 		.ascii	"__uint8_t\000"
ARM GAS  /tmp/ccL6Rx67.s 			page 44


 2354      6E74385F 
 2354      7400
 2355              	.LASF28:
 2356 0135 43434D52 		.ascii	"CCMR1\000"
 2356      3100
 2357              	.LASF75:
 2358 013b 70776D5F 		.ascii	"pwm_lld_start\000"
 2358      6C6C645F 
 2358      73746172 
 2358      7400
 2359              	.LASF61:
 2360 0149 50574D43 		.ascii	"PWMConfig\000"
 2360      6F6E6669 
 2360      6700
 2361              	.LASF74:
 2362 0153 63684462 		.ascii	"chDbgPanic\000"
 2362      6750616E 
 2362      696300
 2363              	.LASF65:
 2364 015e 70776D70 		.ascii	"pwmp\000"
 2364      00
 2365              	.LASF22:
 2366 0163 534D4352 		.ascii	"SMCR\000"
 2366      00
 2367              	.LASF43:
 2368 0168 50574D5F 		.ascii	"PWM_UNINIT\000"
 2368      554E494E 
 2368      495400
 2369              	.LASF2:
 2370 0173 756E7369 		.ascii	"unsigned char\000"
 2370      676E6564 
 2370      20636861 
 2370      7200
 2371              	.LASF78:
 2372 0181 70776D5F 		.ascii	"pwm_lld_enable_channel\000"
 2372      6C6C645F 
 2372      656E6162 
 2372      6C655F63 
 2372      68616E6E 
 2373              	.LASF79:
 2374 0198 474E5520 		.ascii	"GNU C 4.8.3 -mcpu=cortex-m4 -mfloat-abi=softfp -mfp"
 2374      4320342E 
 2374      382E3320 
 2374      2D6D6370 
 2374      753D636F 
 2375 01cb 753D6670 		.ascii	"u=fpv4-sp-d16 -mno-thumb-interwork -mthumb -ggdb -O"
 2375      76342D73 
 2375      702D6431 
 2375      36202D6D 
 2375      6E6F2D74 
 2376 01fe 32202D66 		.ascii	"2 -fomit-frame-pointer -falign-functions=16 -fsingl"
 2376      6F6D6974 
 2376      2D667261 
 2376      6D652D70 
 2376      6F696E74 
 2377 0231 652D7072 		.ascii	"e-precision-constant -ffunction-sections -fdata-sec"
 2377      65636973 
ARM GAS  /tmp/ccL6Rx67.s 			page 45


 2377      696F6E2D 
 2377      636F6E73 
 2377      74616E74 
 2378 0264 74696F6E 		.ascii	"tions -fno-common\000"
 2378      73202D66 
 2378      6E6F2D63 
 2378      6F6D6D6F 
 2378      6E00
 2379              	.LASF76:
 2380 0276 6462675F 		.ascii	"dbg_check_unlock\000"
 2380      63686563 
 2380      6B5F756E 
 2380      6C6F636B 
 2380      00
 2381              	.LASF71:
 2382 0287 70776D44 		.ascii	"pwmDisableChannel\000"
 2382      69736162 
 2382      6C654368 
 2382      616E6E65 
 2382      6C00
 2383              	.LASF1:
 2384 0299 7369676E 		.ascii	"signed char\000"
 2384      65642063 
 2384      68617200 
 2385              	.LASF73:
 2386 02a5 6462675F 		.ascii	"dbg_check_lock\000"
 2386      63686563 
 2386      6B5F6C6F 
 2386      636B00
 2387              	.LASF12:
 2388 02b4 6C6F6E67 		.ascii	"long long unsigned int\000"
 2388      206C6F6E 
 2388      6720756E 
 2388      7369676E 
 2388      65642069 
 2389              	.LASF16:
 2390 02cb 75696E74 		.ascii	"uint32_t\000"
 2390      33325F74 
 2390      00
 2391              	.LASF0:
 2392 02d4 756E7369 		.ascii	"unsigned int\000"
 2392      676E6564 
 2392      20696E74 
 2392      00
 2393              	.LASF14:
 2394 02e1 75696E74 		.ascii	"uint16_t\000"
 2394      31365F74 
 2394      00
 2395              	.LASF36:
 2396 02ea 42445452 		.ascii	"BDTR\000"
 2396      00
 2397              	.LASF24:
 2398 02ef 44494552 		.ascii	"DIER\000"
 2398      00
 2399              	.LASF37:
 2400 02f4 5F726573 		.ascii	"_resvd11\000"
 2400      76643131 
ARM GAS  /tmp/ccL6Rx67.s 			page 46


 2400      00
 2401              	.LASF38:
 2402 02fd 5F726573 		.ascii	"_resvd12\000"
 2402      76643132 
 2402      00
 2403              	.LASF40:
 2404 0306 5F726573 		.ascii	"_resvd13\000"
 2404      76643133 
 2404      00
 2405              	.LASF41:
 2406 030f 5F726573 		.ascii	"_resvd14\000"
 2406      76643134 
 2406      00
 2407              	.LASF6:
 2408 0318 73686F72 		.ascii	"short unsigned int\000"
 2408      7420756E 
 2408      7369676E 
 2408      65642069 
 2408      6E7400
 2409              	.LASF72:
 2410 032b 70776D5F 		.ascii	"pwm_lld_init\000"
 2410      6C6C645F 
 2410      696E6974 
 2410      00
 2411              	.LASF19:
 2412 0338 63686172 		.ascii	"char\000"
 2412      00
 2413              	.LASF42:
 2414 033d 73746D33 		.ascii	"stm32_tim_t\000"
 2414      325F7469 
 2414      6D5F7400 
 2415              	.LASF47:
 2416 0349 50574D44 		.ascii	"PWMDriver\000"
 2416      72697665 
 2416      7200
 2417              	.LASF15:
 2418 0353 696E7433 		.ascii	"int32_t\000"
 2418      325F7400 
 2419              	.LASF17:
 2420 035b 5F426F6F 		.ascii	"_Bool\000"
 2420      6C00
 2421              	.LASF69:
 2422 0361 6368616E 		.ascii	"channel\000"
 2422      6E656C00 
 2423              	.LASF67:
 2424 0369 70776D43 		.ascii	"pwmChangePeriod\000"
 2424      68616E67 
 2424      65506572 
 2424      696F6400 
 2425              	.LASF10:
 2426 0379 6C6F6E67 		.ascii	"long unsigned int\000"
 2426      20756E73 
 2426      69676E65 
 2426      6420696E 
 2426      7400
 2427              	.LASF51:
 2428 038b 636C6F63 		.ascii	"clock\000"
ARM GAS  /tmp/ccL6Rx67.s 			page 47


 2428      6B00
 2429              	.LASF80:
 2430 0391 2E2E2F2E 		.ascii	"../../../../os/hal/src/pwm.c\000"
 2430      2E2F2E2E 
 2430      2F2E2E2F 
 2430      6F732F68 
 2430      616C2F73 
 2431              	.LASF35:
 2432 03ae 5F726573 		.ascii	"_resvd10\000"
 2432      76643130 
 2432      00
 2433              	.LASF81:
 2434 03b7 2F686F6D 		.ascii	"/home/jordyaw/Documents/referensi/coba/ChibiOS_2.5."
 2434      652F6A6F 
 2434      72647961 
 2434      772F446F 
 2434      63756D65 
 2435 03ea 32782F74 		.ascii	"2x/testhal/STM32F30x/WSC Juara Bismillah/program sc"
 2435      65737468 
 2435      616C2F53 
 2435      544D3332 
 2435      46333078 
 2436 041d 616E6E69 		.ascii	"anning data controller\000"
 2436      6E672064 
 2436      61746120 
 2436      636F6E74 
 2436      726F6C6C 
 2437              	.LASF7:
 2438 0434 5F5F696E 		.ascii	"__int32_t\000"
 2438      7433325F 
 2438      7400
 2439              	.LASF45:
 2440 043e 50574D5F 		.ascii	"PWM_READY\000"
 2440      52454144 
 2440      5900
 2441              	.LASF44:
 2442 0448 50574D5F 		.ascii	"PWM_STOP\000"
 2442      53544F50 
 2442      00
 2443              	.LASF66:
 2444 0451 70776D53 		.ascii	"pwmStop\000"
 2444      746F7000 
 2445              	.LASF59:
 2446 0459 66726571 		.ascii	"frequency\000"
 2446      75656E63 
 2446      7900
 2447              	.LASF58:
 2448 0463 50574D43 		.ascii	"PWMChannelConfig\000"
 2448      68616E6E 
 2448      656C436F 
 2448      6E666967 
 2448      00
 2449              	.LASF53:
 2450 0474 70776D6D 		.ascii	"pwmmode_t\000"
 2450      6F64655F 
 2450      7400
 2451              	.LASF82:
ARM GAS  /tmp/ccL6Rx67.s 			page 48


 2452 047e 49544D5F 		.ascii	"ITM_RxBuffer\000"
 2452      52784275 
 2452      66666572 
 2452      00
 2453              	.LASF21:
 2454 048b 5F726573 		.ascii	"_resvd1\000"
 2454      76643100 
 2455              	.LASF46:
 2456 0493 70776D73 		.ascii	"pwmstate_t\000"
 2456      74617465 
 2456      5F7400
 2457              	.LASF52:
 2458 049e 70776D63 		.ascii	"pwmcallback_t\000"
 2458      616C6C62 
 2458      61636B5F 
 2458      7400
 2459              	.LASF26:
 2460 04ac 5F726573 		.ascii	"_resvd4\000"
 2460      76643400 
 2461              	.LASF57:
 2462 04b4 63616C6C 		.ascii	"callback\000"
 2462      6261636B 
 2462      00
 2463              		.ident	"GCC: (4.8.3-18ubuntu2+12) 4.8.3"
ARM GAS  /tmp/ccL6Rx67.s 			page 49


DEFINED SYMBOLS
                            *ABS*:0000000000000000 pwm.c
     /tmp/ccL6Rx67.s:20     .text.pwmInit:0000000000000000 $t
     /tmp/ccL6Rx67.s:26     .text.pwmInit:0000000000000000 pwmInit
     /tmp/ccL6Rx67.s:41     .text.pwmObjectInit:0000000000000000 $t
     /tmp/ccL6Rx67.s:47     .text.pwmObjectInit:0000000000000000 pwmObjectInit
     /tmp/ccL6Rx67.s:68     .text.pwmStart:0000000000000000 $t
     /tmp/ccL6Rx67.s:74     .text.pwmStart:0000000000000000 pwmStart
     /tmp/ccL6Rx67.s:152    .text.pwmStart:0000000000000048 $d
     /tmp/ccL6Rx67.s:158    .text.pwmStop:0000000000000000 $t
     /tmp/ccL6Rx67.s:164    .text.pwmStop:0000000000000000 pwmStop
     /tmp/ccL6Rx67.s:229    .text.pwmStop:000000000000003c $d
     /tmp/ccL6Rx67.s:235    .text.pwmChangePeriod:0000000000000000 $t
     /tmp/ccL6Rx67.s:241    .text.pwmChangePeriod:0000000000000000 pwmChangePeriod
     /tmp/ccL6Rx67.s:309    .text.pwmChangePeriod:000000000000003c $d
     /tmp/ccL6Rx67.s:315    .text.pwmEnableChannel:0000000000000000 $t
     /tmp/ccL6Rx67.s:321    .text.pwmEnableChannel:0000000000000000 pwmEnableChannel
     /tmp/ccL6Rx67.s:393    .text.pwmEnableChannel:0000000000000044 $d
     /tmp/ccL6Rx67.s:399    .text.pwmDisableChannel:0000000000000000 $t
     /tmp/ccL6Rx67.s:405    .text.pwmDisableChannel:0000000000000000 pwmDisableChannel
     /tmp/ccL6Rx67.s:475    .text.pwmDisableChannel:0000000000000040 $d
     /tmp/ccL6Rx67.s:481    .rodata.str1.4:0000000000000000 $d
                     .debug_frame:0000000000000010 $d
     /tmp/ccL6Rx67.s:234    .text.pwmStop:0000000000000044 $t
     /tmp/ccL6Rx67.s:314    .text.pwmChangePeriod:0000000000000044 $t
     /tmp/ccL6Rx67.s:398    .text.pwmEnableChannel:000000000000004c $t
     /tmp/ccL6Rx67.s:480    .text.pwmDisableChannel:0000000000000048 $t

UNDEFINED SYMBOLS
pwm_lld_init
dbg_check_lock
chDbgPanic
pwm_lld_start
dbg_check_unlock
pwm_lld_stop
pwm_lld_enable_channel
pwm_lld_disable_channel
