ARM GAS  /tmp/cc30Aauy.s 			page 1


   1              		.syntax unified
   2              		.cpu cortex-m4
   3              		.eabi_attribute 27, 3
   4              		.fpu fpv4-sp-d16
   5              		.eabi_attribute 20, 1
   6              		.eabi_attribute 21, 1
   7              		.eabi_attribute 23, 3
   8              		.eabi_attribute 24, 1
   9              		.eabi_attribute 25, 1
  10              		.eabi_attribute 26, 1
  11              		.eabi_attribute 30, 2
  12              		.eabi_attribute 34, 1
  13              		.eabi_attribute 18, 4
  14              		.thumb
  15              		.file	"stm32f30x_iwdg.c"
  16              		.text
  17              	.Ltext0:
  18              		.cfi_sections	.debug_frame
  19              		.section	.text.IWDG_WriteAccessCmd,"ax",%progbits
  20              		.align	2
  21              		.p2align 4,,15
  22              		.global	IWDG_WriteAccessCmd
  23              		.thumb
  24              		.thumb_func
  25              		.type	IWDG_WriteAccessCmd, %function
  26              	IWDG_WriteAccessCmd:
  27              	.LFB111:
  28              		.file 1 "../../../../ext/stm32lib/src/stm32f30x_iwdg.c"
  29              		.loc 1 141 0
  30              		.cfi_startproc
  31              		@ args = 0, pretend = 0, frame = 0
  32              		@ frame_needed = 0, uses_anonymous_args = 0
  33              		@ link register save eliminated.
  34              	.LVL0:
  35              		.loc 1 144 0
  36 0000 014B     		ldr	r3, .L2
  37 0002 1860     		str	r0, [r3]
  38 0004 7047     		bx	lr
  39              	.L3:
  40 0006 00BF     		.align	2
  41              	.L2:
  42 0008 00300040 		.word	1073754112
  43              		.cfi_endproc
  44              	.LFE111:
  45              		.size	IWDG_WriteAccessCmd, .-IWDG_WriteAccessCmd
  46 000c AFF30080 		.section	.text.IWDG_SetPrescaler,"ax",%progbits
  47              		.align	2
  48              		.p2align 4,,15
  49              		.global	IWDG_SetPrescaler
  50              		.thumb
  51              		.thumb_func
  52              		.type	IWDG_SetPrescaler, %function
  53              	IWDG_SetPrescaler:
  54              	.LFB112:
  55              		.loc 1 161 0
  56              		.cfi_startproc
  57              		@ args = 0, pretend = 0, frame = 0
ARM GAS  /tmp/cc30Aauy.s 			page 2


  58              		@ frame_needed = 0, uses_anonymous_args = 0
  59              		@ link register save eliminated.
  60              	.LVL1:
  61              		.loc 1 164 0
  62 0000 014B     		ldr	r3, .L5
  63 0002 5860     		str	r0, [r3, #4]
  64 0004 7047     		bx	lr
  65              	.L6:
  66 0006 00BF     		.align	2
  67              	.L5:
  68 0008 00300040 		.word	1073754112
  69              		.cfi_endproc
  70              	.LFE112:
  71              		.size	IWDG_SetPrescaler, .-IWDG_SetPrescaler
  72 000c AFF30080 		.section	.text.IWDG_SetReload,"ax",%progbits
  73              		.align	2
  74              		.p2align 4,,15
  75              		.global	IWDG_SetReload
  76              		.thumb
  77              		.thumb_func
  78              		.type	IWDG_SetReload, %function
  79              	IWDG_SetReload:
  80              	.LFB113:
  81              		.loc 1 174 0
  82              		.cfi_startproc
  83              		@ args = 0, pretend = 0, frame = 0
  84              		@ frame_needed = 0, uses_anonymous_args = 0
  85              		@ link register save eliminated.
  86              	.LVL2:
  87              		.loc 1 177 0
  88 0000 014B     		ldr	r3, .L8
  89 0002 9860     		str	r0, [r3, #8]
  90 0004 7047     		bx	lr
  91              	.L9:
  92 0006 00BF     		.align	2
  93              	.L8:
  94 0008 00300040 		.word	1073754112
  95              		.cfi_endproc
  96              	.LFE113:
  97              		.size	IWDG_SetReload, .-IWDG_SetReload
  98 000c AFF30080 		.section	.text.IWDG_ReloadCounter,"ax",%progbits
  99              		.align	2
 100              		.p2align 4,,15
 101              		.global	IWDG_ReloadCounter
 102              		.thumb
 103              		.thumb_func
 104              		.type	IWDG_ReloadCounter, %function
 105              	IWDG_ReloadCounter:
 106              	.LFB114:
 107              		.loc 1 187 0
 108              		.cfi_startproc
 109              		@ args = 0, pretend = 0, frame = 0
 110              		@ frame_needed = 0, uses_anonymous_args = 0
 111              		@ link register save eliminated.
 112              		.loc 1 188 0
 113 0000 024B     		ldr	r3, .L11
 114 0002 4AF6AA22 		movw	r2, #43690
ARM GAS  /tmp/cc30Aauy.s 			page 3


 115 0006 1A60     		str	r2, [r3]
 116 0008 7047     		bx	lr
 117              	.L12:
 118 000a 00BF     		.align	2
 119              	.L11:
 120 000c 00300040 		.word	1073754112
 121              		.cfi_endproc
 122              	.LFE114:
 123              		.size	IWDG_ReloadCounter, .-IWDG_ReloadCounter
 124              		.section	.text.IWDG_SetWindowValue,"ax",%progbits
 125              		.align	2
 126              		.p2align 4,,15
 127              		.global	IWDG_SetWindowValue
 128              		.thumb
 129              		.thumb_func
 130              		.type	IWDG_SetWindowValue, %function
 131              	IWDG_SetWindowValue:
 132              	.LFB115:
 133              		.loc 1 198 0
 134              		.cfi_startproc
 135              		@ args = 0, pretend = 0, frame = 0
 136              		@ frame_needed = 0, uses_anonymous_args = 0
 137              		@ link register save eliminated.
 138              	.LVL3:
 139              		.loc 1 201 0
 140 0000 014B     		ldr	r3, .L14
 141 0002 1861     		str	r0, [r3, #16]
 142 0004 7047     		bx	lr
 143              	.L15:
 144 0006 00BF     		.align	2
 145              	.L14:
 146 0008 00300040 		.word	1073754112
 147              		.cfi_endproc
 148              	.LFE115:
 149              		.size	IWDG_SetWindowValue, .-IWDG_SetWindowValue
 150 000c AFF30080 		.section	.text.IWDG_Enable,"ax",%progbits
 151              		.align	2
 152              		.p2align 4,,15
 153              		.global	IWDG_Enable
 154              		.thumb
 155              		.thumb_func
 156              		.type	IWDG_Enable, %function
 157              	IWDG_Enable:
 158              	.LFB116:
 159              		.loc 1 226 0
 160              		.cfi_startproc
 161              		@ args = 0, pretend = 0, frame = 0
 162              		@ frame_needed = 0, uses_anonymous_args = 0
 163              		@ link register save eliminated.
 164              		.loc 1 227 0
 165 0000 024B     		ldr	r3, .L17
 166 0002 4CF6CC42 		movw	r2, #52428
 167 0006 1A60     		str	r2, [r3]
 168 0008 7047     		bx	lr
 169              	.L18:
 170 000a 00BF     		.align	2
 171              	.L17:
ARM GAS  /tmp/cc30Aauy.s 			page 4


 172 000c 00300040 		.word	1073754112
 173              		.cfi_endproc
 174              	.LFE116:
 175              		.size	IWDG_Enable, .-IWDG_Enable
 176              		.section	.text.IWDG_GetFlagStatus,"ax",%progbits
 177              		.align	2
 178              		.p2align 4,,15
 179              		.global	IWDG_GetFlagStatus
 180              		.thumb
 181              		.thumb_func
 182              		.type	IWDG_GetFlagStatus, %function
 183              	IWDG_GetFlagStatus:
 184              	.LFB117:
 185              		.loc 1 256 0
 186              		.cfi_startproc
 187              		@ args = 0, pretend = 0, frame = 0
 188              		@ frame_needed = 0, uses_anonymous_args = 0
 189              		@ link register save eliminated.
 190              	.LVL4:
 191              		.loc 1 260 0
 192 0000 034B     		ldr	r3, .L20
 193 0002 DB68     		ldr	r3, [r3, #12]
 194              	.LVL5:
 195 0004 1842     		tst	r0, r3
 196              		.loc 1 270 0
 197 0006 0CBF     		ite	eq
 198 0008 0020     		moveq	r0, #0
 199 000a 0120     		movne	r0, #1
 200              	.LVL6:
 201 000c 7047     		bx	lr
 202              	.L21:
 203 000e 00BF     		.align	2
 204              	.L20:
 205 0010 00300040 		.word	1073754112
 206              		.cfi_endproc
 207              	.LFE117:
 208              		.size	IWDG_GetFlagStatus, .-IWDG_GetFlagStatus
 209 0014 AFF30080 		.text
 209      AFF30080 
 209      AFF30080 
 210              	.Letext0:
 211              		.file 2 "/usr/include/newlib/machine/_default_types.h"
 212              		.file 3 "/usr/include/newlib/stdint.h"
 213              		.file 4 "../../../../os/hal/platforms/STM32F30x/stm32f30x.h"
 214              		.file 5 "../../../../os/ports/common/ARMCMx/CMSIS/include/core_cm4.h"
 215              		.section	.debug_info,"",%progbits
 216              	.Ldebug_info0:
 217 0000 3A020000 		.4byte	0x23a
 218 0004 0400     		.2byte	0x4
 219 0006 00000000 		.4byte	.Ldebug_abbrev0
 220 000a 04       		.byte	0x4
 221 000b 01       		.uleb128 0x1
 222 000c 45000000 		.4byte	.LASF33
 223 0010 01       		.byte	0x1
 224 0011 D6010000 		.4byte	.LASF34
 225 0015 23020000 		.4byte	.LASF35
 226 0019 00000000 		.4byte	.Ldebug_ranges0+0
ARM GAS  /tmp/cc30Aauy.s 			page 5


 227 001d 00000000 		.4byte	0
 228 0021 00000000 		.4byte	.Ldebug_line0
 229 0025 02       		.uleb128 0x2
 230 0026 01       		.byte	0x1
 231 0027 06       		.byte	0x6
 232 0028 28030000 		.4byte	.LASF0
 233 002c 03       		.uleb128 0x3
 234 002d 14000000 		.4byte	.LASF3
 235 0031 02       		.byte	0x2
 236 0032 1D       		.byte	0x1d
 237 0033 37000000 		.4byte	0x37
 238 0037 02       		.uleb128 0x2
 239 0038 01       		.byte	0x1
 240 0039 08       		.byte	0x8
 241 003a 49010000 		.4byte	.LASF1
 242 003e 02       		.uleb128 0x2
 243 003f 02       		.byte	0x2
 244 0040 05       		.byte	0x5
 245 0041 F8020000 		.4byte	.LASF2
 246 0045 03       		.uleb128 0x3
 247 0046 02030000 		.4byte	.LASF4
 248 004a 02       		.byte	0x2
 249 004b 2B       		.byte	0x2b
 250 004c 50000000 		.4byte	0x50
 251 0050 02       		.uleb128 0x2
 252 0051 02       		.byte	0x2
 253 0052 07       		.byte	0x7
 254 0053 34030000 		.4byte	.LASF5
 255 0057 03       		.uleb128 0x3
 256 0058 3B000000 		.4byte	.LASF6
 257 005c 02       		.byte	0x2
 258 005d 3F       		.byte	0x3f
 259 005e 62000000 		.4byte	0x62
 260 0062 02       		.uleb128 0x2
 261 0063 04       		.byte	0x4
 262 0064 05       		.byte	0x5
 263 0065 1F030000 		.4byte	.LASF7
 264 0069 03       		.uleb128 0x3
 265 006a B0010000 		.4byte	.LASF8
 266 006e 02       		.byte	0x2
 267 006f 41       		.byte	0x41
 268 0070 74000000 		.4byte	0x74
 269 0074 02       		.uleb128 0x2
 270 0075 04       		.byte	0x4
 271 0076 07       		.byte	0x7
 272 0077 84010000 		.4byte	.LASF9
 273 007b 02       		.uleb128 0x2
 274 007c 08       		.byte	0x8
 275 007d 05       		.byte	0x5
 276 007e EA020000 		.4byte	.LASF10
 277 0082 02       		.uleb128 0x2
 278 0083 08       		.byte	0x8
 279 0084 07       		.byte	0x7
 280 0085 AD020000 		.4byte	.LASF11
 281 0089 04       		.uleb128 0x4
 282 008a 04       		.byte	0x4
 283 008b 05       		.byte	0x5
ARM GAS  /tmp/cc30Aauy.s 			page 6


 284 008c 696E7400 		.ascii	"int\000"
 285 0090 02       		.uleb128 0x2
 286 0091 04       		.byte	0x4
 287 0092 07       		.byte	0x7
 288 0093 A0020000 		.4byte	.LASF12
 289 0097 03       		.uleb128 0x3
 290 0098 C4020000 		.4byte	.LASF13
 291 009c 03       		.byte	0x3
 292 009d 2A       		.byte	0x2a
 293 009e 2C000000 		.4byte	0x2c
 294 00a2 03       		.uleb128 0x3
 295 00a3 0D030000 		.4byte	.LASF14
 296 00a7 03       		.byte	0x3
 297 00a8 36       		.byte	0x36
 298 00a9 45000000 		.4byte	0x45
 299 00ad 03       		.uleb128 0x3
 300 00ae D9020000 		.4byte	.LASF15
 301 00b2 03       		.byte	0x3
 302 00b3 41       		.byte	0x41
 303 00b4 57000000 		.4byte	0x57
 304 00b8 03       		.uleb128 0x3
 305 00b9 16030000 		.4byte	.LASF16
 306 00bd 03       		.byte	0x3
 307 00be 42       		.byte	0x42
 308 00bf 69000000 		.4byte	0x69
 309 00c3 02       		.uleb128 0x2
 310 00c4 04       		.byte	0x4
 311 00c5 07       		.byte	0x7
 312 00c6 E1020000 		.4byte	.LASF17
 313 00ca 05       		.uleb128 0x5
 314 00cb B8000000 		.4byte	0xb8
 315 00cf 05       		.uleb128 0x5
 316 00d0 AD000000 		.4byte	0xad
 317 00d4 06       		.uleb128 0x6
 318 00d5 01       		.byte	0x1
 319 00d6 04       		.byte	0x4
 320 00d7 2201     		.2byte	0x122
 321 00d9 EA000000 		.4byte	0xea
 322 00dd 07       		.uleb128 0x7
 323 00de AA010000 		.4byte	.LASF18
 324 00e2 00       		.sleb128 0
 325 00e3 08       		.uleb128 0x8
 326 00e4 53455400 		.ascii	"SET\000"
 327 00e8 01       		.sleb128 1
 328 00e9 00       		.byte	0
 329 00ea 09       		.uleb128 0x9
 330 00eb 79010000 		.4byte	.LASF19
 331 00ef 04       		.byte	0x4
 332 00f0 2201     		.2byte	0x122
 333 00f2 D4000000 		.4byte	0xd4
 334 00f6 0A       		.uleb128 0xa
 335 00f7 14       		.byte	0x14
 336 00f8 04       		.byte	0x4
 337 00f9 6F02     		.2byte	0x26f
 338 00fb 3E010000 		.4byte	0x13e
 339 00ff 0B       		.uleb128 0xb
 340 0100 4B5200   		.ascii	"KR\000"
ARM GAS  /tmp/cc30Aauy.s 			page 7


 341 0103 04       		.byte	0x4
 342 0104 7102     		.2byte	0x271
 343 0106 CA000000 		.4byte	0xca
 344 010a 00       		.byte	0
 345 010b 0B       		.uleb128 0xb
 346 010c 505200   		.ascii	"PR\000"
 347 010f 04       		.byte	0x4
 348 0110 7202     		.2byte	0x272
 349 0112 CA000000 		.4byte	0xca
 350 0116 04       		.byte	0x4
 351 0117 0B       		.uleb128 0xb
 352 0118 524C5200 		.ascii	"RLR\000"
 353 011c 04       		.byte	0x4
 354 011d 7302     		.2byte	0x273
 355 011f CA000000 		.4byte	0xca
 356 0123 08       		.byte	0x8
 357 0124 0B       		.uleb128 0xb
 358 0125 535200   		.ascii	"SR\000"
 359 0128 04       		.byte	0x4
 360 0129 7402     		.2byte	0x274
 361 012b CA000000 		.4byte	0xca
 362 012f 0C       		.byte	0xc
 363 0130 0C       		.uleb128 0xc
 364 0131 32010000 		.4byte	.LASF20
 365 0135 04       		.byte	0x4
 366 0136 7502     		.2byte	0x275
 367 0138 CA000000 		.4byte	0xca
 368 013c 10       		.byte	0x10
 369 013d 00       		.byte	0
 370 013e 09       		.uleb128 0x9
 371 013f 47030000 		.4byte	.LASF21
 372 0143 04       		.byte	0x4
 373 0144 7602     		.2byte	0x276
 374 0146 F6000000 		.4byte	0xf6
 375 014a 0D       		.uleb128 0xd
 376 014b 96010000 		.4byte	.LASF22
 377 014f 01       		.byte	0x1
 378 0150 8C       		.byte	0x8c
 379 0151 00000000 		.4byte	.LFB111
 380 0155 0C000000 		.4byte	.LFE111-.LFB111
 381 0159 01       		.uleb128 0x1
 382 015a 9C       		.byte	0x9c
 383 015b 6D010000 		.4byte	0x16d
 384 015f 0E       		.uleb128 0xe
 385 0160 C5010000 		.4byte	.LASF24
 386 0164 01       		.byte	0x1
 387 0165 8C       		.byte	0x8c
 388 0166 A2000000 		.4byte	0xa2
 389 016a 01       		.uleb128 0x1
 390 016b 50       		.byte	0x50
 391 016c 00       		.byte	0
 392 016d 0D       		.uleb128 0xd
 393 016e 37010000 		.4byte	.LASF23
 394 0172 01       		.byte	0x1
 395 0173 A0       		.byte	0xa0
 396 0174 00000000 		.4byte	.LFB112
 397 0178 0C000000 		.4byte	.LFE112-.LFB112
ARM GAS  /tmp/cc30Aauy.s 			page 8


 398 017c 01       		.uleb128 0x1
 399 017d 9C       		.byte	0x9c
 400 017e 90010000 		.4byte	0x190
 401 0182 0E       		.uleb128 0xe
 402 0183 23010000 		.4byte	.LASF25
 403 0187 01       		.byte	0x1
 404 0188 A0       		.byte	0xa0
 405 0189 97000000 		.4byte	0x97
 406 018d 01       		.uleb128 0x1
 407 018e 50       		.byte	0x50
 408 018f 00       		.byte	0
 409 0190 0D       		.uleb128 0xd
 410 0191 57010000 		.4byte	.LASF26
 411 0195 01       		.byte	0x1
 412 0196 AD       		.byte	0xad
 413 0197 00000000 		.4byte	.LFB113
 414 019b 0C000000 		.4byte	.LFE113-.LFB113
 415 019f 01       		.uleb128 0x1
 416 01a0 9C       		.byte	0x9c
 417 01a1 B3010000 		.4byte	0x1b3
 418 01a5 0E       		.uleb128 0xe
 419 01a6 1E000000 		.4byte	.LASF27
 420 01aa 01       		.byte	0x1
 421 01ab AD       		.byte	0xad
 422 01ac A2000000 		.4byte	0xa2
 423 01b0 01       		.uleb128 0x1
 424 01b1 50       		.byte	0x50
 425 01b2 00       		.byte	0
 426 01b3 0F       		.uleb128 0xf
 427 01b4 66010000 		.4byte	.LASF30
 428 01b8 01       		.byte	0x1
 429 01b9 BA       		.byte	0xba
 430 01ba 00000000 		.4byte	.LFB114
 431 01be 10000000 		.4byte	.LFE114-.LFB114
 432 01c2 01       		.uleb128 0x1
 433 01c3 9C       		.byte	0x9c
 434 01c4 0D       		.uleb128 0xd
 435 01c5 00000000 		.4byte	.LASF28
 436 01c9 01       		.byte	0x1
 437 01ca C5       		.byte	0xc5
 438 01cb 00000000 		.4byte	.LFB115
 439 01cf 0C000000 		.4byte	.LFE115-.LFB115
 440 01d3 01       		.uleb128 0x1
 441 01d4 9C       		.byte	0x9c
 442 01d5 E7010000 		.4byte	0x1e7
 443 01d9 0E       		.uleb128 0xe
 444 01da 04020000 		.4byte	.LASF29
 445 01de 01       		.byte	0x1
 446 01df C5       		.byte	0xc5
 447 01e0 A2000000 		.4byte	0xa2
 448 01e4 01       		.uleb128 0x1
 449 01e5 50       		.byte	0x50
 450 01e6 00       		.byte	0
 451 01e7 0F       		.uleb128 0xf
 452 01e8 25000000 		.4byte	.LASF31
 453 01ec 01       		.byte	0x1
 454 01ed E1       		.byte	0xe1
ARM GAS  /tmp/cc30Aauy.s 			page 9


 455 01ee 00000000 		.4byte	.LFB116
 456 01f2 10000000 		.4byte	.LFE116-.LFB116
 457 01f6 01       		.uleb128 0x1
 458 01f7 9C       		.byte	0x9c
 459 01f8 10       		.uleb128 0x10
 460 01f9 10020000 		.4byte	.LASF36
 461 01fd 01       		.byte	0x1
 462 01fe FF       		.byte	0xff
 463 01ff EA000000 		.4byte	0xea
 464 0203 00000000 		.4byte	.LFB117
 465 0207 14000000 		.4byte	.LFE117-.LFB117
 466 020b 01       		.uleb128 0x1
 467 020c 9C       		.byte	0x9c
 468 020d 31020000 		.4byte	0x231
 469 0211 11       		.uleb128 0x11
 470 0212 BB010000 		.4byte	.LASF32
 471 0216 01       		.byte	0x1
 472 0217 FF       		.byte	0xff
 473 0218 A2000000 		.4byte	0xa2
 474 021c 00000000 		.4byte	.LLST0
 475 0220 12       		.uleb128 0x12
 476 0221 31000000 		.4byte	.LASF37
 477 0225 01       		.byte	0x1
 478 0226 0101     		.2byte	0x101
 479 0228 EA000000 		.4byte	0xea
 480 022c 21000000 		.4byte	.LLST1
 481 0230 00       		.byte	0
 482 0231 13       		.uleb128 0x13
 483 0232 CC020000 		.4byte	.LASF38
 484 0236 05       		.byte	0x5
 485 0237 9806     		.2byte	0x698
 486 0239 CF000000 		.4byte	0xcf
 487 023d 00       		.byte	0
 488              		.section	.debug_abbrev,"",%progbits
 489              	.Ldebug_abbrev0:
 490 0000 01       		.uleb128 0x1
 491 0001 11       		.uleb128 0x11
 492 0002 01       		.byte	0x1
 493 0003 25       		.uleb128 0x25
 494 0004 0E       		.uleb128 0xe
 495 0005 13       		.uleb128 0x13
 496 0006 0B       		.uleb128 0xb
 497 0007 03       		.uleb128 0x3
 498 0008 0E       		.uleb128 0xe
 499 0009 1B       		.uleb128 0x1b
 500 000a 0E       		.uleb128 0xe
 501 000b 55       		.uleb128 0x55
 502 000c 17       		.uleb128 0x17
 503 000d 11       		.uleb128 0x11
 504 000e 01       		.uleb128 0x1
 505 000f 10       		.uleb128 0x10
 506 0010 17       		.uleb128 0x17
 507 0011 00       		.byte	0
 508 0012 00       		.byte	0
 509 0013 02       		.uleb128 0x2
 510 0014 24       		.uleb128 0x24
 511 0015 00       		.byte	0
ARM GAS  /tmp/cc30Aauy.s 			page 10


 512 0016 0B       		.uleb128 0xb
 513 0017 0B       		.uleb128 0xb
 514 0018 3E       		.uleb128 0x3e
 515 0019 0B       		.uleb128 0xb
 516 001a 03       		.uleb128 0x3
 517 001b 0E       		.uleb128 0xe
 518 001c 00       		.byte	0
 519 001d 00       		.byte	0
 520 001e 03       		.uleb128 0x3
 521 001f 16       		.uleb128 0x16
 522 0020 00       		.byte	0
 523 0021 03       		.uleb128 0x3
 524 0022 0E       		.uleb128 0xe
 525 0023 3A       		.uleb128 0x3a
 526 0024 0B       		.uleb128 0xb
 527 0025 3B       		.uleb128 0x3b
 528 0026 0B       		.uleb128 0xb
 529 0027 49       		.uleb128 0x49
 530 0028 13       		.uleb128 0x13
 531 0029 00       		.byte	0
 532 002a 00       		.byte	0
 533 002b 04       		.uleb128 0x4
 534 002c 24       		.uleb128 0x24
 535 002d 00       		.byte	0
 536 002e 0B       		.uleb128 0xb
 537 002f 0B       		.uleb128 0xb
 538 0030 3E       		.uleb128 0x3e
 539 0031 0B       		.uleb128 0xb
 540 0032 03       		.uleb128 0x3
 541 0033 08       		.uleb128 0x8
 542 0034 00       		.byte	0
 543 0035 00       		.byte	0
 544 0036 05       		.uleb128 0x5
 545 0037 35       		.uleb128 0x35
 546 0038 00       		.byte	0
 547 0039 49       		.uleb128 0x49
 548 003a 13       		.uleb128 0x13
 549 003b 00       		.byte	0
 550 003c 00       		.byte	0
 551 003d 06       		.uleb128 0x6
 552 003e 04       		.uleb128 0x4
 553 003f 01       		.byte	0x1
 554 0040 0B       		.uleb128 0xb
 555 0041 0B       		.uleb128 0xb
 556 0042 3A       		.uleb128 0x3a
 557 0043 0B       		.uleb128 0xb
 558 0044 3B       		.uleb128 0x3b
 559 0045 05       		.uleb128 0x5
 560 0046 01       		.uleb128 0x1
 561 0047 13       		.uleb128 0x13
 562 0048 00       		.byte	0
 563 0049 00       		.byte	0
 564 004a 07       		.uleb128 0x7
 565 004b 28       		.uleb128 0x28
 566 004c 00       		.byte	0
 567 004d 03       		.uleb128 0x3
 568 004e 0E       		.uleb128 0xe
ARM GAS  /tmp/cc30Aauy.s 			page 11


 569 004f 1C       		.uleb128 0x1c
 570 0050 0D       		.uleb128 0xd
 571 0051 00       		.byte	0
 572 0052 00       		.byte	0
 573 0053 08       		.uleb128 0x8
 574 0054 28       		.uleb128 0x28
 575 0055 00       		.byte	0
 576 0056 03       		.uleb128 0x3
 577 0057 08       		.uleb128 0x8
 578 0058 1C       		.uleb128 0x1c
 579 0059 0D       		.uleb128 0xd
 580 005a 00       		.byte	0
 581 005b 00       		.byte	0
 582 005c 09       		.uleb128 0x9
 583 005d 16       		.uleb128 0x16
 584 005e 00       		.byte	0
 585 005f 03       		.uleb128 0x3
 586 0060 0E       		.uleb128 0xe
 587 0061 3A       		.uleb128 0x3a
 588 0062 0B       		.uleb128 0xb
 589 0063 3B       		.uleb128 0x3b
 590 0064 05       		.uleb128 0x5
 591 0065 49       		.uleb128 0x49
 592 0066 13       		.uleb128 0x13
 593 0067 00       		.byte	0
 594 0068 00       		.byte	0
 595 0069 0A       		.uleb128 0xa
 596 006a 13       		.uleb128 0x13
 597 006b 01       		.byte	0x1
 598 006c 0B       		.uleb128 0xb
 599 006d 0B       		.uleb128 0xb
 600 006e 3A       		.uleb128 0x3a
 601 006f 0B       		.uleb128 0xb
 602 0070 3B       		.uleb128 0x3b
 603 0071 05       		.uleb128 0x5
 604 0072 01       		.uleb128 0x1
 605 0073 13       		.uleb128 0x13
 606 0074 00       		.byte	0
 607 0075 00       		.byte	0
 608 0076 0B       		.uleb128 0xb
 609 0077 0D       		.uleb128 0xd
 610 0078 00       		.byte	0
 611 0079 03       		.uleb128 0x3
 612 007a 08       		.uleb128 0x8
 613 007b 3A       		.uleb128 0x3a
 614 007c 0B       		.uleb128 0xb
 615 007d 3B       		.uleb128 0x3b
 616 007e 05       		.uleb128 0x5
 617 007f 49       		.uleb128 0x49
 618 0080 13       		.uleb128 0x13
 619 0081 38       		.uleb128 0x38
 620 0082 0B       		.uleb128 0xb
 621 0083 00       		.byte	0
 622 0084 00       		.byte	0
 623 0085 0C       		.uleb128 0xc
 624 0086 0D       		.uleb128 0xd
 625 0087 00       		.byte	0
ARM GAS  /tmp/cc30Aauy.s 			page 12


 626 0088 03       		.uleb128 0x3
 627 0089 0E       		.uleb128 0xe
 628 008a 3A       		.uleb128 0x3a
 629 008b 0B       		.uleb128 0xb
 630 008c 3B       		.uleb128 0x3b
 631 008d 05       		.uleb128 0x5
 632 008e 49       		.uleb128 0x49
 633 008f 13       		.uleb128 0x13
 634 0090 38       		.uleb128 0x38
 635 0091 0B       		.uleb128 0xb
 636 0092 00       		.byte	0
 637 0093 00       		.byte	0
 638 0094 0D       		.uleb128 0xd
 639 0095 2E       		.uleb128 0x2e
 640 0096 01       		.byte	0x1
 641 0097 3F       		.uleb128 0x3f
 642 0098 19       		.uleb128 0x19
 643 0099 03       		.uleb128 0x3
 644 009a 0E       		.uleb128 0xe
 645 009b 3A       		.uleb128 0x3a
 646 009c 0B       		.uleb128 0xb
 647 009d 3B       		.uleb128 0x3b
 648 009e 0B       		.uleb128 0xb
 649 009f 27       		.uleb128 0x27
 650 00a0 19       		.uleb128 0x19
 651 00a1 11       		.uleb128 0x11
 652 00a2 01       		.uleb128 0x1
 653 00a3 12       		.uleb128 0x12
 654 00a4 06       		.uleb128 0x6
 655 00a5 40       		.uleb128 0x40
 656 00a6 18       		.uleb128 0x18
 657 00a7 9742     		.uleb128 0x2117
 658 00a9 19       		.uleb128 0x19
 659 00aa 01       		.uleb128 0x1
 660 00ab 13       		.uleb128 0x13
 661 00ac 00       		.byte	0
 662 00ad 00       		.byte	0
 663 00ae 0E       		.uleb128 0xe
 664 00af 05       		.uleb128 0x5
 665 00b0 00       		.byte	0
 666 00b1 03       		.uleb128 0x3
 667 00b2 0E       		.uleb128 0xe
 668 00b3 3A       		.uleb128 0x3a
 669 00b4 0B       		.uleb128 0xb
 670 00b5 3B       		.uleb128 0x3b
 671 00b6 0B       		.uleb128 0xb
 672 00b7 49       		.uleb128 0x49
 673 00b8 13       		.uleb128 0x13
 674 00b9 02       		.uleb128 0x2
 675 00ba 18       		.uleb128 0x18
 676 00bb 00       		.byte	0
 677 00bc 00       		.byte	0
 678 00bd 0F       		.uleb128 0xf
 679 00be 2E       		.uleb128 0x2e
 680 00bf 00       		.byte	0
 681 00c0 3F       		.uleb128 0x3f
 682 00c1 19       		.uleb128 0x19
ARM GAS  /tmp/cc30Aauy.s 			page 13


 683 00c2 03       		.uleb128 0x3
 684 00c3 0E       		.uleb128 0xe
 685 00c4 3A       		.uleb128 0x3a
 686 00c5 0B       		.uleb128 0xb
 687 00c6 3B       		.uleb128 0x3b
 688 00c7 0B       		.uleb128 0xb
 689 00c8 27       		.uleb128 0x27
 690 00c9 19       		.uleb128 0x19
 691 00ca 11       		.uleb128 0x11
 692 00cb 01       		.uleb128 0x1
 693 00cc 12       		.uleb128 0x12
 694 00cd 06       		.uleb128 0x6
 695 00ce 40       		.uleb128 0x40
 696 00cf 18       		.uleb128 0x18
 697 00d0 9742     		.uleb128 0x2117
 698 00d2 19       		.uleb128 0x19
 699 00d3 00       		.byte	0
 700 00d4 00       		.byte	0
 701 00d5 10       		.uleb128 0x10
 702 00d6 2E       		.uleb128 0x2e
 703 00d7 01       		.byte	0x1
 704 00d8 3F       		.uleb128 0x3f
 705 00d9 19       		.uleb128 0x19
 706 00da 03       		.uleb128 0x3
 707 00db 0E       		.uleb128 0xe
 708 00dc 3A       		.uleb128 0x3a
 709 00dd 0B       		.uleb128 0xb
 710 00de 3B       		.uleb128 0x3b
 711 00df 0B       		.uleb128 0xb
 712 00e0 27       		.uleb128 0x27
 713 00e1 19       		.uleb128 0x19
 714 00e2 49       		.uleb128 0x49
 715 00e3 13       		.uleb128 0x13
 716 00e4 11       		.uleb128 0x11
 717 00e5 01       		.uleb128 0x1
 718 00e6 12       		.uleb128 0x12
 719 00e7 06       		.uleb128 0x6
 720 00e8 40       		.uleb128 0x40
 721 00e9 18       		.uleb128 0x18
 722 00ea 9742     		.uleb128 0x2117
 723 00ec 19       		.uleb128 0x19
 724 00ed 01       		.uleb128 0x1
 725 00ee 13       		.uleb128 0x13
 726 00ef 00       		.byte	0
 727 00f0 00       		.byte	0
 728 00f1 11       		.uleb128 0x11
 729 00f2 05       		.uleb128 0x5
 730 00f3 00       		.byte	0
 731 00f4 03       		.uleb128 0x3
 732 00f5 0E       		.uleb128 0xe
 733 00f6 3A       		.uleb128 0x3a
 734 00f7 0B       		.uleb128 0xb
 735 00f8 3B       		.uleb128 0x3b
 736 00f9 0B       		.uleb128 0xb
 737 00fa 49       		.uleb128 0x49
 738 00fb 13       		.uleb128 0x13
 739 00fc 02       		.uleb128 0x2
ARM GAS  /tmp/cc30Aauy.s 			page 14


 740 00fd 17       		.uleb128 0x17
 741 00fe 00       		.byte	0
 742 00ff 00       		.byte	0
 743 0100 12       		.uleb128 0x12
 744 0101 34       		.uleb128 0x34
 745 0102 00       		.byte	0
 746 0103 03       		.uleb128 0x3
 747 0104 0E       		.uleb128 0xe
 748 0105 3A       		.uleb128 0x3a
 749 0106 0B       		.uleb128 0xb
 750 0107 3B       		.uleb128 0x3b
 751 0108 05       		.uleb128 0x5
 752 0109 49       		.uleb128 0x49
 753 010a 13       		.uleb128 0x13
 754 010b 02       		.uleb128 0x2
 755 010c 17       		.uleb128 0x17
 756 010d 00       		.byte	0
 757 010e 00       		.byte	0
 758 010f 13       		.uleb128 0x13
 759 0110 34       		.uleb128 0x34
 760 0111 00       		.byte	0
 761 0112 03       		.uleb128 0x3
 762 0113 0E       		.uleb128 0xe
 763 0114 3A       		.uleb128 0x3a
 764 0115 0B       		.uleb128 0xb
 765 0116 3B       		.uleb128 0x3b
 766 0117 05       		.uleb128 0x5
 767 0118 49       		.uleb128 0x49
 768 0119 13       		.uleb128 0x13
 769 011a 3F       		.uleb128 0x3f
 770 011b 19       		.uleb128 0x19
 771 011c 3C       		.uleb128 0x3c
 772 011d 19       		.uleb128 0x19
 773 011e 00       		.byte	0
 774 011f 00       		.byte	0
 775 0120 00       		.byte	0
 776              		.section	.debug_loc,"",%progbits
 777              	.Ldebug_loc0:
 778              	.LLST0:
 779 0000 00000000 		.4byte	.LVL4
 780 0004 0C000000 		.4byte	.LVL6
 781 0008 0100     		.2byte	0x1
 782 000a 50       		.byte	0x50
 783 000b 0C000000 		.4byte	.LVL6
 784 000f 14000000 		.4byte	.LFE117
 785 0013 0400     		.2byte	0x4
 786 0015 F3       		.byte	0xf3
 787 0016 01       		.uleb128 0x1
 788 0017 50       		.byte	0x50
 789 0018 9F       		.byte	0x9f
 790 0019 00000000 		.4byte	0
 791 001d 00000000 		.4byte	0
 792              	.LLST1:
 793 0021 00000000 		.4byte	.LVL4
 794 0025 04000000 		.4byte	.LVL5
 795 0029 0200     		.2byte	0x2
 796 002b 30       		.byte	0x30
ARM GAS  /tmp/cc30Aauy.s 			page 15


 797 002c 9F       		.byte	0x9f
 798 002d 04000000 		.4byte	.LVL5
 799 0031 0C000000 		.4byte	.LVL6
 800 0035 0C00     		.2byte	0xc
 801 0037 70       		.byte	0x70
 802 0038 00       		.sleb128 0
 803 0039 0A       		.byte	0xa
 804 003a FFFF     		.2byte	0xffff
 805 003c 1A       		.byte	0x1a
 806 003d 73       		.byte	0x73
 807 003e 00       		.sleb128 0
 808 003f 1A       		.byte	0x1a
 809 0040 30       		.byte	0x30
 810 0041 2E       		.byte	0x2e
 811 0042 9F       		.byte	0x9f
 812 0043 0C000000 		.4byte	.LVL6
 813 0047 14000000 		.4byte	.LFE117
 814 004b 0D00     		.2byte	0xd
 815 004d F3       		.byte	0xf3
 816 004e 01       		.uleb128 0x1
 817 004f 50       		.byte	0x50
 818 0050 0A       		.byte	0xa
 819 0051 FFFF     		.2byte	0xffff
 820 0053 1A       		.byte	0x1a
 821 0054 73       		.byte	0x73
 822 0055 00       		.sleb128 0
 823 0056 1A       		.byte	0x1a
 824 0057 30       		.byte	0x30
 825 0058 2E       		.byte	0x2e
 826 0059 9F       		.byte	0x9f
 827 005a 00000000 		.4byte	0
 828 005e 00000000 		.4byte	0
 829              		.section	.debug_aranges,"",%progbits
 830 0000 4C000000 		.4byte	0x4c
 831 0004 0200     		.2byte	0x2
 832 0006 00000000 		.4byte	.Ldebug_info0
 833 000a 04       		.byte	0x4
 834 000b 00       		.byte	0
 835 000c 0000     		.2byte	0
 836 000e 0000     		.2byte	0
 837 0010 00000000 		.4byte	.LFB111
 838 0014 0C000000 		.4byte	.LFE111-.LFB111
 839 0018 00000000 		.4byte	.LFB112
 840 001c 0C000000 		.4byte	.LFE112-.LFB112
 841 0020 00000000 		.4byte	.LFB113
 842 0024 0C000000 		.4byte	.LFE113-.LFB113
 843 0028 00000000 		.4byte	.LFB114
 844 002c 10000000 		.4byte	.LFE114-.LFB114
 845 0030 00000000 		.4byte	.LFB115
 846 0034 0C000000 		.4byte	.LFE115-.LFB115
 847 0038 00000000 		.4byte	.LFB116
 848 003c 10000000 		.4byte	.LFE116-.LFB116
 849 0040 00000000 		.4byte	.LFB117
 850 0044 14000000 		.4byte	.LFE117-.LFB117
 851 0048 00000000 		.4byte	0
 852 004c 00000000 		.4byte	0
 853              		.section	.debug_ranges,"",%progbits
ARM GAS  /tmp/cc30Aauy.s 			page 16


 854              	.Ldebug_ranges0:
 855 0000 00000000 		.4byte	.LFB111
 856 0004 0C000000 		.4byte	.LFE111
 857 0008 00000000 		.4byte	.LFB112
 858 000c 0C000000 		.4byte	.LFE112
 859 0010 00000000 		.4byte	.LFB113
 860 0014 0C000000 		.4byte	.LFE113
 861 0018 00000000 		.4byte	.LFB114
 862 001c 10000000 		.4byte	.LFE114
 863 0020 00000000 		.4byte	.LFB115
 864 0024 0C000000 		.4byte	.LFE115
 865 0028 00000000 		.4byte	.LFB116
 866 002c 10000000 		.4byte	.LFE116
 867 0030 00000000 		.4byte	.LFB117
 868 0034 14000000 		.4byte	.LFE117
 869 0038 00000000 		.4byte	0
 870 003c 00000000 		.4byte	0
 871              		.section	.debug_line,"",%progbits
 872              	.Ldebug_line0:
 873 0000 89010000 		.section	.debug_str,"MS",%progbits,1
 873      02000901 
 873      00000201 
 873      FB0E0D00 
 873      01010101 
 874              	.LASF28:
 875 0000 49574447 		.ascii	"IWDG_SetWindowValue\000"
 875      5F536574 
 875      57696E64 
 875      6F775661 
 875      6C756500 
 876              	.LASF3:
 877 0014 5F5F7569 		.ascii	"__uint8_t\000"
 877      6E74385F 
 877      7400
 878              	.LASF27:
 879 001e 52656C6F 		.ascii	"Reload\000"
 879      616400
 880              	.LASF31:
 881 0025 49574447 		.ascii	"IWDG_Enable\000"
 881      5F456E61 
 881      626C6500 
 882              	.LASF37:
 883 0031 62697473 		.ascii	"bitstatus\000"
 883      74617475 
 883      7300
 884              	.LASF6:
 885 003b 5F5F696E 		.ascii	"__int32_t\000"
 885      7433325F 
 885      7400
 886              	.LASF33:
 887 0045 474E5520 		.ascii	"GNU C 4.8.3 -mcpu=cortex-m4 -mfloat-abi=softfp -mfp"
 887      4320342E 
 887      382E3320 
 887      2D6D6370 
 887      753D636F 
 888 0078 753D6670 		.ascii	"u=fpv4-sp-d16 -mno-thumb-interwork -mthumb -ggdb -O"
 888      76342D73 
ARM GAS  /tmp/cc30Aauy.s 			page 17


 888      702D6431 
 888      36202D6D 
 888      6E6F2D74 
 889 00ab 32202D66 		.ascii	"2 -fomit-frame-pointer -falign-functions=16 -fsingl"
 889      6F6D6974 
 889      2D667261 
 889      6D652D70 
 889      6F696E74 
 890 00de 652D7072 		.ascii	"e-precision-constant -ffunction-sections -fdata-sec"
 890      65636973 
 890      696F6E2D 
 890      636F6E73 
 890      74616E74 
 891 0111 74696F6E 		.ascii	"tions -fno-common\000"
 891      73202D66 
 891      6E6F2D63 
 891      6F6D6D6F 
 891      6E00
 892              	.LASF25:
 893 0123 49574447 		.ascii	"IWDG_Prescaler\000"
 893      5F507265 
 893      7363616C 
 893      657200
 894              	.LASF20:
 895 0132 57494E52 		.ascii	"WINR\000"
 895      00
 896              	.LASF23:
 897 0137 49574447 		.ascii	"IWDG_SetPrescaler\000"
 897      5F536574 
 897      50726573 
 897      63616C65 
 897      7200
 898              	.LASF1:
 899 0149 756E7369 		.ascii	"unsigned char\000"
 899      676E6564 
 899      20636861 
 899      7200
 900              	.LASF26:
 901 0157 49574447 		.ascii	"IWDG_SetReload\000"
 901      5F536574 
 901      52656C6F 
 901      616400
 902              	.LASF30:
 903 0166 49574447 		.ascii	"IWDG_ReloadCounter\000"
 903      5F52656C 
 903      6F616443 
 903      6F756E74 
 903      657200
 904              	.LASF19:
 905 0179 466C6167 		.ascii	"FlagStatus\000"
 905      53746174 
 905      757300
 906              	.LASF9:
 907 0184 6C6F6E67 		.ascii	"long unsigned int\000"
 907      20756E73 
 907      69676E65 
 907      6420696E 
ARM GAS  /tmp/cc30Aauy.s 			page 18


 907      7400
 908              	.LASF22:
 909 0196 49574447 		.ascii	"IWDG_WriteAccessCmd\000"
 909      5F577269 
 909      74654163 
 909      63657373 
 909      436D6400 
 910              	.LASF18:
 911 01aa 52455345 		.ascii	"RESET\000"
 911      5400
 912              	.LASF8:
 913 01b0 5F5F7569 		.ascii	"__uint32_t\000"
 913      6E743332 
 913      5F7400
 914              	.LASF32:
 915 01bb 49574447 		.ascii	"IWDG_FLAG\000"
 915      5F464C41 
 915      4700
 916              	.LASF24:
 917 01c5 49574447 		.ascii	"IWDG_WriteAccess\000"
 917      5F577269 
 917      74654163 
 917      63657373 
 917      00
 918              	.LASF34:
 919 01d6 2E2E2F2E 		.ascii	"../../../../ext/stm32lib/src/stm32f30x_iwdg.c\000"
 919      2E2F2E2E 
 919      2F2E2E2F 
 919      6578742F 
 919      73746D33 
 920              	.LASF29:
 921 0204 57696E64 		.ascii	"WindowValue\000"
 921      6F775661 
 921      6C756500 
 922              	.LASF36:
 923 0210 49574447 		.ascii	"IWDG_GetFlagStatus\000"
 923      5F476574 
 923      466C6167 
 923      53746174 
 923      757300
 924              	.LASF35:
 925 0223 2F686F6D 		.ascii	"/home/jordyaw/Documents/referensi/coba/ChibiOS_2.5."
 925      652F6A6F 
 925      72647961 
 925      772F446F 
 925      63756D65 
 926 0256 32782F74 		.ascii	"2x/testhal/STM32F30x/WSC Juara Bismillah/program sc"
 926      65737468 
 926      616C2F53 
 926      544D3332 
 926      46333078 
 927 0289 616E6E69 		.ascii	"anning data controller\000"
 927      6E672064 
 927      61746120 
 927      636F6E74 
 927      726F6C6C 
 928              	.LASF12:
ARM GAS  /tmp/cc30Aauy.s 			page 19


 929 02a0 756E7369 		.ascii	"unsigned int\000"
 929      676E6564 
 929      20696E74 
 929      00
 930              	.LASF11:
 931 02ad 6C6F6E67 		.ascii	"long long unsigned int\000"
 931      206C6F6E 
 931      6720756E 
 931      7369676E 
 931      65642069 
 932              	.LASF13:
 933 02c4 75696E74 		.ascii	"uint8_t\000"
 933      385F7400 
 934              	.LASF38:
 935 02cc 49544D5F 		.ascii	"ITM_RxBuffer\000"
 935      52784275 
 935      66666572 
 935      00
 936              	.LASF15:
 937 02d9 696E7433 		.ascii	"int32_t\000"
 937      325F7400 
 938              	.LASF17:
 939 02e1 73697A65 		.ascii	"sizetype\000"
 939      74797065 
 939      00
 940              	.LASF10:
 941 02ea 6C6F6E67 		.ascii	"long long int\000"
 941      206C6F6E 
 941      6720696E 
 941      7400
 942              	.LASF2:
 943 02f8 73686F72 		.ascii	"short int\000"
 943      7420696E 
 943      7400
 944              	.LASF4:
 945 0302 5F5F7569 		.ascii	"__uint16_t\000"
 945      6E743136 
 945      5F7400
 946              	.LASF14:
 947 030d 75696E74 		.ascii	"uint16_t\000"
 947      31365F74 
 947      00
 948              	.LASF16:
 949 0316 75696E74 		.ascii	"uint32_t\000"
 949      33325F74 
 949      00
 950              	.LASF7:
 951 031f 6C6F6E67 		.ascii	"long int\000"
 951      20696E74 
 951      00
 952              	.LASF0:
 953 0328 7369676E 		.ascii	"signed char\000"
 953      65642063 
 953      68617200 
 954              	.LASF5:
 955 0334 73686F72 		.ascii	"short unsigned int\000"
 955      7420756E 
ARM GAS  /tmp/cc30Aauy.s 			page 20


 955      7369676E 
 955      65642069 
 955      6E7400
 956              	.LASF21:
 957 0347 49574447 		.ascii	"IWDG_TypeDef\000"
 957      5F547970 
 957      65446566 
 957      00
 958              		.ident	"GCC: (4.8.3-18ubuntu2+12) 4.8.3"
ARM GAS  /tmp/cc30Aauy.s 			page 21


DEFINED SYMBOLS
                            *ABS*:0000000000000000 stm32f30x_iwdg.c
     /tmp/cc30Aauy.s:20     .text.IWDG_WriteAccessCmd:0000000000000000 $t
     /tmp/cc30Aauy.s:26     .text.IWDG_WriteAccessCmd:0000000000000000 IWDG_WriteAccessCmd
     /tmp/cc30Aauy.s:42     .text.IWDG_WriteAccessCmd:0000000000000008 $d
     /tmp/cc30Aauy.s:47     .text.IWDG_SetPrescaler:0000000000000000 $t
     /tmp/cc30Aauy.s:53     .text.IWDG_SetPrescaler:0000000000000000 IWDG_SetPrescaler
     /tmp/cc30Aauy.s:68     .text.IWDG_SetPrescaler:0000000000000008 $d
     /tmp/cc30Aauy.s:73     .text.IWDG_SetReload:0000000000000000 $t
     /tmp/cc30Aauy.s:79     .text.IWDG_SetReload:0000000000000000 IWDG_SetReload
     /tmp/cc30Aauy.s:94     .text.IWDG_SetReload:0000000000000008 $d
     /tmp/cc30Aauy.s:99     .text.IWDG_ReloadCounter:0000000000000000 $t
     /tmp/cc30Aauy.s:105    .text.IWDG_ReloadCounter:0000000000000000 IWDG_ReloadCounter
     /tmp/cc30Aauy.s:120    .text.IWDG_ReloadCounter:000000000000000c $d
     /tmp/cc30Aauy.s:125    .text.IWDG_SetWindowValue:0000000000000000 $t
     /tmp/cc30Aauy.s:131    .text.IWDG_SetWindowValue:0000000000000000 IWDG_SetWindowValue
     /tmp/cc30Aauy.s:146    .text.IWDG_SetWindowValue:0000000000000008 $d
     /tmp/cc30Aauy.s:151    .text.IWDG_Enable:0000000000000000 $t
     /tmp/cc30Aauy.s:157    .text.IWDG_Enable:0000000000000000 IWDG_Enable
     /tmp/cc30Aauy.s:172    .text.IWDG_Enable:000000000000000c $d
     /tmp/cc30Aauy.s:177    .text.IWDG_GetFlagStatus:0000000000000000 $t
     /tmp/cc30Aauy.s:183    .text.IWDG_GetFlagStatus:0000000000000000 IWDG_GetFlagStatus
     /tmp/cc30Aauy.s:205    .text.IWDG_GetFlagStatus:0000000000000010 $d
                     .debug_frame:0000000000000010 $d
     /tmp/cc30Aauy.s:46     .text.IWDG_WriteAccessCmd:000000000000000c $t
     /tmp/cc30Aauy.s:72     .text.IWDG_SetPrescaler:000000000000000c $t
     /tmp/cc30Aauy.s:98     .text.IWDG_SetReload:000000000000000c $t
     /tmp/cc30Aauy.s:150    .text.IWDG_SetWindowValue:000000000000000c $t
     /tmp/cc30Aauy.s:209    .text.IWDG_GetFlagStatus:0000000000000014 $t

NO UNDEFINED SYMBOLS
